[30/06/2012 22:54:22] Kinpo: ayuda god no salio el tp
[01/07/2012 03:50:51] El Guai: e feo fecho
[01/07/2012 08:09:19] Lady Milles: ned help 
[01/07/2012 08:09:21] Lady Milles: plx 
[04/07/2012 22:04:56] Rebecca Starfire: hey halguien hay marikas?
[04/07/2012 22:05:00] Rebecca Starfire: necesito ayuda
[04/07/2012 22:05:28] Rebecca Starfire: un god o un cm halguien hay una puta quest llamada royal que esta vergada no sirve para hagarrar wand -.-!
[04/07/2012 22:05:35] Rebecca Starfire: porfavor ayudenme no sean putos -.-1
[04/07/2012 22:05:36] Rebecca Starfire: athss
[04/07/2012 22:06:07] Rebecca Starfire: fercho
[06/07/2012 02:23:15] Lovemix: /makesay don ramon, me gusta la verga
[07/07/2012 15:23:42] Samash: pets
[10/07/2012 13:52:53] Naicken: como compro una premium account?
[12/07/2012 21:19:18] Darlenk: god!
[14/07/2012 20:05:18] Ayudante Del God: Help
[14/07/2012 20:05:26] Ayudante Del God: ayudame me kede traped
[14/07/2012 20:05:31] Ayudante Del God: en quest addons
[17/07/2012 18:17:35] Dante: algun gm
[17/07/2012 18:17:39] Dante: necesito ayuda
[19/07/2012 10:13:59] Mage W: good
[19/07/2012 10:14:26] Mage W: help god
[19/07/2012 14:49:28] Polo: ayuda
[19/07/2012 16:18:07] Ganjaman: help
[19/07/2012 16:18:32] Maruchan: ??
[19/07/2012 16:18:35] Maruchan: k paso?
[19/07/2012 18:12:44] Ermac: como me ago premmi ?
[21/07/2012 23:19:44] Armago: ocupo ayuda
[22/07/2012 14:53:16] Chayne: vai se fude
[23/07/2012 16:51:45] Demetria: pet
[25/07/2012 12:17:49] Joker: ey ayudenme
[27/07/2012 12:53:18] Sasurex: house
[27/07/2012 12:53:24] Don Ramon: ???
[27/07/2012 14:04:05] Hilau: elp
[27/07/2012 14:04:06] Hilau: plz
[27/07/2012 14:04:10] Hilau: stoi encerrado
[27/07/2012 16:17:49] Sasurex: hi
[27/07/2012 16:17:51] Sasurex: trade
[27/07/2012 16:17:55] Sasurex: hi
[27/07/2012 16:17:56] Sasurex: trade
[27/07/2012 16:17:59] Sasurex: hi
[27/07/2012 16:18:00] Sasurex: trade
[28/07/2012 10:15:51] Xxxx: ola ay algien
[28/07/2012 10:16:40] Xxxx: ?
[28/07/2012 10:19:17] Xxxx: mande
[28/07/2012 10:19:21] Xxxx: no
[28/07/2012 16:32:03] Astro Paladin: donde puedo subir lvl
[28/07/2012 16:32:05] Astro Paladin: '?
[29/07/2012 11:26:42] Cachete: ayuda
[29/07/2012 11:30:31] Cachete: tengo una duda!
[30/07/2012 01:03:24] Xxxx: como
[30/07/2012 01:03:25] Xxxx: se gana
[30/07/2012 01:03:28] Xxxx: la loteria
[30/07/2012 01:03:28] Xxxx: xd
[31/07/2012 14:42:05] Dementee: !pet
[31/07/2012 18:04:36] Teacher Murderess: hola
[31/07/2012 18:05:27] Teacher Murderess: hay alguien
[31/07/2012 18:07:25] Teacher Murderess: !templo
[01/08/2012 20:05:09] Nalga: como consigo armas chingonas
[01/08/2012 23:46:57] Diisek: help
[01/08/2012 23:47:03] Diisek: pet
[01/08/2012 23:47:05] Diisek: buypet
[03/08/2012 18:59:30] Slash: AYUDA
[04/08/2012 16:38:35] Sylix: help
[05/08/2012 15:37:08] La india Rosas: !AOL
[12/08/2012 20:20:31] Danonino: algun god aqui
[12/08/2012 20:20:32] Danonino: ???
[13/08/2012 02:46:51] Yair San: me atore me ayudas a salir
[13/08/2012 02:52:55] Yair San: ayuda
[13/08/2012 02:52:59] Yair San: me atore savame
[13/08/2012 02:53:01] Yair San: ayuda
[13/08/2012 16:40:21] Lockote Seckro: yes
[13/08/2012 21:15:20] El loko Oscar: /makesays Lucho, pinche fercho esta bn pendejo
[16/08/2012 21:53:21] Manuelll: ok
[17/08/2012 17:15:24] Ladii Yaii: hi
[17/08/2012 18:52:58] Xaloz: donde puedo conseguir una runa que me cure mas la vida
[19/08/2012 12:23:54] Dracuz: !splles
[21/08/2012 19:11:23] Ladii: exori lux
[21/08/2012 19:11:24] Ladii: exori lux
[21/08/2012 19:11:24] Ladii: exori lux
[21/08/2012 19:11:24] Ladii: exori lux
[21/08/2012 19:11:25] Ladii: exori lux
[21/08/2012 19:11:25] Ladii: exori lux
[21/08/2012 19:11:30] Ladii: exori lux
[21/08/2012 19:11:30] Ladii: exori lux
[21/08/2012 19:11:30] Ladii: exori lux
[21/08/2012 19:12:36] Ladii: ikiu
[21/08/2012 19:12:39] Ladii: io
[25/08/2012 08:54:50] Maniac: para que son los slayer coins?
[25/08/2012 08:56:01] Maniac: hi
[25/08/2012 12:24:40] Pirulo pekay: quede trap
[25/08/2012 12:24:41] Pirulo pekay: debug:c
[25/08/2012 14:26:39] Sory: NESESITO ALLUDA DE UN GOD O GM PLEEEASEEE....!!!!!
[25/08/2012 17:08:33] Master Knight: !b Si u.u
[25/08/2012 17:08:37] Master Knight: !bc si
[25/08/2012 17:23:21] Master Knight: !bc Morthis IS GAY \O/
[25/08/2012 17:54:30] Master Knight: !aggrox druid
[25/08/2012 17:54:31] Master Knight: !aggrox druid
[25/08/2012 18:10:10] Master Knight: !bc ?????????/
