[18/08/2012 19:08:08] /namex Don Ramon, GOD Don Ramon
[18/08/2012 19:17:58] /a
[18/08/2012 19:18:33] /attr sex 2
[18/08/2012 19:19:03] /attr sex 1
[18/08/2012 19:24:06] /ghost
[18/08/2012 19:24:16] /r
[18/08/2012 19:24:20] /r
[18/08/2012 19:24:29] /r
[18/08/2012 19:24:32] /r
[18/08/2012 19:28:35] /goto fercho
[18/08/2012 19:29:10] /ghost
[18/08/2012 19:32:18] /mc
[18/08/2012 19:33:54] /goto fercho
[18/08/2012 19:35:24] /attr group 0
[18/08/2012 19:35:32] /attr group 4
[18/08/2012 19:36:15] /makesay Don Ramon ,hola soy kiba 
[18/08/2012 19:36:34] /makesay Putabracho, si si fui yo
[18/08/2012 19:36:42] /makesay Putabracho, pinche fercho mamon
[18/08/2012 19:36:47] /makesay Putabracho, pinche fercho mamon culero dame god
[18/08/2012 19:37:01] /makesay Putabracho, se la chupo a ramon
[18/08/2012 19:37:22] /makesay Putabracho, y por la boca
[18/08/2012 19:37:22] /makesay Putabracho, y por la boca
[18/08/2012 19:37:23] /makesay Putabracho, y por la boca
[18/08/2012 19:37:24] /makesay Putabracho, y por la boca
[18/08/2012 19:37:43] /makesay Putabracho,y me gustan LOS GRANDOTES NEGROS MmMmMmmm......
[18/08/2012 19:38:04] /makesay Putabracho,amo a ramon lo pizare algun dia
[18/08/2012 19:38:05] /makesay Putabracho,amo a ramon lo pizare algun dia
[18/08/2012 19:38:09] /makesay Putabracho,amo a ramon lo pizare algun dia
[18/08/2012 19:38:15] /makesay Putabracho,amo a ramon lo pizare algun dia
[18/08/2012 19:38:29] /makesay Putabracho,Te Pizo?!
[18/08/2012 19:38:39] /makesay Putabracho,Te Pizo?! MmMmMmMmmmmmmm.............!!
[18/08/2012 19:39:07] /makesay Putabracho,soy yo kiba
[18/08/2012 19:39:13] /makesay Putabracho,te biolare
[18/08/2012 19:39:23] /makesay Putabracho, MmMmMmM
[18/08/2012 19:39:26] /makesay Putabracho, MmMmMmM....
[18/08/2012 19:39:28] /makesay Putabracho, MmMmMmM....
[18/08/2012 19:39:29] /makesay Putabracho, MmMmMmM....
[18/08/2012 19:39:34] /makesay Putabracho, MmMmMmM....
[18/08/2012 19:39:36] /makesay Putabracho, MmMmMmM....
[18/08/2012 19:39:37] /makesay Putabracho, MmMmMmM....
[18/08/2012 19:39:46] /makesay Putabracho,y la de kiba
[18/08/2012 19:39:47] /makesay Putabracho,y la de kiba
[18/08/2012 19:39:47] /makesay Putabracho,y la de kiba
[18/08/2012 19:39:48] /makesay Putabracho,y la de kiba
[18/08/2012 19:39:49] /makesay Putabracho,y la de kiba
[18/08/2012 19:40:00] /makesay Putabracho, Grr...
[18/08/2012 19:40:07] /makesay Putabracho, Grrr..
[18/08/2012 19:40:15] /makesay Putabracho,y se la mamare por siempre 
[18/08/2012 19:40:17] /makesay Putabracho,y se la mamare por siempre ..
[18/08/2012 19:41:49] /r
[18/08/2012 19:42:06] /makesay Putabracho,Te Pizo?! MmMmMmMmmmmmmm.............!!
[18/08/2012 19:42:15] /makesay Putabracho,y me gustan LOS GRANDOTES NEGROS MmMmMmmm......
[18/08/2012 19:42:53] /t Putabracho
[18/08/2012 20:03:51] /i exp 2
[18/08/2012 20:03:57] /t
[18/08/2012 20:04:14] /i 9019
[18/08/2012 20:04:20] /t
[18/08/2012 20:04:48] /m exp bug
[18/08/2012 20:05:28] /m exp bug
[18/08/2012 20:05:29] /m exp bug
[18/08/2012 20:05:30] /m exp bug
[18/08/2012 20:05:32] /m exp bug
[18/08/2012 20:05:33] /m exp bug
[18/08/2012 20:05:34] /m exp bug
[18/08/2012 20:05:35] /m exp bug
[18/08/2012 20:05:35] /m exp bug
[18/08/2012 20:05:36] /m exp bug
[18/08/2012 20:05:36] /m exp bug
[18/08/2012 20:05:37] /m exp bug
[18/08/2012 20:05:38] /m exp bug
[18/08/2012 20:05:38] /m exp bug
[18/08/2012 20:05:39] /m exp bug
[18/08/2012 20:05:40] /m exp bug
[18/08/2012 20:05:40] /m exp bug
[18/08/2012 20:05:41] /m exp bug
[18/08/2012 20:05:42] /m exp bug
[18/08/2012 20:05:42] /m exp bug
[18/08/2012 20:05:46] /m exp bug
[18/08/2012 20:05:46] /m exp bug
[18/08/2012 20:05:46] /m exp bug
[18/08/2012 20:13:28] /goto fercho
[18/08/2012 20:14:08] /t Putabracho
[18/08/2012 20:14:13] /t Putabracho
[18/08/2012 20:14:16] /t Putabracho
[18/08/2012 20:14:18] /t Putabracho
[18/08/2012 20:14:19] /t Putabracho
[18/08/2012 20:14:21] /t Putabracho
[18/08/2012 20:14:22] /t Putabracho
[18/08/2012 20:14:23] /t Putabracho
[18/08/2012 20:14:24] /t Putabracho
[18/08/2012 20:14:25] /t Putabracho
[18/08/2012 20:14:26] /t Putabracho
[18/08/2012 20:15:24] /t Putabracho
[18/08/2012 20:15:25] /t Putabracho
[18/08/2012 20:15:25] /t Putabracho
[18/08/2012 20:15:26] /t Putabracho
[18/08/2012 20:15:27] /t Putabracho
[18/08/2012 20:15:27] /t Putabracho
[18/08/2012 20:15:28] /t Putabracho
[18/08/2012 20:15:29] /t Putabracho
[18/08/2012 20:15:29] /t Putabracho
[18/08/2012 20:15:30] /t Putabracho
[18/08/2012 20:15:30] /t Putabracho
[18/08/2012 20:15:31] /t Putabracho
[18/08/2012 20:15:31] /t Putabracho
[18/08/2012 20:15:32] /t Putabracho
[18/08/2012 20:15:32] /t Putabracho
[18/08/2012 20:15:33] /t Putabracho
[18/08/2012 20:15:34] /t Putabracho
[18/08/2012 20:15:34] /t Putabracho
[18/08/2012 20:15:35] /t Putabracho
[18/08/2012 20:15:35] /t Putabracho
[18/08/2012 20:15:36] /t Putabracho
[18/08/2012 20:15:37] /t Putabracho
[18/08/2012 20:15:37] /t Putabracho
[18/08/2012 20:15:38] /t Putabracho
[18/08/2012 20:15:38] /t Putabracho
[18/08/2012 20:19:58] /i 12467
[18/08/2012 20:20:08] /i 12467
[18/08/2012 20:20:53] /i 12285
[18/08/2012 20:20:55] /i 12285
[18/08/2012 20:22:21] /i 11316
[18/08/2012 20:24:06] /i 9735
[18/08/2012 20:24:12] /i 9735
[18/08/2012 20:25:33] /i 9077
[18/08/2012 20:26:25] /i 12618
[18/08/2012 20:27:23] /i 12617
[18/08/2012 20:29:21] /i 5918
[18/08/2012 20:29:51] /i 7829
[18/08/2012 20:29:56] /r
[18/08/2012 20:29:57] /r
[18/08/2012 20:30:07] /i 7892
[19/08/2012 12:16:39] /i 12362
[19/08/2012 12:16:48] /i 12600
[19/08/2012 12:17:24] /t
[19/08/2012 12:17:33] /ghost
[19/08/2012 12:18:51] /goto fercho
[19/08/2012 12:20:21] /m trainig monck
[19/08/2012 12:20:24] /m trainig monk
[19/08/2012 12:20:29] /m trainig monk
[19/08/2012 12:20:37] /m demon
[19/08/2012 12:21:58] /r
[19/08/2012 12:23:47] /t
[19/08/2012 12:56:44] /a
[19/08/2012 12:57:51] /r
[19/08/2012 13:00:50] /m skeleton
[19/08/2012 13:00:57] /m skeleton
[19/08/2012 13:03:06] /i chicharo
[19/08/2012 13:03:16] /r 100
[19/08/2012 13:03:21] /r 100
[19/08/2012 13:03:27] /i wob
[19/08/2012 13:03:31] /i bow
[19/08/2012 13:03:57] /i cros bow
[19/08/2012 13:04:01] /t
[19/08/2012 13:04:28] /m demon
[19/08/2012 13:04:30] /m demon
[19/08/2012 13:04:37] /t
[19/08/2012 13:07:15] /a 9
[19/08/2012 13:07:19] /a 9
[19/08/2012 13:07:20] /a 9
[19/08/2012 13:07:21] /a 9
[19/08/2012 13:07:22] /a 9
[19/08/2012 13:07:24] /a 9
[19/08/2012 13:07:29] /a 5
[19/08/2012 13:07:43] /c fercho
[19/08/2012 13:07:46] /a
[19/08/2012 13:09:27] /down
[19/08/2012 13:09:34] /goto fercho
[19/08/2012 13:24:22] /mc
[19/08/2012 13:24:43] /goto The Pally
[19/08/2012 13:48:40] /a
[19/08/2012 13:49:21] /m exp bug
[19/08/2012 13:49:27] /m exp bug
[19/08/2012 13:49:27] /m exp bug
[19/08/2012 13:49:28] /m exp bug
[19/08/2012 13:49:29] /m exp bug
[19/08/2012 13:49:46] /m exp bug
[19/08/2012 13:49:46] /m exp bug
[19/08/2012 13:49:47] /m exp bug
[19/08/2012 13:49:48] /m exp bug
[19/08/2012 13:49:49] /m exp bug
[19/08/2012 13:49:58] /m exp bug
[19/08/2012 13:49:59] /m exp bug
[19/08/2012 13:50:00] /m exp bug
[19/08/2012 13:50:01] /m exp bug
[19/08/2012 13:50:01] /m exp bug
[19/08/2012 13:50:05] /a
[19/08/2012 13:50:11] /m exp bug
[19/08/2012 13:50:12] /m exp bug
[19/08/2012 13:50:13] /m exp bug
[19/08/2012 13:50:19] /m exp bug
[19/08/2012 13:50:20] /m exp bug
[19/08/2012 13:50:30] /m exp bug
[19/08/2012 13:50:33] /m exp bug
[19/08/2012 13:50:33] /m exp bug
[19/08/2012 13:50:33] /m exp bug
[19/08/2012 13:50:34] /m exp bug
[19/08/2012 13:50:35] /m exp bug
[19/08/2012 13:50:49] /m exp bug
[19/08/2012 13:50:50] /m exp bug
[19/08/2012 13:50:50] /m exp bug
[19/08/2012 13:50:55] /m exp bug
[19/08/2012 13:50:55] /m exp bug
[19/08/2012 13:50:56] /m exp bug
[19/08/2012 13:50:59] /m exp bug
[19/08/2012 13:51:01] /a
[19/08/2012 13:51:03] /a
[19/08/2012 13:51:04] /a
[19/08/2012 13:51:06] /m exp bug
[19/08/2012 13:51:07] /m exp bug
[19/08/2012 13:51:07] /m exp bug
[19/08/2012 13:51:08] /m exp bug
[19/08/2012 13:51:09] /m exp bug
[19/08/2012 13:51:09] /m exp bug
[19/08/2012 13:51:10] /m exp bug
[19/08/2012 13:51:11] /m exp bug
[19/08/2012 13:52:15] /a 10
[19/08/2012 13:52:16] /a 10
[19/08/2012 13:52:17] /a 10
[19/08/2012 13:52:18] /a 10
[19/08/2012 13:52:19] /a 10
[19/08/2012 13:52:19] /a 10
[19/08/2012 13:52:21] /a 10
[19/08/2012 13:52:21] /a 10
[19/08/2012 13:52:22] /a 10
[19/08/2012 13:52:23] /a 10
[19/08/2012 13:52:25] /a 10
[19/08/2012 13:52:30] /a 10
[19/08/2012 13:52:38] /a 10
[19/08/2012 13:52:44] /a 10
[19/08/2012 13:52:46] /a 10
[19/08/2012 13:53:02] /m exp bug
[19/08/2012 13:53:02] /m exp bug
[19/08/2012 13:53:03] /m exp bug
[19/08/2012 13:53:04] /m exp bug
[19/08/2012 13:53:04] /m exp bug
[19/08/2012 13:53:04] /m exp bug
[19/08/2012 13:53:04] /m exp bug
[19/08/2012 13:53:05] /m exp bug
[19/08/2012 13:53:05] /m exp bug
[19/08/2012 13:53:05] /m exp bug
[19/08/2012 13:53:06] /m exp bug
[19/08/2012 13:53:06] /m exp bug
[19/08/2012 13:53:06] /m exp bug
[19/08/2012 13:53:07] /m exp bug
[19/08/2012 13:53:07] /m exp bug
[19/08/2012 13:53:08] /m exp bug
[19/08/2012 13:53:08] /m exp bug
[19/08/2012 13:53:08] /m exp bug
[19/08/2012 13:53:09] /m exp bug
[19/08/2012 13:53:09] /m exp bug
[19/08/2012 13:53:09] /m exp bug
[19/08/2012 13:53:10] /m exp bug
[19/08/2012 13:53:10] /m exp bug
[19/08/2012 13:53:10] /m exp bug
[19/08/2012 13:53:11] /m exp bug
[19/08/2012 13:53:11] /m exp bug
[19/08/2012 13:53:11] /m exp bug
[19/08/2012 13:53:12] /m exp bug
[19/08/2012 13:53:12] /m exp bug
[19/08/2012 13:53:12] /m exp bug
[19/08/2012 13:53:13] /m exp bug
[19/08/2012 13:53:13] /m exp bug
[19/08/2012 13:53:13] /m exp bug
[19/08/2012 13:53:14] /m exp bug
[19/08/2012 13:53:14] /m exp bug
[19/08/2012 13:53:15] /m exp bug
[19/08/2012 13:54:05] /clean
[19/08/2012 13:54:15] /m exp bug
[19/08/2012 13:54:15] /m exp bug
[19/08/2012 13:54:16] /m exp bug
[19/08/2012 13:54:16] /m exp bug
[19/08/2012 13:54:16] /m exp bug
[19/08/2012 13:54:17] /m exp bug
[19/08/2012 13:54:17] /m exp bug
[19/08/2012 13:54:18] /m exp bug
[19/08/2012 13:54:18] /m exp bug
[19/08/2012 13:54:18] /m exp bug
[19/08/2012 13:54:22] /m exp bug
[19/08/2012 13:54:23] /m exp bug
[19/08/2012 13:54:23] /m exp bug
[19/08/2012 13:54:23] /m exp bug
[19/08/2012 13:54:23] /m exp bug
[19/08/2012 13:54:23] /m exp bug
[19/08/2012 13:54:23] /m exp bug
[19/08/2012 13:54:23] /m exp bug
[19/08/2012 13:54:23] /m exp bug
[19/08/2012 13:54:23] /m exp bug
[19/08/2012 13:54:23] /m exp bug
[19/08/2012 13:54:28] /m exp bug
[19/08/2012 13:54:32] /a
[19/08/2012 13:54:33] /m exp bug
[19/08/2012 13:54:33] /m exp bug
[19/08/2012 13:54:34] /m exp bug
[19/08/2012 13:54:34] /m exp bug
[19/08/2012 13:54:34] /m exp bug
[19/08/2012 13:54:34] /m exp bug
[19/08/2012 13:54:34] /m exp bug
[19/08/2012 13:54:34] /m exp bug
[19/08/2012 13:54:34] /m exp bug
[19/08/2012 13:54:34] /m exp bug
[19/08/2012 13:54:34] /m exp bug
[19/08/2012 13:54:34] /m exp bug
[19/08/2012 13:54:34] /m exp bug
[19/08/2012 13:54:36] /a
[19/08/2012 13:54:36] /m exp bug
[19/08/2012 13:54:38] /a
[19/08/2012 13:54:39] /m exp bug
[19/08/2012 13:54:39] /m exp bug
[19/08/2012 13:54:39] /m exp bug
[19/08/2012 13:54:39] /m exp bug
[19/08/2012 13:54:39] /m exp bug
[19/08/2012 13:54:39] /m exp bug
[19/08/2012 13:54:40] /m exp bug
[19/08/2012 13:54:40] /m exp bug
[19/08/2012 13:54:40] /m exp bug
[19/08/2012 13:54:40] /m exp bug
[19/08/2012 13:54:40] /m exp bug
[19/08/2012 13:54:40] /m exp bug
[19/08/2012 13:54:40] /m exp bug
[19/08/2012 13:54:40] /m exp bug
[19/08/2012 13:54:40] /m exp bug
[19/08/2012 13:54:40] /m exp bug
[19/08/2012 13:54:40] /m exp bug
[19/08/2012 13:54:40] /m exp bug
[19/08/2012 13:54:40] /m exp bug
[19/08/2012 13:54:41] /m exp bug
[19/08/2012 13:54:43] /r
[19/08/2012 13:54:47] /a
[19/08/2012 13:54:48] /m exp bug
[19/08/2012 13:54:48] /m exp bug
[19/08/2012 13:54:48] /m exp bug
[19/08/2012 13:54:48] /m exp bug
[19/08/2012 13:54:48] /m exp bug
[19/08/2012 13:54:48] /m exp bug
[19/08/2012 13:54:48] /m exp bug
[19/08/2012 13:54:48] /m exp bug
[19/08/2012 13:54:48] /m exp bug
[19/08/2012 13:54:48] /m exp bug
[19/08/2012 13:54:49] /m exp bug
[19/08/2012 13:54:49] /m exp bug
[19/08/2012 13:54:49] /m exp bug
[19/08/2012 13:54:49] /m exp bug
[19/08/2012 13:54:49] /m exp bug
[19/08/2012 13:54:49] /m exp bug
[19/08/2012 13:54:51] /a
[19/08/2012 13:54:51] /m exp bug
[19/08/2012 13:54:51] /m exp bug
[19/08/2012 13:54:51] /m exp bug
[19/08/2012 13:54:51] /m exp bug
[19/08/2012 13:54:52] /m exp bug
[19/08/2012 13:54:52] /m exp bug
[19/08/2012 13:54:52] /m exp bug
[19/08/2012 13:54:52] /m exp bug
[19/08/2012 13:54:52] /m exp bug
[19/08/2012 13:54:55] /a
[19/08/2012 13:54:57] /a
[19/08/2012 13:54:57] /m exp bug
[19/08/2012 13:54:58] /m exp bug
[19/08/2012 13:54:58] /m exp bug
[19/08/2012 13:54:58] /m exp bug
[19/08/2012 13:54:58] /m exp bug
[19/08/2012 13:54:58] /m exp bug
[19/08/2012 13:54:58] /m exp bug
[19/08/2012 13:54:58] /m exp bug
[19/08/2012 13:54:58] /m exp bug
[19/08/2012 13:54:59] /m exp bug
[19/08/2012 13:54:59] /m exp bug
[19/08/2012 13:54:59] /m exp bug
[19/08/2012 13:54:59] /m exp bug
[19/08/2012 13:55:00] /a
[19/08/2012 13:55:01] /m exp bug
[19/08/2012 13:55:01] /m exp bug
[19/08/2012 13:55:01] /m exp bug
[19/08/2012 13:55:01] /m exp bug
[19/08/2012 13:55:01] /m exp bug
[19/08/2012 13:55:01] /m exp bug
[19/08/2012 13:55:01] /m exp bug
[19/08/2012 13:55:02] /m exp bug
[19/08/2012 13:55:03] /a
[19/08/2012 13:55:04] /m exp bug
[19/08/2012 13:55:04] /m exp bug
[19/08/2012 13:55:04] /m exp bug
[19/08/2012 13:55:04] /m exp bug
[19/08/2012 13:55:04] /m exp bug
[19/08/2012 13:55:05] /a
[19/08/2012 13:55:06] /m exp bug
[19/08/2012 13:55:06] /m exp bug
[19/08/2012 13:55:06] /m exp bug
[19/08/2012 13:55:06] /m exp bug
[19/08/2012 13:55:06] /m exp bug
[19/08/2012 13:55:06] /m exp bug
[19/08/2012 13:55:06] /m exp bug
[19/08/2012 13:55:07] /m exp bug
[19/08/2012 13:55:07] /m exp bug
[19/08/2012 13:55:09] /a
[19/08/2012 13:55:09] /m exp bug
[19/08/2012 13:55:10] /m exp bug
[19/08/2012 13:55:10] /m exp bug
[19/08/2012 13:55:10] /m exp bug
[19/08/2012 13:55:10] /m exp bug
[19/08/2012 13:55:12] /m exp bug
[19/08/2012 13:55:13] /r
[19/08/2012 13:55:13] /m exp bug
[19/08/2012 13:55:14] /m exp bug
[19/08/2012 13:55:14] /m exp bug
[19/08/2012 13:55:14] /m exp bug
[19/08/2012 13:55:14] /m exp bug
[19/08/2012 13:55:14] /m exp bug
[19/08/2012 13:55:17] /a
[19/08/2012 13:55:17] /m exp bug
[19/08/2012 13:55:18] /m exp bug
[19/08/2012 13:55:18] /m exp bug
[19/08/2012 13:55:18] /m exp bug
[19/08/2012 13:55:18] /m exp bug
[19/08/2012 13:55:18] /m exp bug
[19/08/2012 13:55:18] /m exp bug
[19/08/2012 13:55:22] /r
[19/08/2012 13:55:23] /m exp bug
[19/08/2012 13:55:27] /a
[19/08/2012 13:55:28] /m exp bug
[19/08/2012 13:55:28] /m exp bug
[19/08/2012 13:55:28] /m exp bug
[19/08/2012 13:55:28] /m exp bug
[19/08/2012 13:55:28] /m exp bug
[19/08/2012 13:55:28] /m exp bug
[19/08/2012 13:55:29] /m exp bug
[19/08/2012 13:55:29] /m exp bug
[19/08/2012 13:55:29] /m exp bug
[19/08/2012 13:55:29] /m exp bug
[19/08/2012 13:55:31] /a
[19/08/2012 13:55:32] /a
[19/08/2012 13:55:34] /a
[19/08/2012 13:55:35] /a
[19/08/2012 13:55:35] /m exp bug
[19/08/2012 13:55:36] /m exp bug
[19/08/2012 13:55:36] /m exp bug
[19/08/2012 13:55:36] /m exp bug
[19/08/2012 13:55:36] /m exp bug
[19/08/2012 13:55:36] /m exp bug
[19/08/2012 13:55:36] /m exp bug
[19/08/2012 13:55:36] /m exp bug
[19/08/2012 13:55:37] /m exp bug
[19/08/2012 13:55:37] /m exp bug
[19/08/2012 13:55:37] /m exp bug
[19/08/2012 13:55:37] /m exp bug
[19/08/2012 13:55:37] /m exp bug
[19/08/2012 13:55:37] /m exp bug
[19/08/2012 13:55:37] /m exp bug
[19/08/2012 13:55:39] /a
[19/08/2012 13:55:39] /m exp bug
[19/08/2012 13:55:40] /m exp bug
[19/08/2012 13:55:40] /m exp bug
[19/08/2012 13:55:40] /m exp bug
[19/08/2012 13:55:40] /m exp bug
[19/08/2012 13:55:40] /m exp bug
[19/08/2012 13:55:40] /m exp bug
[19/08/2012 13:55:40] /m exp bug
[19/08/2012 13:55:40] /m exp bug
[19/08/2012 13:55:41] /a
[19/08/2012 13:55:41] /m exp bug
[19/08/2012 13:55:42] /m exp bug
[19/08/2012 13:55:42] /m exp bug
[19/08/2012 13:55:42] /m exp bug
[19/08/2012 13:55:42] /m exp bug
[19/08/2012 13:55:42] /m exp bug
[19/08/2012 13:55:44] /a
[19/08/2012 13:55:44] /m exp bug
[19/08/2012 13:55:45] /m exp bug
[19/08/2012 13:55:45] /m exp bug
[19/08/2012 13:55:45] /m exp bug
[19/08/2012 13:55:45] /m exp bug
[19/08/2012 13:55:45] /m exp bug
[19/08/2012 13:55:45] /m exp bug
[19/08/2012 13:55:45] /m exp bug
[19/08/2012 13:55:45] /m exp bug
[19/08/2012 13:55:45] /m exp bug
[19/08/2012 13:55:45] /m exp bug
[19/08/2012 13:55:45] /m exp bug
[19/08/2012 13:55:46] /a
[19/08/2012 13:55:47] /m exp bug
[19/08/2012 13:55:47] /m exp bug
[19/08/2012 13:55:47] /m exp bug
[19/08/2012 13:55:47] /m exp bug
[19/08/2012 13:55:47] /m exp bug
[19/08/2012 13:55:47] /m exp bug
[19/08/2012 13:55:47] /m exp bug
[19/08/2012 13:55:47] /m exp bug
[19/08/2012 13:55:48] /m exp bug
[19/08/2012 13:55:48] /m exp bug
[19/08/2012 13:55:48] /m exp bug
[19/08/2012 13:55:48] /m exp bug
[19/08/2012 13:55:48] /m exp bug
[19/08/2012 13:55:48] /m exp bug
[19/08/2012 13:55:48] /m exp bug
[19/08/2012 13:55:48] /m exp bug
[19/08/2012 13:55:51] /m exp bug
[19/08/2012 13:55:51] /m exp bug
[19/08/2012 13:55:51] /m exp bug
[19/08/2012 13:55:51] /m exp bug
[19/08/2012 13:55:53] /a
[19/08/2012 13:55:53] /m exp bug
[19/08/2012 13:55:54] /m exp bug
[19/08/2012 13:55:54] /m exp bug
[19/08/2012 13:55:54] /m exp bug
[19/08/2012 13:55:54] /m exp bug
[19/08/2012 13:55:54] /m exp bug
[19/08/2012 13:55:54] /m exp bug
[19/08/2012 13:55:54] /m exp bug
[19/08/2012 13:55:54] /m exp bug
[19/08/2012 13:55:54] /m exp bug
[19/08/2012 13:55:54] /m exp bug
[19/08/2012 13:55:54] /m exp bug
[19/08/2012 13:55:57] /a
[19/08/2012 13:55:58] /m exp bug
[19/08/2012 13:55:58] /m exp bug
[19/08/2012 13:55:58] /m exp bug
[19/08/2012 13:55:58] /m exp bug
[19/08/2012 13:55:58] /m exp bug
[19/08/2012 13:55:58] /m exp bug
[19/08/2012 13:55:59] /m exp bug
[19/08/2012 13:55:59] /m exp bug
[19/08/2012 13:55:59] /m exp bug
[19/08/2012 13:55:59] /m exp bug
[19/08/2012 13:56:29] /a
[19/08/2012 14:11:18] /m exp bug
[19/08/2012 14:11:22] /m exp bug
[19/08/2012 14:11:22] /m exp bug
[19/08/2012 14:11:22] /m exp bug
[19/08/2012 14:11:22] /m exp bug
[19/08/2012 14:11:22] /m exp bug
[19/08/2012 14:11:22] /m exp bug
[19/08/2012 14:11:22] /m exp bug
[19/08/2012 14:11:22] /m exp bug
[19/08/2012 14:11:22] /m exp bug
[19/08/2012 14:11:22] /m exp bug
[19/08/2012 14:11:23] /m exp bug
[19/08/2012 14:11:23] /m exp bug
[19/08/2012 14:11:23] /m exp bug
[19/08/2012 14:11:23] /m exp bug
[19/08/2012 14:11:23] /m exp bug
[19/08/2012 14:11:23] /m exp bug
[19/08/2012 14:11:23] /m exp bug
[19/08/2012 14:11:23] /m exp bug
[19/08/2012 14:11:23] /m exp bug
[19/08/2012 14:11:23] /m exp bug
[19/08/2012 14:11:23] /m exp bug
[19/08/2012 14:11:23] /m exp bug
[19/08/2012 14:11:23] /m exp bug
[19/08/2012 14:11:23] /m exp bug
[19/08/2012 14:11:23] /m exp bug
[19/08/2012 14:11:23] /m exp bug
[19/08/2012 14:11:23] /m exp bug
[19/08/2012 14:11:23] /m exp bug
[19/08/2012 14:11:26] /a
[19/08/2012 14:11:28] /m exp bug
[19/08/2012 14:11:30] /m exp bug
[19/08/2012 14:11:30] /m exp bug
[19/08/2012 14:11:31] /m exp bug
[19/08/2012 14:11:34] /m exp bug
[19/08/2012 14:11:35] /m exp bug
[19/08/2012 14:11:36] /m exp bug
[19/08/2012 14:11:37] /m exp bug
[19/08/2012 14:11:38] /m exp bug
[19/08/2012 14:11:38] /m exp bug
[19/08/2012 14:11:39] /m exp bug
[19/08/2012 14:11:39] /m exp bug
[19/08/2012 14:11:39] /m exp bug
[19/08/2012 14:11:39] /m exp bug
[19/08/2012 14:11:39] /m exp bug
[19/08/2012 14:11:39] /m exp bug
[19/08/2012 14:11:39] /m exp bug
[19/08/2012 14:11:43] /a
[19/08/2012 14:11:44] /m exp bug
[19/08/2012 14:11:44] /m exp bug
[19/08/2012 14:11:45] /m exp bug
[19/08/2012 14:11:45] /m exp bug
[19/08/2012 14:11:45] /m exp bug
[19/08/2012 14:11:45] /m exp bug
[19/08/2012 14:11:46] /m exp bug
[19/08/2012 14:11:47] /m exp bug
[19/08/2012 14:11:47] /m exp bug
[19/08/2012 14:11:48] /m exp bug
[19/08/2012 14:11:48] /m exp bug
[19/08/2012 14:11:48] /m exp bug
[19/08/2012 14:11:48] /m exp bug
[19/08/2012 14:11:48] /m exp bug
[19/08/2012 14:11:49] /m exp bug
[19/08/2012 14:11:49] /m exp bug
[19/08/2012 14:11:49] /m exp bug
[19/08/2012 14:11:49] /m exp bug
[19/08/2012 14:11:49] /m exp bug
[19/08/2012 14:11:49] /m exp bug
[19/08/2012 14:11:49] /m exp bug
[19/08/2012 14:11:49] /m exp bug
[19/08/2012 14:11:49] /m exp bug
[19/08/2012 14:11:49] /m exp bug
[19/08/2012 14:11:49] /m exp bug
[19/08/2012 14:11:49] /m exp bug
[19/08/2012 14:11:52] /a
[19/08/2012 14:11:53] /m exp bug
[19/08/2012 14:11:54] /m exp bug
[19/08/2012 14:11:55] /m exp bug
[19/08/2012 14:11:55] /m exp bug
[19/08/2012 14:11:55] /m exp bug
[19/08/2012 14:11:55] /m exp bug
[19/08/2012 14:11:56] /m exp bug
[19/08/2012 14:11:56] /m exp bug
[19/08/2012 14:11:56] /m exp bug
[19/08/2012 14:11:56] /m exp bug
[19/08/2012 14:11:56] /m exp bug
[19/08/2012 14:11:56] /m exp bug
[19/08/2012 14:11:56] /m exp bug
[19/08/2012 14:11:56] /m exp bug
[19/08/2012 14:11:56] /m exp bug
[19/08/2012 14:11:56] /m exp bug
[19/08/2012 14:11:57] /m exp bug
[19/08/2012 14:11:57] /m exp bug
[19/08/2012 14:11:58] /m exp bug
[19/08/2012 14:11:58] /m exp bug
[19/08/2012 14:11:58] /m exp bug
[19/08/2012 14:11:58] /m exp bug
[19/08/2012 14:48:42] /goto fercho
[19/08/2012 15:21:36] /m troldance
[19/08/2012 15:23:42] /attr sex 2
[19/08/2012 15:24:18] /attr sex 1
[19/08/2012 15:25:12] /m trolldance
[19/08/2012 15:25:16] /up
[19/08/2012 15:25:20] /m troll dance
[19/08/2012 15:25:31] /c fercho
[19/08/2012 15:26:32] /i sword
[19/08/2012 15:26:42] /attr set attack 999999999
[19/08/2012 15:28:39] /clean
[19/08/2012 15:28:49] /m troll dance
[19/08/2012 15:28:51] /m troll dance
[19/08/2012 15:28:54] /m troll dance
[19/08/2012 15:28:57] /m troll dance
[19/08/2012 15:28:58] /m troll dance
[19/08/2012 15:29:02] /m troll dance
[19/08/2012 15:29:03] /m troll dance
[19/08/2012 15:29:05] /m troll dance
[19/08/2012 15:29:10] /r
[19/08/2012 15:29:32] /m troll dance
[19/08/2012 15:29:50] /a
[19/08/2012 15:31:57] /newtype 12
[19/08/2012 15:32:10] /newtype 12
[19/08/2012 15:33:02] /newtype 12
[19/08/2012 15:33:13] /newtype 12
[19/08/2012 15:35:01] /goto fercho
[19/08/2012 15:35:12] /b nuevo moster by kiba
[19/08/2012 15:35:28] /bc nuevo moster by kiba TROLL DANCE
[19/08/2012 15:35:44] /bc nuevo moster by kiba TROLL DANCE (el atake yo no se lo puse xD)
[19/08/2012 15:36:04] /attr skull
[19/08/2012 15:36:52] /m troll dance
[19/08/2012 15:36:55] /r
[19/08/2012 15:36:59] /s troll dance
[19/08/2012 15:37:13] /b lo pondre como sumon para que vean cuanta vida tiene
[19/08/2012 15:43:27] /attr sex 2
[19/08/2012 15:43:33] /attr sex 2
[19/08/2012 15:43:51] /attr sex 1
[19/08/2012 15:44:27] /goto lucho
[19/08/2012 15:44:28] /goto lucho
[19/08/2012 15:44:29] /goto lucho
[19/08/2012 15:44:30] /goto lucho
[19/08/2012 15:44:31] /goto lucho
[19/08/2012 15:44:55] /m Master Of Evil
[19/08/2012 15:44:57] /m Master Of Evil
[19/08/2012 15:44:58] /m Master Of Evil
[19/08/2012 15:44:59] /m Master Of Evil
[19/08/2012 15:45:01] /m Master Of Evil
[19/08/2012 15:45:01] /m Master Of Evil
[19/08/2012 15:45:02] /m Master Of Evil
[19/08/2012 15:45:03] /m Master Of Evil
[19/08/2012 15:45:09] /m Master Of Evil
[19/08/2012 15:45:09] /m Master Of Evil
[19/08/2012 15:45:10] /m Master Of Evil
[19/08/2012 15:45:11] /m Master Of Evil
[19/08/2012 15:45:11] /m Master Of Evil
[19/08/2012 15:45:12] /m Master Of Evil
[19/08/2012 15:45:17] /m Master Of Evil
[19/08/2012 15:45:18] /m Master Of Evil
[19/08/2012 15:45:22] /t
[19/08/2012 15:45:48] /a
[19/08/2012 15:46:33] /bc tienes que ganar 200
[19/08/2012 15:46:46] /bc tienes que ganar 200 de perdido nesesitas comprar 300 fichas para ganarlas
[19/08/2012 15:47:00] /bc tienes que ganar 200 de perdido nesesitas comprar 300 fichas para ganarlas am el dinero los consiges en batman o en MY
[19/08/2012 15:49:07] /r
[19/08/2012 15:49:10] /r
[19/08/2012 15:49:19] /i 6529
[19/08/2012 15:49:27] /i 6526
[19/08/2012 15:49:45] /i 6526
[19/08/2012 15:50:27] /up
[19/08/2012 15:50:32] /c fercho
[19/08/2012 15:50:37] /m hulk
[19/08/2012 15:51:00] /s hulk
[19/08/2012 15:51:47] /r
[19/08/2012 15:51:49] /r
[19/08/2012 15:51:52] /r
[19/08/2012 15:51:55] /r
[19/08/2012 15:56:08] /a
[19/08/2012 15:56:09] /a
[19/08/2012 15:56:15] /a
[19/08/2012 16:00:20] /r
[19/08/2012 16:00:22] /r
[19/08/2012 16:00:24] /r
[19/08/2012 16:00:29] /s hulk
[19/08/2012 16:00:39] /t
[19/08/2012 16:01:00] /r
[19/08/2012 16:01:04] /r
[19/08/2012 16:01:38] /goto fercho
[19/08/2012 16:02:50] /a
[19/08/2012 16:03:00] /a
[19/08/2012 16:03:03] /a 3
[19/08/2012 16:03:08] /a
[19/08/2012 16:03:11] /a
[19/08/2012 16:03:13] /r
[19/08/2012 16:03:25] /m hulk
[19/08/2012 16:03:28] /a
[19/08/2012 16:03:29] /a
[19/08/2012 16:03:31] /r
[19/08/2012 16:03:38] /m troll dance
[19/08/2012 16:04:03] /ghost
[19/08/2012 16:04:47] /c lucho
[19/08/2012 16:06:06] /a
[19/08/2012 16:09:38] /a
[19/08/2012 16:09:39] /a
[19/08/2012 16:09:40] /a
[19/08/2012 16:09:42] /a
[19/08/2012 16:09:53] /a
[19/08/2012 16:09:54] /a
[19/08/2012 16:09:55] /a
[19/08/2012 16:09:56] /a
[19/08/2012 16:09:59] /a
[19/08/2012 16:10:00] /a
[19/08/2012 16:10:03] /m hulk
[19/08/2012 16:10:08] /a
[19/08/2012 16:10:10] /a
[19/08/2012 16:10:10] /a
[19/08/2012 16:11:55] /a 5
[19/08/2012 16:11:58] /a 3
[19/08/2012 16:12:02] /a 1
[19/08/2012 16:12:02] /a 1
[19/08/2012 16:12:05] /r
[19/08/2012 16:12:15] /m troll dance
[19/08/2012 16:12:52] /a 4
[19/08/2012 16:14:01] /c lucho
[19/08/2012 16:15:07] /a
[19/08/2012 16:16:15] /c lucho
[19/08/2012 16:16:54] /a
[19/08/2012 16:31:02] /goto fercho
[19/08/2012 16:32:08] /s trolldance
[19/08/2012 16:32:21] /m trol dance
[19/08/2012 16:32:27] /s troll dance
[19/08/2012 16:33:08] /s troll dance
[19/08/2012 16:38:02] /s troll dance
[19/08/2012 16:38:03] /s troll dance
[19/08/2012 16:38:04] /s troll dance
[19/08/2012 16:38:04] /s troll dance
[19/08/2012 16:38:05] /s troll dance
[19/08/2012 16:38:06] /s troll dance
[19/08/2012 16:38:06] /s troll dance
[19/08/2012 16:38:07] /s troll dance
[19/08/2012 16:38:12] /s troll dance
[19/08/2012 16:38:12] /s troll dance
[19/08/2012 16:38:13] /s troll dance
[19/08/2012 16:38:13] /s troll dance
[19/08/2012 16:38:14] /s troll dance
[19/08/2012 16:38:15] /s troll dance
[19/08/2012 16:38:16] /s troll dance
[19/08/2012 16:38:17] /s troll dance
[19/08/2012 16:38:17] /s troll dance
[19/08/2012 16:38:18] /s troll dance
[19/08/2012 16:38:19] /s troll dance
[19/08/2012 16:38:19] /s troll dance
[19/08/2012 16:38:21] /s troll dance
[19/08/2012 16:38:21] /s troll dance
[19/08/2012 16:38:22] /s troll dance
[19/08/2012 16:38:23] /s troll dance
[19/08/2012 16:38:24] /s troll dance
[19/08/2012 16:38:24] /s troll dance
[19/08/2012 16:38:25] /s troll dance
[19/08/2012 16:38:26] /s troll dance
[19/08/2012 16:52:05] /clean
[19/08/2012 17:06:37] /a
[20/08/2012 19:36:09] /ghost
[20/08/2012 19:38:34] /i 12117
[20/08/2012 19:39:12] /t
[20/08/2012 19:40:41] /up
[20/08/2012 19:40:44] /a
[20/08/2012 19:40:46] /up
[20/08/2012 19:40:56] /a 2
[20/08/2012 19:40:58] /a 1
[20/08/2012 19:41:02] /up
[20/08/2012 19:41:05] /down
[20/08/2012 19:41:09] /a
[20/08/2012 19:41:12] /up
[20/08/2012 19:41:16] /down
[20/08/2012 19:41:20] /up
[20/08/2012 19:41:22] /up 5
[20/08/2012 19:41:23] /up 6
[20/08/2012 19:41:25] /up 7
[20/08/2012 19:41:27] /up 10
[20/08/2012 19:41:30] /up 5
[20/08/2012 19:41:32] /up 5
[20/08/2012 19:41:33] /up 5
[20/08/2012 19:41:33] /up 5
[20/08/2012 20:00:36] /r
[20/08/2012 20:05:03] /goto fercho
[20/08/2012 20:05:09] /goto fercho
[20/08/2012 20:26:48] /m troll dance
[20/08/2012 20:27:14] /r
[20/08/2012 20:27:15] /r
[20/08/2012 20:27:16] /r
[20/08/2012 20:27:16] /r
[20/08/2012 20:27:17] /r
[20/08/2012 20:42:38] /ghost
[20/08/2012 20:44:18] /m hulk
[20/08/2012 20:44:44] /mc
[20/08/2012 20:51:55] /t
[20/08/2012 21:31:04] /m hulk
[20/08/2012 21:31:05] /m hulk
[20/08/2012 21:31:06] /m hulk
[20/08/2012 21:32:37] /m troll dance
[20/08/2012 21:34:11] /bc green; am el aol de evento es engañoso quidado x3
[20/08/2012 21:34:53] /bc green; si el aol de el evento infinito desaparese es por pk o por simple mente mala suerte x3
[20/08/2012 21:36:20] /bc y te apuesto que tienes entre 8 y 13
[20/08/2012 21:40:43] /t
[20/08/2012 21:41:11] /m troll dance
[20/08/2012 21:41:13] /m troll dance
[20/08/2012 21:41:16] /r
[20/08/2012 21:41:18] /m troll dance
[20/08/2012 21:41:25] /r
[20/08/2012 21:41:26] /r
[20/08/2012 21:41:27] /r
[20/08/2012 21:41:30] /r
[20/08/2012 21:41:44] /ghost
[20/08/2012 21:44:09] /b miren estamos creando una nueva voc pero fercho no quiere renisiar para agregar esa voc tiene miedo a que se vallan todos QUE LES PARESE SI RENISIAMOS PARA CHEKAR LA VOCACATION ESTAN DE ACUERDO? SOLO SERAN 2 O 3M
[20/08/2012 21:45:02] /b sera una vocasion con muchas spells y nueva
[20/08/2012 21:45:10] /b sera una vocasion con muchas spells y nueva les gustara 
[20/08/2012 21:46:11] /ban Scarface
[20/08/2012 21:46:19] /unban Scarface
[20/08/2012 21:46:44] /ban Scarface
[20/08/2012 21:47:17] /unban Scarface
[20/08/2012 21:50:01] /t
[20/08/2012 21:50:45] /ban Scarface
[20/08/2012 21:51:25] /unban Scarface
[20/08/2012 21:51:56] /ban Scarface
[20/08/2012 21:51:59] /unban Scarface
[20/08/2012 21:54:01] /attr skull black
[20/08/2012 21:54:11] /attr skull 
[20/08/2012 21:54:15] /attr skull green
[20/08/2012 21:54:21] /attr skull green
[20/08/2012 21:54:22] /attr skull green
[20/08/2012 21:54:24] /attr skull green
[20/08/2012 21:54:26] /attr skull green
[20/08/2012 21:54:28] /attr skull green
[20/08/2012 21:54:29] /attr skull green
[20/08/2012 21:54:32] /attr skull green
[20/08/2012 21:54:34] /attr skull green
[20/08/2012 21:55:00] /attr skull red
[20/08/2012 21:55:41] /attr skull red
[20/08/2012 21:55:43] /attr skull red
[20/08/2012 21:55:44] /attr skull red
[20/08/2012 21:55:45] /attr skull red
[20/08/2012 21:55:46] /attr skull red
[20/08/2012 21:56:53] /attr skull black
[20/08/2012 21:57:00] /attr skull 
[20/08/2012 21:57:20] /attr skull red
[20/08/2012 21:57:21] /attr skull red
[20/08/2012 21:57:22] /attr skull red
[20/08/2012 21:57:27] /attr skull red
[20/08/2012 21:57:36] /attr skull blak
[20/08/2012 21:57:39] /attr skull black
[20/08/2012 21:57:45] /a 4
[20/08/2012 21:57:51] /a
[20/08/2012 21:57:55] /attr skull black
[20/08/2012 21:58:00] /a
[20/08/2012 21:58:01] /attr skull black
[20/08/2012 21:58:19] /s troll dance 
[20/08/2012 21:58:24] /attr skull black
[20/08/2012 22:00:34] /t
[20/08/2012 22:00:43] /goto fercho
[20/08/2012 22:00:45] /goto fercho
[20/08/2012 22:01:08] /up
[20/08/2012 22:01:12] /up
[20/08/2012 22:01:17] /up
[20/08/2012 22:01:36] /up
[20/08/2012 22:01:41] /up
[20/08/2012 22:01:56] /up
[20/08/2012 22:02:00] /up
[20/08/2012 22:04:29] /t
[21/08/2012 19:19:13] /goto mazurka
[21/08/2012 20:50:08] /t
[21/08/2012 20:50:18] /ban Morthis
[21/08/2012 20:54:02] /unban 6778
[21/08/2012 21:00:56] /t
[21/08/2012 21:01:12] /m hulk 2
[21/08/2012 21:01:15] /m hulk2
[21/08/2012 21:01:19] /m hulk
[21/08/2012 21:01:29] /s hulk
[21/08/2012 21:01:30] /s hulk
[21/08/2012 21:01:31] /s hulk
[21/08/2012 21:01:32] /s hulk
[21/08/2012 21:05:28] /s hulk
[21/08/2012 21:05:30] /s hulk
[21/08/2012 21:05:31] /s hulk
[21/08/2012 21:05:40] /s quest
[21/08/2012 21:05:41] /s quest
[21/08/2012 21:05:47] /t
[21/08/2012 21:08:05] /m pajarote
[21/08/2012 21:08:18] /s pajarote
[21/08/2012 21:08:47] /r
[21/08/2012 21:09:17] /attr skull black
[21/08/2012 21:10:52] /m pajarote
[21/08/2012 21:13:31] /t
[21/08/2012 21:14:48] /m pajarote
[21/08/2012 21:19:09] /s Statue Of Destrucion
[21/08/2012 21:22:12] /a 4
[21/08/2012 21:22:13] /a 4
[21/08/2012 21:22:14] /a 4
[21/08/2012 21:22:15] /a 4
[21/08/2012 21:22:15] /a 4
[21/08/2012 21:22:16] /a 4
[21/08/2012 21:22:17] /a 4
[21/08/2012 21:22:18] /a 4
[21/08/2012 21:22:18] /a 4
[21/08/2012 21:22:20] /a 4
[21/08/2012 21:35:49] /t
[22/08/2012 19:19:07] /goto fercho
[22/08/2012 20:20:13] /reload creaturescripts
[22/08/2012 20:31:45] /t
[22/08/2012 20:39:44] /reload spells
[22/08/2012 20:40:55] /bc green; hay una nueva spell para los 2500 es colosum 
[22/08/2012 20:41:05] /bc green; hay una nueva spell para los 2500 es colosum  SOLO KINGHT
[22/08/2012 20:44:05] /pedos on
[22/08/2012 20:44:09] /a 4
[22/08/2012 20:44:13] /ghost
[22/08/2012 20:44:16] /a
[22/08/2012 20:44:18] /a
[22/08/2012 20:45:49] /a 5
[22/08/2012 20:45:50] /a 5
[22/08/2012 20:45:51] /a 5
[22/08/2012 20:45:51] /a 5
[22/08/2012 20:45:52] /a 5
[22/08/2012 20:45:52] /a 5
[22/08/2012 20:45:53] /a 5
[22/08/2012 20:45:54] /a 5
[22/08/2012 20:45:54] /a 5
[22/08/2012 20:45:56] /a 9
[22/08/2012 20:45:57] /a 9
[22/08/2012 20:45:57] /a 9
[22/08/2012 20:45:58] /a 9
[22/08/2012 20:45:58] /a 9
[22/08/2012 20:45:59] /a 9
[22/08/2012 20:46:00] /a 9
[22/08/2012 20:46:00] /a 9
[22/08/2012 20:46:01] /a 9
[22/08/2012 20:46:01] /a 9
[22/08/2012 20:46:02] /a 9ç
[22/08/2012 20:46:03] /a 9ç
[22/08/2012 20:46:04] /a 9
[22/08/2012 20:46:05] /a 9
[22/08/2012 20:46:06] /a 9
[22/08/2012 20:46:06] /a 9
[22/08/2012 20:46:08] /a 9
[22/08/2012 20:46:08] /a 9
[22/08/2012 20:46:09] /a 9
[22/08/2012 20:46:14] /a 30
[22/08/2012 20:46:19] /c lucho
[22/08/2012 20:46:24] /a 30
[22/08/2012 20:46:28] /a
[22/08/2012 20:46:54] /pedos of
[22/08/2012 20:47:39] /ganador Scarface
[22/08/2012 20:47:46] /r
[22/08/2012 20:47:49] /goto Scarface
[22/08/2012 20:48:37] /c lucho
[22/08/2012 20:50:15] /bc !player
[22/08/2012 20:50:59] /player off
[22/08/2012 20:52:22] /ganador Scarface
[22/08/2012 20:52:30] /bc ya me fui
[22/08/2012 20:52:34] /b ya me fui
[22/08/2012 20:52:35] /b ya me fui
[22/08/2012 20:52:41] /ghost
[22/08/2012 20:53:01] /t
[22/08/2012 20:53:54] /clean
[22/08/2012 21:04:42] /reload spells
[22/08/2012 21:09:57] /bc green; spell para sorcerer echa por kiba lvl 2500  Exor Sist  solo sorc Creditos kiba
[22/08/2012 21:10:00] /bc green; spell para sorcerer echa por kiba lvl 2500  Exor Sist  solo sorc Creditos kiba
[22/08/2012 21:10:08] /ghost
[22/08/2012 21:13:18] /bc green; spell para sorcerer echa por kiba lvl 2500  Exor Sist  solo sorc Creditos kiba
[23/08/2012 09:11:31] /a
[23/08/2012 09:11:39] /attr vocation 12
[23/08/2012 09:11:45] /attr vocation 12
[23/08/2012 09:12:13] /bc green; are un rest pequeño
[23/08/2012 09:16:01] /a
[23/08/2012 09:16:21] /attr vocation 12
[23/08/2012 09:29:11] /m pavo
[23/08/2012 09:29:18] /s pavo
[23/08/2012 09:29:19] /s pavo
[23/08/2012 09:29:20] /s pavo
[23/08/2012 09:29:21] /s pavo
[23/08/2012 09:29:22] /s pavo
[23/08/2012 09:29:23] /s pavo
[23/08/2012 09:29:24] /s pavo
[23/08/2012 09:29:25] /s pavo
[23/08/2012 09:29:26] /s pavo
[23/08/2012 09:29:28] /s pavo
[23/08/2012 09:29:29] /s pavo
[23/08/2012 09:29:30] /s pavo
[23/08/2012 09:29:34] /s pavo
[23/08/2012 09:29:35] /s pavo
[23/08/2012 09:29:55] /s pavo
[23/08/2012 09:29:55] /s pavo
[23/08/2012 09:29:56] /s pavo
[23/08/2012 09:29:57] /s pavo
[23/08/2012 09:29:58] /s pavo
[23/08/2012 09:29:59] /s pavo
[23/08/2012 09:30:00] /s pavo
[23/08/2012 09:30:01] /s pavo
[23/08/2012 09:30:02] /s pavo
[23/08/2012 09:30:03] /s pavo
[23/08/2012 09:30:04] /s pavo
[23/08/2012 09:30:05] /s pavo
[23/08/2012 09:30:06] /s pavo
[23/08/2012 09:30:07] /s pavo
[23/08/2012 09:30:16] /s pavo
[23/08/2012 09:30:17] /s pavo
[23/08/2012 09:30:18] /s pavo
[23/08/2012 09:30:19] /s pavo
[23/08/2012 09:30:20] /s pavo
[23/08/2012 09:30:21] /s pavo
[23/08/2012 09:30:22] /s pavo
[23/08/2012 09:30:23] /s pavo
[23/08/2012 09:30:24] /s pavo
[23/08/2012 09:30:25] /s pavo
[23/08/2012 09:30:26] /s pavo
[23/08/2012 09:30:27] /s pavo
[23/08/2012 09:30:28] /s pavo
[23/08/2012 09:30:30] /s pavo
[23/08/2012 09:30:31] /s pavo
[23/08/2012 09:30:32] /s pavo
[23/08/2012 09:30:33] /s pavo
[23/08/2012 09:30:34] /s pavo
[23/08/2012 09:30:36] /s pavo
[23/08/2012 09:30:37] /s pavo
[23/08/2012 09:30:38] /s pavo
[23/08/2012 09:30:39] /s pavo
[23/08/2012 09:30:40] /s pavo
[23/08/2012 09:30:41] /s pavo
[23/08/2012 09:30:42] /s pavo
[23/08/2012 09:30:43] /s pavo
[23/08/2012 09:30:44] /s pavo
[23/08/2012 09:30:50] /s pavo
[23/08/2012 09:30:51] /s pavo
[23/08/2012 09:30:52] /s pavo
[23/08/2012 09:30:56] /s pavo
[23/08/2012 09:31:00] /a b5
[23/08/2012 09:31:01] /a b5
[23/08/2012 09:31:04] /a 7
[23/08/2012 09:31:07] /a 1
[23/08/2012 09:31:54] /a 5
[23/08/2012 09:31:56] /a 5
[23/08/2012 09:32:11] /a 5
[23/08/2012 09:32:13] /a 5
[23/08/2012 09:32:14] /a 5
[23/08/2012 09:32:15] /a 5
[23/08/2012 09:32:16] /a 5
[23/08/2012 09:32:18] /a 5
[23/08/2012 09:32:20] /a 5
[23/08/2012 09:32:22] /a 5
[23/08/2012 09:32:23] /a 5
[23/08/2012 09:32:24] /a 5
[23/08/2012 09:32:26] /a 5
[23/08/2012 09:32:28] /a 5
[23/08/2012 09:32:29] /a 5
[23/08/2012 09:32:32] /a 5
[23/08/2012 09:32:34] /a 5
[23/08/2012 09:32:35] /a 5
[23/08/2012 09:32:36] /a 5
[23/08/2012 09:32:37] /a 5
[23/08/2012 09:32:38] /a 5
[23/08/2012 09:32:39] /a 5
[23/08/2012 09:33:17] /t
[23/08/2012 09:33:31] /s pavo
[23/08/2012 09:36:21] /a
[23/08/2012 09:36:23] /a
[23/08/2012 09:36:26] /a
[23/08/2012 09:43:51] /cliport 
[23/08/2012 09:44:09] /cliport 976 340 7
[23/08/2012 09:44:24] /cliport x:976 y:340 z7
[23/08/2012 09:44:31] /cliport x:976 y:340 z:7
[23/08/2012 09:44:51] /cliport x: 976 y: 340 z: 7
[23/08/2012 09:45:00] /cliport x976 y340 z7
[23/08/2012 09:45:06] /cliport x 976 y 340 z 7
[23/08/2012 09:45:19] /cliport 976,340,7
[23/08/2012 09:48:29] /a
[23/08/2012 09:48:30] /a
[23/08/2012 09:48:33] /a
[23/08/2012 09:52:04] /a 10
[23/08/2012 09:52:05] /a 10
[23/08/2012 09:52:07] /a 10
[23/08/2012 09:52:29] /a 10
[23/08/2012 09:52:32] /a 10
[23/08/2012 09:52:34] /up
[23/08/2012 09:52:37] /up
[23/08/2012 09:52:38] /a 10
[23/08/2012 09:52:40] /up
[23/08/2012 09:52:42] /a 10
[23/08/2012 09:52:44] /a 10
[23/08/2012 09:52:46] /up
[23/08/2012 09:52:48] /a 10
[23/08/2012 09:52:50] /up
[23/08/2012 09:52:52] /a 10
[23/08/2012 09:53:42] /m exp bug
[23/08/2012 09:53:43] /m exp bug
[23/08/2012 09:53:44] /m exp bug
[23/08/2012 09:53:44] /m exp bug
[23/08/2012 09:53:44] /m exp bug
[23/08/2012 09:53:44] /m exp bug
[23/08/2012 09:53:44] /m exp bug
[23/08/2012 09:53:44] /m exp bug
[23/08/2012 09:53:45] /m exp bug
[23/08/2012 09:53:45] /m exp bug
[23/08/2012 09:53:45] /m exp bug
[23/08/2012 09:53:45] /m exp bug
[23/08/2012 09:53:45] /m exp bug
[23/08/2012 09:53:45] /m exp bug
[23/08/2012 09:53:45] /m exp bug
[23/08/2012 09:53:45] /m exp bug
[23/08/2012 09:53:45] /m exp bug
[23/08/2012 09:53:45] /m exp bug
[23/08/2012 09:53:45] /m exp bug
[23/08/2012 09:53:45] /m exp bug
[23/08/2012 09:53:45] /m exp bug
[23/08/2012 09:53:45] /m exp bug
[23/08/2012 09:53:45] /m exp bug
[23/08/2012 09:53:45] /m exp bug
[23/08/2012 09:53:45] /m exp bug
[23/08/2012 09:53:45] /m exp bug
[23/08/2012 09:53:45] /m exp bug
[23/08/2012 09:53:45] /m exp bug
[23/08/2012 09:53:46] /m exp bug
[23/08/2012 09:53:46] /m exp bug
[23/08/2012 09:53:46] /m exp bug
[23/08/2012 09:53:46] /m exp bug
[23/08/2012 09:53:46] /m exp bug
[23/08/2012 09:53:46] /m exp bug
[23/08/2012 09:53:50] /m exp bug
[23/08/2012 09:53:51] /m exp bug
[23/08/2012 09:53:51] /m exp bug
[23/08/2012 09:53:51] /m exp bug
[23/08/2012 09:53:52] /m exp bug
[23/08/2012 09:53:52] /m exp bug
[23/08/2012 09:53:52] /m exp bug
[23/08/2012 09:53:53] /m exp bug
[23/08/2012 09:53:53] /m exp bug
[23/08/2012 09:53:54] /m exp bug
[23/08/2012 09:53:54] /m exp bug
[23/08/2012 09:53:54] /m exp bug
[23/08/2012 09:53:55] /m exp bug
[23/08/2012 09:53:55] /m exp bug
[23/08/2012 09:53:56] /m exp bug
[23/08/2012 09:53:56] /m exp bug
[23/08/2012 09:53:56] /m exp bug
[23/08/2012 09:53:57] /m exp bug
[23/08/2012 09:53:57] /m exp bug
[23/08/2012 09:53:57] /m exp bug
[23/08/2012 09:53:58] /m exp bug
[23/08/2012 09:53:58] /m exp bug
[23/08/2012 09:53:58] /m exp bug
[23/08/2012 09:53:59] /m exp bug
[23/08/2012 09:53:59] /m exp bug
[23/08/2012 09:53:59] /m exp bug
[23/08/2012 09:54:00] /m exp bug
[23/08/2012 09:54:00] /m exp bug
[23/08/2012 09:54:01] /m exp bug
[23/08/2012 09:54:01] /m exp bug
[23/08/2012 09:54:01] /m exp bug
[23/08/2012 09:54:02] /m exp bug
[23/08/2012 09:54:03] /m exp bug
[23/08/2012 09:54:03] /m exp bug
[23/08/2012 09:54:05] /m exp bug
[23/08/2012 09:54:05] /m exp bug
[23/08/2012 09:54:05] /m exp bug
[23/08/2012 09:54:07] /m exp bug
[23/08/2012 09:54:08] /m exp bug
[23/08/2012 09:54:09] /m exp bug
[23/08/2012 09:54:09] /m exp bug
[23/08/2012 09:54:09] /m exp bug
[23/08/2012 09:54:10] /m exp bug
[23/08/2012 09:54:10] /m exp bug
[23/08/2012 09:54:10] /m exp bug
[23/08/2012 09:54:11] /m exp bug
[23/08/2012 09:54:11] /m exp bug
[23/08/2012 09:54:11] /m exp bug
[23/08/2012 09:54:12] /m exp bug
[23/08/2012 09:54:12] /m exp bug
[23/08/2012 09:54:12] /m exp bug
[23/08/2012 09:54:13] /m exp bug
[23/08/2012 09:54:14] /m exp bug
[23/08/2012 09:54:15] /m exp bug
[23/08/2012 09:54:18] /m exp bug
[23/08/2012 09:54:20] /m exp bug
[23/08/2012 09:54:20] /m exp bug
[23/08/2012 09:54:20] /m exp bug
[23/08/2012 09:54:20] /m exp bug
[23/08/2012 09:54:21] /m exp bug
[23/08/2012 09:54:21] /m exp bug
[23/08/2012 09:54:21] /m exp bug
[23/08/2012 09:54:21] /m exp bug
[23/08/2012 09:54:21] /m exp bug
[23/08/2012 09:54:21] /m exp bug
[23/08/2012 09:54:21] /m exp bug
[23/08/2012 09:54:22] /m exp bug
[23/08/2012 09:54:24] /m exp bug
[23/08/2012 09:54:26] /m exp bug
[23/08/2012 09:54:26] /m exp bug
[23/08/2012 09:54:26] /m exp bug
[23/08/2012 09:54:26] /m exp bug
[23/08/2012 09:54:27] /m exp bug
[23/08/2012 09:54:27] /m exp bug
[23/08/2012 09:54:28] /m exp bug
[23/08/2012 09:54:29] /m exp bug
[23/08/2012 09:54:29] /m exp bug
[23/08/2012 09:54:30] /m exp bug
[23/08/2012 09:54:30] /m exp bug
[23/08/2012 09:54:31] /m exp bug
[23/08/2012 09:54:31] /m exp bug
[23/08/2012 09:54:31] /m exp bug
[23/08/2012 09:54:32] /m exp bug
[23/08/2012 09:54:32] /m exp bug
[23/08/2012 09:54:33] /m exp bug
[23/08/2012 09:54:33] /m exp bug
[23/08/2012 09:54:33] /m exp bug
[23/08/2012 09:54:34] /m exp bug
[23/08/2012 09:54:34] /m exp bug
[23/08/2012 09:54:35] /m exp bug
[23/08/2012 09:54:35] /m exp bug
[23/08/2012 09:54:36] /m exp bug
[23/08/2012 09:54:36] /m exp bug
[23/08/2012 09:54:39] /m exp bug
[23/08/2012 09:54:40] /m exp bug
[23/08/2012 09:54:40] /m exp bug
[23/08/2012 09:54:41] /m exp bug
[23/08/2012 09:54:41] /m exp bug
[23/08/2012 09:54:41] /m exp bug
[23/08/2012 09:54:41] /m exp bug
[23/08/2012 09:54:41] /m exp bug
[23/08/2012 09:54:41] /m exp bug
[23/08/2012 09:54:41] /m exp bug
[23/08/2012 09:54:41] /m exp bug
[23/08/2012 09:54:41] /m exp bug
[23/08/2012 09:54:41] /m exp bug
[23/08/2012 10:09:06] /m exp bug
[23/08/2012 10:09:07] /m exp bug
[23/08/2012 10:09:07] /m exp bug
[23/08/2012 10:09:07] /m exp bug
[23/08/2012 10:09:07] /m exp bug
[23/08/2012 10:09:07] /m exp bug
[23/08/2012 10:09:07] /m exp bug
[23/08/2012 10:09:07] /m exp bug
[23/08/2012 10:09:07] /m exp bug
[23/08/2012 10:09:07] /m exp bug
[23/08/2012 10:09:07] /m exp bug
[23/08/2012 10:09:07] /m exp bug
[23/08/2012 10:09:07] /m exp bug
[23/08/2012 10:09:08] /m exp bug
[23/08/2012 10:09:08] /m exp bug
[23/08/2012 10:09:08] /m exp bug
[23/08/2012 10:09:08] /m exp bug
[23/08/2012 10:09:08] /m exp bug
[23/08/2012 10:09:12] /m exp bug
[23/08/2012 10:09:12] /m exp bug
[23/08/2012 10:09:12] /m exp bug
[23/08/2012 10:09:12] /m exp bug
[23/08/2012 10:09:12] /m exp bug
[23/08/2012 10:09:12] /m exp bug
[23/08/2012 10:09:12] /m exp bug
[23/08/2012 10:09:12] /m exp bug
[23/08/2012 10:09:12] /m exp bug
[23/08/2012 10:09:13] /m exp bug
[23/08/2012 10:09:13] /m exp bug
[23/08/2012 10:09:13] /m exp bug
[23/08/2012 10:09:13] /m exp bug
[23/08/2012 10:09:13] /m exp bug
[23/08/2012 10:09:13] /m exp bug
[23/08/2012 10:09:13] /m exp bug
[23/08/2012 10:09:14] /m exp bug
[23/08/2012 10:09:15] /m exp bug
[23/08/2012 10:09:15] /m exp bug
[23/08/2012 10:09:15] /m exp bug
[23/08/2012 10:09:15] /m exp bug
[23/08/2012 10:09:15] /m exp bug
[23/08/2012 10:09:15] /m exp bug
[23/08/2012 10:09:15] /m exp bug
[23/08/2012 10:09:16] /m exp bug
[23/08/2012 10:09:16] /m exp bug
[23/08/2012 10:09:16] /m exp bug
[23/08/2012 10:09:16] /m exp bug
[23/08/2012 10:09:16] /m exp bug
[23/08/2012 10:09:16] /m exp bug
[23/08/2012 10:09:16] /m exp bug
[23/08/2012 10:09:16] /m exp bug
[23/08/2012 10:09:16] /m exp bug
[23/08/2012 10:09:16] /m exp bug
[23/08/2012 10:09:16] /m exp bug
[23/08/2012 10:09:16] /m exp bug
[23/08/2012 10:09:16] /m exp bug
[23/08/2012 10:09:16] /m exp bug
[23/08/2012 10:09:16] /m exp bug
[23/08/2012 10:09:16] /m exp bug
[23/08/2012 10:09:17] /m exp bug
[23/08/2012 10:09:17] /m exp bug
[23/08/2012 10:09:17] /m exp bug
[23/08/2012 10:09:17] /m exp bug
[23/08/2012 10:09:17] /m exp bug
[23/08/2012 10:09:17] /m exp bug
[23/08/2012 10:09:17] /m exp bug
[23/08/2012 10:09:17] /m exp bug
[23/08/2012 10:09:17] /m exp bug
[23/08/2012 10:09:17] /m exp bug
[23/08/2012 10:09:17] /m exp bug
[23/08/2012 10:09:17] /m exp bug
[23/08/2012 10:09:17] /m exp bug
[23/08/2012 10:09:17] /m exp bug
[23/08/2012 10:09:17] /m exp bug
[23/08/2012 10:09:17] /m exp bug
[23/08/2012 10:09:17] /m exp bug
[23/08/2012 10:09:17] /m exp bug
[23/08/2012 10:09:18] /m exp bug
[23/08/2012 10:09:18] /m exp bug
[23/08/2012 10:09:18] /m exp bug
[23/08/2012 10:09:18] /m exp bug
[23/08/2012 10:09:18] /m exp bug
[23/08/2012 10:09:18] /m exp bug
[23/08/2012 10:09:18] /m exp bug
[23/08/2012 10:09:18] /m exp bug
[23/08/2012 10:09:18] /m exp bug
[23/08/2012 10:09:18] /m exp bug
[23/08/2012 10:09:18] /m exp bug
[23/08/2012 10:09:18] /m exp bug
[23/08/2012 10:09:18] /m exp bug
[23/08/2012 10:09:18] /m exp bug
[23/08/2012 10:09:18] /m exp bug
[23/08/2012 10:09:18] /m exp bug
[23/08/2012 10:09:18] /m exp bug
[23/08/2012 10:09:19] /m exp bug
[23/08/2012 10:09:19] /m exp bug
[23/08/2012 10:09:19] /m exp bug
[23/08/2012 10:09:19] /m exp bug
[23/08/2012 10:09:19] /m exp bug
[23/08/2012 10:09:19] /m exp bug
[23/08/2012 10:09:19] /m exp bug
[23/08/2012 10:09:19] /m exp bug
[23/08/2012 10:09:19] /m exp bug
[23/08/2012 10:09:19] /m exp bug
[23/08/2012 10:09:19] /m exp bug
[23/08/2012 10:09:19] /m exp bug
[23/08/2012 10:09:19] /m exp bug
[23/08/2012 10:09:19] /m exp bug
[23/08/2012 10:09:19] /m exp bug
[23/08/2012 10:09:20] /m exp bug
[23/08/2012 10:09:20] /m exp bug
[23/08/2012 10:09:20] /m exp bug
[23/08/2012 10:09:20] /m exp bug
[23/08/2012 10:09:20] /m exp bug
[23/08/2012 10:09:20] /m exp bug
[23/08/2012 10:09:20] /m exp bug
[23/08/2012 10:09:20] /m exp bug
[23/08/2012 10:09:20] /m exp bug
[23/08/2012 10:09:20] /m exp bug
[23/08/2012 10:09:20] /m exp bug
[23/08/2012 10:09:20] /m exp bug
[23/08/2012 10:09:20] /m exp bug
[23/08/2012 10:09:20] /m exp bug
[23/08/2012 10:09:20] /m exp bug
[23/08/2012 10:09:20] /m exp bug
[23/08/2012 10:09:20] /m exp bug
[23/08/2012 10:09:20] /m exp bug
[23/08/2012 10:09:20] /m exp bug
[23/08/2012 10:09:21] /m exp bug
[23/08/2012 10:09:21] /m exp bug
[23/08/2012 10:09:21] /m exp bug
[23/08/2012 10:09:21] /m exp bug
[23/08/2012 10:09:21] /m exp bug
[23/08/2012 10:09:21] /m exp bug
[23/08/2012 10:09:21] /m exp bug
[23/08/2012 10:09:21] /m exp bug
[23/08/2012 10:09:21] /m exp bug
[23/08/2012 10:09:21] /m exp bug
[23/08/2012 10:09:21] /m exp bug
[23/08/2012 10:09:21] /m exp bug
[23/08/2012 10:09:21] /m exp bug
[23/08/2012 10:09:21] /m exp bug
[23/08/2012 10:09:21] /m exp bug
[23/08/2012 10:09:21] /m exp bug
[23/08/2012 10:09:22] /m exp bug
[23/08/2012 10:09:22] /m exp bug
[23/08/2012 10:09:22] /m exp bug
[23/08/2012 10:09:22] /m exp bug
[23/08/2012 10:09:22] /m exp bug
[23/08/2012 10:09:22] /m exp bug
[23/08/2012 10:09:22] /m exp bug
[23/08/2012 10:09:22] /m exp bug
[23/08/2012 10:09:22] /m exp bug
[23/08/2012 10:09:22] /m exp bug
[23/08/2012 10:09:22] /m exp bug
[23/08/2012 10:09:22] /m exp bug
[23/08/2012 10:09:22] /m exp bug
[23/08/2012 10:09:22] /m exp bug
[23/08/2012 10:09:22] /m exp bug
[23/08/2012 10:09:22] /m exp bug
[23/08/2012 10:09:23] /m exp bug
[23/08/2012 10:09:23] /m exp bug
[23/08/2012 10:09:23] /m exp bug
[23/08/2012 10:09:23] /m exp bug
[23/08/2012 10:09:23] /m exp bug
[23/08/2012 10:09:23] /m exp bug
[23/08/2012 10:09:23] /m exp bug
[23/08/2012 10:09:23] /m exp bug
[23/08/2012 10:09:23] /m exp bug
[23/08/2012 10:09:23] /m exp bug
[23/08/2012 10:09:23] /m exp bug
[23/08/2012 10:09:23] /m exp bug
[23/08/2012 10:09:23] /m exp bug
[23/08/2012 10:09:23] /m exp bug
[23/08/2012 10:09:24] /m exp bug
[23/08/2012 10:09:24] /m exp bug
[23/08/2012 10:09:24] /m exp bug
[23/08/2012 10:09:24] /m exp bug
[23/08/2012 10:09:24] /m exp bug
[23/08/2012 10:09:24] /m exp bug
[23/08/2012 10:09:24] /m exp bug
[23/08/2012 10:09:24] /m exp bug
[23/08/2012 10:09:24] /m exp bug
[23/08/2012 10:09:24] /m exp bug
[23/08/2012 10:09:24] /m exp bug
[23/08/2012 10:09:24] /m exp bug
[23/08/2012 10:09:24] /m exp bug
[23/08/2012 10:09:24] /m exp bug
[23/08/2012 10:09:24] /m exp bug
[23/08/2012 10:09:24] /m exp bug
[23/08/2012 10:09:25] /m exp bug
[23/08/2012 10:09:25] /m exp bug
[23/08/2012 10:09:25] /m exp bug
[23/08/2012 10:09:25] /m exp bug
[23/08/2012 10:09:25] /m exp bug
[23/08/2012 10:09:25] /m exp bug
[23/08/2012 10:09:25] /m exp bug
[23/08/2012 10:09:25] /m exp bug
[23/08/2012 10:09:25] /m exp bug
[23/08/2012 10:09:25] /m exp bug
[23/08/2012 10:09:25] /m exp bug
[23/08/2012 10:09:25] /m exp bug
[23/08/2012 10:09:25] /m exp bug
[23/08/2012 10:09:25] /m exp bug
[23/08/2012 10:09:25] /m exp bug
[23/08/2012 10:09:25] /m exp bug
[23/08/2012 10:09:26] /m exp bug
[23/08/2012 10:09:26] /m exp bug
[23/08/2012 10:09:26] /m exp bug
[23/08/2012 10:09:26] /m exp bug
[23/08/2012 10:09:26] /m exp bug
[23/08/2012 10:09:26] /m exp bug
[23/08/2012 10:09:26] /m exp bug
[23/08/2012 10:09:26] /m exp bug
[23/08/2012 10:09:26] /m exp bug
[23/08/2012 10:09:26] /m exp bug
[23/08/2012 10:09:27] /m exp bug
[23/08/2012 10:09:27] /m exp bug
[23/08/2012 10:09:27] /m exp bug
[23/08/2012 10:09:27] /m exp bug
[23/08/2012 10:09:27] /m exp bug
[23/08/2012 10:09:27] /m exp bug
[23/08/2012 10:09:27] /m exp bug
[23/08/2012 10:09:27] /m exp bug
[23/08/2012 10:09:27] /m exp bug
[23/08/2012 10:09:27] /m exp bug
[23/08/2012 10:09:27] /m exp bug
[23/08/2012 10:09:27] /m exp bug
[23/08/2012 10:09:27] /m exp bug
[23/08/2012 10:09:27] /m exp bug
[23/08/2012 10:09:28] /m exp bug
[23/08/2012 10:09:28] /m exp bug
[23/08/2012 10:09:28] /m exp bug
[23/08/2012 10:09:28] /m exp bug
[23/08/2012 10:09:28] /m exp bug
[23/08/2012 10:09:28] /m exp bug
[23/08/2012 10:09:28] /m exp bug
[23/08/2012 10:09:28] /m exp bug
[23/08/2012 10:09:28] /m exp bug
[23/08/2012 10:09:28] /m exp bug
[23/08/2012 10:09:28] /m exp bug
[23/08/2012 10:09:28] /m exp bug
[23/08/2012 10:09:28] /m exp bug
[23/08/2012 10:09:28] /m exp bug
[23/08/2012 10:09:28] /m exp bug
[23/08/2012 10:09:28] /m exp bug
[23/08/2012 10:09:29] /m exp bug
[23/08/2012 10:09:29] /m exp bug
[23/08/2012 10:09:29] /m exp bug
[23/08/2012 10:09:29] /m exp bug
[23/08/2012 10:09:29] /m exp bug
[23/08/2012 10:09:29] /m exp bug
[23/08/2012 10:09:29] /m exp bug
[23/08/2012 10:09:29] /m exp bug
[23/08/2012 10:09:29] /m exp bug
[23/08/2012 10:09:29] /m exp bug
[23/08/2012 10:09:29] /m exp bug
[23/08/2012 10:09:29] /m exp bug
[23/08/2012 10:09:29] /m exp bug
[23/08/2012 10:09:29] /m exp bug
[23/08/2012 10:09:30] /m exp bug
[23/08/2012 10:09:30] /m exp bug
[23/08/2012 10:09:30] /m exp bug
[23/08/2012 10:09:30] /m exp bug
[23/08/2012 10:09:30] /m exp bug
[23/08/2012 10:09:30] /m exp bug
[23/08/2012 10:09:30] /m exp bug
[23/08/2012 10:09:30] /m exp bug
[23/08/2012 10:09:30] /m exp bug
[23/08/2012 10:09:30] /m exp bug
[23/08/2012 10:09:30] /m exp bug
[23/08/2012 10:09:30] /m exp bug
[23/08/2012 10:09:30] /m exp bug
[23/08/2012 10:09:31] /m exp bug
[23/08/2012 10:09:31] /m exp bug
[23/08/2012 10:09:31] /m exp bug
[23/08/2012 10:09:31] /m exp bug
[23/08/2012 10:09:31] /m exp bug
[23/08/2012 10:09:31] /m exp bug
[23/08/2012 10:09:31] /m exp bug
[23/08/2012 10:09:31] /m exp bug
[23/08/2012 10:09:31] /m exp bug
[23/08/2012 10:09:31] /m exp bug
[23/08/2012 10:09:31] /m exp bug
[23/08/2012 10:09:31] /m exp bug
[23/08/2012 10:09:31] /m exp bug
[23/08/2012 10:09:31] /m exp bug
[23/08/2012 10:09:31] /m exp bug
[23/08/2012 10:09:31] /m exp bug
[23/08/2012 10:09:32] /m exp bug
[23/08/2012 10:09:32] /m exp bug
[23/08/2012 10:09:32] /m exp bug
[23/08/2012 10:09:32] /m exp bug
[23/08/2012 10:09:32] /m exp bug
[23/08/2012 10:09:32] /m exp bug
[23/08/2012 10:09:32] /m exp bug
[23/08/2012 10:09:32] /m exp bug
[23/08/2012 10:09:32] /m exp bug
[23/08/2012 10:09:32] /m exp bug
[23/08/2012 10:09:32] /m exp bug
[23/08/2012 10:09:32] /m exp bug
[23/08/2012 10:09:32] /m exp bug
[23/08/2012 10:09:32] /m exp bug
[23/08/2012 10:09:33] /m exp bug
[23/08/2012 10:09:33] /m exp bug
[23/08/2012 10:09:33] /m exp bug
[23/08/2012 10:09:33] /m exp bug
[23/08/2012 10:09:33] /m exp bug
[23/08/2012 10:09:33] /m exp bug
[23/08/2012 10:09:33] /m exp bug
[23/08/2012 10:09:33] /m exp bug
[23/08/2012 10:09:33] /m exp bug
[23/08/2012 10:09:33] /m exp bug
[23/08/2012 10:09:33] /m exp bug
[23/08/2012 10:09:33] /m exp bug
[23/08/2012 10:09:33] /m exp bug
[23/08/2012 10:09:33] /m exp bug
[23/08/2012 10:09:33] /m exp bug
[23/08/2012 10:09:34] /m exp bug
[23/08/2012 10:09:34] /m exp bug
[23/08/2012 10:09:34] /m exp bug
[23/08/2012 10:09:34] /m exp bug
[23/08/2012 10:09:34] /m exp bug
[23/08/2012 10:09:34] /m exp bug
[23/08/2012 10:09:34] /m exp bug
[23/08/2012 10:09:34] /m exp bug
[23/08/2012 10:09:34] /m exp bug
[23/08/2012 10:09:34] /m exp bug
[23/08/2012 10:09:34] /m exp bug
[23/08/2012 10:09:34] /m exp bug
[23/08/2012 10:09:35] /m exp bug
[23/08/2012 10:09:35] /m exp bug
[23/08/2012 10:09:35] /m exp bug
[23/08/2012 10:09:35] /m exp bug
[23/08/2012 10:09:35] /m exp bug
[23/08/2012 10:09:35] /m exp bug
[23/08/2012 10:09:35] /m exp bug
[23/08/2012 10:09:35] /m exp bug
[23/08/2012 10:09:35] /m exp bug
[23/08/2012 10:09:35] /m exp bug
[23/08/2012 10:09:35] /m exp bug
[23/08/2012 10:09:35] /m exp bug
[23/08/2012 10:09:35] /m exp bug
[23/08/2012 10:09:35] /m exp bug
[23/08/2012 10:09:35] /m exp bug
[23/08/2012 10:09:36] /m exp bug
[23/08/2012 10:09:36] /m exp bug
[23/08/2012 10:09:36] /m exp bug
[23/08/2012 10:09:36] /m exp bug
[23/08/2012 10:09:36] /m exp bug
[23/08/2012 10:09:36] /m exp bug
[23/08/2012 10:09:36] /m exp bug
[23/08/2012 10:09:36] /m exp bug
[23/08/2012 10:09:36] /m exp bug
[23/08/2012 10:09:36] /m exp bug
[23/08/2012 10:09:36] /m exp bug
[23/08/2012 10:09:36] /m exp bug
[23/08/2012 10:09:36] /m exp bug
[23/08/2012 10:09:36] /m exp bug
[23/08/2012 10:09:37] /m exp bug
[23/08/2012 10:09:37] /m exp bug
[23/08/2012 10:09:37] /m exp bug
[23/08/2012 10:09:37] /m exp bug
[23/08/2012 10:09:37] /m exp bug
[23/08/2012 10:09:37] /m exp bug
[23/08/2012 10:09:37] /m exp bug
[23/08/2012 10:09:37] /m exp bug
[23/08/2012 10:09:37] /m exp bug
[23/08/2012 10:09:37] /m exp bug
[23/08/2012 10:09:37] /m exp bug
[23/08/2012 10:09:38] /m exp bug
[23/08/2012 10:09:38] /m exp bug
[23/08/2012 10:09:38] /m exp bug
[23/08/2012 10:09:38] /m exp bug
[23/08/2012 10:09:38] /m exp bug
[23/08/2012 10:09:38] /m exp bug
[23/08/2012 10:09:38] /m exp bug
[23/08/2012 10:09:38] /m exp bug
[23/08/2012 10:09:38] /m exp bug
[23/08/2012 10:09:38] /m exp bug
[23/08/2012 10:09:38] /m exp bug
[23/08/2012 10:09:38] /m exp bug
[23/08/2012 10:09:38] /m exp bug
[23/08/2012 10:09:38] /m exp bug
[23/08/2012 10:09:38] /m exp bug
[23/08/2012 10:09:39] /m exp bug
[23/08/2012 10:09:39] /m exp bug
[23/08/2012 10:09:39] /m exp bug
[23/08/2012 10:09:39] /m exp bug
[23/08/2012 10:09:39] /m exp bug
[23/08/2012 10:09:39] /m exp bug
[23/08/2012 10:09:39] /m exp bug
[23/08/2012 10:09:39] /m exp bug
[23/08/2012 10:09:39] /m exp bug
[23/08/2012 10:09:39] /m exp bug
[23/08/2012 10:09:39] /m exp bug
[23/08/2012 10:09:39] /m exp bug
[23/08/2012 10:09:39] /m exp bug
[23/08/2012 10:09:39] /m exp bug
[23/08/2012 10:09:39] /m exp bug
[23/08/2012 10:09:39] /m exp bug
[23/08/2012 10:09:40] /m exp bug
[23/08/2012 10:09:40] /m exp bug
[23/08/2012 10:09:40] /m exp bug
[23/08/2012 10:09:40] /m exp bug
[23/08/2012 10:09:40] /m exp bug
[23/08/2012 10:09:40] /m exp bug
[23/08/2012 10:09:40] /m exp bug
[23/08/2012 10:09:40] /m exp bug
[23/08/2012 10:09:40] /m exp bug
[23/08/2012 10:09:40] /m exp bug
[23/08/2012 10:09:40] /m exp bug
[23/08/2012 10:09:40] /m exp bug
[23/08/2012 10:09:40] /m exp bug
[23/08/2012 10:09:41] /m exp bug
[23/08/2012 10:09:41] /m exp bug
[23/08/2012 10:09:41] /m exp bug
[23/08/2012 10:09:41] /m exp bug
[23/08/2012 10:09:41] /m exp bug
[23/08/2012 10:09:41] /m exp bug
[23/08/2012 10:09:41] /m exp bug
[23/08/2012 10:09:41] /m exp bug
[23/08/2012 10:09:41] /m exp bug
[23/08/2012 10:09:41] /m exp bug
[23/08/2012 10:09:41] /m exp bug
[23/08/2012 10:09:41] /m exp bug
[23/08/2012 10:09:41] /m exp bug
[23/08/2012 10:09:41] /m exp bug
[23/08/2012 10:09:41] /m exp bug
[23/08/2012 10:09:42] /m exp bug
[23/08/2012 10:09:42] /m exp bug
[23/08/2012 10:09:42] /m exp bug
[23/08/2012 10:09:42] /m exp bug
[23/08/2012 10:09:42] /m exp bug
[23/08/2012 10:09:42] /m exp bug
[23/08/2012 10:09:42] /m exp bug
[23/08/2012 10:09:42] /m exp bug
[23/08/2012 10:09:42] /m exp bug
[23/08/2012 10:09:42] /m exp bug
[23/08/2012 10:09:42] /m exp bug
[23/08/2012 10:09:42] /m exp bug
[23/08/2012 10:09:43] /m exp bug
[23/08/2012 10:09:43] /m exp bug
[23/08/2012 10:09:43] /m exp bug
[23/08/2012 10:09:43] /m exp bug
[23/08/2012 10:09:43] /m exp bug
[23/08/2012 10:09:43] /m exp bug
[23/08/2012 10:09:43] /m exp bug
[23/08/2012 10:09:43] /m exp bug
[23/08/2012 10:09:43] /m exp bug
[23/08/2012 10:09:43] /m exp bug
[23/08/2012 10:09:43] /m exp bug
[23/08/2012 10:09:43] /m exp bug
[23/08/2012 10:09:43] /m exp bug
[23/08/2012 10:09:43] /m exp bug
[23/08/2012 10:09:43] /m exp bug
[23/08/2012 10:09:44] /m exp bug
[23/08/2012 10:09:44] /m exp bug
[23/08/2012 10:09:44] /m exp bug
[23/08/2012 10:09:44] /m exp bug
[23/08/2012 10:09:44] /m exp bug
[23/08/2012 10:09:44] /m exp bug
[23/08/2012 10:09:44] /m exp bug
[23/08/2012 10:09:44] /m exp bug
[23/08/2012 10:09:44] /m exp bug
[23/08/2012 10:09:44] /m exp bug
[23/08/2012 10:09:44] /m exp bug
[23/08/2012 10:09:44] /m exp bug
[23/08/2012 10:09:44] /m exp bug
[23/08/2012 10:09:45] /m exp bug
[23/08/2012 10:09:45] /m exp bug
[23/08/2012 10:09:45] /m exp bug
[23/08/2012 10:09:45] /m exp bug
[23/08/2012 10:09:45] /m exp bug
[23/08/2012 10:09:45] /m exp bug
[23/08/2012 10:09:45] /m exp bug
[23/08/2012 10:09:45] /m exp bug
[23/08/2012 10:09:45] /m exp bug
[23/08/2012 10:09:45] /m exp bug
[23/08/2012 10:09:45] /m exp bug
[23/08/2012 10:09:46] /m exp bug
[23/08/2012 10:09:46] /m exp bug
[23/08/2012 10:09:46] /m exp bug
[23/08/2012 10:09:46] /m exp bug
[23/08/2012 10:09:46] /m exp bug
[23/08/2012 10:09:46] /m exp bug
[23/08/2012 10:09:46] /m exp bug
[23/08/2012 10:09:46] /m exp bug
[23/08/2012 10:09:46] /m exp bug
[23/08/2012 10:09:46] /m exp bug
[23/08/2012 10:09:47] /m exp bug
[23/08/2012 10:09:47] /m exp bug
[23/08/2012 10:09:47] /m exp bug
[23/08/2012 10:09:47] /m exp bug
[23/08/2012 10:09:57] /m exp bug
[23/08/2012 10:09:57] /m exp bug
[23/08/2012 10:09:57] /m exp bug
[23/08/2012 10:09:57] /m exp bug
[23/08/2012 10:09:57] /m exp bug
[23/08/2012 10:09:57] /m exp bug
[23/08/2012 10:09:57] /m exp bug
[23/08/2012 10:09:57] /m exp bug
[23/08/2012 10:09:57] /m exp bug
[23/08/2012 10:09:57] /m exp bug
[23/08/2012 10:09:57] /m exp bug
[23/08/2012 10:09:57] /m exp bug
[23/08/2012 10:09:57] /m exp bug
[23/08/2012 10:09:57] /m exp bug
[23/08/2012 10:09:57] /m exp bug
[23/08/2012 10:09:57] /m exp bug
[23/08/2012 10:09:57] /m exp bug
[23/08/2012 10:09:57] /m exp bug
[23/08/2012 10:09:57] /m exp bug
[23/08/2012 10:09:57] /m exp bug
[23/08/2012 10:09:57] /m exp bug
[23/08/2012 10:09:57] /m exp bug
[23/08/2012 10:09:57] /m exp bug
[23/08/2012 10:09:57] /m exp bug
[23/08/2012 10:09:57] /m exp bug
[23/08/2012 10:09:57] /m exp bug
[23/08/2012 10:09:57] /m exp bug
[23/08/2012 10:09:57] /m exp bug
[23/08/2012 10:09:57] /m exp bug
[23/08/2012 10:09:57] /m exp bug
[23/08/2012 10:09:57] /m exp bug
[23/08/2012 10:09:57] /m exp bug
[23/08/2012 10:11:40] /clean
[23/08/2012 10:42:13] /ghost
[23/08/2012 10:57:37] /t
[23/08/2012 10:58:00] /pedos on
[23/08/2012 10:58:05] /a 5
[23/08/2012 10:58:27] /bc Green; dIGAN !PEDOS
[23/08/2012 10:58:39] /ghost
[23/08/2012 10:58:51] /a 9
[23/08/2012 10:58:52] /a 9
[23/08/2012 10:58:52] /a 9
[23/08/2012 10:58:53] /a 9
[23/08/2012 10:58:57] /a 9
[23/08/2012 10:59:01] /a 9
[23/08/2012 10:59:03] /a 9
[23/08/2012 10:59:05] /a 9
[23/08/2012 10:59:05] /a 9
[23/08/2012 10:59:07] /a 9
[23/08/2012 10:59:07] /a 9
[23/08/2012 10:59:08] /a 9
[23/08/2012 10:59:09] /a 9
[23/08/2012 10:59:24] /a 9
[23/08/2012 10:59:24] /a 9
[23/08/2012 10:59:25] /a 9
[23/08/2012 10:59:26] /a 9
[23/08/2012 10:59:31] /r
[23/08/2012 11:00:25] /ganador Knight Roxz
[23/08/2012 11:00:31] /ganador Ibiiza Extrem
[23/08/2012 11:00:37] /ganador [Kiba]
[23/08/2012 11:02:08] /i 8300
[23/08/2012 11:02:59] /bc no solo uno por hoy
[23/08/2012 11:03:18] /i 8300
[23/08/2012 11:03:55] /i 10576
[23/08/2012 11:04:01] /ghost
[23/08/2012 11:04:18] /i 10576
[23/08/2012 11:04:20] /i 10576
[23/08/2012 17:07:42] /clean
[23/08/2012 17:08:32] /bc no se dise itens noob se dise items
[23/08/2012 17:09:23] /attr skull black
[23/08/2012 17:09:25] /attr skull black
[23/08/2012 17:09:59] /bc si isimos evento en la mañana isimos 2
[23/08/2012 17:10:12] /a
[23/08/2012 17:10:14] /a 4
[23/08/2012 17:10:21] /ghost
[23/08/2012 17:10:35] /bc green; pedos
[23/08/2012 17:10:40] /bc green; 1pedos
[23/08/2012 17:10:46] /bc green; !pedos
[23/08/2012 17:10:47] /bc green; !pedos
[23/08/2012 17:10:47] /bc green; !pedos
[23/08/2012 17:10:48] /bc green; !pedos
[23/08/2012 17:11:32] /bc green; !pedos galta  1
[23/08/2012 17:11:39] /bc green; !pedos falta  1
[23/08/2012 17:12:08] /a 9
[23/08/2012 17:12:09] /a 9
[23/08/2012 17:12:10] /a 9
[23/08/2012 17:12:11] /a 9
[23/08/2012 17:12:12] /a 9
[23/08/2012 17:12:13] /a 9
[23/08/2012 17:12:14] /a 9
[23/08/2012 17:12:15] /a 9
[23/08/2012 17:12:15] /a 9
[23/08/2012 17:12:15] /a 9
[23/08/2012 17:12:16] /a 9
[23/08/2012 17:12:17] /a 9
[23/08/2012 17:12:18] /a 9
[23/08/2012 17:12:18] /a 9
[23/08/2012 17:12:18] /a 9
[23/08/2012 17:12:20] /a 9
[23/08/2012 17:12:21] /a 9
[23/08/2012 17:12:21] /a 9
[23/08/2012 17:12:21] /a 9
[23/08/2012 17:12:23] /a 10
[23/08/2012 17:12:27] /a 3
[23/08/2012 17:12:27] /a 3
[23/08/2012 17:13:33] /ganador Elvaner
[23/08/2012 17:13:41] /goto Elvaner
[23/08/2012 17:15:46] /bc en 10 m el de player
[23/08/2012 17:16:02] /ghost
[23/08/2012 17:17:14] /t
[23/08/2012 17:17:24] /goto Elvaner
[23/08/2012 17:30:27] /t
[23/08/2012 17:31:40] /goto fercho
[23/08/2012 17:33:58] /ganador kiba
[23/08/2012 17:34:02] /ganador kiba
[23/08/2012 17:34:08] /goto fercho
[23/08/2012 17:37:21] /r
[23/08/2012 17:43:28] /bc green; quieren que editemos el templo mas cosas mas todo ?
[23/08/2012 17:43:55] /bc green; quieren que editemos el templo mas cosas mas todo ?
[23/08/2012 17:44:08] /bc green; quieren que editemos el templo mas cosas mas todo ?
[23/08/2012 17:44:43] /ganador kiba
[23/08/2012 17:45:31] /goto Elvaner
[23/08/2012 17:45:50] /ghost
[23/08/2012 17:46:51] /goto Elvaner
[23/08/2012 17:47:47] /ghost
[23/08/2012 17:51:21] /r
[23/08/2012 17:53:31] /t
[23/08/2012 17:54:24] /bc green; !player
[23/08/2012 17:56:31] /ganador Morthis
[23/08/2012 17:56:40] /ganador Angiie
[23/08/2012 17:56:47] /goto Angiie
[23/08/2012 17:58:39] /i 1592
[23/08/2012 17:58:41] /i 1592
[23/08/2012 17:58:43] /i 1592
[23/08/2012 18:00:28] /r
[23/08/2012 18:00:29] /r
[23/08/2012 18:00:32] /r
[23/08/2012 18:00:55] /attr set defence 999999999999999999999999999
[23/08/2012 18:01:12] /attr set defense 999999999999999999999999999
[23/08/2012 18:01:18] /attr set defense 999999999999999
[23/08/2012 18:01:22] /attr set defense 999999999999
[23/08/2012 18:01:30] /attr set defense 9999999
[23/08/2012 18:01:44] /attr set defense 9999999999999999999999999999999999999999999999999999999999999999999999999999999999999999999999999999999
[23/08/2012 18:02:04] /attr set atack 9999999999999999999999999999999999999999999999999999999999999999999999999999999999999999999999999999999
[23/08/2012 18:02:15] /attr set atakc9999999999999999999999999999999999999999999999999999999999999999999999999999999999999999999999999999999
[23/08/2012 18:02:23] /attr set atak9999999999999999999999999999999999999999999999999999999999999999999999999999999999999999999999999999999
[23/08/2012 18:02:44] /attr skull black
[23/08/2012 18:02:54] /attr skull black
[23/08/2012 18:02:56] /attr skull black
[23/08/2012 18:03:07] /bc haha haora eres black
[23/08/2012 18:03:14] /bc haha ahora eres black
[23/08/2012 18:03:19] /bc haha ahora eres black
[23/08/2012 18:03:27] /bc haha ahora eres black
[23/08/2012 18:03:45] /attr skull red
[23/08/2012 18:06:26] /clean
[23/08/2012 18:07:36] /ganador don ramon
[23/08/2012 18:07:40] /goto don ramon
[23/08/2012 18:14:22] /m pavo
[23/08/2012 18:14:30] /s pavo
[23/08/2012 18:15:11] /t
[23/08/2012 18:15:25] /s hulk
[23/08/2012 18:15:53] /s hulk2
[23/08/2012 18:17:13] /s troll dance
[23/08/2012 18:17:47] /s troll dance
[23/08/2012 18:18:20] /r
[23/08/2012 18:18:21] /r
[23/08/2012 18:18:23] /r
[23/08/2012 18:18:25] /r
[23/08/2012 18:18:29] /r
[23/08/2012 18:18:32] /r
[23/08/2012 18:21:03] /m hulk
[23/08/2012 18:21:26] /r
[23/08/2012 18:21:28] /r
[23/08/2012 18:21:31] /r
[23/08/2012 18:21:54] /i 8429
[23/08/2012 18:30:00] /a
[23/08/2012 18:30:02] /a
[23/08/2012 18:30:03] /a
[23/08/2012 18:30:04] /a
[23/08/2012 18:30:08] /a
[23/08/2012 18:30:11] /a
[23/08/2012 18:30:12] /a
[23/08/2012 18:30:15] /a
[23/08/2012 18:45:16] /ban El Sexy
[23/08/2012 18:45:19] /ban El Sexy
[23/08/2012 18:45:20] /ban El Sexy
[23/08/2012 18:45:37] /t
[23/08/2012 18:46:16] /r
[23/08/2012 18:48:22] /gethouse 
[23/08/2012 18:48:34] /gethouse lord royal
[23/08/2012 18:48:40] /gethouse lord royal
[23/08/2012 18:49:02] /gethouse lord royal
[23/08/2012 18:49:10] /gethouse [Kiba]
[23/08/2012 18:49:16] /gethouse [Kiba]
[23/08/2012 18:49:24] /gethouse [Kiba]
[23/08/2012 18:49:28] /gethouse [Kiba]
[23/08/2012 18:54:26] /a 8
[23/08/2012 18:54:27] /a 8
[23/08/2012 18:54:28] /a 8
[23/08/2012 18:54:30] /a 8
[23/08/2012 18:54:34] /a 8
[23/08/2012 18:54:36] /a 8
[23/08/2012 18:54:36] /a 8
[23/08/2012 18:54:37] /a 8
[23/08/2012 18:58:13] /goto Don Ramon
[23/08/2012 18:58:17] /goto Don Ramon
[23/08/2012 18:58:18] /goto Don Ramon
[23/08/2012 18:58:20] /goto Don Ramon
[23/08/2012 18:58:21] /goto Don Ramon
[23/08/2012 18:58:22] /goto Don Ramon
[23/08/2012 18:58:22] /goto Don Ramon
[23/08/2012 18:58:25] /goto Don Ramon
[23/08/2012 18:58:25] /goto Don Ramon
[23/08/2012 18:58:25] /goto Don Ramon
[23/08/2012 18:59:36] /clean text
[23/08/2012 18:59:38] /clean text
[23/08/2012 18:59:38] /clean text
[23/08/2012 18:59:39] /clean text
[23/08/2012 18:59:58] /clean 100
[23/08/2012 19:00:04] /clean 5
[23/08/2012 19:00:07] /clean 5
[23/08/2012 19:00:24] /clean 9999999999999999999999999999999999999999999999999999999999999999
[23/08/2012 19:00:37] /clean 5
[23/08/2012 19:01:25] /clean
[23/08/2012 19:04:08] /c donramon
[23/08/2012 19:04:12] /c don ramon
[23/08/2012 19:25:28] /i cristal coin
[23/08/2012 19:25:31] /i cristal coin
[23/08/2012 19:25:32] /t
[23/08/2012 19:25:37] /clean
[23/08/2012 19:26:12] /attr skull black
[23/08/2012 19:26:23] /goto sirrox
[23/08/2012 19:26:26] /goto sirox
[23/08/2012 19:26:35] /goto sirox
[23/08/2012 19:26:49] /goto sirox
[23/08/2012 19:26:51] /goto sirox
[23/08/2012 19:26:52] /goto sirox
[23/08/2012 19:26:54] /goto sirox
[23/08/2012 19:26:55] /goto sirox
[23/08/2012 19:26:59] /attr skull black
[23/08/2012 19:29:43] /i 7441
[23/08/2012 19:29:44] /i 7441
[23/08/2012 19:29:52] /i 7441
[23/08/2012 19:29:53] /i 7441
[23/08/2012 19:29:57] /i 7441
[23/08/2012 19:30:05] /i 7441
[23/08/2012 19:30:08] /i 7441
[23/08/2012 19:30:10] /i 7441
[23/08/2012 19:30:13] /i 7441
[23/08/2012 19:31:20] /i 7441
[23/08/2012 19:31:23] /i 7441
[23/08/2012 19:31:26] /i 7441
[23/08/2012 19:31:28] /i 7441
[23/08/2012 19:31:31] /i 7441
[23/08/2012 19:31:33] /i 7441
[23/08/2012 19:31:38] /i 7441
[23/08/2012 19:31:38] /i 7441
[23/08/2012 19:31:40] /i 7441
[23/08/2012 19:31:42] /i 7441
[23/08/2012 19:31:44] /i 7441
[23/08/2012 19:31:47] /i 7441
[23/08/2012 19:31:50] /i 7441
[23/08/2012 19:31:50] /i 7441
[23/08/2012 19:31:55] /i 7441
[23/08/2012 19:31:57] /i 7441
[23/08/2012 19:31:58] /i 7441
[23/08/2012 19:31:59] /i 7441
[23/08/2012 19:32:00] /i 7441
[23/08/2012 19:32:03] /i 7441
[23/08/2012 19:32:07] /i 7441
[23/08/2012 19:32:09] /i 7441
[23/08/2012 19:32:10] /i 7441
[23/08/2012 19:32:13] /i 7441
[23/08/2012 19:32:17] /i 7441
[23/08/2012 19:32:18] /i 7441
[23/08/2012 19:32:19] /i 7441
[23/08/2012 19:32:23] /i 7441
[23/08/2012 19:32:26] /i 7441
[23/08/2012 19:32:27] /i 7441
[23/08/2012 19:32:28] /i 7441
[23/08/2012 19:32:33] /i 7441
[23/08/2012 19:32:35] /i 7441
[23/08/2012 19:32:37] /i 7441
[23/08/2012 19:32:39] /i 7441
[23/08/2012 19:32:40] /i 7441
[23/08/2012 19:32:41] /i 7441
[23/08/2012 19:32:43] /i 7441
[23/08/2012 19:35:37] /i 2160 ,1
[23/08/2012 19:35:41] /a 7
[23/08/2012 19:35:44] /a 7
[23/08/2012 19:35:47] /a 7
[23/08/2012 19:35:47] /a 7
[23/08/2012 19:36:13] /i 2160 ,1
[23/08/2012 19:36:19] /i 2160 ,1
[23/08/2012 19:36:20] /i 2160 ,1
[23/08/2012 19:36:22] /i 2160 ,1
[23/08/2012 19:36:38] /i 2160 ,1
[23/08/2012 19:36:44] /i 2160 ,1
[23/08/2012 19:36:44] /i 2160 ,1
[23/08/2012 19:36:47] /i 2160 ,1
[23/08/2012 19:36:49] /i 2160 ,1
[23/08/2012 19:36:50] /i 2160 ,1
[23/08/2012 19:36:57] /r
[23/08/2012 19:36:57] /r
[23/08/2012 19:36:57] /r
[23/08/2012 19:36:59] /r
[23/08/2012 19:37:00] /r
[23/08/2012 19:37:09] /r
[23/08/2012 19:37:09] /r
[23/08/2012 19:37:09] /r
[23/08/2012 19:37:09] /r
[23/08/2012 19:37:09] /r
[23/08/2012 19:37:09] /r
[23/08/2012 19:37:09] /r
[23/08/2012 19:37:09] /r
[23/08/2012 19:37:09] /r
[23/08/2012 19:37:09] /r
[23/08/2012 19:37:09] /r
[23/08/2012 19:37:09] /r
[23/08/2012 19:37:09] /r
[23/08/2012 19:37:09] /r
[23/08/2012 19:37:10] /r
[23/08/2012 19:37:10] /r
[23/08/2012 19:37:10] /r
[23/08/2012 19:37:10] /r
[23/08/2012 19:37:10] /r
[23/08/2012 19:37:10] /r
[23/08/2012 19:37:10] /r
[23/08/2012 19:37:10] /r
[23/08/2012 19:37:10] /r
[23/08/2012 19:37:10] /r
[23/08/2012 19:37:10] /r
[23/08/2012 19:37:10] /r
[23/08/2012 19:37:10] /r
[23/08/2012 19:37:10] /r
[23/08/2012 19:37:11] /r
[23/08/2012 19:37:11] /r
[23/08/2012 19:37:11] /r
[23/08/2012 19:37:11] /r
[23/08/2012 19:37:11] /r
[23/08/2012 19:37:11] /r
[23/08/2012 19:37:11] /r
[23/08/2012 19:37:11] /r
[23/08/2012 19:37:11] /r
[23/08/2012 19:37:11] /r
[23/08/2012 19:37:11] /r
[23/08/2012 19:37:11] /r
[23/08/2012 19:37:11] /r
[23/08/2012 19:37:11] /r
[23/08/2012 19:37:11] /r
[23/08/2012 19:37:11] /r
[23/08/2012 19:37:11] /r
[23/08/2012 19:37:11] /r
[23/08/2012 19:37:11] /r
[23/08/2012 19:37:11] /r
[23/08/2012 19:37:11] /r
[23/08/2012 19:37:11] /r
[23/08/2012 19:37:11] /r
[23/08/2012 19:37:11] /r
[23/08/2012 19:37:11] /r
[23/08/2012 19:37:11] /r
[23/08/2012 19:37:11] /r
[23/08/2012 19:37:11] /r
[23/08/2012 19:37:11] /r
[23/08/2012 19:37:11] /r
[23/08/2012 19:37:11] /r
[23/08/2012 19:37:11] /r
[23/08/2012 19:37:11] /r
[23/08/2012 19:37:12] /r
[23/08/2012 19:37:12] /r
[23/08/2012 19:37:12] /r
[23/08/2012 19:37:12] /r
[23/08/2012 19:37:12] /r
[23/08/2012 19:37:12] /r
[23/08/2012 19:37:12] /r
[23/08/2012 19:37:12] /r
[23/08/2012 19:37:12] /r
[23/08/2012 19:37:12] /r
[23/08/2012 19:37:12] /r
[23/08/2012 19:37:12] /r
[23/08/2012 19:37:12] /r
[23/08/2012 19:37:12] /r
[23/08/2012 19:37:13] /r
[23/08/2012 19:37:13] /r
[23/08/2012 19:37:13] /r
[23/08/2012 19:37:13] /r
[23/08/2012 19:37:13] /r
[23/08/2012 19:37:13] /r
[23/08/2012 19:37:13] /r
[23/08/2012 19:37:13] /r
[23/08/2012 19:37:13] /r
[23/08/2012 19:37:13] /r
[23/08/2012 19:37:13] /r
[23/08/2012 19:37:13] /r
[23/08/2012 19:37:13] /r
[23/08/2012 19:37:13] /r
[23/08/2012 19:37:13] /r
[23/08/2012 19:37:13] /r
[23/08/2012 19:37:13] /r
[23/08/2012 19:37:13] /r
[23/08/2012 19:37:13] /r
[23/08/2012 19:37:13] /r
[23/08/2012 19:37:13] /r
[23/08/2012 19:37:13] /r
[23/08/2012 19:37:13] /r
[23/08/2012 19:37:13] /r
[23/08/2012 19:37:13] /r
[23/08/2012 19:37:14] /r
[23/08/2012 19:37:14] /r
[23/08/2012 19:37:14] /r
[23/08/2012 19:37:14] /r
[23/08/2012 19:37:14] /r
[23/08/2012 19:37:14] /r
[23/08/2012 19:37:14] /r
[23/08/2012 19:37:14] /r
[23/08/2012 19:37:14] /r
[23/08/2012 19:37:16] /r
[23/08/2012 19:37:17] /r
[23/08/2012 19:37:17] /r
[23/08/2012 19:37:17] /r
[23/08/2012 19:37:17] /r
[23/08/2012 19:37:17] /r
[23/08/2012 19:37:17] /r
[23/08/2012 19:37:17] /r
[23/08/2012 19:37:17] /r
[24/08/2012 18:02:00] /t
[24/08/2012 18:17:59] /goto fercho
[24/08/2012 18:21:37] /bc green; tienen lag?
[24/08/2012 18:36:18] /a
[24/08/2012 19:23:49] /reload spells
[24/08/2012 19:25:17] /r
[24/08/2012 19:25:22] /a
[24/08/2012 19:26:34] /m training monck
[24/08/2012 19:26:36] /m training monk
[24/08/2012 19:27:50] /t
[24/08/2012 19:27:55] /ghost
[24/08/2012 19:38:47] /m training monk
[24/08/2012 20:04:46] /t
[24/08/2012 20:07:56] /t
[24/08/2012 20:08:25] /goto don ramon
[24/08/2012 20:11:21] /reload spells
[25/08/2012 10:10:56] /t
[25/08/2012 10:11:08] /goto angiie
[25/08/2012 10:39:26] /attr set attak 888888888
[25/08/2012 10:39:34] /attr set attack 888888888
[25/08/2012 10:39:36] /attr set attack 888888888
[25/08/2012 10:47:36] /m troll dance
[25/08/2012 10:48:01] /ghost
[25/08/2012 10:48:11] /m hulk
[25/08/2012 10:48:37] /c strike
[25/08/2012 10:49:04] /m hulk
[25/08/2012 10:49:06] /m hulk
[25/08/2012 10:49:14] /c strike
[25/08/2012 10:49:16] /c strike
[25/08/2012 10:49:24] /m troll dance
[25/08/2012 10:49:24] /m troll dance
[25/08/2012 10:49:31] /m troll dance/r
[25/08/2012 10:49:32] /m troll dance/r
[25/08/2012 10:49:33] /m troll dance/r
[25/08/2012 10:49:34] /m troll dance/r
[25/08/2012 10:49:35] /m troll dance/r
[25/08/2012 10:49:39] /m troll dance/r
[25/08/2012 10:49:39] /m troll dance/r
[25/08/2012 10:49:40] /m troll dance/r
[25/08/2012 10:49:41] /m troll dance/r
[25/08/2012 10:49:42] /m troll dance/r
[25/08/2012 10:49:47] /r
[25/08/2012 10:49:48] /r
[25/08/2012 10:49:49] /r
[25/08/2012 10:49:50] /r
[25/08/2012 10:49:51] /r
[25/08/2012 10:49:52] /r
[25/08/2012 10:49:53] /r
[25/08/2012 10:50:06] /m pavo
[25/08/2012 10:50:11] /r
[25/08/2012 10:50:23] /bc .!tp vip
[25/08/2012 10:50:24] /bc .!tp vip
[25/08/2012 10:50:29] /bc .!tp vip
[25/08/2012 10:50:39] /bc green; .!tp vip
[25/08/2012 10:50:40] /bc green; .!tp vip
[25/08/2012 10:50:41] /bc green; .!tp vip
[25/08/2012 10:50:44] /bc green; .!tp vip
[25/08/2012 10:50:51] /bc green; .!tp vip
[25/08/2012 10:50:52] /bc green; .!tp vip
[25/08/2012 10:50:53] /bc green; .!tp vip
[25/08/2012 10:52:03] /clean
[25/08/2012 10:53:08] /pedos on
[25/08/2012 10:53:15] /a 5
[25/08/2012 10:53:21] /ghost
[25/08/2012 10:53:25] /pedos off
[25/08/2012 10:53:32] /a 9
[25/08/2012 10:53:33] /a 9
[25/08/2012 10:53:34] /a 9
[25/08/2012 10:53:35] /a 9
[25/08/2012 10:53:35] /a 9
[25/08/2012 10:53:36] /a 9
[25/08/2012 10:53:37] /a 9
[25/08/2012 10:53:38] /a 9
[25/08/2012 10:53:38] /a 9
[25/08/2012 10:53:39] /a 9
[25/08/2012 10:53:40] /a 9
[25/08/2012 10:53:41] /a 9
[25/08/2012 10:53:42] /a 9
[25/08/2012 10:53:42] /a 9
[25/08/2012 10:53:43] /a 9
[25/08/2012 10:53:44] /a 9
[25/08/2012 10:53:45] /a 9
[25/08/2012 10:53:54] /a 20
[25/08/2012 10:53:56] /a 20
[25/08/2012 10:53:57] /a 20
[25/08/2012 10:53:57] /a 20
[25/08/2012 10:53:58] /a 20
[25/08/2012 10:54:00] /a 20
[25/08/2012 10:54:01] /a 20
[25/08/2012 10:54:01] /a 20
[25/08/2012 10:54:02] /a 20
[25/08/2012 10:54:04] /a 20
[25/08/2012 10:54:12] /a 20
[25/08/2012 10:54:15] /a 20
[25/08/2012 10:54:18] /a
[25/08/2012 10:54:22] /r
[25/08/2012 10:54:29] /ganador
[25/08/2012 10:54:32] /ganador Prody-g
[25/08/2012 10:54:38] /goto Prody-g
[25/08/2012 10:56:06] /ghost
[25/08/2012 10:59:02] /attr set attack 9999999
[25/08/2012 10:59:27] /goto fercho
[25/08/2012 11:03:07] /ganador fercho
[25/08/2012 11:03:11] /goto fercho
[25/08/2012 11:17:53] /r
[25/08/2012 11:17:55] /r
[25/08/2012 11:25:28] /goto fercho
[25/08/2012 11:26:20] /goto fercho
[25/08/2012 11:28:57] /goto fercho
[25/08/2012 11:29:00] /goto fercho
[25/08/2012 11:29:12] /goto fercho
[25/08/2012 11:29:40] /ctf 
[25/08/2012 11:29:46] /ctf 
[25/08/2012 11:29:48] /ctf
[25/08/2012 11:29:58] /ctf on
[25/08/2012 11:30:01] /ctf off
[25/08/2012 11:30:29] /r
[25/08/2012 11:31:14] /goto fercho
[25/08/2012 11:31:18] /goto fercho
[25/08/2012 11:32:07] /goto fercho
[25/08/2012 11:34:11] /goto fercho
[25/08/2012 11:41:18] /ctf
[25/08/2012 11:51:40] /attr skull black
[25/08/2012 11:52:08] /attr skull black
[25/08/2012 11:52:10] /goto Morthis
[25/08/2012 11:52:12] /goto Morthis
[25/08/2012 11:52:13] /goto Morthis
[25/08/2012 11:52:15] /goto Morthis
[25/08/2012 11:52:16] /goto Morthis
[25/08/2012 11:52:17] /goto Morthis
[25/08/2012 11:52:18] /goto Morthis
[25/08/2012 11:52:19] /goto Morthis
[25/08/2012 11:52:20] /goto Morthis
[25/08/2012 11:52:21] /goto Morthis
[25/08/2012 11:52:22] /goto Morthis
[25/08/2012 11:52:23] /goto Morthis
[25/08/2012 11:52:25] /goto Morthis
[25/08/2012 11:52:27] /attr skull black
[25/08/2012 11:52:46] /goto Morthis
[25/08/2012 11:53:49] /attr skull black
[25/08/2012 11:53:50] /goto Morthis
[25/08/2012 11:53:51] /goto Morthis
[25/08/2012 11:53:52] /goto Morthis
[25/08/2012 11:53:54] /goto Morthis
[25/08/2012 11:53:57] /goto Morthis
[25/08/2012 11:55:29] /attr set attack 999999
[25/08/2012 11:55:42] /attr set defence 999999
[25/08/2012 11:55:44] /attr set defence 999999
[25/08/2012 11:55:53] /attr set defense 999999
[25/08/2012 11:55:59] /t
[25/08/2012 12:00:56] /r
[25/08/2012 12:00:57] /r
[25/08/2012 13:13:52] /attr skull black
[25/08/2012 13:15:30] /attr skull black
[25/08/2012 13:16:50] /clean
[25/08/2012 13:17:28] /ban The Pally
[25/08/2012 13:17:37] /unban The Pally
[25/08/2012 13:18:22] /attr skull black
[25/08/2012 13:18:57] /attr skull 
[25/08/2012 13:19:36] /attr skull 
[25/08/2012 13:25:45] /ban Taco
[25/08/2012 13:26:03] /clean
[25/08/2012 13:26:38] /ban The Pally
[25/08/2012 13:26:46] /unban The Pally
[25/08/2012 15:12:12] /t
[25/08/2012 15:12:25] /pedos
[25/08/2012 15:12:47] /player on
[25/08/2012 15:12:55] /ghost
[25/08/2012 15:12:59] /player off
[25/08/2012 15:13:23] /a 6
[25/08/2012 15:13:27] /a 6
[25/08/2012 15:13:34] /a 6
[25/08/2012 15:13:37] /a 15
[25/08/2012 15:13:39] /a 15
[25/08/2012 15:15:05] /ghost
[25/08/2012 15:15:34] /clean
[25/08/2012 15:15:42] /clean 1
[25/08/2012 15:33:33] /i 8304
[25/08/2012 15:33:36] /i 8304
[25/08/2012 15:33:39] /i 8304
[25/08/2012 15:48:17] /t
[25/08/2012 15:48:58] /attr set attack 999999
[25/08/2012 15:49:10] /attr set defence 99999999
[25/08/2012 15:49:14] /attr set defence 999999
[25/08/2012 15:49:20] /attr set defense 999999
[25/08/2012 15:49:23] /attr set defense 99999999
[25/08/2012 15:49:44] /attr set name ,Universe sword
[25/08/2012 15:50:09] /goto fercho
[25/08/2012 15:50:18] /up
[25/08/2012 15:50:19] /up
[25/08/2012 15:50:42] /attr name, 123123
[25/08/2012 15:51:01] /i 7416
[25/08/2012 15:51:05] /attr name, 123123
[25/08/2012 15:51:13] /attr set name, 123123
[25/08/2012 15:51:41] /attr set name, Universe Sword
[25/08/2012 15:51:51] /attr set name ,Universe sword
[25/08/2012 15:52:13] /attr set name ,Univerce Sword
[25/08/2012 15:52:22] /attr set name , Univerce Sword
[25/08/2012 15:52:29] /attr set name ,Univerce-Sword
[25/08/2012 15:52:38] /attr set name ,Univerce~Sword
[25/08/2012 15:52:48] /attr set defense 99999999
[25/08/2012 15:53:00] /attr set attack 999999
[25/08/2012 16:41:34] /t
[25/08/2012 16:42:05] /c fercho
[25/08/2012 16:42:47] /a
[25/08/2012 16:43:12] /a
[25/08/2012 17:07:53] /b les gusta este logo para el ot ? http://img39.imageshack.us/img39/6705/rotsu.jpg
[25/08/2012 17:08:38] /ghost
[25/08/2012 17:18:33] /ghost
[25/08/2012 17:21:12] /b que les parese ahora ya le corregi la ll xD era con y http://img341.imageshack.us/img341/8100/63417291.png
[25/08/2012 17:21:21] /bc green; que les parese ahora ya le corregi la ll xD era con y http://img341.imageshack.us/img341/8100/63417291.png
[25/08/2012 17:21:40] /t
[25/08/2012 17:44:46] /goto fercho
[25/08/2012 17:45:17] /c fercho
[25/08/2012 18:03:35] /newtype 999
[25/08/2012 18:03:38] /newtype 500
[25/08/2012 18:03:41] /newtype 300
[25/08/2012 18:03:45] /newtype 400
[25/08/2012 18:03:47] /newtype 450
[25/08/2012 18:03:50] /newtype 430
[25/08/2012 18:03:52] /newtype 420
[25/08/2012 18:03:55] /newtype 410
[25/08/2012 18:03:58] /newtype 405
[25/08/2012 18:04:02] /newtype 399
[25/08/2012 18:04:03] /newtype 399
[25/08/2012 18:04:12] /newtype 299
[25/08/2012 18:22:06] /goto mazurka
[25/08/2012 18:22:10] /ghost
[25/08/2012 18:23:09] /r 100
[25/08/2012 18:23:10] /r 100
[25/08/2012 18:23:11] /r 100
[25/08/2012 18:23:12] /r 100
[25/08/2012 18:23:13] /r 100
[25/08/2012 18:23:14] /r 100
[25/08/2012 18:23:15] /r 100
[25/08/2012 18:23:21] /clean
[25/08/2012 18:23:39] /ghost
[25/08/2012 18:25:16] /a
[25/08/2012 18:28:00] /ghost
[25/08/2012 18:29:21] /ghost
[25/08/2012 18:31:09] /namex Demonio,Chuck Norris
[25/08/2012 18:31:25] /namex  Danonino ,Chuck Norris
[25/08/2012 18:31:30] /namex  Danonino,Chuck Norris
[25/08/2012 18:32:03] /namex  Danonino ,Chuck Norris
[25/08/2012 18:32:09] /namex  Danonino ,Chuck Norris
[25/08/2012 18:32:10] /namex  Danonino ,Chuck Norris
[25/08/2012 18:32:37] /namex  Danonino, Chuck Norris
[25/08/2012 18:33:12] /namex  Danonino ,Chuck Norris
[25/08/2012 18:33:16] /namex  Danonino ,Chuck Norris
[25/08/2012 18:33:17] /namex  Danonino ,Chuck Norris
[25/08/2012 18:33:29] /namex  Danonino ,Chuck Norris
[25/08/2012 18:33:52] /namex  Danonino ,Chuck Norrison
[25/08/2012 18:34:54] /namex  Chuck Norris,Danonino
[25/08/2012 18:37:33] /a 5
[25/08/2012 18:37:35] /a 5
[25/08/2012 18:37:39] /c fercho
[25/08/2012 18:37:50] /a
[25/08/2012 18:38:07] /a
[25/08/2012 18:38:08] /a
[25/08/2012 18:39:54] /s mamut
[25/08/2012 18:41:24] /a
[25/08/2012 18:41:25] /a
[25/08/2012 18:42:27] /reload spells
[25/08/2012 18:42:39] /goto loxido
[25/08/2012 18:42:50] /ghost
[25/08/2012 18:47:03] /r
[25/08/2012 18:47:33] /up
[25/08/2012 18:47:36] /down
[25/08/2012 18:48:38] /a
[25/08/2012 18:50:38] /pedos on
[25/08/2012 18:50:43] /a 5
[25/08/2012 18:51:05] /bc falta 1
[25/08/2012 18:51:09] /bc falta 1 !pedos
[25/08/2012 18:51:11] /bc falta 1 !pedos
[25/08/2012 18:51:33] /pedos off
[25/08/2012 18:51:35] /a 5
[25/08/2012 18:51:37] /a 5
[25/08/2012 18:51:43] /t Luchito
[25/08/2012 18:51:47] /a 5
[25/08/2012 18:52:08] /a 9
[25/08/2012 18:52:09] /a 9
[25/08/2012 18:52:10] /a 9
[25/08/2012 18:52:10] /a 9
[25/08/2012 18:52:11] /a 9
[25/08/2012 18:52:11] /a 9
[25/08/2012 18:52:12] /a 9
[25/08/2012 18:52:12] /a 9
[25/08/2012 18:52:17] /c Iron Man
[25/08/2012 18:52:22] /a 9
[25/08/2012 18:52:23] /a 9
[25/08/2012 18:52:24] /a 9
[25/08/2012 18:52:24] /a 9
[25/08/2012 18:52:25] /a 9
[25/08/2012 18:52:25] /a 9
[25/08/2012 18:52:26] /a 9
[25/08/2012 18:52:27] /a 9
[25/08/2012 18:52:27] /a 9
[25/08/2012 18:52:28] /a 9
[25/08/2012 18:52:28] /a 9
[25/08/2012 18:52:29] /a 9
[25/08/2012 18:52:29] /a 9
[25/08/2012 18:52:31] /a 9
[25/08/2012 18:52:32] /a 9
[25/08/2012 18:53:14] /ganador Inuyasha
[25/08/2012 18:53:17] /ghost
[25/08/2012 18:53:25] /goto Inuyasha
[25/08/2012 18:53:56] /ghost
[25/08/2012 18:54:06] /save
[25/08/2012 19:00:42] /ghost
[25/08/2012 19:03:52] /goto inuyasha
[25/08/2012 19:04:01] /t
[25/08/2012 19:04:13] /i 8304
[25/08/2012 19:04:23] /c inuyasha
[25/08/2012 19:07:01] /ghost
[25/08/2012 19:09:01] /player
[25/08/2012 19:09:09] /player on
[25/08/2012 19:09:18] /bc Digan !players
[25/08/2012 19:09:21] /bc Digan !player
[25/08/2012 19:09:21] /bc Digan !player
[25/08/2012 19:09:22] /bc Digan !player
[25/08/2012 19:09:23] /bc Digan !player
[25/08/2012 19:09:24] /bc Digan !player
[25/08/2012 19:09:24] /bc Digan !player
[25/08/2012 19:09:25] /bc Digan !player
[25/08/2012 19:09:27] /bc Digan !player
[25/08/2012 19:09:38] /player off
[25/08/2012 19:10:10] /c lucho
[25/08/2012 19:10:26] /r
[25/08/2012 19:10:29] /r
[25/08/2012 19:10:31] /r
[25/08/2012 19:11:00] /c lucho
[25/08/2012 19:11:02] /c lucho
[25/08/2012 19:11:46] /c Fackters
[25/08/2012 19:11:48] /c Fackters
[25/08/2012 19:11:54] /c Fackters
[25/08/2012 19:12:41] /bc green; el evento de players esta muy critiko solo quedan 4 jugadores
[25/08/2012 19:13:16] /bc green; el evento de players esta muy critiko solo quedan 4 jugadores
[25/08/2012 19:13:22] /bc green; el evento de players esta muy critiko solo quedan 3 jugadores
[25/08/2012 19:13:43] /bc green; el evento de players esta muy critiko solo quedan 3 jugadores
[25/08/2012 19:14:55] /t Steve Aoki
[25/08/2012 19:15:21] /c danoniino
[25/08/2012 19:15:27] /c danonino
[25/08/2012 19:17:18] /bc green; QUEDAN 1 EN EL EVENTO
[25/08/2012 19:17:31] /ganador Danonino
[25/08/2012 19:17:40] /ghost
[25/08/2012 19:17:50] /bc en un rato mas ago otro esperen
[25/08/2012 19:22:00] /clean 1
