[10/07/2010 19:13:19] /i strong mana potion
[10/07/2010 19:21:08] /m demon
[10/07/2010 19:23:13] /m demon
[10/07/2010 19:23:19] /attr set attack 1000000
[10/07/2010 19:27:55] /i minotaur backpack
[10/07/2010 19:27:56] /i Expedition Backpack
[10/07/2010 19:39:03] /i great mana potion
[10/07/2010 19:45:01] /i sudden death rune
[10/07/2010 19:45:03] /i sudden death rune
[10/07/2010 20:35:03] /i 13000
[10/07/2010 20:35:06] /i 13500
[10/07/2010 20:35:08] /i 12500
[10/07/2010 20:35:11] /i 12900
[10/07/2010 20:35:14] /i 12850
[10/07/2010 20:35:17] /i 12700
[10/07/2010 20:35:23] /i 12501
[10/07/2010 20:35:25] /i 12502
[10/07/2010 20:35:28] /i 12503
[10/07/2010 20:35:30] /i 12504
[10/07/2010 20:35:32] /i 12505
[10/07/2010 20:35:34] /i 12506
[10/07/2010 20:35:37] /i 12507
[10/07/2010 20:35:38] /i 12508
[10/07/2010 20:35:40] /i 12509
[10/07/2010 20:35:45] /i 12510
[10/07/2010 20:35:46] /i 12511
[10/07/2010 20:35:48] /i 12512
[10/07/2010 20:35:49] /i 12513
[10/07/2010 20:35:52] /i 12514
[10/07/2010 20:35:54] /i 12520
[10/07/2010 20:35:56] /i 12521
[10/07/2010 20:44:03] /r
[10/07/2010 20:44:04] /i backpack
[10/07/2010 20:44:10] /i sudden death runes
[10/07/2010 20:44:11] /i sudden death rune
[10/07/2010 20:44:48] /i sudden death rune
[10/07/2010 20:44:50] /i sudden death rune
[10/07/2010 20:45:18] /reload spells
[10/07/2010 20:45:35] /i sudden death rune
[10/07/2010 20:45:37] /i sudden death rune
[10/07/2010 20:45:39] /i sudden death rune
[10/07/2010 20:45:41] /r
[10/07/2010 20:45:43] /i backpack
[10/07/2010 20:45:48] /i sudden death rune
[10/07/2010 20:45:49] /i sudden death rune
[10/07/2010 21:16:33] /i blank rune
[10/07/2010 21:27:33] /i crystal coin
[10/07/2010 21:28:14] /newtype 266
[10/07/2010 21:28:16] /newtype 302
[10/07/2010 21:44:42] /i sotrong mana potion
[10/07/2010 21:44:45] /i strong mana potion
[10/07/2010 21:45:02] /i sudden death rune
[10/07/2010 21:46:06] /i sudden death rune
[10/07/2010 21:46:09] /i sudden death rune
[10/07/2010 21:47:01] /i icicle rune
[10/07/2010 21:47:04] /i icicle rune
[10/07/2010 21:47:36] /i strong mana potion
[10/07/2010 21:47:39] /i strong mana potion
[10/07/2010 21:47:43] /i strong mana potion
[10/07/2010 21:47:44] /i strong mana potion
[10/07/2010 21:52:07] /i sudden death rune
[10/07/2010 21:52:42] /r
[10/07/2010 21:52:46] /i backpack
[10/07/2010 21:52:47] /i sudden death rune
[10/07/2010 21:52:49] /i sudden death rune
[10/07/2010 21:59:19] /i 
[10/07/2010 21:59:31] /i strong mana potion
[10/07/2010 22:02:27] /reload spells
[10/07/2010 22:02:56] /reload spells
[10/07/2010 22:03:04] /r
[10/07/2010 22:03:14] /i sudden death rune
[10/07/2010 22:03:16] /i sudden death rune
[10/07/2010 22:04:03] /i sudden death rune
[10/07/2010 22:04:04] /i sudden death rune
[10/07/2010 22:05:29] /i antidote rune
[10/07/2010 22:05:30] /i antidote rune
[10/07/2010 22:06:39] /reload spells
[10/07/2010 22:07:56] /i strong mana potion
[10/07/2010 22:11:10] /i strong mana potion
[10/07/2010 22:11:12] /i strong mana potion
[10/07/2010 22:11:13] /i strong mana potion
[10/07/2010 22:41:43] /i sotrong mana potion
[10/07/2010 22:41:46] /i strong mana potion
[10/07/2010 22:42:47] /goto eryn
[10/07/2010 22:43:30] /a 2
[10/07/2010 22:53:35] /r
[10/07/2010 22:53:40] /i backpack of holding
[10/07/2010 22:53:44] /i mana potion
[10/07/2010 22:53:48] /i strong mana potion
[10/07/2010 22:53:51] /i great mana potion
[10/07/2010 22:53:54] /i health potion
[10/07/2010 22:53:57] /i strong health potion
[10/07/2010 22:54:10] /i great health potion
[10/07/2010 22:54:14] /i ultimate health potion
[10/07/2010 22:54:18] /i great spirit potion
[10/07/2010 22:55:49] /i antidote potion
[10/07/2010 22:56:02] /i Small Health Potion
[10/07/2010 22:57:16] /i Berserk Potion
[10/07/2010 22:57:35] /i Bullseye Potion
[10/07/2010 22:57:59] /i sudden death rune
[10/07/2010 22:58:02] /i sudden death rune
[10/07/2010 23:01:30] /r
[10/07/2010 23:01:32] /r
[10/07/2010 23:01:32] /r
[10/07/2010 23:01:37] /clean
[10/07/2010 23:01:39] /i backpack
[10/07/2010 23:01:40] /i backpack
[10/07/2010 23:01:40] /i backpack
[10/07/2010 23:01:40] /i backpack
[10/07/2010 23:01:44] /r
[10/07/2010 23:18:38] /i strong mana potion
[10/07/2010 23:18:47] /addskill adm,level,49
[10/07/2010 23:19:02] /i health potion
[10/07/2010 23:20:55] /i 8473
[10/07/2010 23:21:06] /addskill adm,level,80
[10/07/2010 23:22:29] /i ultimate health potion
[10/07/2010 23:27:14] /i strong mana potion
[10/07/2010 23:29:23] /i mana potion
[10/07/2010 23:31:09] /i sudden death rune
[10/07/2010 23:31:11] /i sudden death rune
[10/07/2010 23:32:37] /m demon
[10/07/2010 23:34:07] /reload actions
[10/07/2010 23:36:34] /reload spells
[11/07/2010 07:00:38] /i 7440
[11/07/2010 07:00:51] /i 7443
[11/07/2010 07:00:55] /i 8474
[11/07/2010 07:01:04] /i 8474
[11/07/2010 07:01:12] /i 6558
[11/07/2010 07:02:09] /reload actions
[11/07/2010 07:04:59] /i backpack
[11/07/2010 07:05:01] /i backpack
[11/07/2010 07:09:46] /m demon
[11/07/2010 07:10:51] /i sudden death rune
[11/07/2010 07:11:11] /i sudden death rune
[11/07/2010 07:11:16] /i sudden death rune
[11/07/2010 07:12:41] /i sudden death rune
[11/07/2010 07:13:53] /m demon
[11/07/2010 07:13:57] /i sudden death rune
[11/07/2010 07:14:43] /m demon
[11/07/2010 07:18:56] /m demon
[11/07/2010 07:19:50] /m demon
[11/07/2010 07:20:43] /m demon
[11/07/2010 07:21:42] /m demon
[11/07/2010 07:21:47] /i sudden death rune
[11/07/2010 07:25:08] /reload spells
[11/07/2010 07:26:26] /reload spells
[11/07/2010 07:43:27] /m demon
[11/07/2010 07:45:56] /reload spells
[11/07/2010 07:46:51] /m demon
[11/07/2010 07:47:07] /r
[11/07/2010 07:47:11] /i backpack of holding
[11/07/2010 07:47:19] /i 2268
[11/07/2010 07:48:58] /m demon
[11/07/2010 07:49:29] /i antidote rune
[11/07/2010 07:49:30] /i antidote rune
[11/07/2010 07:50:13] /m demon
[11/07/2010 07:50:18] /i 2268
[11/07/2010 07:51:18] /m demon
[11/07/2010 07:52:16] /a 2
[11/07/2010 07:52:31] /m demon
[11/07/2010 07:53:09] /reload spells
[11/07/2010 07:53:12] /i sudden death rune
[11/07/2010 07:53:36] /i sou orb
[11/07/2010 07:55:21] /i 2268
[11/07/2010 07:55:24] /m demon
[11/07/2010 07:56:01] /i 2268
[11/07/2010 07:56:04] /i 2268
[11/07/2010 07:56:07] /i 2268
[11/07/2010 07:56:46] /reload spells
[11/07/2010 07:57:12] /i 2268
[11/07/2010 07:57:14] /i 2268
[11/07/2010 07:57:19] /m demon
[11/07/2010 07:58:33] /i 2268
[11/07/2010 07:58:35] /i 2268
[11/07/2010 07:59:43] /reload npcs
