[06/07/2012 13:10:52] /b fercho is gay
[06/07/2012 13:11:53] /b ya no soi akateron ahora porfavor señor tutor akateron
[06/07/2012 13:13:04] /b lo que se les ofrescka estare con zanetty
[06/07/2012 13:19:53] /b compermiso los dejo para ir a comer
[06/07/2012 13:20:04] /b fer is gay!
[07/07/2012 14:04:17] /b cuantos son pa no contharlos
[07/07/2012 14:29:56] /b ven iron man al templo
[08/07/2012 17:30:09] /b fercho!
[08/07/2012 17:30:23] /b iron man is gay
[08/07/2012 17:31:31] /b ferchoooo!
[09/07/2012 11:13:29] /b baboso
[09/07/2012 11:29:33] /b fercho
[09/07/2012 11:29:42] /b hay lag deja las puñetas
[09/07/2012 11:33:33] /b fercho se la esta jalando por es o hay lag esta biendo porno
[09/07/2012 12:42:58] /b fercho
[09/07/2012 12:43:34] /b fercho!
[09/07/2012 12:44:35] /b fercho -.-
[09/07/2012 13:27:07] /b fercho tp with me
[09/07/2012 13:27:45] /b master god ven we
[10/07/2012 12:20:33] /b fercho is gay
[10/07/2012 12:20:42] /b fercho is gay
[10/07/2012 12:20:46] /b fercho is gay
[10/07/2012 12:20:56] /b fercho tas on?
[10/07/2012 12:49:11] /b fercho is gay (:
[12/07/2012 16:35:00] /b fercho is gay
[12/07/2012 16:35:29] /b fercho aun es gay!
[13/07/2012 11:00:05] /b fercho!
[13/07/2012 11:11:47] /b fercho
[13/07/2012 12:25:52] /b fercho
[13/07/2012 12:44:31] /b se we?
[13/07/2012 12:51:38] /b fercho ya lo habrimos 
[13/07/2012 12:56:01] /b fercho mlp
[13/07/2012 12:56:11] /b nordic.servegame.com
[13/07/2012 12:56:35] /b nordic.servegame.com
[13/07/2012 12:56:46] /b nordic.servegame.com nuevo ot 
[13/07/2012 12:56:54] /b nordic.servegame.com nuevo ot tmb es de fercho
[13/07/2012 12:57:08] /b nordic.servegame.com nuevo ot tmb es de fercho
[13/07/2012 21:16:05] /b fercho es gay
[13/07/2012 21:16:11] /b por eso me enserro!
[13/07/2012 21:46:44] /b gay!
[13/07/2012 21:59:16] /b gay
[13/07/2012 22:31:10] /b soi un tacko tacko tacko
[13/07/2012 22:31:12] /b soi un tacko tacko tacko
[13/07/2012 22:31:18] /b tacko tacko
[13/07/2012 22:31:19] /b tacko tacko
[13/07/2012 22:31:20] /b tacko tacko
[13/07/2012 22:31:21] /b tacko tacko
[13/07/2012 22:52:52] /b fercho es gay!
[14/07/2012 12:07:10] /b fercho es gay!
[14/07/2012 12:09:25] /b fercho is gay
[14/07/2012 12:13:13] /b alguien qe me ayude
[14/07/2012 21:54:46] /b pagame fercho
[14/07/2012 21:55:09] /b rata!
[14/07/2012 21:56:30] /b metere aboguado
[14/07/2012 22:13:48] /b lucho!
[14/07/2012 22:14:44] /b odlayner
[14/07/2012 22:14:52] /b odlanyer is gail
[14/07/2012 22:14:56] /b odlanyer is gay!
[14/07/2012 22:15:00] /b fercho mas
[14/07/2012 22:15:35] /b dijo un vato
[14/07/2012 22:19:09] /b no mames tubehero
[14/07/2012 22:21:21] /b 22:21 Hoster Fercho: te conosco 22:21 Hoster Fercho: ayer te coji
[15/07/2012 12:50:42] /b fercho aun es gay!
[15/07/2012 12:51:06] /b fercho es gay!
[15/07/2012 12:51:15] /b haha
[15/07/2012 13:29:50] /b lucho!
[15/07/2012 18:08:50] /b fercho is gay
[16/07/2012 15:35:20] /b fercho is gay!
[16/07/2012 15:53:00] /b cuando quiera jojo
[16/07/2012 16:09:27] /b xd
[17/07/2012 14:30:27] /b zaraki is gay!
[17/07/2012 14:30:35] /b pa que porqe te hablan we
[17/07/2012 14:30:52] /b pss nose we yo no te hablo te hablan
[17/07/2012 14:36:39] /b fercho is gay!
[18/07/2012 13:02:19] /b aha
[18/07/2012 16:28:26] /b ora banda
[19/07/2012 17:32:34] /b fercho es gay
[19/07/2012 17:52:04] /b una orgia todos al temple!
[19/07/2012 17:57:25] /b fercha!
[19/07/2012 17:59:31] /b haha
[19/07/2012 18:03:59] /b donde andas zaraki 
[19/07/2012 18:04:29] /b hahaha
[19/07/2012 18:04:45] /b anda biolando
[19/07/2012 18:04:49] /b no me invitan
[19/07/2012 18:06:59] /b yo me perdi
[19/07/2012 18:07:03] /b haha
[19/07/2012 18:07:17] /b ya se donde estoi
[19/07/2012 18:09:40] /b lucho ven al temple
[19/07/2012 18:15:50] /b haha 
[19/07/2012 18:15:57] /b yo te mato vava por donde
[19/07/2012 18:16:16] /b haha
[19/07/2012 18:17:14] /b 18:16 Lucho [7601]:vamos ha engañar ha zaraki yo te amo a ti no ha ella
[19/07/2012 18:18:52] /b haha
[19/07/2012 18:21:58] /b gandallas putos
[19/07/2012 22:25:15] /b zaraki estas on?
[21/07/2012 21:56:32] /b todos el god es edited
[21/07/2012 21:56:51] /b EDITED
[21/07/2012 21:56:54] /b edited
[21/07/2012 21:57:20] /b entediste?
[21/07/2012 22:51:51] /b noob
