[15/11/2012 16:05:11] /a
[15/11/2012 16:05:50] /goto Fercho
[15/11/2012 16:05:55] /goto Fercho
[15/11/2012 16:05:58] /goto Fercho
[15/11/2012 16:06:50] /goto Fercho
[15/11/2012 16:06:53] /goto Fercho
[15/11/2012 16:06:55] /goto Fercho
[15/11/2012 16:06:57] /goto Fercho
[15/11/2012 16:06:59] /goto Fercho
[15/11/2012 16:07:01] /goto Fercho
[15/11/2012 16:07:14] /a
[15/11/2012 16:07:22] /goto Fercho
[15/11/2012 16:07:23] /goto Fercho
[15/11/2012 16:07:24] /goto Fercho
[15/11/2012 16:07:25] /goto Fercho
[15/11/2012 16:07:26] /goto Fercho
[15/11/2012 16:07:27] /goto Fercho
[15/11/2012 16:07:35] /goto Fercho
[15/11/2012 16:07:38] /goto Fercho
[15/11/2012 16:07:39] /goto Fercho
[15/11/2012 16:07:45] /goto Fercho
[15/11/2012 16:07:48] /goto Fercho
[15/11/2012 16:40:43] /up
[15/11/2012 16:49:30] /t
[15/11/2012 16:52:50] /attr health -999999999
[15/11/2012 16:52:51] /attr health -999999999
[15/11/2012 16:52:51] /attr health -999999999
[15/11/2012 16:52:51] /attr health -999999999
[15/11/2012 16:52:52] /attr health -999999999
[15/11/2012 16:53:00] /attr health -999999999
[15/11/2012 16:53:02] /attr health -999999999
[15/11/2012 16:53:02] /attr health -999999999
[15/11/2012 16:53:03] /attr health -999999999
[15/11/2012 16:53:03] /attr health -999999999
[15/11/2012 16:53:04] /attr health -999999999
[15/11/2012 16:53:04] /attr health -999999999
[15/11/2012 16:53:04] /attr health -999999999
[15/11/2012 16:53:06] /attr health -999999999
[15/11/2012 16:53:06] /attr health -999999999
[15/11/2012 16:53:06] /attr health -999999999
[15/11/2012 16:53:07] /attr health -999999999
[15/11/2012 16:53:07] /attr health -999999999
[15/11/2012 16:53:08] /attr health -999999999
[15/11/2012 16:53:08] /attr health -999999999
[15/11/2012 16:53:09] /attr health -999999999
[15/11/2012 16:53:09] /attr health -999999999
[15/11/2012 16:53:09] /attr health -999999999
[15/11/2012 16:53:10] /attr health -999999999
[15/11/2012 16:53:10] /attr health -999999999
[15/11/2012 16:53:11] /attr health -999999999
[15/11/2012 16:53:11] /attr health -999999999
[15/11/2012 16:53:12] /attr health -999999999
[15/11/2012 16:53:12] /attr health -999999999
[15/11/2012 16:53:12] /attr health -999999999
[15/11/2012 16:53:24] /attr health -999999999
[15/11/2012 16:53:24] /attr health -999999999
[15/11/2012 16:53:27] /attr health -999999999
[15/11/2012 16:53:28] /attr health -999999999
[15/11/2012 16:53:28] /attr health -999999999
[15/11/2012 16:53:29] /attr health -999999999
[15/11/2012 16:53:30] /attr health -999999999
[15/11/2012 16:53:31] /attr health -999999999
[15/11/2012 16:53:31] /attr health -999999999
[15/11/2012 16:53:32] /attr health -999999999
[15/11/2012 16:53:33] /attr health -999999999
[15/11/2012 16:53:33] /attr health -999999999
[15/11/2012 16:53:33] /attr health -999999999
[15/11/2012 16:53:34] /attr health -999999999
[15/11/2012 16:53:34] /attr health -999999999
[15/11/2012 16:53:35] /attr health -999999999
[15/11/2012 16:53:35] /attr health -999999999
[15/11/2012 16:53:36] /attr health -999999999
[15/11/2012 16:53:36] /attr health -999999999
[15/11/2012 16:53:38] /attr health -999999999/attr health -999999999/attr health -999999999
[15/11/2012 16:53:38] /attr health -999999999
[15/11/2012 16:53:41] /attr health -999999999
[15/11/2012 16:53:41] /attr health -999999999
[15/11/2012 16:53:42] /attr health -999999999
[15/11/2012 16:53:42] /attr health -999999999
[15/11/2012 16:53:43] /attr health -999999999
[15/11/2012 16:53:43] /attr health -999999999
[15/11/2012 16:53:44] /attr health -999999999
[15/11/2012 16:53:44] /attr health -999999999
[15/11/2012 16:53:45] /attr health -999999999
[15/11/2012 16:53:45] /attr health -999999999
[15/11/2012 16:53:46] /attr health -999999999
[15/11/2012 16:53:46] /attr health -999999999
[15/11/2012 16:53:46] /attr health -999999999
[15/11/2012 16:53:47] /attr health -999999999
[15/11/2012 16:53:47] /attr health -999999999
[15/11/2012 16:53:48] /attr health -999999999
[15/11/2012 16:53:49] /attr health -999999999
[15/11/2012 16:53:49] /attr health -999999999
[15/11/2012 16:53:50] /attr health -999999999
[15/11/2012 16:53:51] /attr health -999999999
[15/11/2012 16:53:51] /attr health -999999999
[15/11/2012 16:53:52] /attr health -999999999
[15/11/2012 16:54:06] /attr health -999999999
[15/11/2012 16:54:06] /attr health -999999999
[15/11/2012 16:54:07] /attr health -999999999
[15/11/2012 16:54:07] /attr health -999999999
[15/11/2012 16:54:08] /attr health -999999999
[15/11/2012 16:54:09] /attr health -999999999
[15/11/2012 16:54:10] /attr health -999999999
[15/11/2012 16:54:11] /attr health -999999999
[15/11/2012 16:54:11] /attr health -999999999
[15/11/2012 16:54:12] /attr health -999999999
[15/11/2012 16:54:12] /attr health -999999999
[15/11/2012 16:54:13] /attr health -999999999
[15/11/2012 16:54:26] /attr health -999999999
[15/11/2012 16:54:27] /attr health -999999999
[15/11/2012 16:54:28] /attr health -999999999
[15/11/2012 16:54:28] /attr health -999999999
