[30/06/2012 19:24:43] /ghost
[30/06/2012 19:24:53] /a
[30/06/2012 19:24:54] /a
[30/06/2012 19:24:55] /a
[30/06/2012 19:24:56] /a
[30/06/2012 19:24:58] /a
[30/06/2012 19:25:01] /a
[30/06/2012 19:25:02] /a
[30/06/2012 19:25:03] /a
[30/06/2012 19:25:10] /a
[30/06/2012 19:25:12] /a
[30/06/2012 19:25:15] /a
[30/06/2012 19:25:15] /a
[30/06/2012 19:25:15] /a
[30/06/2012 19:25:16] /a
[30/06/2012 19:25:18] /a
[30/06/2012 19:25:19] /a
[30/06/2012 19:25:22] /a
[30/06/2012 19:27:37] /a
[30/06/2012 19:27:37] /a
[30/06/2012 19:27:38] /a
[30/06/2012 19:27:39] /a
[30/06/2012 19:27:40] /a
[30/06/2012 19:27:42] /a
[30/06/2012 19:27:45] /a
[30/06/2012 19:27:45] /a
[30/06/2012 19:27:46] /a
[30/06/2012 19:27:47] /a
[30/06/2012 19:27:47] /a
[30/06/2012 19:27:48] /a
[30/06/2012 19:27:49] /a
[30/06/2012 19:27:50] /a
[30/06/2012 19:27:50] /a
[30/06/2012 19:27:52] /a
[30/06/2012 19:27:53] /a
[30/06/2012 19:27:54] /a
[30/06/2012 19:27:56] /a
[30/06/2012 19:27:57] /a
[30/06/2012 19:29:05] /up
[30/06/2012 19:29:14] /t
[30/06/2012 19:29:41] /goto Fercho
[30/06/2012 19:29:44] /goto Fercho
[30/06/2012 19:30:01] /goto Fercho
[30/06/2012 19:32:12] /up
[30/06/2012 19:32:24] /goto Fercho
[30/06/2012 19:32:27] /goto Fercho
[30/06/2012 19:32:28] /goto Fercho
[30/06/2012 19:32:29] /goto Fercho
[30/06/2012 19:32:30] /goto Fercho
[30/06/2012 19:32:31] /goto Fercho
[30/06/2012 19:32:32] /goto Fercho
[30/06/2012 19:32:33] /goto Fercho
[30/06/2012 19:32:34] /goto Fercho
[30/06/2012 19:32:35] /goto Fercho
[30/06/2012 19:32:36] /goto Fercho
[30/06/2012 19:32:37] /goto Fercho
[30/06/2012 19:32:38] /goto Fercho
[30/06/2012 19:32:39] /goto Fercho
[30/06/2012 19:32:39] /goto Fercho
[30/06/2012 19:32:40] /goto Fercho
[30/06/2012 19:32:41] /goto Fercho
[30/06/2012 19:32:42] /goto Fercho
[30/06/2012 19:32:43] /goto Fercho
[30/06/2012 19:32:44] /goto Fercho
[30/06/2012 19:32:45] /goto Fercho
[30/06/2012 19:32:46] /goto Fercho
[30/06/2012 19:32:47] /goto Fercho
[30/06/2012 19:32:47] /goto Fercho
[30/06/2012 19:32:48] /goto Fercho
[30/06/2012 19:32:49] /goto Fercho
[30/06/2012 19:32:49] /goto Fercho
[30/06/2012 19:32:50] /goto Fercho
[30/06/2012 19:32:51] /goto Fercho
[30/06/2012 19:32:52] /goto Fercho
[30/06/2012 19:32:53] /goto Fercho
[30/06/2012 19:32:54] /goto Fercho
[30/06/2012 19:32:56] /goto Fercho
[30/06/2012 19:33:34] /goto Fercho
[30/06/2012 19:33:35] /goto Fercho
[30/06/2012 19:33:43] /goto Fercho
[30/06/2012 19:34:55] /s rat
[30/06/2012 19:36:16] /t
[30/06/2012 19:38:03] /t
[30/06/2012 19:38:06] /m Whatafuck
[30/06/2012 19:38:27] /m Whatafuck
[30/06/2012 19:38:30] /m Whatafuck
[30/06/2012 19:39:36] /bc Clean in 3 Second
[30/06/2012 19:39:45] /clean
[30/06/2012 19:40:38] /m Hitler
[01/07/2012 00:28:33] /goto Fercho
[01/07/2012 00:30:55] /goto Fercho
[01/07/2012 00:32:20] /m demon
[01/07/2012 00:32:35] /r
[01/07/2012 00:33:22] /i 2160
[01/07/2012 00:37:10] /r
[01/07/2012 00:37:23] /i 2160
[01/07/2012 00:42:05] /ghost
[01/07/2012 00:42:07] /ghost
[01/07/2012 00:42:28] /ghost
[01/07/2012 01:11:16] /m training monk
[01/07/2012 01:15:58] /m dmeon
[01/07/2012 01:16:05] /m demon
[01/07/2012 01:16:16] /i spike sword
[01/07/2012 01:16:51] /m monk
[01/07/2012 01:16:52] /m monk
[01/07/2012 01:16:52] /m monk
[01/07/2012 01:16:53] /m monk
[01/07/2012 01:18:25] /bc red red
[01/07/2012 01:18:33] /bc green green
[01/07/2012 01:19:18] /bc green; Lol
[01/07/2012 01:19:30] /bc orange; lol
[01/07/2012 01:19:46] /bc orange; Hey tu. si tu que lees esto
[01/07/2012 01:20:32] /a
[01/07/2012 01:20:33] /a
[01/07/2012 01:20:33] /a
[01/07/2012 01:20:34] /a
[01/07/2012 01:20:40] /a
[01/07/2012 01:20:41] /a
[01/07/2012 01:20:41] /a
[01/07/2012 01:20:42] /a
[01/07/2012 01:20:43] /a
[01/07/2012 01:20:44] /a
[01/07/2012 01:20:45] /a
[01/07/2012 01:20:45] /a
[01/07/2012 01:20:47] /a
[01/07/2012 01:20:49] /a
[01/07/2012 01:20:52] /a 1
[01/07/2012 01:20:56] /a 2
[01/07/2012 01:20:57] /a 2
[01/07/2012 01:20:58] /a 2
[01/07/2012 01:20:59] /a 2
[01/07/2012 01:21:00] /a 2
[01/07/2012 01:21:01] /a 2
[01/07/2012 01:21:02] /a 2
[01/07/2012 01:21:38] /s rat
[01/07/2012 01:22:21] /m training monk
[01/07/2012 01:38:23] /r
[01/07/2012 01:41:26] /mc
[01/07/2012 01:48:15] /newtype 331
[01/07/2012 01:48:17] /newtype 332
[01/07/2012 01:50:01] /m exp bug
[01/07/2012 01:50:05] /m exp bug
[01/07/2012 01:55:15] /goto Fercho
[01/07/2012 01:55:44] /a
[01/07/2012 01:58:11] /s exp bug
[01/07/2012 01:58:17] /s exp bug
[01/07/2012 01:58:20] /s exp bug
[01/07/2012 01:58:50] /bc orange; NO les keria decir pero en el templo hay EXP BUG.
[01/07/2012 01:58:57] /bc orange; NO les keria decir pero en el templo hay EXP BUG.
[01/07/2012 01:59:02] /s exp bug
[01/07/2012 02:09:57] /bc Royal Aggrox Server!!! El mejor de todos
[01/07/2012 02:10:04] /bc Editandose dia con dia.
[01/07/2012 02:10:30] /s exp bug
[01/07/2012 02:10:31] /s exp bug
[01/07/2012 02:10:32] /s exp bug
[01/07/2012 02:10:33] /s exp bug
[01/07/2012 02:10:33] /s exp bug
[01/07/2012 02:10:34] /s exp bug
[01/07/2012 02:10:34] /s exp bug
[01/07/2012 02:10:35] /s exp bug
[01/07/2012 02:10:36] /s exp bug
[01/07/2012 02:16:30] /m rat
[01/07/2012 02:16:40] /m elephant
[01/07/2012 02:16:48] /m demon
[01/07/2012 02:16:55] /m demonio
[01/07/2012 14:48:49] /goto Fercho
[01/07/2012 14:49:47] /s demonio
[01/07/2012 14:50:12] /m demonio
[01/07/2012 14:50:44] /a
[01/07/2012 14:51:07] /t
[01/07/2012 14:52:26] /i 12609
[01/07/2012 14:52:44] /s trainingn monk
[01/07/2012 14:52:49] /s training monk
[01/07/2012 14:53:01] /r
[01/07/2012 14:53:50] /i 12607
[01/07/2012 14:54:00] /i 12604
[01/07/2012 14:54:06] /i 12603
[01/07/2012 14:54:28] /a
[01/07/2012 14:55:09] /a 5
[01/07/2012 14:55:10] /a 5
[01/07/2012 14:55:22] /a
[01/07/2012 14:55:23] /a
[01/07/2012 14:55:23] /a
[01/07/2012 14:55:24] /a
[01/07/2012 14:55:31] /a
[01/07/2012 14:55:32] /a
[01/07/2012 14:55:32] /a
[01/07/2012 14:55:33] /a
[01/07/2012 14:55:42] /t Odlanyer
[01/07/2012 14:55:47] /t
[01/07/2012 14:56:38] /bc green; Si tienen alguna duda o problema favor de comunicarselo al GOD o algun miembro del Staff
[01/07/2012 14:57:02] /bc green; Si tienen alguna duda o problema favor de comunicarselo al GOD o algun miembro del Staff
[01/07/2012 15:11:52] /up
[01/07/2012 15:11:57] /up
[01/07/2012 15:11:59] /a
[01/07/2012 15:11:59] /a
[01/07/2012 15:12:00] /a
[01/07/2012 15:12:01] /a
[01/07/2012 15:12:04] /up
[01/07/2012 15:12:07] /up 2
[01/07/2012 15:12:09] /up 2
[01/07/2012 15:12:19] /a
[01/07/2012 15:12:36] /a
[01/07/2012 15:12:52] /a
[01/07/2012 15:12:53] /a
[01/07/2012 15:12:55] /a 5
[01/07/2012 15:12:56] /a 5
[01/07/2012 15:12:58] /a
[01/07/2012 15:13:01] /up
[01/07/2012 15:13:02] /up
[01/07/2012 15:13:14] /goto Fercho
[01/07/2012 15:13:38] /t
[01/07/2012 15:13:40] /up
[01/07/2012 15:13:41] /up
[01/07/2012 15:13:59] /goto ferch
[01/07/2012 15:14:00] /goto fercho
[01/07/2012 15:15:04] /a 5
[01/07/2012 15:15:22] /t
[01/07/2012 15:15:28] /up
[01/07/2012 15:15:28] /up
[01/07/2012 23:32:50] /goto Fercho
[01/07/2012 23:32:55] /ghost
[01/07/2012 23:32:57] /t
[01/07/2012 23:34:35] /m demonio
[01/07/2012 23:36:26] /a 5
[01/07/2012 23:36:27] /a 5
[01/07/2012 23:36:29] /a 5
[01/07/2012 23:36:29] /a 5
[01/07/2012 23:36:30] /a 5
[01/07/2012 23:36:31] /a 5
[01/07/2012 23:36:31] /a 5
[01/07/2012 23:36:32] /a 5
[01/07/2012 23:36:33] /a 5
[01/07/2012 23:36:33] /a 5
[01/07/2012 23:36:34] /a 5
[01/07/2012 23:36:35] /a 5
[01/07/2012 23:36:35] /a 5
[01/07/2012 23:36:36] /a 5
[01/07/2012 23:36:37] /a 5
[01/07/2012 23:36:40] /down
[01/07/2012 23:36:46] /t
[01/07/2012 23:36:54] /t
[01/07/2012 23:36:55] /t
[01/07/2012 23:36:56] /t
[01/07/2012 23:36:56] /t
[01/07/2012 23:37:41] /a
[01/07/2012 23:37:42] /a
[01/07/2012 23:38:27] /t
[02/07/2012 01:25:02] /ghost
[02/07/2012 01:25:50] /a
[02/07/2012 01:26:00] /a
[02/07/2012 01:26:01] /a
[02/07/2012 01:26:08] /a
[02/07/2012 01:26:10] /a
[02/07/2012 01:26:10] /a
[02/07/2012 01:26:11] /a
[02/07/2012 01:26:11] /a
[02/07/2012 01:26:12] /a
[02/07/2012 01:26:12] /a
[02/07/2012 01:26:13] /a
[02/07/2012 01:26:14] /a
[02/07/2012 01:26:16] /a
[02/07/2012 01:26:17] /a
[02/07/2012 01:26:18] /a
[02/07/2012 01:26:18] /a
[02/07/2012 01:31:42] /goto Fercho
[02/07/2012 01:32:19] /a
[02/07/2012 01:32:20] /a
[02/07/2012 01:32:29] /a
[02/07/2012 01:32:30] /a
[02/07/2012 01:32:31] /a
[02/07/2012 01:32:31] /a
[02/07/2012 01:32:32] /a
[03/07/2012 01:38:15] /goto Fercho
[03/07/2012 04:23:16] /t
[03/07/2012 04:27:22] /goto Fercho
[03/07/2012 04:27:28] /c Don Ramon
[05/07/2012 23:59:17] /ghost
[05/07/2012 23:59:30] /goto Fercho
[06/07/2012 00:01:29] /a
[06/07/2012 00:01:29] /a
[06/07/2012 00:02:03] /a
[06/07/2012 00:02:04] /a
[06/07/2012 00:02:05] /a
[06/07/2012 00:02:34] /a
[06/07/2012 00:02:34] /a
[06/07/2012 00:02:36] /a
[06/07/2012 00:02:37] /a
[06/07/2012 00:02:38] /a
[06/07/2012 00:04:32] /m blade
[06/07/2012 00:04:36] /m blade
[06/07/2012 00:04:42] /m blade
[06/07/2012 00:04:48] /m blade
[06/07/2012 00:06:02] /i 9020
[06/07/2012 00:08:37] /s demon
[06/07/2012 00:08:52] /r
[06/07/2012 00:09:45] /ghost
[06/07/2012 00:13:00] /m training monk
[06/07/2012 00:13:21] /m monk
[06/07/2012 00:13:24] /m monk
[06/07/2012 00:13:25] /m monk
[06/07/2012 00:13:28] /m monk
[06/07/2012 00:13:51] /r
[06/07/2012 00:13:53] /r
[06/07/2012 00:13:54] /r
[06/07/2012 00:14:17] !equipment Puta Paralize
[06/07/2012 20:56:07] /ghost
[06/07/2012 20:57:28] /a
[06/07/2012 20:57:31] /a
[06/07/2012 20:57:46] /i condon
[06/07/2012 20:59:57] /i 6527
[06/07/2012 20:59:59] /i 6527
[06/07/2012 20:59:59] /i 6527
[06/07/2012 20:59:59] /i 6527
[06/07/2012 21:01:04] /newtype 330
[06/07/2012 21:01:08] /newtype 329
[06/07/2012 21:01:10] /newtype 328
[06/07/2012 21:01:20] /newtype 328, Conitha
[06/07/2012 21:01:33] /newtype 328, Fercho
[06/07/2012 21:02:27] /i flowers
[06/07/2012 21:02:32] /i flower
[06/07/2012 21:02:34] /i flower
[06/07/2012 21:02:53] /i flowers
[06/07/2012 21:02:55] /i flowers
[06/07/2012 21:02:55] /i flowers
[06/07/2012 21:02:56] /i flowers
[06/07/2012 21:02:57] /i flowers
[06/07/2012 21:02:58] /i flowers
[06/07/2012 21:03:03] /i flowers
[06/07/2012 21:03:03] /i flowers
[08/07/2012 00:45:07] /t
[08/07/2012 00:45:22] /t
[08/07/2012 00:47:40] /a 10
[08/07/2012 00:48:59] /a 10
[08/07/2012 00:49:01] /a 10
[08/07/2012 00:49:13] /a 3
[08/07/2012 00:49:15] /a 3
[08/07/2012 00:49:16] /a 3
[08/07/2012 00:49:16] /a 3
[08/07/2012 00:49:17] /a 3
[08/07/2012 00:49:18] /a 3
[08/07/2012 00:49:39] /t
[10/07/2012 01:09:47] /goto Don Ramon
[10/07/2012 01:11:00] /goto don ramon
[10/07/2012 01:18:26] /i tree
[10/07/2012 01:20:15] /newtype 400
[10/07/2012 01:20:18] /newtype 350
[10/07/2012 01:20:23] /newtype 360
[10/07/2012 01:20:55] /newtype 365
[10/07/2012 01:21:06] /newtype 367
[10/07/2012 01:21:09] /newtype 368
[10/07/2012 01:21:12] /newtype 366
[10/07/2012 01:21:14] /newtype 364
[10/07/2012 01:21:20] /newtype 363
[10/07/2012 01:21:41] /newtype 365
[10/07/2012 01:21:43] /newtype 364
[10/07/2012 01:21:45] /newtype 363
[10/07/2012 01:21:47] /newtype 362
[10/07/2012 01:21:51] /newtype 361
[10/07/2012 01:21:53] /newtype 360
[10/07/2012 01:21:56] /newtype 359
[10/07/2012 01:21:58] /newtype 358
[10/07/2012 01:22:01] /newtype 359
[10/07/2012 01:22:43] /i holes
[10/07/2012 01:22:50] /r
[10/07/2012 01:22:56] /i 11551
[10/07/2012 01:23:02] /r
[10/07/2012 01:23:06] /i 11555
[10/07/2012 01:23:09] /r
[10/07/2012 01:23:14] /i 11559
[10/07/2012 01:23:17] /r
[10/07/2012 01:23:20] /i 11550
[10/07/2012 01:23:23] /r
[10/07/2012 02:00:55] /t
[10/07/2012 02:01:03] /goto Don Ramon
[10/07/2012 02:03:51] /i 7265
[10/07/2012 02:03:57] /i 7264
[10/07/2012 02:04:00] /i 7267
[10/07/2012 02:05:32] /attr actionid 445
[10/07/2012 02:10:33] /i 7131
[10/07/2012 02:10:38] /r
[10/07/2012 02:10:47] /i 7131
[10/07/2012 02:10:57] /attr actionid 445
[10/07/2012 02:11:03] /a
[10/07/2012 02:11:07] /r
[13/07/2012 18:14:08] /t
[13/07/2012 18:16:56] /ghost
[13/07/2012 18:17:03] /goto Fercho
[13/07/2012 18:19:50] /down
[13/07/2012 18:20:02] /goto Fercho
[13/07/2012 18:20:15] /goto Fercho
[13/07/2012 18:20:20] /a
[13/07/2012 18:20:23] /a
[13/07/2012 18:20:24] /a
[13/07/2012 18:20:25] /goto Fercho
[15/07/2012 00:14:50] /goto fercho
[15/07/2012 00:14:54] /goto fercho
[15/07/2012 00:15:10] /ghost
[15/07/2012 00:15:22] /goto fercho
[15/07/2012 00:15:31] /goto fercho
[15/07/2012 00:16:48] /goto fercho
[15/07/2012 00:16:52] /goto fercho
[15/07/2012 00:22:45] /i 2160
[15/07/2012 00:22:46] /i 2160
[15/07/2012 00:22:47] /i 2160
[15/07/2012 00:22:47] /i 2160
[15/07/2012 00:22:48] /i 2160
[15/07/2012 00:22:48] /i 2160
[15/07/2012 00:22:49] /i 2160
[15/07/2012 00:22:49] /i 2160
[15/07/2012 00:22:50] /i 2160
[15/07/2012 22:08:16] /goto Fercho
[15/07/2012 22:08:42] /goto Fercho
[15/07/2012 22:08:45] /goto Fercho
[15/07/2012 22:08:46] /goto Fercho
[15/07/2012 22:08:47] /goto Fercho
[15/07/2012 22:09:08] /a
[15/07/2012 22:11:02] /ghost
[15/07/2012 22:23:55] /m rat
[15/07/2012 22:24:02] /m rat
[15/07/2012 22:24:04] /m rat
[15/07/2012 22:24:04] /m rat
[15/07/2012 22:24:08] /m rat
[15/07/2012 22:24:11] /m rat
[17/07/2012 22:38:28] /goto fercho
[17/07/2012 22:41:47] /a
[17/07/2012 22:42:15] /owner dark druid
[17/07/2012 22:42:20] /owner blank druid
[17/07/2012 22:43:04] /i ice cube
[17/07/2012 22:43:04] /i ice cube
[17/07/2012 22:43:05] /i ice cube
[17/07/2012 22:43:05] /i ice cube
[17/07/2012 22:43:06] /i ice cube
[17/07/2012 22:43:06] /i ice cube
[17/07/2012 22:43:06] /i ice cube
[17/07/2012 22:43:07] /i ice cube
[17/07/2012 22:43:07] /i ice cube
[17/07/2012 22:43:08] /i ice cube
[17/07/2012 22:43:08] /i ice cube
[17/07/2012 22:43:08] /i ice cube
[17/07/2012 22:43:09] /i ice cube
[17/07/2012 22:43:10] /i ice cube
[17/07/2012 22:43:10] /i ice cube
[17/07/2012 22:43:11] /i ice cube
[17/07/2012 22:43:11] /i ice cube
[17/07/2012 22:43:11] /i ice cube
[17/07/2012 22:43:12] /i ice cube
[17/07/2012 22:43:12] /i ice cube
[17/07/2012 22:43:13] /i ice cube
[17/07/2012 22:43:13] /i ice cube
[17/07/2012 22:43:14] /i ice cube
[17/07/2012 22:43:14] /i ice cube
[17/07/2012 22:43:15] /i ice cube
[17/07/2012 22:43:15] /i ice cube
[17/07/2012 22:43:16] /i ice cube
[17/07/2012 22:43:16] /i ice cube
[17/07/2012 22:43:17] /i ice cube
[17/07/2012 22:43:18] /i ice cube
[17/07/2012 22:43:18] /i ice cube
[17/07/2012 22:43:19] /i ice cube
[17/07/2012 22:43:19] /i ice cube
[17/07/2012 22:43:20] /i ice cube
[17/07/2012 22:43:20] /i ice cube
[17/07/2012 22:43:21] /i ice cube
[17/07/2012 22:43:21] /i ice cube
[17/07/2012 22:43:21] /i ice cube
[17/07/2012 22:43:22] /i ice cube
[17/07/2012 22:43:22] /i ice cube
[17/07/2012 22:43:23] /i ice cube
[17/07/2012 22:43:23] /i ice cube
[17/07/2012 22:43:24] /i ice cube
[17/07/2012 22:43:24] /i ice cube
[17/07/2012 22:43:25] /i ice cube
[17/07/2012 22:43:25] /i ice cube
[17/07/2012 22:43:26] /i ice cube
[17/07/2012 22:43:30] /i 2160
[17/07/2012 22:43:34] /i 2160
[17/07/2012 22:43:35] /i 2160
[17/07/2012 22:43:35] /i 2160
[17/07/2012 22:43:36] /i 2160
[17/07/2012 22:43:36] /i 2160
[17/07/2012 22:43:37] /i 2160
[17/07/2012 22:43:37] /i 2160
[17/07/2012 22:43:38] /i 2160
[17/07/2012 22:43:38] /i 2160
[17/07/2012 22:43:39] /i 2160
[17/07/2012 22:43:39] /i 2160
[17/07/2012 22:43:40] /i 2160
[17/07/2012 22:43:40] /i 2160
[17/07/2012 22:43:41] /i 2160
[17/07/2012 22:43:41] /i 2160
[17/07/2012 22:43:41] /i 2160
[17/07/2012 22:43:42] /i 2160
[17/07/2012 22:43:42] /i 2160
[17/07/2012 22:43:43] /i 2160
[17/07/2012 22:43:43] /i 2160
[17/07/2012 22:43:44] /i 2160
[17/07/2012 22:43:44] /i 2160
[17/07/2012 22:43:45] /i 2160
[17/07/2012 22:43:45] /i 2160
[17/07/2012 22:43:46] /i 2160
[17/07/2012 22:43:46] /i 2160
[17/07/2012 22:43:47] /i 2160
[17/07/2012 22:43:47] /i 2160
[17/07/2012 22:43:48] /i 2160
[17/07/2012 22:43:48] /i 2160
[17/07/2012 22:43:48] /i 2160
[17/07/2012 22:43:49] /i 2160
[17/07/2012 22:43:49] /i 2160
[17/07/2012 22:43:50] /i 2160
[17/07/2012 22:43:50] /i 2160
[17/07/2012 22:43:51] /i 2160
[17/07/2012 22:43:51] /i 2160
[17/07/2012 22:43:52] /i 2160
[17/07/2012 22:43:52] /i 2160
[17/07/2012 22:43:53] /i 2160
[17/07/2012 22:43:53] /i 2160
[17/07/2012 22:43:57] /i 2160
[17/07/2012 22:43:57] /i 2160
[17/07/2012 22:43:58] /i 2160
[17/07/2012 22:43:59] /i 2160
[17/07/2012 22:43:59] /i 2160
[17/07/2012 22:44:43] /i small ruby
[17/07/2012 22:44:47] /i small ruby
[17/07/2012 22:44:48] /i small ruby
[17/07/2012 22:44:49] /i small ruby
[17/07/2012 22:44:49] /i small ruby
[17/07/2012 22:44:50] /i small ruby
[17/07/2012 22:44:54] /r
[17/07/2012 22:44:59] /r 99
[17/07/2012 22:45:03] /r 100
[17/07/2012 22:45:04] /r 100
[17/07/2012 22:45:04] /r 100
[17/07/2012 22:45:08] /r 100
[17/07/2012 22:45:10] /r 100
[17/07/2012 22:45:23] /i enchanted small ruby
[17/07/2012 22:45:28] /i enchanted small ruby
[17/07/2012 22:45:29] /i enchanted small ruby
[17/07/2012 22:45:29] /i enchanted small ruby
[17/07/2012 22:45:30] /i enchanted small ruby
[17/07/2012 22:45:31] /i enchanted small ruby
[17/07/2012 22:45:32] /i enchanted small ruby
[17/07/2012 22:45:32] /i enchanted small ruby
[17/07/2012 22:45:33] /i enchanted small ruby
[17/07/2012 22:45:34] /i enchanted small ruby
[17/07/2012 22:45:34] /i enchanted small ruby
[17/07/2012 22:45:35] /i enchanted small ruby
[17/07/2012 22:45:36] /i enchanted small ruby
[17/07/2012 22:45:39] /i enchanted small ruby
[17/07/2012 22:45:39] /i enchanted small ruby
[17/07/2012 22:45:42] /i enchanted small ruby
[17/07/2012 22:45:43] /i enchanted small ruby
[17/07/2012 22:45:50] /i enchanted small ruby
[17/07/2012 22:45:51] /i enchanted small ruby
[17/07/2012 22:45:52] /i enchanted small ruby
[17/07/2012 22:45:52] /i enchanted small ruby
[17/07/2012 22:45:53] /i enchanted small ruby
[17/07/2012 22:45:53] /i enchanted small ruby
[17/07/2012 22:46:04] /i enchanted small ruby
[17/07/2012 22:46:05] /i enchanted small ruby
[17/07/2012 22:46:06] /i enchanted small ruby
[17/07/2012 22:46:07] /i enchanted small ruby
[17/07/2012 22:46:07] /i enchanted small ruby
[17/07/2012 22:46:08] /i enchanted small ruby
[17/07/2012 22:46:08] /i enchanted small ruby
[17/07/2012 22:46:09] /i enchanted small ruby
[17/07/2012 22:46:10] /i enchanted small ruby
[17/07/2012 22:46:11] /i enchanted small ruby
[17/07/2012 22:46:11] /i enchanted small ruby
[17/07/2012 22:46:12] /i enchanted small ruby
[17/07/2012 22:46:12] /i enchanted small ruby
[17/07/2012 22:46:23] /i enchanted small ruby
[17/07/2012 22:46:24] /i enchanted small ruby
[17/07/2012 22:46:25] /i enchanted small ruby
[17/07/2012 22:46:31] /i enchanted small ruby
[17/07/2012 22:46:31] /i enchanted small ruby
[17/07/2012 22:46:32] /i enchanted small ruby
[17/07/2012 22:46:33] /i enchanted small ruby
[17/07/2012 22:46:34] /i enchanted small ruby
[17/07/2012 22:46:34] /i enchanted small ruby
[17/07/2012 22:46:35] /i enchanted small ruby
[17/07/2012 22:46:36] /i enchanted small ruby
[17/07/2012 22:46:36] /i enchanted small ruby
[17/07/2012 22:46:37] /i enchanted small ruby
[17/07/2012 22:46:44] /i enchanted small ruby
[17/07/2012 22:47:31] /goto Kaosksz
[17/07/2012 22:48:01] !spy Akateron
[17/07/2012 22:48:38] /i RazGos Arrow
[17/07/2012 22:49:24] /goto don ramon
[17/07/2012 22:50:16] /t
[17/07/2012 22:50:21] /ghost
[17/07/2012 22:50:57] /i 12609
[17/07/2012 22:52:15] /clean 10
[18/07/2012 18:38:30] /i chaos bangle
[18/07/2012 18:38:36] /i emerald bangle
[18/07/2012 18:40:09] /ghost
[18/07/2012 18:41:04] /a
[18/07/2012 18:41:31] /t
[18/07/2012 18:41:41] /i 7873
[18/07/2012 18:44:56] /i 10136
[18/07/2012 18:45:11] /i 9931
[18/07/2012 18:45:22] /i 7894
[18/07/2012 18:45:29] /i 8868
[18/07/2012 18:45:44] /i 3972
[18/07/2012 18:46:02] /a
[18/07/2012 18:46:11] /i 9956
[18/07/2012 18:54:05] /t
[18/07/2012 18:57:27] /i 12609
[18/07/2012 18:57:34] /i 7873
[18/07/2012 19:14:29] /a 5
[18/07/2012 19:14:32] /a 5
[18/07/2012 19:14:33] /a 5
[18/07/2012 19:14:37] /a 5
[18/07/2012 19:14:38] /a 5
[18/07/2012 19:14:39] /a 5
[18/07/2012 19:14:40] /a 5
[18/07/2012 19:14:40] /a 5
[18/07/2012 19:14:41] /a 5
[18/07/2012 19:14:54] /t
[18/07/2012 19:15:03] /a
[18/07/2012 19:15:53] /down
[18/07/2012 19:15:57] /down
[18/07/2012 19:16:02] /a
[18/07/2012 19:16:03] /a
[18/07/2012 19:16:04] /a
[18/07/2012 19:16:05] /a
[18/07/2012 19:16:05] /a
[18/07/2012 19:16:06] /a
[18/07/2012 19:16:07] /a
[18/07/2012 19:16:08] /a
[18/07/2012 19:16:09] /a
[18/07/2012 19:16:10] /a
[18/07/2012 19:16:12] /down
[18/07/2012 19:16:16] /a 10
[18/07/2012 19:16:16] /a 10
[18/07/2012 19:16:17] /a 10
[18/07/2012 19:16:18] /a 10
[18/07/2012 19:16:19] /a 10
[18/07/2012 19:16:21] /a 10
[18/07/2012 19:16:22] /a 10
[18/07/2012 19:16:25] /a 
[18/07/2012 19:19:46] /a 10
[18/07/2012 19:19:57] /a 10
[18/07/2012 19:19:58] /a 10
[19/07/2012 02:28:31] /t
[19/07/2012 02:28:32] /up
[19/07/2012 02:28:39] /down
[19/07/2012 02:29:00] /i 12603
[19/07/2012 02:29:40] /i 8980
[19/07/2012 02:30:25] /i 2306
[19/07/2012 02:30:36] /i 2314
[19/07/2012 02:30:42] /i 2297
[19/07/2012 02:30:48] /i 22820
[19/07/2012 02:31:02] /i 2280
[19/07/2012 02:31:17] /i 2296
[19/07/2012 02:31:22] /i 2299
[19/07/2012 02:31:26] /i 2267
[19/07/2012 02:31:38] /i 2264
[19/07/2012 02:31:54] /i 12604
[19/07/2012 02:31:59] /i 12606
[19/07/2012 02:33:11] /i 8304
[19/07/2012 02:33:59] /a 5
[19/07/2012 02:34:06] /a 10
[19/07/2012 02:34:08] /a 10
[19/07/2012 02:34:09] /a 10
[19/07/2012 02:39:00] /newtype 147
[19/07/2012 02:39:02] /newtype 148
[19/07/2012 02:39:04] /newtype 149
[19/07/2012 02:39:08] /newtype 150
[19/07/2012 02:39:09] /newtype 151
[19/07/2012 02:39:10] /newtype 152
[19/07/2012 02:39:11] /newtype 153
[19/07/2012 02:39:12] /newtype 154
[19/07/2012 02:39:14] /newtype 155
[19/07/2012 02:39:15] /newtype 156
[19/07/2012 02:39:16] /newtype 157
[19/07/2012 02:39:17] /newtype 158
[19/07/2012 02:39:19] /newtype 159
[19/07/2012 02:39:21] /newtype 160
[19/07/2012 02:39:22] /newtype 161
[19/07/2012 02:39:26] /newtype 148
[19/07/2012 02:39:27] /newtype 147
[19/07/2012 02:39:28] /newtype 146
[19/07/2012 02:39:31] /newtype 145
[19/07/2012 02:39:33] /newtype 146
[19/07/2012 02:40:13] /newtype 146
[19/07/2012 02:40:17] /newtype 146
[19/07/2012 02:40:19] /newtype 146
[19/07/2012 02:40:21] /newtype 146
[19/07/2012 02:40:22] /newtype 146
[19/07/2012 02:40:23] /newtype 146
[19/07/2012 02:40:24] /newtype 146
[19/07/2012 02:40:25] /newtype 146
[19/07/2012 02:40:26] /newtype 146
[19/07/2012 03:09:07] /s rat
[19/07/2012 03:09:11] /s rat
[19/07/2012 03:09:16] /s training monk
[19/07/2012 03:09:29] /r
[19/07/2012 03:09:39] /goto Fercho
[19/07/2012 03:10:27] /goto Fercho
[19/07/2012 03:10:33] /goto Fercho
[19/07/2012 03:10:34] /goto Fercho
[19/07/2012 03:10:35] /goto Fercho
[19/07/2012 03:10:35] /goto Fercho
[19/07/2012 03:10:36] /goto Fercho
[19/07/2012 03:10:37] /goto Fercho
[19/07/2012 03:10:38] /goto Fercho
[19/07/2012 03:10:38] /goto Fercho
[19/07/2012 03:10:39] /goto Fercho
[19/07/2012 03:10:41] /goto Fercho
[19/07/2012 03:11:49] /bc Lol
[19/07/2012 03:12:08] /bc Don Ramon: Que pedo raza
[19/07/2012 03:12:27] /bc Don Ramon: Que pedo raza
[19/07/2012 03:12:46] /bc green; k pedo
[19/07/2012 03:13:09] /bc green; Simon esta atacando en el Templo!!!
[19/07/2012 03:13:50] /m piton
[19/07/2012 03:14:17] /r
[19/07/2012 03:14:59] /bc orange; Ta weno ps
[19/07/2012 03:19:22] /bc green; CELOSA
[19/07/2012 03:25:35] /bc green; SEEE
[19/07/2012 03:25:47] /bc green; pero no me muevo
[19/07/2012 03:34:59] /bc [SYSTEMA DE LOTERIA] ganador: Benedicto, recompensa: 1000k! - felicitaciones! (siguiente Loteria en 20 Minutos)
[19/07/2012 03:35:44] /bc Don Ramon Ha Activado el consurso de player di !player para entrar.
[19/07/2012 03:36:52] /a 2
[19/07/2012 03:37:02] /a 2
[19/07/2012 03:37:06] /a 2
[19/07/2012 03:37:07] /a 2
[19/07/2012 03:38:13] /bc Don Ramon Ha Activado el consurso de player di !player para entrar.
[19/07/2012 03:38:44] /bc Don Ramon Ha Activado el consurso de player di !player para entrar.
[19/07/2012 03:41:00] /a
[19/07/2012 03:41:05] /ghost
[19/07/2012 03:41:28] /a
[19/07/2012 03:41:51] /i 8047
[19/07/2012 03:41:57] /a
[19/07/2012 03:42:03] /i 12603
[19/07/2012 03:42:09] /i 8047
[19/07/2012 03:42:27] /i present
[19/07/2012 03:42:42] /i 8047
[19/07/2012 03:42:45] /i present
[19/07/2012 03:42:55] /i 8047
[19/07/2012 03:43:06] /i present
[19/07/2012 03:43:11] /i 8047
[19/07/2012 03:43:31] /bc Don Ramon Ha Activado el consurso de player di !player para entrar.
[19/07/2012 03:44:07] /bc Don Ramon Ha Activado el consurso de player di !player para entrar.
[19/07/2012 03:44:44] /bc Don Ramon Ha Activado el consurso de player di !player para entrar.
[19/07/2012 03:46:45] /bc Don Ramon Ha Activado el consurso de player di !player para entrar.
[19/07/2012 03:51:56] /attr cannotmove 1
[19/07/2012 03:53:51] /bc Don ramon: Si hablenme
[19/07/2012 03:54:42] /attr unqueid 5000
[19/07/2012 03:54:56] /attr uniqueid 5000
[19/07/2012 03:55:16] /a
[19/07/2012 03:55:18] /a
[19/07/2012 03:55:20] /a
[19/07/2012 03:55:24] /a
[19/07/2012 03:55:26] /a 2
[19/07/2012 03:55:28] /a 2
[19/07/2012 03:55:29] /a 2
[19/07/2012 03:55:30] /a 2
[19/07/2012 03:55:31] /a 2
[19/07/2012 03:55:32] /a 2
[19/07/2012 03:55:33] /a 2
[19/07/2012 03:55:44] /a 2
[19/07/2012 03:55:47] /a 2
[19/07/2012 03:55:49] /a 2
[19/07/2012 03:55:51] /a 2
[19/07/2012 03:55:53] /a 2
[19/07/2012 03:56:40] /goto Don Ramon
[19/07/2012 03:56:41] /goto Don Ramon
[19/07/2012 03:56:41] /attr health -99999999999
[19/07/2012 03:56:41] /goto Don Ramon
[19/07/2012 03:56:41] /attr health -99999999999
[19/07/2012 03:56:41] /goto Don Ramon
[19/07/2012 03:56:41] /attr health -99999999999
[19/07/2012 03:56:41] /goto Don Ramon
[19/07/2012 03:56:42] /attr health -99999999999
[19/07/2012 03:56:42] /goto Don Ramon
[19/07/2012 03:56:42] /attr health -99999999999
[19/07/2012 03:56:42] /goto Don Ramon
[19/07/2012 03:56:42] /attr health -99999999999
[19/07/2012 03:56:42] /goto Don Ramon
[19/07/2012 03:56:42] /attr health -99999999999
[19/07/2012 03:56:43] /goto Don Ramon
[19/07/2012 03:56:43] /attr health -99999999999
[19/07/2012 03:56:43] /goto Don Ramon
[19/07/2012 03:56:44] /attr health -99999999999
[19/07/2012 03:56:44] /goto Don Ramon
[19/07/2012 03:56:44] /attr health -99999999999
[19/07/2012 03:56:44] /goto Don Ramon
[19/07/2012 03:56:44] /attr health -99999999999
[19/07/2012 03:56:44] /goto Don Ramon
[19/07/2012 03:56:44] /attr health -99999999999
[19/07/2012 03:56:44] /goto Don Ramon
[19/07/2012 03:56:44] /attr health -99999999999
[19/07/2012 03:56:44] /goto Don Ramon
[19/07/2012 03:57:20] /goto Don Ramon
[19/07/2012 03:57:20] /goto Don Ramon
[19/07/2012 03:57:20] /goto Don Ramon
[19/07/2012 03:57:20] /goto Don Ramon
[19/07/2012 03:57:20] /goto Don Ramon
[19/07/2012 03:57:21] /goto Don Ramon
[19/07/2012 03:57:22] /goto Don Ramon
[19/07/2012 03:57:22] /goto Don Ramon
[19/07/2012 03:57:22] /goto Don Ramon
[19/07/2012 03:57:22] /goto Don Ramon
[19/07/2012 03:57:22] /goto Don Ramon
[19/07/2012 03:57:22] /goto Don Ramon
[19/07/2012 03:57:23] /goto Don Ramon
[19/07/2012 03:57:23] /goto Don Ramon
[19/07/2012 03:57:23] /goto Don Ramon
[19/07/2012 03:57:23] /goto Don Ramon
[19/07/2012 03:57:23] /goto Don Ramon
[19/07/2012 03:57:24] /goto Don Ramon
[19/07/2012 03:57:24] /goto Don Ramon
[19/07/2012 03:57:24] /goto Don Ramon
[19/07/2012 03:57:24] /goto Don Ramon
[19/07/2012 03:57:24] /goto Don Ramon
[19/07/2012 03:57:25] /goto Don Ramon
[19/07/2012 03:57:25] /goto Don Ramon
[19/07/2012 03:57:25] /goto Don Ramon
[19/07/2012 03:57:25] /goto Don Ramon
[19/07/2012 03:57:25] /goto Don Ramon
[19/07/2012 03:57:26] /goto Don Ramon
[19/07/2012 03:57:26] /goto Don Ramon
[19/07/2012 03:57:26] /goto Don Ramon
[19/07/2012 03:57:26] /goto Don Ramon
[19/07/2012 03:57:26] /goto Don Ramon
[19/07/2012 03:57:27] /goto Don Ramon
[19/07/2012 03:57:27] /goto Don Ramon
[19/07/2012 03:57:27] /goto Don Ramon
[19/07/2012 03:57:27] /goto Don Ramon
[19/07/2012 03:57:28] /goto Don Ramon
[19/07/2012 03:57:28] /goto Don Ramon
[19/07/2012 03:57:28] /goto Don Ramon
[19/07/2012 03:57:28] /goto Don Ramon
[19/07/2012 03:57:28] /goto Don Ramon
[19/07/2012 03:57:29] /goto Don Ramon
[19/07/2012 03:57:31] /attr health -99999999999
[19/07/2012 03:57:31] /goto Don Ramon
[19/07/2012 03:57:32] /goto Don Ramon
[19/07/2012 03:57:32] /goto Don Ramon
[19/07/2012 03:57:32] /goto Don Ramon
[19/07/2012 03:57:32] /goto Don Ramon
[19/07/2012 03:57:32] /goto Don Ramon
[19/07/2012 03:57:33] /goto Don Ramon
[19/07/2012 03:57:33] /goto Don Ramon
[19/07/2012 03:57:33] /goto Don Ramon
[19/07/2012 03:57:33] /goto Don Ramon
[19/07/2012 03:57:33] /goto Don Ramon
[19/07/2012 03:57:34] /goto Don Ramon
[19/07/2012 03:57:34] /goto Don Ramon
[19/07/2012 03:57:34] /goto Don Ramon
[19/07/2012 03:57:34] /goto Don Ramon
[19/07/2012 03:57:34] /goto Don Ramon
[19/07/2012 03:57:35] /goto Don Ramon
[19/07/2012 03:57:35] /goto Don Ramon
[19/07/2012 03:57:35] /goto Don Ramon
[19/07/2012 03:57:35] /goto Don Ramon
[19/07/2012 03:57:35] /goto Don Ramon
[19/07/2012 03:57:35] /goto Don Ramon
[19/07/2012 03:57:35] /goto Don Ramon
[19/07/2012 03:57:35] /goto Don Ramon
[19/07/2012 03:57:35] /goto Don Ramon
[19/07/2012 03:57:35] /goto Don Ramon
[19/07/2012 03:57:35] /goto Don Ramon
[19/07/2012 03:57:35] /goto Don Ramon
[19/07/2012 03:57:35] /goto Don Ramon
[19/07/2012 03:57:36] /goto Don Ramon
[19/07/2012 03:57:36] /goto Don Ramon
[19/07/2012 03:57:36] /goto Don Ramon
[19/07/2012 03:57:36] /goto Don Ramon
[19/07/2012 03:57:36] /goto Don Ramon
[19/07/2012 03:57:36] /goto Don Ramon
[19/07/2012 03:57:36] /goto Don Ramon
[19/07/2012 03:57:36] /goto Don Ramon
[19/07/2012 03:57:36] /goto Don Ramon
[19/07/2012 03:57:36] /goto Don Ramon
[19/07/2012 03:57:36] /goto Don Ramon
[19/07/2012 03:57:36] /goto Don Ramon
[19/07/2012 03:57:36] /goto Don Ramon
[19/07/2012 03:57:36] /goto Don Ramon
[19/07/2012 03:57:37] /goto Don Ramon
[19/07/2012 03:57:37] /goto Don Ramon
[19/07/2012 03:57:37] /goto Don Ramon
[19/07/2012 03:57:37] /goto Don Ramon
[19/07/2012 03:57:37] /goto Don Ramon
[19/07/2012 03:57:51] /goto Don Ramon
[19/07/2012 03:57:54] /goto Don Ramon
[19/07/2012 03:58:29] /attr cannotmove 1
[19/07/2012 03:58:41] /attr speed -5000
[19/07/2012 03:58:53] /attr speed 10
[19/07/2012 04:00:01] /attr health -99999999999
[21/07/2012 23:25:55] /goto Fercho
[21/07/2012 23:26:56] /goto don ramon
[24/07/2012 22:23:24] /m Fercho
[24/07/2012 22:23:28] /m Don Ramon
[24/07/2012 22:39:05] /a
[24/07/2012 22:45:04] /t
[24/07/2012 22:45:10] /ghost
[24/07/2012 22:47:49] /ghost
[24/07/2012 22:48:51] /ghost
[24/07/2012 22:49:26] /s squirrel
[24/07/2012 22:51:07] /s squirrel
[24/07/2012 22:51:08] /s pig
[24/07/2012 22:51:16] /s squirrel
[24/07/2012 22:51:18] /s pig
[24/07/2012 22:54:02] /r
[24/07/2012 22:54:05] /r
[24/07/2012 22:54:07] /r
[24/07/2012 22:54:08] /r
[24/07/2012 22:54:09] /r
[24/07/2012 22:54:11] /r
[24/07/2012 22:54:12] /r
[24/07/2012 22:54:13] /r
[24/07/2012 22:54:14] /r
[24/07/2012 22:54:17] /r
[24/07/2012 22:54:18] /r
[24/07/2012 22:54:22] /r
[24/07/2012 22:54:39] /s piton
[24/07/2012 22:56:16] /clean
[24/07/2012 22:56:21] /r
[24/07/2012 22:56:22] /r
[24/07/2012 22:56:23] /r
[24/07/2012 22:56:24] /r
[24/07/2012 22:56:26] /r
[24/07/2012 22:56:27] /r
[24/07/2012 22:56:31] /r
[24/07/2012 22:56:32] /r
[24/07/2012 22:56:33] /r
[24/07/2012 22:56:36] /r
[24/07/2012 22:56:48] /i 9286
[24/07/2012 22:56:50] /r
[24/07/2012 22:56:53] /r
[24/07/2012 22:56:55] /i 9286
[24/07/2012 22:57:02] /r
[24/07/2012 22:59:12] /s calabazin
[24/07/2012 22:59:26] /r
[24/07/2012 23:03:12] /a
[24/07/2012 23:04:43] /goto fercho
[24/07/2012 23:04:50] /goto fercho
[24/07/2012 23:05:31] /a 2
[24/07/2012 23:05:34] /a 2
[24/07/2012 23:06:09] /a 2
[24/07/2012 23:06:39] /m Piton
[24/07/2012 23:06:40] /m Piton
[24/07/2012 23:06:41] /m Piton
[24/07/2012 23:06:41] /m Piton
[24/07/2012 23:06:57] /m Piton
[24/07/2012 23:07:10] /m Piton
[24/07/2012 23:07:14] /m Piton
[24/07/2012 23:07:17] /m Piton
[24/07/2012 23:08:45] /r
[24/07/2012 23:09:45] /s acient scarabag
[24/07/2012 23:10:07] /s acient scarabaj
[24/07/2012 23:10:28] /m piton
[24/07/2012 23:10:35] /m piton
[24/07/2012 23:10:58] /m Don Ramon
[24/07/2012 23:11:02] /m elephant
[24/07/2012 23:15:55] /m elephant
[24/07/2012 23:16:56] /makesay DOn Ramon " Soy Gat
[24/07/2012 23:17:43] /makesay DOn Ramon, Soy Gay
[24/07/2012 23:17:50] /makesay DOn Ramon, me la como we
[24/07/2012 23:18:09] /makesay DOn Ramon, asi como le ma torciste en el culo
[24/07/2012 23:18:49] /makesay Don Ramon, me la pelas puto
[24/07/2012 23:20:31] /bc Aggrox metal informacion:  Para usar el pet system abre la lista de chanels y abre el chanel de pet y sigue las instrucciones y tambien pùedes ver todas las muertes en el death chanel
[24/07/2012 23:20:59] /bc white; ola
[24/07/2012 23:21:10] /bc white; Que pedo
[24/07/2012 23:21:24] /bc white; ajjaj
[24/07/2012 23:21:29] /bc white; Fercho
[24/07/2012 23:21:44] /bc white; 7a me voy a dormir we me dio sueño
[24/07/2012 23:21:58] /bc white; jajajjajajajajajajajajaja
[24/07/2012 23:22:09] /bc white; kada ves es mas gracioso
[24/07/2012 23:22:26] /bc white; lol me copean
[24/07/2012 23:23:42] /makesay Don Ramon, es que la jalare pensando en william levy
[24/07/2012 23:25:11] /makesay Don Ramon, me apesta el Ulo
[24/07/2012 23:26:29] /goto fercho
[24/07/2012 23:26:34] /goto fercho
[24/07/2012 23:26:36] /goto fercho
[24/07/2012 23:26:41] /goto fercho
[24/07/2012 23:26:46] /goto fercho
[24/07/2012 23:26:49] /goto fercho
[24/07/2012 23:26:55] /goto fercho
[24/07/2012 23:26:57] /goto fercho
[24/07/2012 23:26:58] /goto fercho
[24/07/2012 23:26:59] /goto fercho
[24/07/2012 23:26:59] /goto fercho
[24/07/2012 23:27:00] /goto fercho
[24/07/2012 23:27:01] /goto fercho
[24/07/2012 23:27:02] /goto fercho
[24/07/2012 23:27:03] /goto fercho
[24/07/2012 23:27:10] /goto fercho
[24/07/2012 23:27:12] /goto fercho
[24/07/2012 23:27:14] /goto fercho
[24/07/2012 23:27:15] /goto fercho
[24/07/2012 23:27:17] /goto fercho
[24/07/2012 23:27:18] /goto fercho
[24/07/2012 23:27:19] /goto fercho
[24/07/2012 23:27:20] /goto fercho
[24/07/2012 23:27:20] /goto fercho
[24/07/2012 23:27:21] /goto fercho
[24/07/2012 23:27:22] /goto fercho
[24/07/2012 23:27:23] /goto fercho
[24/07/2012 23:27:23] /goto fercho
[24/07/2012 23:27:24] /goto fercho
[24/07/2012 23:27:25] /goto fercho
[24/07/2012 23:27:26] /goto fercho
[24/07/2012 23:27:27] /goto fercho
[24/07/2012 23:27:28] /goto fercho
[24/07/2012 23:27:28] /goto fercho
[24/07/2012 23:27:29] /goto fercho
[24/07/2012 23:27:30] /goto fercho
[24/07/2012 23:27:43] /goto fercho
[24/07/2012 23:29:37] /a
[24/07/2012 23:29:52] /a
[24/07/2012 23:31:44] /goto fercho
[24/07/2012 23:32:30] /goto fercho
[24/07/2012 23:32:35] /goto fercho
[25/07/2012 00:01:49] /s don ramon
[25/07/2012 00:01:52] /a
[25/07/2012 00:01:53] /a
[25/07/2012 00:01:54] /a
[25/07/2012 00:01:57] /s don ramon
[25/07/2012 00:02:11] /a
[25/07/2012 00:02:13] /a
[25/07/2012 00:02:13] /a
[25/07/2012 00:02:14] /a
[25/07/2012 22:47:06] /goto Fercho
[25/07/2012 22:49:57] /newtype 266
[25/07/2012 22:49:58] /newtype 262
[25/07/2012 22:50:00] /newtype 263
[25/07/2012 22:50:01] /newtype 264
[25/07/2012 23:00:20] /goto fercgo
[25/07/2012 23:00:31] /goto fercho
[25/07/2012 23:18:52] /a 5
[25/07/2012 23:18:54] /a 5
[25/07/2012 23:18:55] /a 5
[25/07/2012 23:18:57] /a 5
[25/07/2012 23:18:57] /a 5
[25/07/2012 23:21:23] /m don ramon
[25/07/2012 23:22:45] /m goblin
[25/07/2012 23:34:34] /m piton
[25/07/2012 23:34:59] /i sword
[25/07/2012 23:35:24] /attr set attack 505650454564
[25/07/2012 23:35:45] /m piton
[25/07/2012 23:36:10] /attr set attack 999999999999
[25/07/2012 23:36:22] /attr set attack +99999999999999999
[25/07/2012 23:36:29] /m piton
[25/07/2012 23:38:08] /r
[25/07/2012 23:38:09] /r
[25/07/2012 23:38:10] /r
[25/07/2012 23:38:10] /r
[25/07/2012 23:38:10] /r
[25/07/2012 23:38:11] /r
[25/07/2012 23:38:11] /r
[25/07/2012 23:38:11] /r
[25/07/2012 23:38:12] /r
[25/07/2012 23:38:12] /r
[25/07/2012 23:38:12] /r
[25/07/2012 23:38:12] /r
[25/07/2012 23:38:12] /r
[25/07/2012 23:38:12] /r
[25/07/2012 23:38:12] /r
[25/07/2012 23:38:12] /r
[25/07/2012 23:38:13] /r
[25/07/2012 23:38:13] /r
[25/07/2012 23:38:13] /r
[25/07/2012 23:38:13] /r
[25/07/2012 23:38:13] /r
[25/07/2012 23:38:15] /r
[25/07/2012 23:38:15] /r
[25/07/2012 23:38:15] /r
[25/07/2012 23:38:15] /r
[25/07/2012 23:38:15] /r
[25/07/2012 23:38:15] /r
[25/07/2012 23:38:16] /r
[25/07/2012 23:38:16] /r
[25/07/2012 23:38:16] /r
[25/07/2012 23:38:16] /r
[25/07/2012 23:38:16] /r
[25/07/2012 23:38:16] /r
[25/07/2012 23:38:21] /r
[25/07/2012 23:38:22] /r
[25/07/2012 23:38:22] /r
[25/07/2012 23:38:22] /r
[25/07/2012 23:38:22] /r
[25/07/2012 23:38:22] /r
[25/07/2012 23:38:22] /r
[25/07/2012 23:38:23] /r
[25/07/2012 23:38:23] /r
[25/07/2012 23:38:23] /r
[25/07/2012 23:38:23] /r
[25/07/2012 23:38:23] /r
[25/07/2012 23:38:23] /r
[25/07/2012 23:38:24] /r
[25/07/2012 23:38:24] /r
[25/07/2012 23:38:26] /r
[25/07/2012 23:38:35] /i  670
[25/07/2012 23:38:36] /a
[25/07/2012 23:38:37] /i  670
[25/07/2012 23:38:39] /a
[25/07/2012 23:38:40] /i  670
[25/07/2012 23:38:40] /a
[25/07/2012 23:38:41] /i  670
[25/07/2012 23:38:42] /a
[25/07/2012 23:38:42] /i  670
[25/07/2012 23:38:43] /a
[25/07/2012 23:38:44] /i  670
[25/07/2012 23:38:45] /a
[25/07/2012 23:38:45] /i  670
[25/07/2012 23:38:47] /a
[25/07/2012 23:38:48] /i  670
[25/07/2012 23:38:48] /a
[25/07/2012 23:38:49] /i  670
[25/07/2012 23:38:50] /a
[25/07/2012 23:38:50] /i  670
[25/07/2012 23:38:51] /a
[25/07/2012 23:38:52] /i  670
[25/07/2012 23:38:56] /a
[25/07/2012 23:38:56] /i  670
[25/07/2012 23:38:56] /a
[25/07/2012 23:38:56] /i  670
[25/07/2012 23:38:56] /a
[25/07/2012 23:38:57] /i  670
[25/07/2012 23:38:58] /a
[25/07/2012 23:38:58] /i  670
[25/07/2012 23:38:59] /a
[25/07/2012 23:39:00] /i  670
[25/07/2012 23:39:00] /a
[25/07/2012 23:39:06] /i  670
[25/07/2012 23:39:07] /i  670
[25/07/2012 23:39:07] /i  670
[25/07/2012 23:39:08] /i  670
[25/07/2012 23:39:09] /i  670
[25/07/2012 23:41:49] /a
[25/07/2012 23:41:57] /i 6595
[25/07/2012 23:41:59] /a
[25/07/2012 23:42:00] /i 6595
[25/07/2012 23:42:01] /a
[25/07/2012 23:42:02] /i 6595
[25/07/2012 23:42:03] /a
[25/07/2012 23:42:04] /i 6595
[25/07/2012 23:42:04] /a
[25/07/2012 23:42:06] /i 6595
[25/07/2012 23:42:18] /a
[25/07/2012 23:42:21] /i 4937
[25/07/2012 23:42:26] /r
[25/07/2012 23:42:29] /a
[25/07/2012 23:42:35] /i 4737
[25/07/2012 23:42:37] /a
[25/07/2012 23:42:38] /i 4737
[25/07/2012 23:42:39] /a
[25/07/2012 23:42:39] /i 4737
[25/07/2012 23:42:40] /a
[25/07/2012 23:42:41] /i 4737
[25/07/2012 23:42:42] /a
[25/07/2012 23:42:50] /i 4736
[25/07/2012 23:42:53] /i 4746
[25/07/2012 23:43:00] /i 4746
[25/07/2012 23:43:06] /i 4737
[25/07/2012 23:43:08] /r
[25/07/2012 23:43:10] /r
[25/07/2012 23:43:11] /r
[25/07/2012 23:43:15] /r
[25/07/2012 23:43:17] /r
[25/07/2012 23:43:18] /r
[25/07/2012 23:45:48] /bc green; 1
[25/07/2012 23:46:22] /makesay Don Ramon, si we es que el vato al que se la mamo no me deja escribir
[25/07/2012 23:46:36] /makesay Don Ramon, si we es que el vato al que se la mamo no me deja escribir
[26/07/2012 02:15:57] /goto Fercho
[26/07/2012 02:16:58] /i 7873
[26/07/2012 02:17:14] /i 12609
[26/07/2012 02:24:21] /t
[26/07/2012 02:24:54] /i bag
[26/07/2012 02:24:57] /i 2160
[26/07/2012 02:24:58] /i 2160
[26/07/2012 02:25:09] /a
[26/07/2012 02:25:13] /r
[26/07/2012 02:25:17] /m exp bug
[26/07/2012 02:25:19] /m exp bug
[26/07/2012 02:31:24] /a
[26/07/2012 02:31:26] /r
[26/07/2012 02:31:29] /m exp bug
[26/07/2012 02:33:25] /clean
[26/07/2012 02:33:27] /t
[26/07/2012 02:34:21] /t
[26/07/2012 02:34:29] /t
[26/07/2012 02:34:33] /t
[26/07/2012 02:34:38] /t
[26/07/2012 02:34:57] /i 8304
[26/07/2012 02:35:04] /i 1214
[26/07/2012 02:35:07] /r
[26/07/2012 02:35:11] /i 2314
[26/07/2012 02:35:26] /i 12607
[26/07/2012 02:35:35] /i 2306
[26/07/2012 02:35:53] /i ficha
[26/07/2012 02:47:32] /t
[30/07/2012 18:28:43] /goto Fercho
[30/07/2012 18:28:49] /goto don ramon
[02/08/2012 15:27:33] /goto Priest
[02/08/2012 15:30:49] /m piton
[02/08/2012 15:33:09] /ghost
[02/08/2012 15:33:17] /mc
[02/08/2012 15:33:57] /mc
[02/08/2012 15:37:36] /t
[04/08/2012 15:14:12] /goto fercho
[04/08/2012 15:14:37] /a
[04/08/2012 15:14:39] /a
[04/08/2012 15:14:42] /a
[04/08/2012 15:14:43] /a
[04/08/2012 15:14:45] /a
[04/08/2012 15:14:47] /a
[04/08/2012 15:14:48] /a
[04/08/2012 15:15:19] /a
[04/08/2012 15:15:23] /a
[04/08/2012 15:15:23] /a
[04/08/2012 15:15:28] /a
[04/08/2012 15:15:29] /a
[04/08/2012 15:15:33] /a
[04/08/2012 15:15:33] /a
[04/08/2012 15:15:55] /a
[04/08/2012 15:16:06] /a
[04/08/2012 15:16:07] /a
[04/08/2012 15:24:47] /goto fercho
[04/08/2012 15:46:16] /i mexcalibur
[04/08/2012 15:46:24] /ghost
[04/08/2012 15:46:25] /t
[04/08/2012 15:46:35] /a 10
[04/08/2012 15:46:46] /a 10
[04/08/2012 15:46:47] /a 10
[04/08/2012 15:46:48] /a 10
[04/08/2012 15:46:54] /a 10
[04/08/2012 15:46:57] /a 10
[04/08/2012 15:47:01] /a
[04/08/2012 15:47:36] /t
[04/08/2012 15:47:48] /a
[04/08/2012 15:47:49] /a
[04/08/2012 15:47:51] /a
[04/08/2012 15:47:52] /a
[04/08/2012 15:48:12] /i 12603
[04/08/2012 15:48:17] /a
[04/08/2012 15:48:53] /a
[04/08/2012 15:48:54] /a
[04/08/2012 15:49:10] /a
[04/08/2012 15:49:12] /a
[04/08/2012 15:51:36] /t
[04/08/2012 15:51:53] /a
[04/08/2012 15:52:31] /i magic forcefield
[04/08/2012 15:52:42] /attr pos 461 803 7
[04/08/2012 15:52:43] /attr pos 461 803 7
[04/08/2012 16:13:18] /goto priest
[04/08/2012 16:13:21] /ghost
[04/08/2012 16:13:25] /newtype 310
[04/08/2012 16:16:38] /m training monk
[04/08/2012 16:16:43] /i stone
[04/08/2012 16:16:51] /i stone
[04/08/2012 16:17:18] /r
[04/08/2012 16:17:20] /r
[04/08/2012 16:17:26] /s god of water
[04/08/2012 16:17:30] /s god of water
[04/08/2012 16:17:34] /s god of water
[04/08/2012 16:17:35] /s god of water
[04/08/2012 16:17:43] /s God of water
[04/08/2012 16:17:53] /s god of the water
[04/08/2012 16:18:25] /r
[04/08/2012 16:18:33] /s god of the light
[04/08/2012 16:18:53] /r
[04/08/2012 16:19:08] /s sweet girl
[04/08/2012 16:19:32] /r
[04/08/2012 16:19:45] /r
[04/08/2012 16:19:47] /r
[04/08/2012 16:19:48] /r
[04/08/2012 16:19:49] /r
[04/08/2012 16:19:50] /r
[04/08/2012 16:21:15] /m kurwa
[04/08/2012 16:21:40] /r
[04/08/2012 16:21:41] /r
[04/08/2012 16:21:43] /r
[04/08/2012 16:21:45] /r
[04/08/2012 16:21:46] /r
[04/08/2012 16:21:47] /r
[04/08/2012 16:21:47] /r
[04/08/2012 16:21:47] /r
[04/08/2012 16:21:56] /r
[04/08/2012 16:22:00] /r
[04/08/2012 16:22:25] /m acido muriatico
[04/08/2012 16:23:13] /goto acido muriatico
[04/08/2012 16:23:19] /c priest
[04/08/2012 16:23:20] /c priest
[04/08/2012 16:23:22] /c priest
[04/08/2012 16:23:58] /c priest
[04/08/2012 16:24:05] /c priest
[04/08/2012 16:24:08] /c priest
[04/08/2012 16:24:11] /c priest
[04/08/2012 16:24:16] /c priest
[04/08/2012 16:24:23] /c priest
[04/08/2012 16:24:27] /c priest
[04/08/2012 16:24:50] /c priest
[04/08/2012 16:24:52] /c priest
[04/08/2012 16:25:07] /r
[04/08/2012 16:25:11] /r
[04/08/2012 16:25:58] /s armando ollos
[04/08/2012 16:25:59] /s armando ollos
[04/08/2012 16:26:02] /s armando hollos
[04/08/2012 16:26:06] /s armando oyos
[04/08/2012 16:26:20] /s armando
[04/08/2012 16:27:24] /a
[04/08/2012 16:27:25] /a
[04/08/2012 16:27:30] /m cyclops
[04/08/2012 16:27:33] /a
[04/08/2012 16:27:34] /a
[04/08/2012 16:27:35] /a
[04/08/2012 16:27:36] /m cyclops
[04/08/2012 16:38:58] /m morgaroth
[04/08/2012 16:55:10] /newtype 0
[04/08/2012 16:55:12] /newtype 1
[06/08/2012 16:34:15] /ghost
[06/08/2012 16:34:17] /t
[06/08/2012 16:34:31] /mc
[06/08/2012 16:35:03] /ban Playot
[06/08/2012 16:35:38] /ban Pepo
[06/08/2012 16:36:30] /clean 1
[06/08/2012 16:37:12] /ban Pepo
[06/08/2012 16:38:09] /baninfo
[06/08/2012 16:38:12] /baninfo Pepo
[06/08/2012 16:38:34] /ban ,Pepo
[06/08/2012 16:38:48] /ban Pepo
[06/08/2012 16:39:04] /goto pepo
[06/08/2012 16:39:53] /c Pepo
[06/08/2012 16:44:53] /attr set attack +10000
[06/08/2012 16:45:02] /attr set defense +500
[06/08/2012 16:56:34] /t
[06/08/2012 16:56:42] /a
[06/08/2012 16:56:48] /a
[06/08/2012 16:56:48] /a
[06/08/2012 16:56:49] /a
[06/08/2012 16:56:51] /a 5
[06/08/2012 16:56:52] /a 5
[06/08/2012 16:56:53] /a 5
[06/08/2012 16:56:55] /a 5
[06/08/2012 16:56:58] /a 5
[06/08/2012 16:57:00] /a 5
[06/08/2012 16:57:03] /a 5
[06/08/2012 16:57:21] /attr set armor +5000
[06/08/2012 16:57:41] /attr set sword +10
[06/08/2012 16:57:53] /attr set speed +50
[06/08/2012 16:57:55] /attr set speed +55
[06/08/2012 16:59:25] /attr set skillsword +50
[06/08/2012 16:59:37] /attr set skillsword +50
[06/08/2012 16:59:39] /attr set skillsword +50
[06/08/2012 16:59:49] /attr set extrasword +50
[06/08/2012 17:00:08] /i sword ring
[06/08/2012 17:00:41] /attr set skillSword +10
[06/08/2012 17:00:55] /attr set sword fighting +1
[06/08/2012 17:00:58] /attr set sword fighting +1
[06/08/2012 17:01:03] /attr set sword +10
[06/08/2012 17:01:11] /attr set skill +50
[06/08/2012 17:01:22] /attr set skill1 +50
[06/08/2012 17:01:32] /attr skillsword +50
[06/08/2012 17:10:26] /attr set attack +10000
[06/08/2012 17:14:48] /t
[06/08/2012 17:16:40] /a
[06/08/2012 17:16:47] /up
[06/08/2012 17:16:51] /a
[06/08/2012 17:16:52] /a
[06/08/2012 17:18:13] /i 2160
[06/08/2012 17:18:14] /i 2160
[06/08/2012 17:20:34] /t
[06/08/2012 17:20:39] /a
[06/08/2012 17:20:46] /a
[06/08/2012 17:20:47] /a
[06/08/2012 17:20:47] /a
[06/08/2012 17:20:48] /a
[06/08/2012 17:20:50] /up
[06/08/2012 17:22:05] /i royal legs
[06/08/2012 17:22:08] /i royal armor
[06/08/2012 17:22:11] /i royal helmet
[06/08/2012 17:23:02] /i royal shield
[06/08/2012 17:24:14] /c fercho
[06/08/2012 17:26:26] /goto fercho
[06/08/2012 17:27:49] /a
[06/08/2012 17:27:51] /a
[06/08/2012 17:28:03] /c fercho
[06/08/2012 17:30:14] /goto fercho
[06/08/2012 17:31:20] /a
[06/08/2012 17:31:21] /a
[06/08/2012 17:31:21] /a
[06/08/2012 17:31:22] /a
[06/08/2012 17:31:22] /a
[06/08/2012 17:31:23] /a
[06/08/2012 17:31:23] /a
[06/08/2012 17:31:26] /a
[06/08/2012 17:31:27] /a
[06/08/2012 17:31:31] /a
[06/08/2012 17:33:03] /newtype 302
[06/08/2012 17:33:28] /a
[06/08/2012 17:33:29] /a
[06/08/2012 17:33:29] /a
[06/08/2012 17:33:30] /a
[06/08/2012 17:33:30] /a
[06/08/2012 17:33:31] /a
[06/08/2012 17:33:31] /a
[06/08/2012 17:33:32] /a
[06/08/2012 17:33:32] /a
[06/08/2012 17:33:33] /a
[06/08/2012 17:33:33] /a
[06/08/2012 17:33:34] /a
[06/08/2012 17:33:50] /a
[06/08/2012 17:33:51] /a
[06/08/2012 17:33:53] /a
[06/08/2012 17:33:53] /a
[06/08/2012 17:33:56] /goto fercho
[06/08/2012 17:34:10] /goto fercho
[06/08/2012 17:34:44] /a
[06/08/2012 17:34:51] /a
[06/08/2012 17:35:03] /a
[06/08/2012 17:35:07] /a
[06/08/2012 17:35:08] /a
[06/08/2012 17:35:11] /a
[06/08/2012 17:35:13] /a
[06/08/2012 17:35:14] /up
[06/08/2012 17:35:17] /a
[06/08/2012 17:35:18] /a
[06/08/2012 17:35:21] /up
[06/08/2012 17:36:13] /goto fercho
[06/08/2012 17:36:27] /newtype 310
[06/08/2012 17:39:00] /bc green; tu madre
[06/08/2012 17:39:14] /bc green; la que te pario
[06/08/2012 17:41:23] /bc green; apra baboso
[06/08/2012 17:44:56] /newtype 332,fercho
[06/08/2012 17:45:04] /newtype 331,fercho
[06/08/2012 17:45:44] /newtype 210
[06/08/2012 17:46:37] /newtype 211
[06/08/2012 17:47:09] /newtype 212
[06/08/2012 17:47:14] /newtype 213
[06/08/2012 17:47:17] /newtype 214
[06/08/2012 17:47:18] /newtype 215
[06/08/2012 17:47:20] /newtype 216
[06/08/2012 17:47:52] /newtype 216
[06/08/2012 17:47:54] /newtype 219
[06/08/2012 17:48:00] /newtype 220
[06/08/2012 17:48:08] /newtype 221
[06/08/2012 17:48:13] /newtype 229
[06/08/2012 17:48:16] /newtype 230
[06/08/2012 17:48:17] /newtype 235
[06/08/2012 17:48:20] /newtype 236
[06/08/2012 17:48:24] /newtype 350
[06/08/2012 17:48:26] /newtype 351
[06/08/2012 17:48:35] /newtype 359
[06/08/2012 17:48:37] /newtype 360
[06/08/2012 17:48:39] /newtype 361
[06/08/2012 17:48:40] /newtype 362
[06/08/2012 17:48:41] /newtype 363
[06/08/2012 17:48:45] /newtype 364
[06/08/2012 17:48:46] /newtype 365
[06/08/2012 17:49:15] /bc green; :O
[06/08/2012 17:49:25] /newtype 366
[06/08/2012 17:49:30] /newtype 367
[06/08/2012 17:49:32] /newtype 368
[06/08/2012 17:49:33] /newtype 368
[06/08/2012 17:49:50] /newtype 354
[06/08/2012 17:50:08] /m papa piton
[06/08/2012 17:50:37] /i spike sowrd
[06/08/2012 17:50:46] /s piton
[06/08/2012 17:51:04] /s piton
[06/08/2012 17:51:25] /s sweet gilrd
[06/08/2012 17:51:30] /s sweet girl
[06/08/2012 17:52:18] /s sweet girl
[06/08/2012 17:53:19] /s eva maria
[06/08/2012 17:53:31] /s eva maria
[06/08/2012 17:55:01] /s sweet girl
[07/08/2012 03:07:32] /t
[07/08/2012 03:07:44] /clean 1
[07/08/2012 03:07:57] /i 8304
[07/08/2012 03:44:34] /t
[07/08/2012 03:45:04] /addskill distance,50,Inusual Pally
[07/08/2012 03:46:31] /addskill distance,10,Inusual Pally
[07/08/2012 03:46:46] /addskill distance,10,Inusual Pally
[07/08/2012 03:47:41] /addskill level,10,Dar Slice
[07/08/2012 03:47:49] /addskill level,10,Dark Slice
[07/08/2012 03:47:55] /ghost
[07/08/2012 03:47:57] /addskill level,10,Dark Slice
[07/08/2012 03:47:59] /ghost
[07/08/2012 03:48:20] /addskill Distance,50, Inusual Pally
[07/08/2012 03:48:24] /addskill Distance,50,Inusual Pally
[07/08/2012 03:48:50] /addskill Inusual Pally,level,10
[07/08/2012 03:49:02] /addskill Inusual Pally,distance,60
[07/08/2012 03:57:01] /addskill Inusual Pally,distance,10
[07/08/2012 03:57:22] /addskill Inusual Pally,level,30000
[07/08/2012 04:06:36] /addskill Inusual Pally,level,60000
[07/08/2012 04:06:56] /addskill Inusual Pally,level,20000
[07/08/2012 19:05:14] /goto fercho
[07/08/2012 19:05:36] /m piton
[07/08/2012 19:07:03] /a
[07/08/2012 19:07:19] /a
[07/08/2012 19:07:22] /a 5
[07/08/2012 19:07:36] /t
[07/08/2012 19:09:22] /m rat
[07/08/2012 19:09:22] /m rat
[07/08/2012 19:09:23] /m rat
[07/08/2012 19:09:24] /m rat
[07/08/2012 19:09:24] /m rat
[07/08/2012 19:09:25] /m rat
[07/08/2012 19:09:25] /m rat
[07/08/2012 19:09:26] /m rat
[07/08/2012 19:09:26] /m rat
[07/08/2012 19:09:27] /m rat
[07/08/2012 19:09:27] /m rat
[07/08/2012 19:10:12] /m demon
[07/08/2012 19:10:18] /m azerus
[07/08/2012 19:10:55] /m hellwound
[07/08/2012 19:11:00] /m hellhound
[07/08/2012 19:11:03] /m hellhound
[07/08/2012 19:11:13] /m hellhound
[07/08/2012 19:11:50] /m infernaltil
[07/08/2012 19:11:52] /m infernalti
[07/08/2012 19:11:56] /m infernalist
[07/08/2012 19:12:08] /m morgaroth
[07/08/2012 19:12:11] /m morgaroth
[07/08/2012 19:12:12] /m morgaroth
[07/08/2012 19:12:14] /m morgaroth
[07/08/2012 19:12:14] /m morgaroth
[07/08/2012 19:12:15] /m morgaroth
[07/08/2012 19:12:51] /a
[07/08/2012 19:13:06] /t
[07/08/2012 19:13:11] /m Sweet Girl
[07/08/2012 19:16:15] /m fercho
[07/08/2012 19:28:37] /m rotworm
[07/08/2012 19:28:45] /m rotworm
[07/08/2012 19:28:55] /m cyclops smith
[07/08/2012 19:29:03] /m cyclops smith
[07/08/2012 19:29:09] /m cyclops smith
[07/08/2012 19:29:10] /m cyclops smith
[07/08/2012 19:29:10] /m cyclops smith
[07/08/2012 19:29:11] /m cyclops smith
[07/08/2012 19:29:12] /m cyclops smith
[07/08/2012 19:29:15] /m cyclops smith
[07/08/2012 19:29:15] /m cyclops smith
[07/08/2012 19:29:15] /m cyclops smith
[07/08/2012 19:29:15] /m cyclops smith
[07/08/2012 19:29:48] /m mafiry
[07/08/2012 19:30:10] /s demon
[07/08/2012 19:30:32] /s demon
[07/08/2012 19:31:08] /reload talkactions
[07/08/2012 19:34:05] /bc green; .
[07/08/2012 19:34:12] /bc green; .
[07/08/2012 19:41:16] /r
[07/08/2012 19:41:18] /r
[07/08/2012 19:43:06] /m mafiry
[07/08/2012 19:43:50] /m cyclops
[07/08/2012 19:43:51] /m cyclops
[07/08/2012 19:43:51] /m cyclops
[07/08/2012 19:43:52] /m cyclops
[07/08/2012 19:43:52] /m cyclops
[07/08/2012 19:43:53] /m cyclops
[07/08/2012 19:43:53] /m cyclops
[07/08/2012 19:43:54] /m cyclops
[07/08/2012 19:43:54] /m cyclops
[07/08/2012 19:43:55] /m cyclops
[07/08/2012 19:44:00] /m minero
[07/08/2012 19:44:27] /clean 1
[07/08/2012 19:44:57] /m sweet girl
[07/08/2012 19:45:21] /bc Un Sweet Girl esta arriva
[07/08/2012 19:45:40] /r
[07/08/2012 19:45:41] /r
[07/08/2012 19:46:02] /m sweet girl
[07/08/2012 19:46:09] /bc bajo we
[07/08/2012 19:46:25] /bc afuera del templo esta we
[07/08/2012 19:51:11] /clean
[07/08/2012 21:29:37] /m piton
[07/08/2012 21:29:48] /bc piton en el templo
[07/08/2012 21:30:44] /s piton
[07/08/2012 21:31:11] /m piton
[07/08/2012 21:31:19] /m piton
[07/08/2012 21:31:44] /m papa piton
[07/08/2012 21:32:17] /m sweet girl
[10/08/2012 16:21:32] /goto fercho
[10/08/2012 16:21:58] /a
[10/08/2012 16:22:22] /t
[10/08/2012 16:22:28] /a
[10/08/2012 16:22:58] /a
[10/08/2012 16:23:14] /a
[10/08/2012 16:23:14] /a
[10/08/2012 16:23:15] /a
[10/08/2012 16:23:15] /a
[10/08/2012 16:23:16] /a
[10/08/2012 16:23:16] /a
[10/08/2012 16:23:17] /a
[10/08/2012 16:23:17] /a
[10/08/2012 16:23:18] /a
[10/08/2012 16:23:19] /a
[10/08/2012 16:24:08] /t
[10/08/2012 16:26:32] /a
[10/08/2012 16:26:48] /m piton
[10/08/2012 16:26:50] /m piton
[10/08/2012 16:26:51] /m piton
[10/08/2012 16:26:53] /m piton
[10/08/2012 16:26:57] /m piton
[10/08/2012 16:26:59] /m piton
[10/08/2012 16:27:03] /m piton
[10/08/2012 16:27:28] /openserver
[10/08/2012 16:27:59] /closeserver
[10/08/2012 16:28:24] /i spike sword
[10/08/2012 16:28:33] /attr set attack +9999999
[10/08/2012 16:30:44] /m training monk
[10/08/2012 16:31:08] /i rotworm
[10/08/2012 16:31:12] /m rotworm
[10/08/2012 16:31:12] /m rotworm
[10/08/2012 16:31:13] /m rotworm
[10/08/2012 16:31:13] /m rotworm
[10/08/2012 16:31:14] /m rotworm
[10/08/2012 16:31:18] /s rat
[10/08/2012 16:33:33] /t
[10/08/2012 16:33:42] /a
[10/08/2012 16:34:04] /t
[10/08/2012 16:34:18] /t
[10/08/2012 16:34:25] /a 2
[10/08/2012 16:34:26] /a 2
[10/08/2012 16:35:27] /i 2160
[10/08/2012 16:35:27] /i 2160
[10/08/2012 16:35:32] /down
[10/08/2012 16:35:35] /down
[10/08/2012 16:35:36] /down
[10/08/2012 16:35:39] /down
[10/08/2012 16:35:40] /down
[10/08/2012 16:35:41] /down
[10/08/2012 16:35:43] /down
[10/08/2012 16:35:45] /down
[10/08/2012 16:35:57] /down
[10/08/2012 16:36:00] /down
[10/08/2012 16:36:04] /down
[10/08/2012 16:36:05] /down
[10/08/2012 16:37:11] /t
[10/08/2012 16:41:10] /a
[10/08/2012 16:41:12] /a
[10/08/2012 16:41:13] /a
[10/08/2012 16:41:17] /a
[10/08/2012 16:42:33] /bc ATENCION: A partir de mañana el cerver cerrara para siempre bueno en realidad no se si para siempre pero si cerrare un buen tiempo perdon lo ciento pero lo hago por motivos de fuerza mayor tal ves los vea luego cya Atte: Fercho"
[10/08/2012 16:42:35] /bc ATENCION: A partir de mañana el cerver cerrara para siempre bueno en realidad no se si para siempre pero si cerrare un buen tiempo perdon lo ciento pero lo hago por motivos de fuerza mayor tal ves los vea luego cya Atte: Fercho"
[10/08/2012 16:42:47] /bc green; ATENCION: A partir de mañana el cerver cerrara para siempre bueno en realidad no se si para siempre pero si cerrare un buen tiempo perdon lo ciento pero lo hago por motivos de fuerza mayor tal ves los vea luego cya Atte: Fercho"
[10/08/2012 16:43:48] /a
[10/08/2012 16:44:52] /t
[10/08/2012 16:44:57] /goto fercho
[10/08/2012 16:44:59] /goto fercho
[10/08/2012 16:45:00] /goto fercho
[10/08/2012 16:45:01] /goto fercho
[10/08/2012 16:45:02] /goto fercho
[10/08/2012 16:45:10] /down
[10/08/2012 16:45:13] /down
[10/08/2012 16:45:34] /down
[10/08/2012 16:45:36] /down
[10/08/2012 16:45:36] /down
[10/08/2012 16:46:00] /down
[10/08/2012 16:47:33] /bc como hay clean
[10/08/2012 16:48:46] /m don ramon
[10/08/2012 16:49:44] /m fercho
[10/08/2012 16:49:46] /m fercha
[10/08/2012 16:49:49] /m ferch
[10/08/2012 16:49:54] /m eva maria leon
[10/08/2012 16:53:10] /m don ramon
[10/08/2012 16:53:14] /m elephant
[10/08/2012 16:54:52] /m piton
[10/08/2012 16:56:16] /m papa pitron
[10/08/2012 16:56:20] /m papa piton
[10/08/2012 17:01:30] /m don ramon
[10/08/2012 23:46:52] /down
[10/08/2012 23:46:57] /up
[10/08/2012 23:47:09] /a
[10/08/2012 23:49:09] /a
[10/08/2012 23:49:10] /a
[10/08/2012 23:52:05] /goto fercho
[10/08/2012 23:52:10] /goto fercho
[10/08/2012 23:52:13] /goto fercho
[10/08/2012 23:52:17] /goto fercho
[10/08/2012 23:57:05] /a
[10/08/2012 23:57:06] /a
[10/08/2012 23:57:08] /ghost
[10/08/2012 23:57:09] /a
[10/08/2012 23:57:11] /a
[10/08/2012 23:57:12] /a
[10/08/2012 23:58:19] /a
[10/08/2012 23:58:20] /a
[10/08/2012 23:58:30] /a
[10/08/2012 23:58:41] /a
[10/08/2012 23:58:42] /a
[10/08/2012 23:58:53] /ghost
[10/08/2012 23:58:59] /a
[10/08/2012 23:59:00] /a
[10/08/2012 23:59:02] /a
[10/08/2012 23:59:03] /a
[11/08/2012 01:47:59] /goto fercho
[11/08/2012 17:40:17] /ghost
[11/08/2012 17:46:09] /bc green; .
[11/08/2012 17:51:55] /goto fercho
[11/08/2012 17:53:47] /up
[11/08/2012 17:53:54] /up
[11/08/2012 17:53:55] /up
[11/08/2012 17:54:17] /a
[11/08/2012 17:54:21] /a
[11/08/2012 17:55:07] /a
[11/08/2012 17:55:08] /a
[11/08/2012 17:55:09] /a
[11/08/2012 18:01:25] /goto fercho
[11/08/2012 18:01:30] /goto fercho
[11/08/2012 18:01:43] /goto fercho
[11/08/2012 18:01:47] /goto fercho
[11/08/2012 18:01:49] /goto fercho
[11/08/2012 18:01:54] /goto fercho
[11/08/2012 18:01:55] /goto fercho
[11/08/2012 18:01:57] /goto fercho
[11/08/2012 18:01:59] /goto fercho
[11/08/2012 18:02:00] /goto fercho
[11/08/2012 18:02:02] /goto fercho
[11/08/2012 18:02:03] /goto fercho
[11/08/2012 18:02:05] /goto fercho
[11/08/2012 18:02:13] /goto fercho
[11/08/2012 18:02:14] /goto fercho
[11/08/2012 18:02:22] /goto fercho
[11/08/2012 18:02:23] /goto fercho
[11/08/2012 18:03:21] /goto fercho
[11/08/2012 18:03:44] /goto fercho
[11/08/2012 18:06:24] /m massive water elemental
[11/08/2012 18:06:26] /m massive water elemental
[11/08/2012 18:06:27] /m massive water elemental
[11/08/2012 18:06:29] /m massive water elemental
[11/08/2012 18:06:30] /m massive water elemental
[11/08/2012 18:06:32] /m massive water elemental
[11/08/2012 18:06:34] /m massive water elemental
[11/08/2012 18:06:36] /m massive water elemental
[11/08/2012 18:06:40] /m massive water elemental
[11/08/2012 18:06:42] /m massive water elemental
[11/08/2012 18:06:43] /m massive water elemental
[11/08/2012 18:06:45] /m massive water elemental
[11/08/2012 18:06:46] /m massive water elemental
[11/08/2012 18:06:49] /m massive water elemental
[11/08/2012 18:06:53] /m massive water elemental
[11/08/2012 18:06:54] /m massive water elemental
[11/08/2012 18:06:54] /m massive water elemental
[11/08/2012 18:06:55] /m massive water elemental
[11/08/2012 18:06:55] /m massive water elemental
[11/08/2012 18:06:55] /m massive water elemental
[11/08/2012 18:06:56] /m massive water elemental
[11/08/2012 18:06:56] /m massive water elemental
[11/08/2012 18:06:57] /m massive water elemental
[11/08/2012 18:07:53] /m water elemental
[11/08/2012 18:08:05] /s rat
[11/08/2012 18:08:09] /s rat
[11/08/2012 18:08:13] /s cyclops
[11/08/2012 18:08:28] /s piton
[11/08/2012 18:09:07] /attr cannotmove
[11/08/2012 18:09:18] /attr cannotmove 1
[11/08/2012 18:09:20] /attr cannotmove 1
[11/08/2012 18:09:22] /attr cannotmove 1
[11/08/2012 18:09:24] /attr cannotmove 1
[11/08/2012 18:09:34] /attr cannotmove
[11/08/2012 18:09:35] /attr cannotmove
[11/08/2012 18:09:37] /attr cannotmove
[11/08/2012 18:09:41] /attr cannotmove
[11/08/2012 18:09:47] /attr cannotmove
[11/08/2012 18:10:02] /attr health -99999
[11/08/2012 18:10:21] /attr health -9999999999
[11/08/2012 18:10:25] /attr health -9999999999
[11/08/2012 18:10:27] /attr health -9999999999
[11/08/2012 18:13:30] /a
[11/08/2012 18:13:31] /a
[11/08/2012 18:13:32] /a
[11/08/2012 18:13:32] /a
[11/08/2012 18:13:33] /a
[11/08/2012 18:13:55] /attr cannotmove
[11/08/2012 18:14:03] /attr cannotmove -9999
[11/08/2012 18:14:24] /a
[11/08/2012 18:14:28] /a 10
[11/08/2012 18:14:29] /a 10
[11/08/2012 18:20:12] /i 2160
[11/08/2012 18:20:13] /i 2160
[11/08/2012 18:20:13] /i 2160
[11/08/2012 18:20:14] /i 2160
[11/08/2012 18:20:14] /i 2160
[11/08/2012 18:20:14] /i 2160
[11/08/2012 18:21:50] /a
[11/08/2012 18:21:51] /a
[11/08/2012 18:22:01] /up
[11/08/2012 18:23:52] /i golden nugget
[11/08/2012 18:35:41] /goto don ramon
[14/08/2012 22:20:41] /goto fercho
[14/08/2012 22:20:55] /a
[14/08/2012 22:20:56] /a
[14/08/2012 22:20:57] /a
[15/08/2012 18:58:07] /ghost
[15/08/2012 18:59:51] /m tarantula
[15/08/2012 18:59:52] /m tarantula
[15/08/2012 18:59:53] /m tarantula
[15/08/2012 18:59:53] /m tarantula
[15/08/2012 18:59:54] /m tarantula
[15/08/2012 18:59:54] /m tarantula
[15/08/2012 18:59:55] /m tarantula
[15/08/2012 18:59:55] /m tarantula
[15/08/2012 18:59:56] /m tarantula
[15/08/2012 19:01:25] /m piton
[15/08/2012 19:04:06] /m paco qliado
[15/08/2012 19:04:12] /m papa piton
[15/08/2012 19:04:21] /r
[15/08/2012 19:04:26] /r
[15/08/2012 19:04:28] /r
[15/08/2012 19:04:29] /r
[15/08/2012 19:04:32] /r
[15/08/2012 19:04:37] /ghost
[16/08/2012 20:56:34] /goto fercho
[16/08/2012 20:59:16] /m mafiry
[16/08/2012 20:59:40] /m piton
[19/08/2012 18:39:34] /a
[19/08/2012 18:39:50] /bc k onda
[19/08/2012 18:41:27] /goto don ramon
[19/08/2012 18:41:51] /s training monk
[19/08/2012 18:42:21] /r
[19/08/2012 18:42:22] /r
[19/08/2012 18:42:30] /r
[19/08/2012 18:48:11] /goto fercho
[19/08/2012 18:48:15] /goto fercho
[19/08/2012 18:48:19] /goto fercho
[19/08/2012 18:48:43] /goto fercho
[19/08/2012 18:54:42] /makesay Don Ramon, si era yo
[19/08/2012 18:55:13] /makesay Don Ramon, si recuerdos pero me gusto mas el bat de beisbol
[19/08/2012 18:57:08] /attr set name "Consolador de Ramon
[19/08/2012 18:57:09] /attr set name "Consolador de Ramon
[19/08/2012 18:58:27] /i dwarven legs
[19/08/2012 18:58:36] /i dwarven armor
[19/08/2012 18:58:54] /i dwarven legs
[19/08/2012 18:59:43] /i amazon armor
[19/08/2012 18:59:47] /i amazon legs
[19/08/2012 18:59:52] /i amazon helmet
[19/08/2012 19:00:26] /i dark helmet
[19/08/2012 19:00:33] /i black shield
[19/08/2012 19:00:40] /i zaoan sword
[19/08/2012 19:00:52] /i 2173
[19/08/2012 19:01:03] /i 10518
[19/08/2012 19:01:12] /i 2127
[19/08/2012 19:01:23] /i 2157
[19/08/2012 19:03:08] /i 9812
[19/08/2012 19:04:13] /i 12319
[19/08/2012 19:04:45] /i 12279
[19/08/2012 19:05:09] /r
[19/08/2012 19:06:53] /i 11394
[19/08/2012 19:07:38] /r
[19/08/2012 19:09:09] /i 11111
[19/08/2012 19:10:28] /i 10943
[19/08/2012 19:10:40] /r
[19/08/2012 19:11:05] /r
[19/08/2012 19:12:29] /i 10570
[19/08/2012 19:13:32] /i 10554
[19/08/2012 19:14:44] /i 10551
[19/08/2012 19:16:08] /i 10313
[19/08/2012 19:16:52] /i 10316
[19/08/2012 19:17:15] /i 10318
[19/08/2012 19:17:59] /i 10364
[19/08/2012 19:18:41] /i 10363
[19/08/2012 19:18:53] /i 10317
[19/08/2012 19:19:39] /i 10296
[19/08/2012 19:21:37] /i 10140
[19/08/2012 19:22:06] /i 10137
[19/08/2012 19:22:51] /i 10139
[19/08/2012 19:23:07] /i 10138
[19/08/2012 19:23:37] /i 10105
[19/08/2012 19:24:15] /i wand of vortex
[19/08/2012 19:24:44] /i 10085
[19/08/2012 19:25:10] /r
[19/08/2012 19:25:23] /i 10067
[19/08/2012 19:25:29] /i spear
[19/08/2012 19:25:44] /i 10061
[19/08/2012 19:27:09] /i 100047
[19/08/2012 19:27:14] /i 10047´
[19/08/2012 19:27:16] /i 10047
[19/08/2012 19:27:44] /i 10046
[19/08/2012 19:28:28] /i 10031
[19/08/2012 19:28:41] /goto fercho
[19/08/2012 19:29:20] /i 10016
[19/08/2012 19:30:33] /i 9698
[19/08/2012 19:30:35] /i 9697
[19/08/2012 19:30:37] /i 9696
[19/08/2012 19:30:51] /i 9695
[19/08/2012 19:30:55] /i 9694
[19/08/2012 19:31:10] /i 9693
[19/08/2012 19:32:32] /mc
[19/08/2012 19:32:38] /goto fercha
[19/08/2012 19:32:45] /goto fercho
[19/08/2012 19:33:36] /i 9692
[19/08/2012 19:34:59] /a 10
[19/08/2012 19:35:06] /a 10
[19/08/2012 19:35:08] /a 10
[19/08/2012 19:35:27] /c fercho
[19/08/2012 19:38:05] /a
[19/08/2012 19:38:14] /goto fercho
[19/08/2012 19:41:50] /bc green: Fercha y Fercho se van a casar.!!!!
[19/08/2012 19:42:06] /bc green; Fercha y Fercho se van a casar.!!!!
[19/08/2012 19:42:12] /bc green; Fercha y Fercho se van a casar.!!!!
[19/08/2012 19:42:14] /bc green; Fercha y Fercho se van a casar.!!!!
[19/08/2012 19:42:14] /bc green; Fercha y Fercho se van a casar.!!!!
[19/08/2012 19:42:35] /bc aww
[19/08/2012 19:43:50] /bc Fercha y Fercho se van a casar y no se han casado por falta dee...??
[19/08/2012 19:45:11] /r
[19/08/2012 19:45:12] /r
[19/08/2012 19:46:55] /s cc
[19/08/2012 19:47:09] /n padre
[19/08/2012 19:47:15] /n priest
[20/08/2012 22:25:08] /t
[24/08/2012 16:18:53] /goto don ramon
[24/08/2012 16:38:45] /goto don ramon
[24/08/2012 16:39:20] /t
[24/08/2012 16:39:35] /goto 160, 54, 7
[24/08/2012 16:39:37] /goto 160, 54, 7
[24/08/2012 16:39:49] /goto 552, 509, 7
[24/08/2012 16:39:56] /a 10
[24/08/2012 16:39:58] /a 10
[24/08/2012 16:39:59] /a
[24/08/2012 16:40:26] /goto don ramon
[24/08/2012 16:42:00] /a 5
[24/08/2012 16:42:02] /a 5
[24/08/2012 16:42:02] /a 5
[24/08/2012 16:42:03] /a 5
[24/08/2012 16:42:03] /a 5
[24/08/2012 16:42:06] /a 5
[24/08/2012 16:42:07] /a 5
[24/08/2012 16:42:07] /a 5
[24/08/2012 16:42:08] /a 5
[24/08/2012 16:42:09] /a 5
[24/08/2012 16:42:09] /a 5
[24/08/2012 16:42:11] /a 5
[24/08/2012 16:42:12] /a 5
[24/08/2012 16:43:38] /a
[24/08/2012 16:43:41] /a
[24/08/2012 16:43:44] /a
[24/08/2012 16:43:45] /a
[24/08/2012 16:43:47] /r
[24/08/2012 16:43:49] /r
[24/08/2012 16:43:51] /r
[24/08/2012 16:43:51] /r
[24/08/2012 16:43:52] /r
[24/08/2012 16:44:41] /t
[24/08/2012 16:45:03] /a
[24/08/2012 16:45:23] /a
[24/08/2012 16:46:33] /down
[24/08/2012 16:47:32] /a
