[08/08/2012 15:46:56] /makesay
[08/08/2012 15:47:06] /makesay fercho, Soy joto a mucha onra
[11/08/2012 21:08:20] /a 2
[11/08/2012 21:15:22] /a
[11/08/2012 21:15:57] /town 2
[11/08/2012 21:16:00] /town 3
[11/08/2012 21:16:02] /town 4
[11/08/2012 21:16:04] /town 5
[11/08/2012 21:16:06] /town 6
[11/08/2012 21:16:08] /town 1
[11/08/2012 21:16:29] /a
[11/08/2012 21:17:36] /a 2
[11/08/2012 21:18:16] /a 5
[11/08/2012 21:18:18] /a 5
[11/08/2012 21:18:24] /a 5
[11/08/2012 21:19:32] /up
[11/08/2012 21:23:02] /t
[11/08/2012 21:26:36] /t
[11/08/2012 21:38:13] /a 2
[11/08/2012 21:41:30] /i exp x2
[11/08/2012 21:58:42] /i 8047
[11/08/2012 22:27:11] /makesay scarface, Soy tan gay k los gays me la pelan
[11/08/2012 22:29:09] /makesay scarface, pinche joto del god
[11/08/2012 22:29:44] /makesay Aqui te la entierro, kaboom
[11/08/2012 22:33:26] /makesay Aqui te la entierro, scarface
[11/08/2012 22:33:33] /makesay Aqui te la entierro, no seas chupabolas
[11/08/2012 22:33:57] /makesay Aqui te la entierro, se
[11/08/2012 22:34:29] /makesay Aqui te la entierro, si
[11/08/2012 22:34:41] /makesay Aqui te la entierro, tus nalgas
[12/08/2012 19:24:59] /a 2
[12/08/2012 21:57:28] /attr set fastattack 20
[12/08/2012 21:57:49] /attr set attackspeed 30
[12/08/2012 21:59:56] /goto Aqui te la entierro
[12/08/2012 22:00:33] /a 2
[12/08/2012 22:03:51] /a 3
[12/08/2012 22:07:03] /r
[12/08/2012 22:07:56] /t
[13/08/2012 21:10:49] /i 8300
[13/08/2012 21:11:06] /i 8300
[13/08/2012 21:11:38] /i 8300
[13/08/2012 21:11:41] /i 8300
[13/08/2012 21:11:46] /i 8300
[13/08/2012 21:12:01] /i 8300
[13/08/2012 21:12:06] /i 8301
[13/08/2012 21:12:16] /goto fercho
[13/08/2012 21:18:33] /makesay
[13/08/2012 21:18:42] /makesay lucho, fercha
[13/08/2012 21:18:48] /makesay lucho, melapelas
[13/08/2012 21:18:53] /makesay lucho, xd
[13/08/2012 21:20:56] /makesay Te mate, pa k me veas en calsones
[13/08/2012 21:22:03] /makesay Te mate, fercho
[13/08/2012 21:22:11] /makesay Te mate, soy joto men
[13/08/2012 21:22:35] /makesay Te mate, kieres el link en la foto que toy en calsones?
[14/08/2012 15:22:31] /a 2
[14/08/2012 15:23:02] /a 2
[14/08/2012 15:23:03] /a 2
[14/08/2012 15:24:06] /a 2
[14/08/2012 15:24:08] /a 2
[14/08/2012 15:24:09] /a 2
[14/08/2012 15:24:12] /a 2
[14/08/2012 15:24:12] /a 2
[14/08/2012 15:24:13] /a 2
[14/08/2012 15:24:14] /a 2
[14/08/2012 15:24:15] /a 2
[14/08/2012 15:24:17] /a 2
[14/08/2012 15:24:17] /a 2
[14/08/2012 15:24:18] /a 2
[14/08/2012 15:24:19] /a 2
[14/08/2012 15:24:20] /a 2
[14/08/2012 15:24:21] /a 2
[14/08/2012 15:24:21] /a 2
[14/08/2012 15:24:23] /a 2
[14/08/2012 15:24:24] /a 2
[14/08/2012 15:24:25] /a 2
[14/08/2012 15:24:26] /a 2
[14/08/2012 15:24:28] /a 2
[14/08/2012 15:24:29] /a 2
[14/08/2012 15:25:48] /a 2
[14/08/2012 15:25:50] /a 2
[14/08/2012 15:26:06] /a 2
[14/08/2012 15:26:09] /a 2
[14/08/2012 15:32:23] /i 7108
[14/08/2012 15:32:32] /i slayer coin
[14/08/2012 15:33:45] /i slayer coin
[14/08/2012 15:33:55] /i slayer coin
[14/08/2012 15:37:08] /r
[14/08/2012 15:37:43] /down
[14/08/2012 15:37:49] /ghost
[14/08/2012 15:39:51] /down
[14/08/2012 15:40:07] /down
[14/08/2012 15:40:12] /a
[14/08/2012 15:48:06] /down 3
[14/08/2012 15:48:22] /a 2
[14/08/2012 15:48:24] /a 2
[14/08/2012 15:48:24] /a 2
[14/08/2012 15:48:26] /a 2
[14/08/2012 15:48:26] /a 2
[14/08/2012 15:48:27] /a 2
[14/08/2012 15:48:29] /a 2
[14/08/2012 15:48:30] /a 2
[14/08/2012 15:48:31] /a 2
[14/08/2012 15:48:34] /a 2
[14/08/2012 15:48:35] /a 2
[14/08/2012 15:48:35] /a 2
[14/08/2012 15:48:36] /a 2
[14/08/2012 15:48:36] /a 2
[14/08/2012 15:48:38] /a 2
[14/08/2012 15:48:39] /a 2
[14/08/2012 15:48:41] /a 2
[14/08/2012 15:48:42] /a 2
[14/08/2012 15:48:42] /a 2
[14/08/2012 15:48:43] /a 2
[14/08/2012 15:48:44] /a 2
[14/08/2012 15:48:44] /a 2
[14/08/2012 15:48:46] /a 2
[14/08/2012 15:48:47] /a 2
[14/08/2012 15:48:48] /a 2
[14/08/2012 15:48:49] /a 2
[14/08/2012 15:48:49] /a 2
[14/08/2012 15:48:50] /a 2
[14/08/2012 15:48:50] /a 2
[14/08/2012 15:48:51] /a 2
[14/08/2012 15:48:51] /a 2
[14/08/2012 15:48:52] /a 2
[14/08/2012 15:48:52] /a 2
[14/08/2012 15:48:53] /a 2
[14/08/2012 15:48:54] /a 2
[14/08/2012 15:48:55] /a 2
[14/08/2012 15:48:56] /a 2
[14/08/2012 15:48:56] /a 2
[14/08/2012 15:48:57] /a 2
[14/08/2012 15:48:59] /a 2
[14/08/2012 15:49:00] /a 2
[14/08/2012 15:49:00] /a 2
[14/08/2012 15:49:01] /a 2
[14/08/2012 15:49:16] /m monk
[14/08/2012 15:49:25] /m monk
[14/08/2012 15:50:14] /a 2
[14/08/2012 15:50:18] /m monk
[14/08/2012 15:50:24] /m monk
[14/08/2012 15:50:27] /a 2
[14/08/2012 15:51:34] /r
[14/08/2012 15:51:43] /r
[14/08/2012 15:51:55] /up
[14/08/2012 15:52:02] /r
[14/08/2012 15:52:07] /i 460
[14/08/2012 15:52:10] /i 460
[14/08/2012 15:52:11] /i 460
[14/08/2012 15:52:13] /i 460
[14/08/2012 15:52:14] /i 460
[14/08/2012 15:52:15] /i 460
[14/08/2012 15:52:17] /i 460
[14/08/2012 15:52:24] /r
[14/08/2012 15:52:27] /a
[14/08/2012 15:52:49] /up
[14/08/2012 15:52:51] /up
[14/08/2012 15:52:53] /a
[14/08/2012 15:52:54] /up
[14/08/2012 15:52:58] /up
[14/08/2012 15:53:02] /up
[14/08/2012 15:53:08] /up
[14/08/2012 15:53:09] /up
[14/08/2012 15:53:24] /r
[14/08/2012 15:53:38] /r
[14/08/2012 15:53:42] /r
[14/08/2012 15:53:44] /r
[14/08/2012 15:53:45] /r
[14/08/2012 15:53:46] /r
[14/08/2012 15:53:47] /r
[14/08/2012 15:53:52] /r
[14/08/2012 15:53:55] /i 460
[14/08/2012 15:53:58] /i 460
[14/08/2012 15:53:59] /i 460
[14/08/2012 15:54:00] /i 460
[14/08/2012 15:54:01] /i 460
[14/08/2012 15:54:02] /i 460
[14/08/2012 15:54:03] /i 460
[14/08/2012 15:54:04] /i 460
[14/08/2012 15:54:05] /i 460
[14/08/2012 15:54:06] /i 460
[14/08/2012 15:54:07] /i 460
[14/08/2012 15:54:11] /i 460
[14/08/2012 15:54:11] /i 460
[14/08/2012 15:54:12] /i 460
[14/08/2012 15:54:17] /i 460
[14/08/2012 15:54:18] /i 460
[14/08/2012 15:54:19] /i 460
[14/08/2012 15:54:19] /i 460
[14/08/2012 15:54:21] /i 460
[14/08/2012 15:54:22] /i 460
[14/08/2012 15:54:22] /i 460
[14/08/2012 15:54:25] /i 460
[14/08/2012 15:54:25] /i 460
[14/08/2012 15:54:26] /i 460
[14/08/2012 15:54:28] /i 460
[14/08/2012 15:54:37] /i 9483
[14/08/2012 15:54:42] /r
[14/08/2012 15:54:52] /i 10765
[14/08/2012 15:54:59] /i 460
[14/08/2012 15:55:10] /i 9857
[14/08/2012 15:55:13] /r
[14/08/2012 21:02:21] /i 460
[14/08/2012 21:02:22] /i 460
[14/08/2012 21:02:23] /a
[14/08/2012 21:02:25] /i 460
[14/08/2012 21:02:27] /i 460
[14/08/2012 21:02:28] /i 460
[14/08/2012 21:02:29] /i 460
[14/08/2012 21:02:29] /i 460
[14/08/2012 21:02:30] /i 460
[14/08/2012 21:02:31] /i 460
[14/08/2012 21:02:32] /i 460
[14/08/2012 21:02:33] /i 460
[14/08/2012 21:02:34] /i 460
[14/08/2012 21:02:34] /i 460
[14/08/2012 21:02:35] /i 460
[14/08/2012 21:02:36] /i 460
[14/08/2012 21:02:37] /i 460
[14/08/2012 21:02:39] /i 460
[14/08/2012 21:02:40] /i 460
[14/08/2012 21:02:41] /i 460
[14/08/2012 21:02:42] /i 460
[14/08/2012 21:02:43] /i 460
[14/08/2012 21:02:46] /i 460
[14/08/2012 21:02:57] /r
[14/08/2012 21:02:58] /r
[14/08/2012 21:02:59] /r
[14/08/2012 21:03:00] /r
[14/08/2012 21:03:01] /r
[14/08/2012 21:03:03] /i 460
[14/08/2012 21:03:05] /i 460
[14/08/2012 21:03:06] /i 460
[14/08/2012 21:03:07] /i 460
[14/08/2012 21:03:08] /i 460
[14/08/2012 21:03:09] /a
[14/08/2012 21:03:10] /i 460
[14/08/2012 21:03:55] /a 2
[14/08/2012 21:03:58] /a 2
[14/08/2012 21:04:00] /a 2
[14/08/2012 21:04:01] /a 2
[14/08/2012 21:05:59] /ghost
[14/08/2012 21:06:01] /t
[14/08/2012 21:19:58] /goto fercho
[14/08/2012 21:20:00] /goto fercho
[14/08/2012 21:20:02] /goto fercho
[14/08/2012 21:20:06] /goto fercho
[14/08/2012 21:20:07] /goto fercho
[14/08/2012 21:20:10] /goto fercho
[14/08/2012 21:20:12] /goto fercho
[14/08/2012 21:21:20] /a 2
[14/08/2012 21:21:21] /a 2
[14/08/2012 21:21:23] /a 2
[14/08/2012 21:21:37] /a 4
[14/08/2012 21:21:38] /a 4
[14/08/2012 21:21:39] /a 4
[14/08/2012 21:21:40] /a 4
[14/08/2012 21:21:46] /a 4
[14/08/2012 21:21:48] /a 4
[14/08/2012 21:21:49] /a 4
[14/08/2012 21:22:03] /newtype 76
[14/08/2012 21:22:04] /newtype 75
[14/08/2012 21:22:06] /newtype 74
[14/08/2012 21:22:10] /newtype 73
[14/08/2012 21:22:11] /newtype 71
[14/08/2012 21:22:12] /newtype 72
[14/08/2012 21:22:16] /newtype 65
[14/08/2012 21:22:18] /newtype 61
[14/08/2012 21:22:29] /newtype 254
[14/08/2012 21:22:32] /newtype 207
[14/08/2012 21:22:34] /newtype 201
[14/08/2012 21:22:37] /newtype 217
[14/08/2012 21:22:39] /newtype 218
[14/08/2012 21:22:40] /newtype 216
[14/08/2012 21:22:42] /newtype 215
[14/08/2012 21:22:43] /newtype 214
[14/08/2012 21:22:44] /newtype 213
[14/08/2012 21:22:46] /newtype 212
[14/08/2012 21:22:47] /newtype 211
[14/08/2012 21:22:50] /newtype 210
[14/08/2012 21:23:01] /newtype 271
[14/08/2012 21:23:02] /newtype 270
[14/08/2012 21:23:42] /stop lucho
[14/08/2012 21:25:39] /newid 1
[14/08/2012 21:25:54] /newid 1429
[14/08/2012 21:26:57] /newid 8740
[14/08/2012 21:27:03] /newid 8047
[14/08/2012 21:27:13] /r
[14/08/2012 21:27:16] /r
[14/08/2012 21:27:58] /newid 3687
[14/08/2012 21:28:11] /ghost
[14/08/2012 21:29:00] /i 3859
[14/08/2012 21:29:15] /newid 3859
[14/08/2012 21:30:51] /newid 3858
[14/08/2012 21:31:23] /newid 1777
[14/08/2012 21:32:17] /a
[14/08/2012 21:32:20] /a
[14/08/2012 21:32:21] /a
[14/08/2012 21:32:26] /a
[14/08/2012 21:32:32] /newid 1642
[14/08/2012 21:32:50] /newid 2157
[14/08/2012 21:36:25] /newid 7122
[14/08/2012 21:37:24] /newid 1774
[14/08/2012 21:37:35] /goto Tham Hell
[14/08/2012 21:40:03] /t
[14/08/2012 21:40:42] /r
[14/08/2012 21:40:46] /newid 1707
[14/08/2012 21:42:47] /newid 9286
[14/08/2012 21:44:34] /goto fercho
[14/08/2012 21:45:01] /a 2
[14/08/2012 21:46:13] /t
[14/08/2012 22:00:18] /i 1115
[14/08/2012 22:00:23] /r
[14/08/2012 22:00:32] /i 11115
[14/08/2012 22:02:19] /newid 2160 100
[14/08/2012 22:02:24] /newid 2160, 100
[14/08/2012 22:02:27] /newid 2160,
[14/08/2012 22:02:29] /newid 2160
[14/08/2012 23:14:51] /a 2
[15/08/2012 18:31:36] /t
[15/08/2012 18:38:26] /newid 5915
[15/08/2012 18:38:30] /r
[15/08/2012 21:44:54] /r
[15/08/2012 21:44:55] /r
[15/08/2012 21:44:58] /r
[15/08/2012 21:45:15] /r
[15/08/2012 21:45:15] /r
[15/08/2012 21:45:16] /r
[15/08/2012 21:45:17] /r
[15/08/2012 21:45:17] /r
[15/08/2012 21:45:18] /r
[15/08/2012 21:45:20] /r 100
[15/08/2012 21:51:12] /a
[15/08/2012 21:51:16] /a
[15/08/2012 21:51:19] /a
[15/08/2012 21:51:22] /a 2
[15/08/2012 21:51:34] /a
[15/08/2012 21:51:56] /a
[15/08/2012 21:52:01] /a
[15/08/2012 21:52:05] /up
[15/08/2012 21:52:12] /a
[15/08/2012 21:52:32] /i ficha de canje
[15/08/2012 21:52:33] /i ficha de canje
[15/08/2012 21:52:45] /a
[15/08/2012 21:52:50] /a
[15/08/2012 21:53:06] /a
[15/08/2012 21:54:21] /a 3
[15/08/2012 21:54:51] /a 2
[15/08/2012 21:55:50] /a 4
[15/08/2012 21:55:51] /a 4
[15/08/2012 21:55:56] /a 4
[15/08/2012 21:56:08] /a 5
[15/08/2012 21:57:40] /r
[15/08/2012 21:57:42] /r
[15/08/2012 21:57:42] /r
[15/08/2012 22:00:03] /t
[15/08/2012 22:13:47] /ghost
[15/08/2012 22:13:54] /t
[16/08/2012 02:22:19] /t
[16/08/2012 02:22:31] /t
[16/08/2012 02:22:44] /t
[16/08/2012 02:22:59] /a 2
[16/08/2012 02:23:12] /a 2
[16/08/2012 02:23:19] /a 2
[16/08/2012 02:23:54] /up
[16/08/2012 02:23:56] /a
[16/08/2012 02:23:57] /up
[16/08/2012 02:24:08] /a 2
[16/08/2012 02:24:18] /up
[16/08/2012 02:24:35] /up
[16/08/2012 02:24:38] /up
[16/08/2012 18:51:48] /t
[16/08/2012 18:53:35] /goto manielll
[16/08/2012 18:53:39] /goto maniell
[16/08/2012 18:53:43] /goto manuelll
[16/08/2012 18:54:22] /c manuelll
[16/08/2012 18:54:27] /ghost
[16/08/2012 18:56:01] /r
[16/08/2012 18:56:03] /r
[16/08/2012 19:08:24] /ghost
[16/08/2012 19:09:50] /a 40
[16/08/2012 19:09:51] /a 40
[16/08/2012 19:09:53] /a 40
[16/08/2012 19:09:54] /a 40
[16/08/2012 19:09:55] /a 40
[16/08/2012 19:09:58] /a 40
[16/08/2012 19:10:04] /a 4
[16/08/2012 19:10:28] /goto kiba
[16/08/2012 19:10:39] /a 15
[16/08/2012 19:10:40] /a 15
[16/08/2012 19:10:41] /a 15
[16/08/2012 19:10:42] /a 15
[16/08/2012 19:10:43] /a 15
[16/08/2012 19:10:43] /a 15
[16/08/2012 19:10:49] /a
[16/08/2012 19:10:52] /ghost
[16/08/2012 19:11:26] /a
[16/08/2012 19:13:38] /newid 9784
[16/08/2012 19:13:49] /r
[16/08/2012 19:15:09] /newid 7590,danonino
[16/08/2012 19:15:17] /newid 7590, danonino
[16/08/2012 19:18:55] /newid 10765
[16/08/2012 19:19:06] /newid 10764
[16/08/2012 19:19:08] /newid 1076
[16/08/2012 19:19:37] /newid 1077
[16/08/2012 19:19:39] /newid 1079
[16/08/2012 19:19:49] /newid 2160
[16/08/2012 19:19:58] /newid 2157
[16/08/2012 19:20:11] /a
[16/08/2012 19:20:28] /a 2
[16/08/2012 19:21:27] /newid 460
[16/08/2012 19:22:31] /a
[16/08/2012 19:23:16] /newid 9286
[16/08/2012 19:26:25] /makesay domino, kiba soy joto
[16/08/2012 19:27:04] /makesay domino, kiba soy joto
[16/08/2012 19:27:23] /makesay danonino, we soy joto
[16/08/2012 19:28:15] /makesay danonino, meteme el fierro
[16/08/2012 19:36:42] /up
[16/08/2012 19:36:49] /up
[16/08/2012 19:36:52] /a 4
[16/08/2012 19:36:54] /up
[16/08/2012 19:36:56] /up
[16/08/2012 19:37:00] /r
[16/08/2012 19:37:04] /i 460
[16/08/2012 19:37:06] /r
[16/08/2012 19:37:11] /i 460
[16/08/2012 19:37:12] /i 460
[16/08/2012 19:37:13] /i 460
[16/08/2012 19:37:15] /i 460
[16/08/2012 19:37:16] /r
[16/08/2012 19:37:17] /r
[16/08/2012 19:37:19] /r
[16/08/2012 19:37:20] /i 460
[16/08/2012 19:37:22] /r
[16/08/2012 19:37:28] /r
[16/08/2012 19:37:33] /i 460
[16/08/2012 19:37:37] /r
[16/08/2012 19:37:39] /r
[16/08/2012 19:37:41] /i 460
[16/08/2012 19:37:41] /i 460
[16/08/2012 19:37:43] /i 460
[16/08/2012 19:37:44] /i 460
[16/08/2012 19:37:45] /i 460
[16/08/2012 19:37:46] /i 460
[16/08/2012 19:37:47] /i 460
[16/08/2012 19:37:47] /i 460
[16/08/2012 19:37:48] /i 460
[16/08/2012 19:37:49] /i 460
[16/08/2012 19:37:50] /i 460
[16/08/2012 19:37:51] /i 460
[16/08/2012 19:37:54] /i 460
[16/08/2012 19:37:55] /i 460
[16/08/2012 19:37:56] /i 460
[16/08/2012 19:37:57] /i 460
[16/08/2012 19:37:58] /i 460
[16/08/2012 19:37:59] /i 460
[16/08/2012 19:38:00] /i 460
[16/08/2012 19:38:01] /a
[16/08/2012 19:38:03] /i 460
[16/08/2012 19:52:50] /ghost
[16/08/2012 19:53:41] /a
[16/08/2012 19:53:43] /a
[16/08/2012 19:53:45] /a
[16/08/2012 19:53:48] /i stone
[16/08/2012 19:53:52] /a
[16/08/2012 19:54:06] /a 4
[16/08/2012 19:55:21] /a 5
[16/08/2012 19:58:56] /up
[16/08/2012 19:58:58] /up
[16/08/2012 19:59:01] /a
[16/08/2012 19:59:02] /up
[16/08/2012 19:59:05] /up
[16/08/2012 19:59:07] /up
[16/08/2012 19:59:09] /up
[16/08/2012 19:59:16] /up
[16/08/2012 19:59:18] /a
[16/08/2012 19:59:21] /up
[18/08/2012 23:11:02] /t
[18/08/2012 23:11:49] /a
[18/08/2012 23:14:35] /r
[18/08/2012 23:15:15] /up
[18/08/2012 23:15:34] /up
[18/08/2012 23:15:36] /up
[18/08/2012 23:15:42] /up
[18/08/2012 23:15:43] /up
[18/08/2012 23:15:44] /up
[18/08/2012 23:16:07] /down
[19/08/2012 00:06:24] /a
[19/08/2012 00:09:03] /r
[19/08/2012 00:09:04] /r
[19/08/2012 00:09:10] /i 116
[19/08/2012 00:09:13] /i 1163
[19/08/2012 00:11:53] /t
[19/08/2012 00:12:02] /clean
[19/08/2012 00:13:39] /a 2
[19/08/2012 00:14:30] /goto fercho
[19/08/2012 00:14:39] /goto fercho
[19/08/2012 00:25:26] /t
[19/08/2012 17:48:13] /t
[19/08/2012 17:58:00] /goto fercho
[19/08/2012 17:59:50] /down
[19/08/2012 18:01:08] /i 8430
[19/08/2012 18:01:14] /i 8430
[19/08/2012 18:01:33] /i 8430
[19/08/2012 18:01:35] /i 4153
[19/08/2012 18:01:43] /i 4153
[19/08/2012 18:01:48] /i 4153
[19/08/2012 18:01:53] /i 4153
[19/08/2012 18:02:10] /i 4153
[19/08/2012 18:02:19] /i 4153
[19/08/2012 18:13:57] /goto fercho
[19/08/2012 18:20:07] /a
[19/08/2012 18:20:09] /a 2
[19/08/2012 18:22:50] /bc green; lol
[19/08/2012 18:25:33] /i 9672
[19/08/2012 18:25:39] /i 9672
[19/08/2012 18:26:00] /i 9673
[19/08/2012 18:26:43] /i 9671
[19/08/2012 18:26:52] /i 9671
[19/08/2012 18:27:11] /i 9883
[19/08/2012 18:27:16] /i 9883
[19/08/2012 18:27:17] /i 9883
[19/08/2012 18:27:18] /i 9883
[19/08/2012 18:27:22] /i 9883
[19/08/2012 18:27:22] /i 9883
[19/08/2012 18:27:23] /i 9883
[19/08/2012 18:27:25] /i 9883
[19/08/2012 18:27:28] /i 9883
[19/08/2012 18:27:28] /i 9883
[19/08/2012 18:27:30] /i 9883
[19/08/2012 18:27:31] /i 9883
[19/08/2012 18:27:32] /i 9883
[19/08/2012 18:27:33] /i 9883
[19/08/2012 18:27:35] /i 9883
[19/08/2012 18:27:36] /i 9883
[19/08/2012 18:27:36] /i 9883
[19/08/2012 18:27:38] /i 9883
[19/08/2012 18:27:38] /i 9883
[19/08/2012 18:27:39] /i 9883
[19/08/2012 18:27:41] /i 9883
[19/08/2012 18:27:43] /i 9883
[19/08/2012 18:27:50] /i 9146
[19/08/2012 18:27:56] /i 9883
[19/08/2012 18:27:57] /i 9883
[19/08/2012 18:27:59] /i 9883
[19/08/2012 18:28:00] /i 9883
[19/08/2012 18:28:01] /i 9883
[19/08/2012 18:28:03] /i 9883
[19/08/2012 18:28:04] /i 9883
[19/08/2012 18:28:05] /i 9883
[19/08/2012 18:28:07] /i 9883
[19/08/2012 18:28:08] /i 9883
[19/08/2012 18:28:09] /i 9883
[19/08/2012 18:28:27] /i 9673
[19/08/2012 18:28:28] /i 9673
[19/08/2012 18:28:29] /i 9673
[19/08/2012 18:28:30] /i 9673
[19/08/2012 18:28:31] /i 9673
[19/08/2012 18:28:32] /i 9673
[19/08/2012 18:28:33] /i 9673
[19/08/2012 18:28:36] /i 9673
[19/08/2012 18:28:37] /i 9673
[19/08/2012 18:28:38] /i 9673
[19/08/2012 18:28:39] /i 9673
[19/08/2012 18:28:39] /i 9673
[19/08/2012 18:28:41] /i 9673
[19/08/2012 18:28:42] /i 9673
[19/08/2012 18:28:43] /i 9673
[19/08/2012 18:28:44] /i 9673
[19/08/2012 18:28:45] /i 9673
[19/08/2012 18:28:46] /i 9673
[19/08/2012 18:28:50] /i 9673
[19/08/2012 18:28:51] /i 9673
[19/08/2012 18:28:53] /i 9673
[20/08/2012 00:32:18] /t
[20/08/2012 23:27:00] /i mexican sword
[20/08/2012 23:27:09] /i mexican sword
[20/08/2012 23:27:15] /i mexcalibur
[20/08/2012 23:27:25] /r 100
[20/08/2012 23:27:40] /attr set attackspeed 80
[20/08/2012 23:27:55] /attr set attackspeed 40
[21/08/2012 16:52:49] /r
[21/08/2012 16:53:17] /a
[21/08/2012 16:54:39] /a 2
[21/08/2012 16:54:41] /a 2
[21/08/2012 16:57:31] /goto lucho
[21/08/2012 16:57:42] /a
[21/08/2012 16:58:04] /a
[21/08/2012 16:58:51] /r
[21/08/2012 21:59:57] /bc green; Si tienes alguna duda, porfavor contacta a alguien del staf usando el comando CTRL+R, tu duda sera atendida por alguien del staff, Gracias
[21/08/2012 22:02:01] /goto muril
[21/08/2012 22:02:24] /town 2
[21/08/2012 22:02:32] /i bag
[21/08/2012 22:02:36] /i voodoo doll
[21/08/2012 22:04:31] /kick muril
[21/08/2012 22:08:59] /goto fercho
[21/08/2012 22:10:45] /town 2
[21/08/2012 22:11:59] /bc lol
[21/08/2012 22:12:22] /bc me dan miedo, justin bieber es un deprabado sexual
[21/08/2012 22:13:05] /bc spam spam
[21/08/2012 22:13:59] /a
[21/08/2012 22:15:35] /bc D:, revelaciones muy fuertes :S quien sigue
[21/08/2012 22:16:03] /bc :o
[21/08/2012 22:16:58] /bc yo tengo el pene grande, kien lo quiere probar D:
[21/08/2012 22:18:35] /bc :O
[21/08/2012 22:19:09] /goto morthis
[21/08/2012 22:19:40] /bc gree; smn te la meto vdd?
[21/08/2012 22:20:10] /goto fercho
[21/08/2012 22:23:49] /town 2
[21/08/2012 22:23:51] /town 1
[21/08/2012 22:23:53] /town 3
[21/08/2012 22:23:54] /town 4
[21/08/2012 22:23:55] /town 3
[21/08/2012 22:24:34] /goto lucho
[21/08/2012 22:31:21] /goto el presidio
[21/08/2012 22:32:55] /goto el presidio
[21/08/2012 22:35:26] /mc
[21/08/2012 22:43:47] /clean
[21/08/2012 22:43:50] /town 5
[21/08/2012 22:43:53] /town 4
[21/08/2012 22:43:55] /town 9
[21/08/2012 22:43:57] /town 8
[21/08/2012 22:43:59] /town 7
[21/08/2012 22:44:02] /town 8
[21/08/2012 22:48:15] /a
[21/08/2012 22:48:23] /i water
[21/08/2012 22:48:25] /i water
[21/08/2012 22:48:26] /i water
[21/08/2012 22:48:28] /i water
[21/08/2012 22:48:29] /i water
[21/08/2012 22:48:32] /r
[21/08/2012 22:48:33] /r
[21/08/2012 22:48:36] /r
[21/08/2012 22:48:40] /i water
[21/08/2012 22:48:42] /i water
[21/08/2012 22:48:43] /i water
[21/08/2012 22:48:44] /i water
[21/08/2012 22:48:45] /i water
[21/08/2012 22:48:46] /i water
[21/08/2012 22:48:51] /i water
[21/08/2012 22:48:53] /a 2
[21/08/2012 22:48:55] /i water
[21/08/2012 22:48:56] /i water
[21/08/2012 22:48:57] /i water
[21/08/2012 22:48:59] /i water
[21/08/2012 22:49:00] /i water
[21/08/2012 22:49:03] /i water
[22/08/2012 15:01:44] /r
[22/08/2012 15:02:14] /town 10
[22/08/2012 15:03:54] /town 11
[22/08/2012 15:03:56] /town 10
[22/08/2012 15:05:16] /a 2
[22/08/2012 15:05:44] /i magic wall rune
[22/08/2012 19:51:37] /t
[22/08/2012 19:51:42] /town 7
[22/08/2012 20:18:24] /t
[23/08/2012 18:27:00] /a 2
[23/08/2012 18:27:03] /a 2
[23/08/2012 18:27:05] /a 2
[23/08/2012 18:27:06] /a 2
[23/08/2012 18:27:07] /a 2
[23/08/2012 18:27:09] /a 2
[23/08/2012 18:27:09] /a 2
[23/08/2012 18:27:10] /a 2
[23/08/2012 18:27:11] /a 2
[23/08/2012 18:27:11] /a 2
[23/08/2012 18:27:12] /a 2
[23/08/2012 18:27:13] /a 2
[23/08/2012 18:27:13] /a 2
[23/08/2012 18:27:14] /a 2
[23/08/2012 18:27:15] /a 2
[23/08/2012 18:27:15] /a 2
[23/08/2012 18:27:16] /a 2
[23/08/2012 18:27:17] /a 2
[23/08/2012 18:27:21] /a 2
[23/08/2012 18:27:22] /a 2
[23/08/2012 18:27:23] /a 2
[23/08/2012 18:27:24] /a 2
[23/08/2012 18:27:24] /a 2
[24/08/2012 14:08:18] /goto destrosa panochas
[24/08/2012 14:08:25] /goto destrosa panochas
[24/08/2012 14:09:03] /goto te mate
[24/08/2012 14:18:06] /goto te mate
[24/08/2012 14:18:09] /goto te mate
[24/08/2012 15:57:37] /bc green; Si tienes alguna duda, queja o sugerencia. Contacata al god (CTRL+R)
[26/08/2012 02:06:21] /a
[26/08/2012 02:07:13] /a
[26/08/2012 02:07:19] /a
[26/08/2012 02:07:36] /a
[26/08/2012 02:07:39] /a
[26/08/2012 02:07:40] /a
[26/08/2012 02:07:44] /a 2
[26/08/2012 02:07:46] /a 2
[26/08/2012 02:07:47] /a 2
[26/08/2012 02:08:06] /a 2
[26/08/2012 02:08:11] /a 2
[26/08/2012 02:12:23] /a
[26/08/2012 02:12:29] /a
[26/08/2012 02:12:38] /a
[26/08/2012 02:12:40] /a
[26/08/2012 02:12:43] /a
