[15/07/2012 12:31:41] /ghost
[15/07/2012 12:33:05] /goto fercho
[15/07/2012 12:33:12] /goto fercho
[15/07/2012 12:33:19] /goto fercho
[15/07/2012 12:38:13] /a 2
[15/07/2012 12:39:11] /a 2
[16/07/2012 14:59:14] /ghost
[16/07/2012 14:59:30] /ghost
[16/07/2012 15:05:53] /a 2
[16/07/2012 15:06:18] /a 5
[16/07/2012 15:06:29] /c benito camelas
[16/07/2012 15:06:37] /c benito camelas
[16/07/2012 15:06:38] /c benito camelas
[16/07/2012 15:06:40] /c benito camelas
[16/07/2012 15:06:42] /c benito camelas
[16/07/2012 15:06:43] /c benito camelas
[16/07/2012 15:06:45] /c benito camelas
[16/07/2012 15:06:47] /c benito camelas
[16/07/2012 15:06:49] /c benito camelas
[16/07/2012 15:06:55] /c benito camelas
[16/07/2012 15:06:58] /c benito camelas
[16/07/2012 15:07:00] /c benito camelas
[16/07/2012 15:07:04] /c benito camelas
[16/07/2012 15:07:07] /c benito camelas
[16/07/2012 15:07:12] /c benito camelas
[16/07/2012 15:07:17] /c benito camelas
[16/07/2012 15:07:20] /c benito camelas
[16/07/2012 15:07:21] /c benito camelas
[16/07/2012 15:07:24] /c benito camelas
[16/07/2012 15:07:26] /c benito camelas
[16/07/2012 15:07:30] /c benito camelas
[16/07/2012 15:07:32] /c benito camelas
[16/07/2012 15:07:36] /c benito camelas
[16/07/2012 15:07:40] /c benito camelas
[16/07/2012 15:07:43] /c benito camelas
[16/07/2012 15:07:46] /c benito camelas
[16/07/2012 15:07:49] /c benito camelas
[16/07/2012 15:07:51] /c benito camelas
[16/07/2012 15:07:53] /c benito camelas
[16/07/2012 15:07:54] /c benito camelas
[16/07/2012 15:07:57] /c benito camelas
[16/07/2012 15:07:58] /c benito camelas
[16/07/2012 15:08:00] /c benito camelas
[16/07/2012 15:08:04] /c benito camelas
[16/07/2012 15:08:07] /c benito camelas
[16/07/2012 15:08:09] /c benito camelas
[16/07/2012 15:08:11] /c benito camelas
[16/07/2012 15:08:13] /c benito camelas
[16/07/2012 15:08:15] /c benito camelas
[16/07/2012 15:08:16] /c benito camelas
[16/07/2012 15:08:18] /c benito camelas
[16/07/2012 15:08:20] /c benito camelas
[16/07/2012 15:08:25] /t
