[04/07/2012 22:08:44] /up
[04/07/2012 22:08:51] /c Rebecca Starfire
[04/07/2012 22:09:03] /t Rebecca Starfire
[04/07/2012 22:09:04] /t
[04/07/2012 22:09:23] /up
[04/07/2012 22:09:25] /c Rebecca Starfire
[04/07/2012 22:10:12] /t Rebecca Starfire
[04/07/2012 22:10:13] /t
[04/07/2012 22:11:58] /a
[04/07/2012 22:11:58] /a
[04/07/2012 22:12:05] /i 8020
[04/07/2012 22:12:07] /r
[04/07/2012 22:12:10] /i 9020
[04/07/2012 22:13:17] /r
[04/07/2012 22:13:18] /r
[04/07/2012 22:13:20] /r
[04/07/2012 22:13:42] !spy Rebecca Starfire
[04/07/2012 22:17:41] /reload talkactions
[04/07/2012 22:19:38] /newid  9144
[04/07/2012 22:20:04] /clean
[04/07/2012 22:20:47] /i fire bug
[04/07/2012 22:20:59] !spy Rebecca Starfire
[04/07/2012 22:22:49] /newid 5751
[04/07/2012 22:24:03] /newid  5771
[04/07/2012 22:26:18] /newid 2160
[04/07/2012 22:27:07] /a
[04/07/2012 22:27:08] /r
[04/07/2012 22:29:42] /a
[04/07/2012 22:29:52] /reload monsters
[04/07/2012 22:30:09] /m crystal
[04/07/2012 22:30:10] /m crystal
[04/07/2012 22:37:04] /reload mosnters
[04/07/2012 22:37:08] /reload monsters
[04/07/2012 22:38:13] /newid 11090
[04/07/2012 22:38:19] /newid 11090
[04/07/2012 22:38:28] /newid  9020
[04/07/2012 22:38:35] /a
[04/07/2012 22:40:15] /b royal killer
[04/07/2012 22:40:19] /n royal killer
[04/07/2012 22:49:47] /t
[04/07/2012 22:50:00] /attr health 99999999
[04/07/2012 22:51:25] /kick lusifer
[04/07/2012 23:05:08] /reload mosnters
[04/07/2012 23:05:12] /reload monsters
[04/07/2012 23:07:04] /a
[04/07/2012 23:07:14] /a 2
[04/07/2012 23:07:30] /attr health -9999999
[04/07/2012 23:08:30] /a
[04/07/2012 23:08:40] /reload monsters
[04/07/2012 23:10:46] /reload monsters
[04/07/2012 23:12:03] /reload monsters
[04/07/2012 23:14:03] /reload monsters
[04/07/2012 23:15:22] /reload monsters
[04/07/2012 23:15:27] /reload monsters
[04/07/2012 23:15:31] /a
[04/07/2012 23:15:37] /m crystal
[04/07/2012 23:15:39] /r
[04/07/2012 23:15:42] /a
[04/07/2012 23:17:03] /reload monsters
[04/07/2012 23:17:09] /goto lusifer
[04/07/2012 23:17:17] /m crystal
[04/07/2012 23:17:29] /m blade
[04/07/2012 23:18:07] /attr health -999999
[04/07/2012 23:18:09] /attr health -999999
[04/07/2012 23:18:09] /attr health -999999
[04/07/2012 23:18:10] /attr health -999999
[04/07/2012 23:18:11] /attr health -999999999
[04/07/2012 23:18:18] /r
[04/07/2012 23:19:33] /reload monsters
[04/07/2012 23:19:38] /m crystal
[04/07/2012 23:24:35] /t
[04/07/2012 23:26:05] /goto odlanyer
[04/07/2012 23:26:13] /goto don ramon
[04/07/2012 23:30:32] /reload monsters
[04/07/2012 23:30:46] /m cosa rrara
[04/07/2012 23:30:58] /m peludin
[04/07/2012 23:30:59] /m peludin
[04/07/2012 23:31:00] /m peludin
[04/07/2012 23:31:39] /m cosa rrara
[04/07/2012 23:31:42] /reload monsters
[04/07/2012 23:31:47] /m peludin
[04/07/2012 23:40:32] /m tortuga guardoan
[04/07/2012 23:40:34] /m tortuga guardian
[04/07/2012 23:42:28] /r
[04/07/2012 23:44:21] /t
[04/07/2012 23:44:33] /goto Eagost panis 
[04/07/2012 23:44:46] /mc
[04/07/2012 23:45:09] /m peludin
[04/07/2012 23:46:28] /s bloquer
[04/07/2012 23:46:57] /r
[04/07/2012 23:47:08] /m crystal
[04/07/2012 23:47:17] /r
[04/07/2012 23:47:21] /r
[04/07/2012 23:47:32] /goto lusifer
[04/07/2012 23:56:35] /i 1254
[04/07/2012 23:56:38] /r
[05/07/2012 00:08:01] /reload monsters
[05/07/2012 00:08:07] /m puerta
[05/07/2012 00:08:12] /t
[05/07/2012 00:08:18] /goto lusifer
[05/07/2012 00:08:20] /a
[05/07/2012 00:08:23] /r
[05/07/2012 00:08:26] /r
[05/07/2012 00:08:28] /r
[05/07/2012 00:08:36] /m puerta
[05/07/2012 00:09:55] /attr set attack 555555555
[05/07/2012 00:10:20] /t
[05/07/2012 00:11:46] /r
[05/07/2012 00:11:52] /reload monsters
[05/07/2012 00:11:58] /s lusifer
[05/07/2012 00:12:02] /c lusifer
[05/07/2012 00:12:12] /m puerta
[05/07/2012 00:12:36] /m peludin
[05/07/2012 00:13:34] /i vip flame
[05/07/2012 00:16:54] /t
[05/07/2012 00:17:07] /a 10
[05/07/2012 00:17:14] /goto don rmaon
[05/07/2012 00:17:16] /goto don ramon
[05/07/2012 00:19:11] /attr group 6
[05/07/2012 00:20:10] /attr group 7
[05/07/2012 00:20:18] /attr group 8
[05/07/2012 00:20:24] /attr group 9
[05/07/2012 00:20:27] /attr group 10
[05/07/2012 00:21:00] /attr group 9
[05/07/2012 00:21:04] /attr group 10
[05/07/2012 00:21:48] /attr group 11
[05/07/2012 00:21:50] /attr group 11
[05/07/2012 00:23:12] /attr group 9
[05/07/2012 00:23:15] /attr group 
[05/07/2012 00:23:48] /attr group 5
[05/07/2012 00:24:17] /attr group 12
[05/07/2012 00:24:24] /attr group 11
[05/07/2012 00:25:11] /attr group 11\
[05/07/2012 00:25:54] /attr group 9
[05/07/2012 00:25:56] /attr group 9
[05/07/2012 00:27:07] /a
[05/07/2012 00:27:09] /a
[05/07/2012 00:28:33] /a
[05/07/2012 00:28:35] /a
[05/07/2012 00:29:54] /a
[05/07/2012 00:29:54] /a
[05/07/2012 00:29:55] /a
[05/07/2012 00:29:55] /a
[05/07/2012 00:29:59] /a
[05/07/2012 00:29:59] /a
[05/07/2012 00:30:00] /a
[05/07/2012 00:30:00] /a
[05/07/2012 00:30:01] /a
[05/07/2012 00:30:02] /a
[05/07/2012 00:30:03] /a
[05/07/2012 00:30:04] /a
[05/07/2012 00:30:04] /a
[05/07/2012 00:30:05] /a
[05/07/2012 00:30:34] /namex Don Ramon, Soy puta
[05/07/2012 00:36:50] /stop fernando
[05/07/2012 00:37:41] /attr set attack 55555555555555
[05/07/2012 00:37:46] /attr set extraattack 55555555555555
[05/07/2012 00:38:01] /attr set extradefense 55555555555555
[05/07/2012 00:38:09] /attr set defense 55555555555555
[05/07/2012 00:38:16] /attr set name
[05/07/2012 00:38:22] /attr set name "Fercho Sword
[05/07/2012 00:38:46] /attr set description "Si te toca te rompe el culo
[05/07/2012 00:39:33] /attr set name "Fercho sword
[05/07/2012 00:40:26] /m peludin
[05/07/2012 00:40:37] /m fuck
[05/07/2012 00:40:47] /m puerta
[05/07/2012 00:40:57] /m blade
[05/07/2012 00:41:33] /i 9020
[05/07/2012 00:43:21] /stop fernando
[05/07/2012 00:44:10] /m crystal
[05/07/2012 00:44:14] /s training monk
[05/07/2012 00:46:33] /r
[05/07/2012 00:47:05] /m puta
[05/07/2012 00:48:33] /reload spells
[05/07/2012 00:48:40] /reload monsters
[05/07/2012 00:48:45] /m 
[05/07/2012 00:48:48] /m   
[05/07/2012 00:49:34] /m crystal
[05/07/2012 00:51:04] /i ice cube
[05/07/2012 00:54:36] /i 2310
[05/07/2012 01:01:32] /i 7428
[05/07/2012 01:02:42] /i 7121
[05/07/2012 01:02:44] /i 7121
[05/07/2012 01:03:02] /i 7121
[05/07/2012 01:03:07] /i 7121
[05/07/2012 01:03:08] /i 7121
[05/07/2012 01:03:09] /i 7121
[05/07/2012 01:03:10] /i 7121
[05/07/2012 01:03:11] /i 7121
[05/07/2012 01:03:12] /i 7121
[05/07/2012 01:03:14] /i 7121
[05/07/2012 01:03:16] /i 7123
[05/07/2012 01:03:21] /r
[05/07/2012 01:03:24] /r
[05/07/2012 01:03:29] /i 7124
[05/07/2012 01:03:32] /r
[05/07/2012 01:03:38] /i 7132
[05/07/2012 01:04:43] /i 7121
[05/07/2012 01:04:44] /i 7121
[05/07/2012 01:04:47] /i 7121
[05/07/2012 01:04:47] /i 7121
[05/07/2012 01:06:18] /i 7121
[05/07/2012 01:06:19] /i 7121
[05/07/2012 01:06:20] /i 7121
[05/07/2012 01:06:21] /i 7121
[05/07/2012 01:06:22] /i 7121
[05/07/2012 01:06:23] /i 7121
[05/07/2012 01:06:24] /i 7121
[05/07/2012 01:06:26] /i 7121
[05/07/2012 01:06:27] /i 7121
[05/07/2012 01:06:28] /i 7121
[05/07/2012 01:06:29] /i 7121
[05/07/2012 01:06:30] /i 7121
[05/07/2012 01:06:31] /i 7121
[05/07/2012 01:06:33] /i 7121
[05/07/2012 01:06:34] /i 7121
[05/07/2012 01:06:35] /i 7121
[05/07/2012 01:06:37] /i 7121
[05/07/2012 01:06:40] /i 7121
[05/07/2012 01:06:43] /i 7125
[05/07/2012 01:06:45] /i 7122
[05/07/2012 01:06:47] /i 7126
[05/07/2012 01:06:51] /r
[05/07/2012 01:06:56] /i 7125
[05/07/2012 01:13:17] /r
[05/07/2012 01:13:23] /i 7126
[05/07/2012 01:13:26] /r
[05/07/2012 01:13:29] /i 7125
[05/07/2012 01:13:31] /r
[05/07/2012 01:13:34] /i 7124
[05/07/2012 01:13:38] /i 7122
[05/07/2012 01:13:40] /r
[05/07/2012 01:13:43] /i 7121
[05/07/2012 01:13:44] /i 7121
[05/07/2012 01:15:05] /r
[05/07/2012 01:15:07] /r
[05/07/2012 01:15:08] /r
[05/07/2012 01:15:12] /i 7121
[05/07/2012 01:15:13] /i 7121
[05/07/2012 01:15:14] /i 7121
[05/07/2012 01:15:15] /i 7121
[05/07/2012 01:15:16] /i 7121
[05/07/2012 01:15:17] /i 7121
[05/07/2012 01:15:18] /i 7121
[05/07/2012 01:15:19] /i 7121
[05/07/2012 01:15:20] /i 7121
[05/07/2012 01:15:21] /i 7121
[05/07/2012 01:15:22] /i 7121
[05/07/2012 01:15:23] /i 7121
[05/07/2012 01:16:00] /i 7121
[05/07/2012 01:16:01] /i 7121
[05/07/2012 01:16:02] /i 7121
[05/07/2012 01:16:03] /i 7121
[05/07/2012 01:16:04] /i 7121
[05/07/2012 01:16:05] /i 7121
[05/07/2012 01:16:06] /i 7121
[05/07/2012 01:16:07] /i 7121
[05/07/2012 01:16:09] /i 7121
[05/07/2012 01:16:10] /i 7121
[05/07/2012 01:16:11] /i 7121
[05/07/2012 01:16:12] /i 7121
[05/07/2012 01:16:13] /i 7121
[05/07/2012 01:16:14] /i 7121
[05/07/2012 01:16:15] /i 7121
[05/07/2012 01:16:16] /i 7121
[05/07/2012 01:16:17] /i 7121
[05/07/2012 01:16:18] /i 7121
[05/07/2012 01:16:19] /i 7121
[05/07/2012 01:16:20] /i 7121
[05/07/2012 01:16:21] /i 7121
[05/07/2012 01:16:22] /i 7121
[05/07/2012 01:16:23] /i 7121
[05/07/2012 01:16:24] /i 7121
[05/07/2012 01:16:25] /i 7121
[05/07/2012 01:16:26] /i 7121
[05/07/2012 01:16:27] /i 7121
[05/07/2012 01:16:28] /i 7121
[05/07/2012 01:16:29] /i 7121
[05/07/2012 01:16:31] /i 7121
[05/07/2012 01:16:33] /i 7123
[05/07/2012 01:16:34] /r
[05/07/2012 01:16:35] /r
[05/07/2012 01:17:18] /i 7124
[05/07/2012 01:17:21] /r
[05/07/2012 01:17:23] /i 7125
[05/07/2012 01:17:24] /r
[05/07/2012 01:17:28] /i 7126
[05/07/2012 01:17:30] /i 7122
[05/07/2012 01:18:35] /a
[05/07/2012 01:18:51] /i 7121
[05/07/2012 01:18:53] /i 7121
[05/07/2012 01:19:24] /i 7121
[05/07/2012 01:19:27] /r
[05/07/2012 01:19:29] /r
[05/07/2012 01:19:32] /i 7121
[05/07/2012 01:19:55] /r
[05/07/2012 01:48:32] /t
[05/07/2012 01:48:39] /a
[05/07/2012 01:48:50] /n royal killer
[05/07/2012 01:48:53] /ghost
[05/07/2012 01:48:54] /n royal killer
[05/07/2012 01:48:56] /a
[05/07/2012 01:48:59] /ghost
[05/07/2012 01:49:17] /goto Master Larry Paly 
[05/07/2012 01:49:36] /goto  odlanyer
[05/07/2012 01:55:35] /a
[05/07/2012 01:56:02] /up
[05/07/2012 02:06:16] /r
[05/07/2012 02:06:58] /r
[05/07/2012 02:07:01] /r 100
[05/07/2012 02:12:08] /i 331
[05/07/2012 02:12:13] /i 3331
[05/07/2012 02:16:41] /clean
[05/07/2012 02:23:03] /attr mana 500
[05/07/2012 02:23:04] /attr mana 500
[05/07/2012 02:23:05] /attr mana 500
[05/07/2012 02:23:06] /attr mana 500
[05/07/2012 02:23:07] /attr mana 500
[05/07/2012 02:23:08] /attr mana 500
[05/07/2012 02:23:13] /attr mana 500
[05/07/2012 02:23:18] /attr mana 500
[05/07/2012 02:28:58] /m peludin
[05/07/2012 02:29:55] /m purta
[05/07/2012 02:29:59] /m puerta
[05/07/2012 02:31:40] /a
[05/07/2012 02:34:36] /goto odlanyer
[05/07/2012 02:37:05] /down
[05/07/2012 02:37:07] /down
[05/07/2012 02:37:08] /down
[05/07/2012 02:37:11] /up
[05/07/2012 02:37:12] /up
[05/07/2012 02:37:19] /a 10
[05/07/2012 02:37:26] /up
[05/07/2012 02:37:27] /up
[05/07/2012 02:37:28] /up
[05/07/2012 02:37:29] /up
[05/07/2012 02:37:31] /a 10
[05/07/2012 02:37:39] /goto odlanyeer
[05/07/2012 02:37:41] /goto odlanyer
[05/07/2012 02:37:51] /c odlanye
[05/07/2012 02:37:54] /c odlanyer
[05/07/2012 02:37:59] /a
[05/07/2012 02:38:01] /a
[05/07/2012 02:38:09] /a
[05/07/2012 02:38:10] /a
[05/07/2012 02:38:18] /r
[05/07/2012 02:39:22] /attr action 7965
[05/07/2012 02:39:37] /r
[05/07/2012 02:40:12] /t
[05/07/2012 02:40:17] /goto odlanyer
[05/07/2012 02:40:21] /i 12613
[05/07/2012 02:40:30] /attr action 7965
[05/07/2012 02:40:42] /i 7965
[05/07/2012 02:40:48] /i 7965aa
[05/07/2012 02:41:09] /attr uniqueid 7965
[05/07/2012 02:41:14] /attr uniqueid 7965
[05/07/2012 02:42:18] /t
[05/07/2012 02:58:00] /m perro
[05/07/2012 02:59:41] /m looter
[05/07/2012 03:34:32] /i 7735
[05/07/2012 11:03:48] /r
[05/07/2012 11:03:51] /r
[05/07/2012 11:04:38] /r
[05/07/2012 11:04:39] /r
[05/07/2012 11:04:41] /r
[05/07/2012 11:05:52] /r
[05/07/2012 11:06:10] /clean
[05/07/2012 11:06:19] /r
[05/07/2012 11:06:21] /r
[05/07/2012 11:06:27] /r
[05/07/2012 11:06:28] /r
[05/07/2012 11:06:35] /i 1591
[05/07/2012 11:08:47] /a
[05/07/2012 11:11:53] /i vip flame
[05/07/2012 11:20:33] /i 2157
[05/07/2012 11:21:21] /r
[05/07/2012 11:21:22] /r
[05/07/2012 11:21:24] /r
[05/07/2012 11:21:30] /r
[05/07/2012 11:24:37] /goto coyotejo
[05/07/2012 11:24:45] /goto coyotecojo
[05/07/2012 11:25:09] /m puta
[05/07/2012 11:25:16] /s puta
[05/07/2012 11:25:17] /s puta
[05/07/2012 11:25:18] /s puta
[05/07/2012 11:25:19] /s puta
[05/07/2012 11:25:21] /s puta
[05/07/2012 11:25:22] /s puta
[05/07/2012 11:25:22] /s puta
[05/07/2012 11:25:23] /s puta
[05/07/2012 11:25:24] /s puta
[05/07/2012 11:25:24] /s puta
[05/07/2012 11:25:25] /s puta
[05/07/2012 11:25:25] /s puta
[05/07/2012 11:25:26] /s puta
[05/07/2012 11:25:27] /s puta
[05/07/2012 11:25:27] /s puta
[05/07/2012 11:25:28] /s puta
[05/07/2012 11:25:29] /s puta
[05/07/2012 11:25:29] /s puta
[05/07/2012 11:25:30] /s puta
[05/07/2012 11:25:31] /s puta
[05/07/2012 11:25:36] /m cucaracho
[05/07/2012 11:25:56] /t
[05/07/2012 11:26:06] /r
[05/07/2012 11:26:28] /clean
[05/07/2012 11:26:32] /r
[05/07/2012 11:26:33] /r
[05/07/2012 11:26:44] /s cucaracho
[05/07/2012 11:27:15] /s cucaracho
[05/07/2012 11:27:34] /s cucaracho
[05/07/2012 11:29:06] /i royal star
[05/07/2012 11:30:12] /reload actions mm
[05/07/2012 11:30:24] /a 5
[05/07/2012 11:30:29] /a 50
[05/07/2012 11:30:48] /a 5
[05/07/2012 11:30:49] /a 5
[05/07/2012 11:30:51] /a 5
[05/07/2012 11:30:52] /a 5
[05/07/2012 11:30:55] /a 5
[05/07/2012 11:30:56] /a 5
[05/07/2012 11:30:56] /a 5
[05/07/2012 11:30:57] /a 5
[05/07/2012 11:30:57] /a 5
[05/07/2012 11:30:58] /a 5
[05/07/2012 11:30:59] /a 5
[05/07/2012 11:30:59] /a 5
[05/07/2012 11:31:00] /a 5
[05/07/2012 11:31:01] /a 5
[05/07/2012 11:31:02] /a 5
[05/07/2012 11:31:02] /a 5
[05/07/2012 11:31:03] /a 5
[05/07/2012 11:31:04] /a 5
[05/07/2012 11:31:04] /a 5
[05/07/2012 11:31:05] /a 5
[05/07/2012 11:31:16] /a
[05/07/2012 11:31:20] /a 2
[05/07/2012 11:31:28] /a 10
[05/07/2012 11:31:29] /a 10
[05/07/2012 11:31:30] /a 10
[05/07/2012 11:31:31] /a 10
[05/07/2012 11:31:32] /a 10
[05/07/2012 11:31:34] /a 10
[05/07/2012 11:31:35] /a 10
[05/07/2012 11:31:35] /a 10
[05/07/2012 11:31:53] /r
[05/07/2012 11:32:04] /r
[05/07/2012 11:34:30] /attr action 12391]
[05/07/2012 11:34:35] /attr action 12391
[05/07/2012 11:34:41] /attr uniqueid 12391
[05/07/2012 11:34:52] /attr uniqueid 12391
[05/07/2012 11:34:59] /attr unique 12391
[05/07/2012 11:35:12] /attr ui 12391
[05/07/2012 11:35:39] /attr ui 12391
[05/07/2012 11:37:23] /reload actions
[05/07/2012 11:37:36] /r
[05/07/2012 11:38:05] /attr UniqueID 12608
[05/07/2012 11:38:09] /attr UniqueID 12608
[05/07/2012 12:33:19] /a 10
[05/07/2012 12:33:47] /a 10
[05/07/2012 12:33:49] /a 10
[05/07/2012 12:33:51] /a 10
[05/07/2012 12:33:52] /a 10
[05/07/2012 12:33:54] /down
[05/07/2012 12:36:15] /t
[05/07/2012 12:36:52] /t
[05/07/2012 12:37:10] /a
[05/07/2012 12:38:24] /a 10
[05/07/2012 12:38:29] /a 100
[05/07/2012 12:38:32] /a 10
[05/07/2012 12:38:33] /a 10
[05/07/2012 12:38:33] /a 10
[05/07/2012 12:38:34] /a 10
[05/07/2012 12:38:34] /a 10
[05/07/2012 12:38:35] /a 10
[05/07/2012 12:38:35] /a 10
[05/07/2012 12:38:36] /a 10
[05/07/2012 12:38:36] /a 10
[05/07/2012 12:38:37] /a 10
[05/07/2012 12:38:38] /a 10
[05/07/2012 12:38:39] /a 10
[05/07/2012 12:38:41] /a 10
[05/07/2012 12:38:47] /a 10
[05/07/2012 12:38:49] /a 10
[05/07/2012 12:39:53] /c Master Larry Paly
[05/07/2012 12:41:01] /attr mana 50
[05/07/2012 12:41:01] /attr mana 50
[05/07/2012 12:41:02] /attr mana 50
[05/07/2012 12:41:02] /attr mana 50
[05/07/2012 12:41:03] /attr mana 50
[05/07/2012 12:41:03] /attr mana 50
[05/07/2012 12:41:05] /t
[05/07/2012 12:47:02] /attr mana 9999999
[05/07/2012 12:47:03] /attr mana 9999999
[05/07/2012 12:47:03] /attr mana 9999999
[05/07/2012 12:47:04] /attr mana 9999999
[05/07/2012 12:47:05] /attr mana 9999999
[05/07/2012 12:47:05] /attr mana 9999999
[05/07/2012 12:47:06] /attr mana 9999999
[05/07/2012 13:05:15] /goto jorgh bush
[05/07/2012 13:07:47] /goto peludin
[05/07/2012 13:14:37] /r 100
[05/07/2012 13:14:47] /i royal armor
[05/07/2012 13:14:52] /i royal ;egs
[05/07/2012 13:14:55] /i royal legs
[05/07/2012 13:15:03] /i royal helmet
[05/07/2012 13:15:07] /r
[05/07/2012 13:15:12] /i 12604
[05/07/2012 13:15:16] /i 12605$
[05/07/2012 13:15:18] /i 12605
[05/07/2012 13:15:21] /i 12606
[05/07/2012 13:15:23] /i 12606
[05/07/2012 13:15:26] /r
[05/07/2012 13:15:29] /i 12607\
[05/07/2012 13:15:30] /i 12607
[05/07/2012 13:15:37] /i 12608
[05/07/2012 13:15:51] /i 12609
[05/07/2012 13:15:58] /i 12610
[05/07/2012 13:16:03] /i 12611
[05/07/2012 13:16:10] /r
[05/07/2012 13:16:13] /i 12603
[05/07/2012 13:16:55] /r
[05/07/2012 13:17:00] /r
[05/07/2012 13:17:03] /r
[05/07/2012 13:17:05] /r
[05/07/2012 13:17:06] /r
[05/07/2012 13:17:07] /r
[05/07/2012 13:17:08] /r
[05/07/2012 13:17:10] /r
[05/07/2012 13:17:19] /r
[05/07/2012 13:17:21] /r
[05/07/2012 13:20:44] /i royal star
[05/07/2012 13:34:01] /r
[05/07/2012 13:40:04] /i 12609
[05/07/2012 13:40:07] /i 12608
[05/07/2012 13:40:12] /r
[05/07/2012 13:40:48] /bc green ;resetttt
[05/07/2012 13:40:49] /t
[05/07/2012 13:41:02] /bc green ;reset entren en 2 min
[05/07/2012 13:41:05] /bc green ;reset entren en 2 min googog
[05/07/2012 13:45:10] /goto peludin
[05/07/2012 13:48:01] /c Master Larry Paly
[05/07/2012 13:48:07] /t
[05/07/2012 13:51:22] /reload actions
[05/07/2012 13:51:29] /goto peludin
[05/07/2012 13:53:02] /goto king protector
[05/07/2012 13:53:13] /r
[05/07/2012 13:53:16] /r
[05/07/2012 13:53:30] /r
[05/07/2012 13:53:33] /r
[05/07/2012 13:53:37] /r
[05/07/2012 13:53:40] /r
[05/07/2012 13:53:47] /r 100
[05/07/2012 13:54:58] /reload actions
[05/07/2012 13:55:02] /goto peludin
[05/07/2012 13:55:39] /r
[05/07/2012 13:57:31] /a
[05/07/2012 13:57:54] /goto sir fran
[05/07/2012 13:58:33] /i maxroyal axe
[05/07/2012 13:58:58] /a
[05/07/2012 13:59:03] /i 8047
[05/07/2012 14:02:28] !spy daxx
[05/07/2012 14:03:06] !spy Rebecca Starfire
[05/07/2012 14:04:28] !spy Rebecca Starfire
[05/07/2012 14:05:36] /reload actions
[05/07/2012 14:05:48] /i 9020
[05/07/2012 14:09:19] /r
[05/07/2012 14:09:48] /i machete
[05/07/2012 14:10:29] /namex Aquileztruenoelculo 
[05/07/2012 14:10:54] /namex Daxxito, Aquileztruenoelculo 
[05/07/2012 14:14:02] !spy  Master Larry Paly
[05/07/2012 14:15:17] /reload action
[05/07/2012 14:16:34] /clean
[05/07/2012 14:17:27] /i 10531
[05/07/2012 14:18:16] /attr health 9999
[05/07/2012 14:18:18] /attr health 9999
[05/07/2012 14:18:37] /c Rebecca Starfire
[05/07/2012 14:18:53] /m crystal
[05/07/2012 14:19:08] /r
[05/07/2012 14:19:10] /r
[05/07/2012 14:19:21] /c Rebecca Starfire
[05/07/2012 14:19:30] /m peludin
[05/07/2012 14:19:36] /m puerta
[05/07/2012 14:19:49] /r
[05/07/2012 14:22:38] /t
[05/07/2012 14:24:58] /goto Rebecca Starfire
[05/07/2012 14:28:29] /goto Rebecca Starfire
[05/07/2012 14:28:36] /t Rebecca Starfire
[05/07/2012 14:28:38] /r
[05/07/2012 14:28:48] /a
[05/07/2012 14:28:50] /a
[05/07/2012 14:29:18] /goto Rebecca Starfire
[05/07/2012 14:31:13] /m reload monsters
[05/07/2012 14:31:19] /reload monsters
[05/07/2012 14:32:43] /m peludin
[05/07/2012 14:43:48] /goto verrugan
[05/07/2012 14:43:51] /goto verrugaman
[05/07/2012 14:44:14] /c verrugan
[05/07/2012 14:44:16] /c verrugaman
[05/07/2012 14:46:48] /c verrugaman
[05/07/2012 14:47:31] /goto Eagost panis
[05/07/2012 15:05:54] /a
[05/07/2012 15:07:58] /t
[05/07/2012 15:08:11] /goto Eagost panis
[05/07/2012 15:08:12] /goto Eagost panis
[05/07/2012 15:08:15] /goto Eagost panis
[05/07/2012 15:11:25] /t
[05/07/2012 15:14:08] /m crystal
[05/07/2012 15:16:20] /goto Master Larry Paly
[05/07/2012 15:18:41] /reload monsters
[05/07/2012 15:21:27] /ghost
[05/07/2012 15:23:44] /ghost
[05/07/2012 15:25:27] /c daxx
[05/07/2012 15:27:49] /c daxx
[05/07/2012 15:28:06] /r
[05/07/2012 15:28:10] /c daxx
[05/07/2012 15:28:23] /a
[05/07/2012 15:28:24] /a
[05/07/2012 15:28:25] /a
[05/07/2012 15:28:25] /a
[05/07/2012 15:28:26] /a
[05/07/2012 15:28:32] /a
[05/07/2012 15:29:04] /c daxx
[05/07/2012 15:30:22] /c daxx
[05/07/2012 15:30:38] /i magic wall rune
[05/07/2012 15:30:51] /a
[05/07/2012 15:30:53] /a
[05/07/2012 15:30:54] /a
[05/07/2012 15:31:03] /a
[05/07/2012 15:31:36] /goto Rebecca Starfire
[05/07/2012 15:31:45] /r
[05/07/2012 15:31:46] /r
[05/07/2012 15:32:06] /goto daxx
[05/07/2012 15:32:09] /a
[05/07/2012 15:32:10] /a
[05/07/2012 15:32:13] /a
[05/07/2012 15:32:14] /a
[05/07/2012 15:33:56] /a
[05/07/2012 15:33:58] /a
[05/07/2012 15:33:58] /a
[05/07/2012 15:33:59] /a
[05/07/2012 15:34:00] /a
[05/07/2012 15:34:00] /a
[05/07/2012 15:34:01] /a
[05/07/2012 15:34:02] /a
[05/07/2012 15:34:14] /a
[05/07/2012 15:34:15] /a
[05/07/2012 15:34:16] /a
[05/07/2012 15:34:16] /a
[05/07/2012 15:34:17] /a
[05/07/2012 15:35:08] /a
[05/07/2012 15:35:10] /a
[05/07/2012 15:35:18] /a
[05/07/2012 15:35:19] /a
[05/07/2012 15:35:20] /a
[05/07/2012 15:35:20] /a
[05/07/2012 15:35:57] /a
[05/07/2012 15:36:01] /a
[05/07/2012 15:36:02] /a
[05/07/2012 15:36:03] /a
[05/07/2012 15:36:04] /a
[05/07/2012 15:36:04] /a
[05/07/2012 15:36:05] /a
[05/07/2012 15:36:08] /a
[05/07/2012 15:36:56] /a
[05/07/2012 15:36:57] /a
[05/07/2012 15:36:58] /a
[05/07/2012 15:36:59] /a
[05/07/2012 15:37:00] /a
[05/07/2012 15:37:53] /a
[05/07/2012 15:37:54] /a
[05/07/2012 15:38:05] /a
[05/07/2012 15:38:08] /a
[05/07/2012 15:38:09] /a
[05/07/2012 15:38:09] /a
[05/07/2012 15:38:10] /a
[05/07/2012 15:38:11] /a
[05/07/2012 15:38:12] /a
[05/07/2012 15:38:29] /a
[05/07/2012 15:38:30] /a
[05/07/2012 15:38:31] /a
[05/07/2012 15:38:32] /a
[05/07/2012 15:38:33] /a
[05/07/2012 15:38:34] /a
[05/07/2012 15:38:35] /a
[05/07/2012 15:38:36] /a
[05/07/2012 15:38:37] /a
[05/07/2012 15:38:41] /a
[05/07/2012 15:39:03] /goto daxx
[05/07/2012 15:39:33] /goto  Master Larry Paly
[05/07/2012 15:39:36] /a
[05/07/2012 15:41:21] /a 5
[05/07/2012 15:41:22] /a 5
[05/07/2012 15:41:24] /a 5
[05/07/2012 15:44:59] /c Master Larry Paly
[05/07/2012 15:45:20] /a
[05/07/2012 15:45:21] /a
[05/07/2012 15:45:22] /a
[05/07/2012 15:45:23] /a
[05/07/2012 15:45:26] /a
[05/07/2012 15:45:27] /a
[05/07/2012 15:45:27] /a
[05/07/2012 15:45:28] /a
[05/07/2012 15:45:28] /a
[05/07/2012 15:45:29] /a
[05/07/2012 15:45:29] /a
[05/07/2012 15:46:08] /t
[05/07/2012 15:46:44] /a 100
[05/07/2012 15:46:56] /a 10
[05/07/2012 15:46:57] /a 10
[05/07/2012 15:46:59] /a 10
[05/07/2012 15:46:59] /a 10
[05/07/2012 15:47:07] /a 10
[05/07/2012 15:47:08] /a 10
[05/07/2012 15:47:12] /a 10
[05/07/2012 15:47:12] /a 10
[05/07/2012 15:47:13] /a 10
[05/07/2012 15:47:14] /a 10
[05/07/2012 15:47:14] /a 10
[05/07/2012 15:47:15] /a 10
[05/07/2012 15:47:16] /a 10
[05/07/2012 15:47:16] /a 10
[05/07/2012 15:47:17] /a 10
[05/07/2012 15:47:18] /a 10
[05/07/2012 15:47:19] /a 10
[05/07/2012 15:47:49] /c Eagost panis
[05/07/2012 15:47:58] /c Master Larry Paly
[05/07/2012 15:50:29] /c Eagost panis
[05/07/2012 15:54:10] /a
[05/07/2012 15:54:11] /a
[05/07/2012 15:54:11] /a
[05/07/2012 15:54:13] /a
[05/07/2012 15:54:15] /a
[05/07/2012 15:54:19] /a
[05/07/2012 15:54:20] /a
[05/07/2012 15:54:26] /a
[05/07/2012 15:54:28] /a
[05/07/2012 15:54:31] /a
[05/07/2012 15:54:33] /a
[05/07/2012 15:54:35] /a
[05/07/2012 15:54:36] /a
[05/07/2012 15:54:36] /a
[05/07/2012 15:54:37] /a
[05/07/2012 15:54:38] /a
[05/07/2012 15:54:39] /a
[05/07/2012 15:54:40] /a
[05/07/2012 15:55:35] /a
[05/07/2012 15:55:36] /a
[05/07/2012 15:55:37] /a
[05/07/2012 15:55:39] /a
[05/07/2012 15:55:40] /a
[05/07/2012 15:55:42] /a
[05/07/2012 15:56:32] /a
[05/07/2012 15:56:55] /a
[05/07/2012 15:56:58] /m peludin
[05/07/2012 16:07:13] /a
[05/07/2012 16:08:14] /a 5
[05/07/2012 16:10:13] /a
[05/07/2012 16:10:15] /a
[05/07/2012 16:10:16] /a
[05/07/2012 16:10:40] /a
[05/07/2012 16:10:42] /a
[05/07/2012 16:10:42] /a
[05/07/2012 16:10:43] /a
[05/07/2012 16:10:44] /a
[05/07/2012 16:10:45] /a
[05/07/2012 16:10:45] /a
[05/07/2012 16:14:39] /goto Rebecca Starfire
[05/07/2012 16:14:43] /a
[05/07/2012 16:14:57] /goto Master Larry Paly
[05/07/2012 16:20:03] /a
[05/07/2012 16:20:04] /a
[05/07/2012 16:20:04] /a
[05/07/2012 16:20:05] /a
[05/07/2012 16:20:06] /a
[05/07/2012 16:20:09] /r
[05/07/2012 16:20:10] /r
[05/07/2012 16:20:11] /r
[05/07/2012 16:20:12] /r
[05/07/2012 16:20:14] /r
[05/07/2012 16:21:15] /t darck tentation
[05/07/2012 16:26:15] /a
[05/07/2012 16:26:16] /a
[05/07/2012 16:26:16] /a
[05/07/2012 16:26:17] /a
[05/07/2012 16:26:18] /a
[05/07/2012 16:26:19] /a
[05/07/2012 16:26:20] /a
[05/07/2012 16:26:22] /a
[05/07/2012 16:26:22] /a
[05/07/2012 16:26:25] /a
[05/07/2012 16:26:25] /a
[05/07/2012 16:26:26] /a
[05/07/2012 16:26:26] /a
[05/07/2012 16:26:28] /a
[05/07/2012 16:26:28] /a
[05/07/2012 16:28:50] /a 
[05/07/2012 16:29:51] /a
[05/07/2012 16:30:14] !spy Eagost panis
[05/07/2012 16:31:07] /goto Eagost panis
[05/07/2012 16:33:55] /a
[05/07/2012 16:34:07] /i 8047
[05/07/2012 16:35:02] /r
[05/07/2012 16:35:06] /i 7123
[05/07/2012 16:35:08] /r
[05/07/2012 16:35:12] /i 7125
[05/07/2012 16:35:14] /i 7122
[05/07/2012 16:35:16] /r
[05/07/2012 16:35:18] /i 7121
[05/07/2012 16:35:20] /i 7121
[05/07/2012 16:35:23] /i 7121
[05/07/2012 16:35:24] /i 7121
[05/07/2012 16:35:25] /i 7121
[05/07/2012 16:35:26] /i 7121
[05/07/2012 16:35:27] /i 7121
[05/07/2012 16:35:30] /i 7123
[05/07/2012 16:35:32] /r
[05/07/2012 16:35:37] /i 7124
[05/07/2012 16:35:39] /i 7122
[05/07/2012 16:35:41] /i 7126
[05/07/2012 16:35:43] /r
[05/07/2012 16:35:45] /i 7125
[05/07/2012 16:35:48] /i 7122
[05/07/2012 16:35:50] /r
[05/07/2012 16:35:51] /r
[05/07/2012 16:35:56] /i 7121
[05/07/2012 16:35:57] /i 7121
[05/07/2012 16:35:57] /i 7121
[05/07/2012 16:35:58] /i 7121
[05/07/2012 16:35:59] /i 7121
[05/07/2012 16:36:00] /i 7121
[05/07/2012 16:36:02] /i 7121
[05/07/2012 16:36:03] /i 7121
[05/07/2012 16:36:04] /i 7121
[05/07/2012 16:36:06] /i 7121/
[05/07/2012 16:36:08] /a
[05/07/2012 16:36:09] /i 7121/
[05/07/2012 16:36:10] /i 7121
[05/07/2012 16:36:11] /a
[05/07/2012 16:36:13] /i 7121
[05/07/2012 16:36:14] /a
[05/07/2012 16:36:15] /i 7121
[05/07/2012 16:36:17] /a
[05/07/2012 16:36:22] /i 7123
[05/07/2012 16:36:23] /a
[05/07/2012 16:36:26] /i 7122
[05/07/2012 16:36:32] /a
[05/07/2012 16:36:33] /i 7122
[05/07/2012 16:36:35] /a
[05/07/2012 16:36:37] /i 7122
[05/07/2012 16:36:38] /i 7122
[05/07/2012 16:36:39] /i 7122
[05/07/2012 16:36:39] /i 7122
[05/07/2012 16:36:40] /i 7122
[05/07/2012 16:36:41] /i 7122
[05/07/2012 16:36:42] /i 7122
[05/07/2012 16:36:43] /i 7122
[05/07/2012 16:36:44] /i 7122
[05/07/2012 16:36:45] /i 7122
[05/07/2012 16:36:46] /i 7122
[05/07/2012 16:36:47] /i 7122
[05/07/2012 16:36:48] /i 7122
[05/07/2012 16:36:49] /i 7122
[05/07/2012 16:36:50] /i 7122
[05/07/2012 16:36:51] /i 7122
[05/07/2012 16:36:51] /i 7122
[05/07/2012 16:36:52] /i 7122
[05/07/2012 16:36:53] /i 7122
[05/07/2012 16:36:54] /i 7122
[05/07/2012 16:36:55] /i 7122
[05/07/2012 16:37:04] /i magic forcefield
[05/07/2012 16:37:18] /r
[05/07/2012 16:37:24] /i 7122
[05/07/2012 16:37:26] /i 7122
[05/07/2012 16:37:27] /r
[05/07/2012 16:37:30] /i 7123
[05/07/2012 16:37:32] /r
[05/07/2012 16:37:34] /i 7124
[05/07/2012 16:37:36] /r
[05/07/2012 16:37:38] /i 7126
[05/07/2012 16:37:41] /i 7121
[05/07/2012 16:37:42] /r
[05/07/2012 16:37:45] /i 7121
[05/07/2012 16:37:47] /r
[05/07/2012 16:37:49] /i 7121
[05/07/2012 16:37:50] /i 7121
[05/07/2012 16:37:52] /r
[05/07/2012 16:37:54] /i 7121
[05/07/2012 16:37:55] /r
[05/07/2012 16:37:57] /i 7121
[05/07/2012 16:38:01] /r
[05/07/2012 16:38:04] /r
[05/07/2012 16:38:05] /r
[05/07/2012 16:38:07] /r
[05/07/2012 16:38:08] /r
[05/07/2012 16:38:14] /i 7121
[05/07/2012 16:38:15] /i 7121
[05/07/2012 16:38:16] /a
[05/07/2012 16:38:19] /i 7123
[05/07/2012 16:38:21] /a
[05/07/2012 16:38:27] /i 7122
[05/07/2012 16:38:53] /i 7122
[05/07/2012 16:38:53] /a
[05/07/2012 16:38:54] /i 7122
[05/07/2012 16:38:54] /a
[05/07/2012 16:38:54] /i 7122
[05/07/2012 16:38:55] /a
[05/07/2012 16:38:55] /i 7122
[05/07/2012 16:38:56] /a
[05/07/2012 16:38:56] /i 7122
[05/07/2012 16:38:57] /a
[05/07/2012 16:38:57] /i 7122
[05/07/2012 16:38:57] /a
[05/07/2012 16:38:58] /i 7122
[05/07/2012 16:38:58] /a
[05/07/2012 16:38:58] /i 7122
[05/07/2012 16:38:59] /a
[05/07/2012 16:38:59] /i 7122
[05/07/2012 16:39:00] /a
[05/07/2012 16:39:00] /i 7122
[05/07/2012 16:39:00] /a
[05/07/2012 16:39:01] /i 7122
[05/07/2012 16:39:01] /a
[05/07/2012 16:39:02] /i 7122
[05/07/2012 16:39:02] /a
[05/07/2012 16:39:02] /i 7122
[05/07/2012 16:39:03] /a
[05/07/2012 16:39:03] /i 7122
[05/07/2012 16:39:04] /a
[05/07/2012 16:39:04] /i 7122
[05/07/2012 16:39:05] /a
[05/07/2012 16:39:05] /i 7122
[05/07/2012 16:39:05] /a
[05/07/2012 16:39:06] /i 7122
[05/07/2012 16:39:06] /a
[05/07/2012 16:39:07] /i 7122
[05/07/2012 16:39:07] /a
[05/07/2012 16:39:08] /i 7122
[05/07/2012 16:39:08] /a
[05/07/2012 16:39:09] /i 7122
[05/07/2012 16:39:09] /a
[05/07/2012 16:39:10] /i 7122
[05/07/2012 16:39:10] /a
[05/07/2012 16:39:11] /i 7122
[05/07/2012 16:39:11] /a
[05/07/2012 16:39:11] /i 7122
[05/07/2012 16:39:12] /a
[05/07/2012 16:39:12] /i 7122
[05/07/2012 16:39:13] /a
[05/07/2012 16:39:13] /i 7122
[05/07/2012 16:39:14] /a
[05/07/2012 16:39:14] /i 7122
[05/07/2012 16:39:15] /a
[05/07/2012 16:39:15] /i 7122
[05/07/2012 16:39:16] /a
[05/07/2012 16:39:16] /i 7122
[05/07/2012 16:39:17] /a
[05/07/2012 16:39:17] /i 7122
[05/07/2012 16:39:17] /a
[05/07/2012 16:39:18] /i 7122
[05/07/2012 16:39:18] /a
[05/07/2012 16:39:19] /i 7122
[05/07/2012 16:39:19] /a
[05/07/2012 16:39:20] /i 7122
[05/07/2012 16:39:20] /a
[05/07/2012 16:39:21] /i 7122
[05/07/2012 16:39:21] /a
[05/07/2012 16:39:24] /r
[05/07/2012 16:39:26] /i 7122
[05/07/2012 16:39:26] /a
[05/07/2012 16:39:27] /i 7122
[05/07/2012 16:39:27] /a
[05/07/2012 16:39:28] /i 7122
[05/07/2012 16:39:28] /a
[05/07/2012 16:39:29] /i 7122
[05/07/2012 16:39:29] /a
[05/07/2012 16:39:29] /i 7122
[05/07/2012 16:39:30] /a
[05/07/2012 16:39:30] /a
[05/07/2012 16:39:31] /i 7122
[05/07/2012 16:39:31] /a
[05/07/2012 16:39:31] /i 7122
[05/07/2012 16:39:31] /a
[05/07/2012 16:39:31] /i 7122
[05/07/2012 16:39:31] /a
[05/07/2012 16:39:32] /i 7122
[05/07/2012 16:39:32] /a
[05/07/2012 16:39:32] /i 7122
[05/07/2012 16:39:32] /a
[05/07/2012 16:39:32] /i 7122
[05/07/2012 16:39:32] /a
[05/07/2012 16:39:32] /i 7122
[05/07/2012 16:39:39] /r
[05/07/2012 16:39:40] /r
[05/07/2012 16:39:41] /r
[05/07/2012 16:39:43] /i 7122
[05/07/2012 16:39:44] /i 7122
[05/07/2012 16:39:44] /i 7122
[05/07/2012 16:39:44] /i 7122
[05/07/2012 16:39:45] /i 7122
[05/07/2012 16:39:46] /i 7122
[05/07/2012 16:39:46] /i 7122
[05/07/2012 16:39:47] /i 7122
[05/07/2012 16:39:47] /i 7122
[05/07/2012 16:39:48] /i 7122
[05/07/2012 16:39:49] /i 7122
[05/07/2012 16:39:51] /r
[05/07/2012 16:39:52] /i 7122
[05/07/2012 16:39:53] /i 7122
[05/07/2012 16:39:54] /i 7122
[05/07/2012 16:39:55] /i 7122
[05/07/2012 16:39:56] /i 7122
[05/07/2012 16:39:57] /r
[05/07/2012 16:39:58] /i 7122
[05/07/2012 16:39:59] /i 7122
[05/07/2012 16:40:01] /r
[05/07/2012 16:40:02] /i 7122
[05/07/2012 16:40:03] /i 7122
[05/07/2012 16:40:04] /i 7122
[05/07/2012 16:40:05] /i 7122
[05/07/2012 16:40:09] /i 7126
[05/07/2012 16:40:12] /r
[05/07/2012 16:40:15] /i 7122
[05/07/2012 16:40:17] /r
[05/07/2012 16:40:21] /i 7121
[05/07/2012 16:40:22] /i 7121
[05/07/2012 16:40:33] /a
[05/07/2012 16:40:41] /r
[05/07/2012 16:40:46] /i 7124
[05/07/2012 16:40:48] /r
[05/07/2012 16:40:51] /i 7125
[05/07/2012 16:40:53] /r
[05/07/2012 16:40:55] /i 7123
[05/07/2012 16:40:57] /r
[05/07/2012 16:41:02] /i 7126
[05/07/2012 16:41:07] /r
[05/07/2012 16:41:12] /i 7122
[05/07/2012 16:41:14] /r
[05/07/2012 16:41:17] /i 7121
[05/07/2012 16:41:18] /i 7121
[05/07/2012 16:41:28] /i 7123
[05/07/2012 16:41:30] /i 7122
[05/07/2012 16:41:31] /i 7122
[05/07/2012 16:41:32] /i 7122
[05/07/2012 16:41:32] /i 7122
[05/07/2012 16:41:33] /i 7122
[05/07/2012 16:41:34] /i 7122
[05/07/2012 16:41:35] /i 7122
[05/07/2012 16:41:35] /i 7122
[05/07/2012 16:41:36] /i 7122
[05/07/2012 16:41:37] /a
[05/07/2012 16:41:38] /i 7122
[05/07/2012 16:41:40] /r
[05/07/2012 16:41:40] /a
[05/07/2012 16:41:41] /i 7122
[05/07/2012 16:41:42] /r
[05/07/2012 16:41:43] /i 7122
[05/07/2012 16:41:44] /i 7122
[05/07/2012 16:41:45] /i 7122
[05/07/2012 16:41:46] /i 7122
[05/07/2012 16:41:47] /i 7122
[05/07/2012 16:41:48] /i 7122
[05/07/2012 16:41:48] /i 7122
[05/07/2012 16:41:49] /i 7122
[05/07/2012 16:41:50] /i 7122
[05/07/2012 16:41:50] /i 7122
[05/07/2012 16:41:51] /i 7122
[05/07/2012 16:41:52] /i 7122
[05/07/2012 16:41:53] /i 7122
[05/07/2012 16:41:53] /i 7122
[05/07/2012 16:41:54] /i 7122
[05/07/2012 16:41:55] /i 7122
[05/07/2012 16:41:56] /i 7122
[05/07/2012 16:41:56] /i 7122
[05/07/2012 16:41:57] /i 7122
[05/07/2012 16:41:58] /i 7122
[05/07/2012 16:41:59] /i 7122
[05/07/2012 16:41:59] /i 7122
[05/07/2012 16:42:00] /i 7122
[05/07/2012 16:42:01] /i 7122
[05/07/2012 16:42:01] /i 7122
[05/07/2012 16:42:02] /i 7122
[05/07/2012 16:42:03] /i 7122
[05/07/2012 16:42:04] /r
[05/07/2012 16:42:05] /i 7122
[05/07/2012 16:42:08] /i 7126
[05/07/2012 16:42:12] /i 7122
[05/07/2012 16:42:14] /r
[05/07/2012 16:42:16] /i 7121
[05/07/2012 16:42:17] /r
[05/07/2012 16:42:20] /i 7121
[05/07/2012 16:42:22] /i 7123
[05/07/2012 16:42:23] /i 7122
[05/07/2012 16:42:23] /i 7122
[05/07/2012 16:42:24] /i 7122
[05/07/2012 16:42:24] /i 7122
[05/07/2012 16:42:25] /i 7122
[05/07/2012 16:42:25] /i 7122
[05/07/2012 16:42:26] /i 7122
[05/07/2012 16:42:26] /i 7122
[05/07/2012 16:42:27] /i 7122
[05/07/2012 16:42:27] /i 7122
[05/07/2012 16:42:28] /i 7122
[05/07/2012 16:42:28] /i 7122
[05/07/2012 16:42:29] /i 7122
[05/07/2012 16:42:29] /i 7122
[05/07/2012 16:42:30] /i 7122
[05/07/2012 16:42:30] /i 7122
[05/07/2012 16:42:30] /i 7122
[05/07/2012 16:42:31] /i 7122
[05/07/2012 16:42:31] /i 7122
[05/07/2012 16:42:32] /i 7122
[05/07/2012 16:42:32] /i 7122
[05/07/2012 16:42:32] /i 7122
[05/07/2012 16:42:33] /i 7122
[05/07/2012 16:42:33] /i 7122
[05/07/2012 16:42:34] /i 7122
[05/07/2012 16:42:34] /i 7122
[05/07/2012 16:42:35] /i 7122
[05/07/2012 16:42:35] /i 7122
[05/07/2012 16:42:35] /i 7122
[05/07/2012 16:42:39] /i 7124
[05/07/2012 16:42:41] /r
[05/07/2012 16:42:44] /i 7126
[05/07/2012 16:42:46] /i 7121
[05/07/2012 16:42:47] /i 7121
[05/07/2012 16:42:48] /i 7121
[05/07/2012 16:42:49] /i 7121
[05/07/2012 16:42:50] /r
[05/07/2012 16:42:51] /i 7121
[05/07/2012 16:42:52] /i 7121
[05/07/2012 16:42:53] /i 7121
[05/07/2012 16:42:54] /i 7121
[05/07/2012 16:42:55] /i 7121
[05/07/2012 16:42:57] /r
[05/07/2012 16:43:00] /i 7121
[05/07/2012 16:43:00] /i 7121
[05/07/2012 16:43:02] /i 7121
[05/07/2012 16:43:03] /i 7121
[05/07/2012 16:43:04] /i 7121
[05/07/2012 16:43:05] /r
[05/07/2012 16:43:06] /i 7121
[05/07/2012 16:43:08] /i 7121
[05/07/2012 16:43:09] /i 7121
[05/07/2012 16:43:10] /i 7121
[05/07/2012 16:43:10] /r
[05/07/2012 16:43:12] /i 7121
[05/07/2012 16:43:13] /i 7121
[05/07/2012 16:43:14] /i 7121
[05/07/2012 16:43:15] /i 7121
[05/07/2012 16:43:15] /i 7121
[05/07/2012 16:43:17] /i 7121
[05/07/2012 16:43:18] /r
[05/07/2012 16:43:19] /i 7121
[05/07/2012 16:43:20] /i 7121
[05/07/2012 16:43:21] /i 7121
[05/07/2012 16:43:22] /i 7121
[05/07/2012 16:43:23] /i 7121
[05/07/2012 16:43:28] /i 7121
[05/07/2012 16:43:29] /i 7121
[05/07/2012 16:43:30] /i 7121
[05/07/2012 16:43:30] /i 7121
[05/07/2012 16:43:31] /i 7121
[05/07/2012 16:43:32] /i 7121
[05/07/2012 16:43:33] /i 7121
[05/07/2012 16:43:34] /i 7121
[05/07/2012 16:43:35] /i 7121
[05/07/2012 16:43:37] /i 7121
[05/07/2012 16:43:40] /i 7121
[05/07/2012 16:43:41] /i 7121
[05/07/2012 16:43:42] /i 7121
[05/07/2012 16:43:43] /i 7121
[05/07/2012 16:43:44] /i 7121
[05/07/2012 16:43:46] /i 7121
[05/07/2012 16:43:47] /i 7121
[05/07/2012 16:43:48] /i 7121
[05/07/2012 16:43:49] /i 7121
[05/07/2012 16:43:51] /i 7123
[05/07/2012 16:43:53] /r
[05/07/2012 16:43:55] /r
[05/07/2012 16:43:57] /i 7124
[05/07/2012 16:44:00] /i 7122
[05/07/2012 16:44:01] /i 7122
[05/07/2012 16:45:13] /attr action 503
[05/07/2012 16:45:21] /i 7132
[05/07/2012 16:45:26] /attr action 503
[05/07/2012 16:51:36] /addskill fernando,level, 10
[05/07/2012 16:53:26] /reload actions
[05/07/2012 16:53:36] /r
[05/07/2012 16:53:50] /c fulanitha
[05/07/2012 16:54:24] /a
[05/07/2012 16:54:56] /r
[05/07/2012 16:55:01] /goto Rebecca Starfire
[05/07/2012 16:55:10] /attr pos 654 654 6
[05/07/2012 16:55:42] /c Rebecca Starfire
[05/07/2012 16:55:48] /c master larry
[05/07/2012 16:56:02] /a
[05/07/2012 16:56:05] /a
[05/07/2012 16:56:18] /t Rebecca Starfire
[05/07/2012 16:56:26] /t
[05/07/2012 16:56:56] /a 10
[05/07/2012 16:56:58] /a 5
[05/07/2012 16:56:59] /a 5
[05/07/2012 16:57:04] /down
[05/07/2012 16:57:05] /a
[05/07/2012 16:57:07] /a
[05/07/2012 16:57:09] /a 10
[05/07/2012 16:57:10] /a 10
[05/07/2012 16:57:17] /t Sir Fran
[05/07/2012 16:57:20] /r
[05/07/2012 16:57:21] /r
[05/07/2012 16:57:23] /r
[05/07/2012 16:57:34] /i 7123
[05/07/2012 16:57:36] /r
[05/07/2012 16:57:38] /r
[05/07/2012 16:57:43] /i 7124
[05/07/2012 16:57:47] /r
[05/07/2012 16:57:51] /i 7125
[05/07/2012 16:57:54] /r
[05/07/2012 16:57:55] /r
[05/07/2012 16:57:58] /t
[05/07/2012 16:58:06] /a
[05/07/2012 16:58:07] /a
[05/07/2012 16:58:10] /a
[05/07/2012 16:58:11] /a
[05/07/2012 16:58:18] /a
[05/07/2012 16:58:19] /a
[05/07/2012 16:58:21] /a
[05/07/2012 16:58:21] /a
[05/07/2012 16:58:22] /a
[05/07/2012 16:58:23] /a
[05/07/2012 16:58:42] /i 7122
[05/07/2012 16:58:44] /t
[05/07/2012 16:59:07] /a
[05/07/2012 16:59:08] /a
[05/07/2012 16:59:13] /a
[05/07/2012 16:59:29] /t Sir Fran
[05/07/2012 16:59:32] /a
[05/07/2012 16:59:33] /a
[05/07/2012 16:59:36] /r
[05/07/2012 16:59:37] /r
[05/07/2012 16:59:38] /r
[05/07/2012 16:59:40] /r
[05/07/2012 16:59:41] /r
[05/07/2012 16:59:42] /a
[05/07/2012 16:59:44] /a
[05/07/2012 16:59:54] /t Master Larry Paly
[05/07/2012 16:59:59] /t Rebecca Starfire
[05/07/2012 17:00:01] /a
[05/07/2012 17:00:02] /a
[05/07/2012 17:00:04] /a
[05/07/2012 17:00:07] /a
[05/07/2012 17:00:08] /a
[05/07/2012 17:00:09] /a
[05/07/2012 17:00:19] /i 7124
[05/07/2012 17:00:23] /i 7125
[05/07/2012 17:00:25] /r
[05/07/2012 17:00:26] /a
[05/07/2012 17:00:28] /r
[05/07/2012 17:00:29] /r
[05/07/2012 17:00:30] /r
[05/07/2012 17:00:31] /a
[05/07/2012 17:00:35] /i 7126
[05/07/2012 17:00:38] /i 7126
[05/07/2012 17:00:39] /a
[05/07/2012 17:00:43] /i 7121
[05/07/2012 17:00:44] /a
[05/07/2012 17:00:45] /i 7121
[05/07/2012 17:00:47] /a
[05/07/2012 17:00:51] /i 7123
[05/07/2012 17:00:53] /a
[05/07/2012 17:00:53] /i 7122
[05/07/2012 17:00:54] /a
[05/07/2012 17:00:54] /i 7122
[05/07/2012 17:00:55] /a
[05/07/2012 17:00:55] /i 7122
[05/07/2012 17:00:56] /a
[05/07/2012 17:00:56] /i 7122
[05/07/2012 17:00:57] /a
[05/07/2012 17:00:57] /i 7122
[05/07/2012 17:00:58] /a
[05/07/2012 17:00:58] /i 7122
[05/07/2012 17:00:59] /a
[05/07/2012 17:01:00] /i 7122
[05/07/2012 17:01:01] /a
[05/07/2012 17:01:02] /i 7122
[05/07/2012 17:01:02] /a
[05/07/2012 17:01:03] /i 7122
[05/07/2012 17:01:03] /a
[05/07/2012 17:01:04] /i 7122
[05/07/2012 17:01:08] /r
[05/07/2012 17:01:09] /a
[05/07/2012 17:01:10] /i 7122
[05/07/2012 17:01:10] /a
[05/07/2012 17:01:11] /i 7122
[05/07/2012 17:01:11] /a
[05/07/2012 17:01:12] /i 7122
[05/07/2012 17:01:12] /a
[05/07/2012 17:01:13] /i 7122
[05/07/2012 17:01:13] /a
[05/07/2012 17:01:13] /i 7122
[05/07/2012 17:01:14] /a
[05/07/2012 17:01:14] /i 7122
[05/07/2012 17:01:15] /a
[05/07/2012 17:01:15] /i 7122
[05/07/2012 17:01:16] /a
[05/07/2012 17:01:16] /i 7122
[05/07/2012 17:01:17] /a
[05/07/2012 17:01:17] /i 7122
[05/07/2012 17:01:18] /a
[05/07/2012 17:01:18] /a
[05/07/2012 17:01:20] /i 7122
[05/07/2012 17:01:21] /a
[05/07/2012 17:01:22] /a
[05/07/2012 17:01:23] /i 7122
[05/07/2012 17:01:24] /i 7122
[05/07/2012 17:01:26] /i 7122
[05/07/2012 17:01:26] /i 7122
[05/07/2012 17:01:28] /a
[05/07/2012 17:01:28] /i 7122
[05/07/2012 17:01:29] /a
[05/07/2012 17:01:29] /i 7122
[05/07/2012 17:01:30] /a
[05/07/2012 17:01:30] /i 7122
[05/07/2012 17:01:31] /a
[05/07/2012 17:01:31] /i 7122
[05/07/2012 17:01:33] /r
[05/07/2012 17:01:34] /a
[05/07/2012 17:01:34] /i 7122
[05/07/2012 17:01:35] /a
[05/07/2012 17:01:35] /i 7122
[05/07/2012 17:01:36] /a
[05/07/2012 17:01:36] /i 7122
[05/07/2012 17:01:36] /a
[05/07/2012 17:01:37] /i 7122
[05/07/2012 17:01:37] /a
[05/07/2012 17:01:38] /i 7122
[05/07/2012 17:01:38] /a
[05/07/2012 17:01:39] /i 7122
[05/07/2012 17:01:39] /a
[05/07/2012 17:01:40] /i 7122
[05/07/2012 17:01:40] /a
[05/07/2012 17:01:41] /i 7122
[05/07/2012 17:01:41] /a
[05/07/2012 17:01:42] /i 7122
[05/07/2012 17:01:43] /a
[05/07/2012 17:01:47] /i 7123
[05/07/2012 17:01:50] /r
[05/07/2012 17:01:53] /i 7126
[05/07/2012 17:01:55] /r
[05/07/2012 17:01:58] /i 7125
[05/07/2012 17:02:00] /r
[05/07/2012 17:02:02] /i 7124
[05/07/2012 17:02:08] /i 7123
[05/07/2012 17:02:10] /r
[05/07/2012 17:02:11] /r
[05/07/2012 17:02:14] /i 7126
[05/07/2012 17:02:17] /r
[05/07/2012 17:02:25] /i 7125
[05/07/2012 17:02:31] /r
[05/07/2012 17:02:35] /r
[05/07/2012 17:02:36] /r
[05/07/2012 17:02:38] /r
[05/07/2012 17:02:39] /r
[05/07/2012 17:02:40] /r
[05/07/2012 17:02:41] /r
[05/07/2012 17:02:42] /r
[05/07/2012 17:02:43] /t
[05/07/2012 17:03:49] /r
[05/07/2012 17:03:55] /i 7121
[05/07/2012 17:03:56] /r
[05/07/2012 17:03:58] /i 7121
[05/07/2012 17:04:21] /i 1112
[05/07/2012 17:04:22] /i 1112
[05/07/2012 17:04:23] /i 1112
[05/07/2012 17:04:24] /i 1112
[05/07/2012 17:04:25] /i 1112
[05/07/2012 17:04:28] /i 1112
[05/07/2012 17:04:29] /i 1112
[05/07/2012 17:04:31] /a
[05/07/2012 17:04:32] /a
[05/07/2012 17:04:34] /i 1112
[05/07/2012 17:04:41] /i 7121
[05/07/2012 17:04:42] /i 7121
[05/07/2012 17:04:46] /i 7121
[05/07/2012 17:04:47] /i 7121
[05/07/2012 17:04:48] /i 7121
[05/07/2012 17:06:12] /a
[05/07/2012 17:06:26] /a
[05/07/2012 17:14:04] /t
[05/07/2012 17:15:41] /i aggrox sword
[05/07/2012 17:19:19] /a
[05/07/2012 17:19:20] /a
[05/07/2012 17:19:20] /a
[05/07/2012 17:19:30] /goto verru
[05/07/2012 17:19:33] /r
[05/07/2012 17:19:38] /a
[05/07/2012 17:19:46] /goto verru
[05/07/2012 17:19:49] /goto verru
[05/07/2012 17:19:51] /goto verru
[05/07/2012 17:19:53] /goto verru
[05/07/2012 17:19:55] /goto verru
[05/07/2012 17:19:56] /goto verru
[05/07/2012 17:21:33] /a
[05/07/2012 17:21:34] /a
[05/07/2012 17:23:19] /i aggrox armor
[05/07/2012 17:28:24] /i aggrox legs
[05/07/2012 17:30:01] /m purta
[05/07/2012 17:30:04] /m puerta
[05/07/2012 17:30:19] /m crytal
[05/07/2012 17:30:24] /m crystal
[05/07/2012 17:31:14] /m crystal
[05/07/2012 17:32:01] /m purta
[05/07/2012 17:32:07] /m puerta
[07/07/2012 19:39:38] /namex
[07/07/2012 19:41:37] /r
[07/07/2012 19:41:39] /r
[07/07/2012 19:41:40] /r
[07/07/2012 19:41:44] /r
[07/07/2012 19:41:44] /r
[07/07/2012 19:41:45] /r
