[11/11/2012 19:14:39] /goto fercho
[11/11/2012 19:18:46] /a
[11/11/2012 19:18:49] /a
[11/11/2012 19:18:51] /a
[11/11/2012 19:27:05] /stop fercho
[11/11/2012 19:34:56] /pedos off
[11/11/2012 19:35:47] /i stone
[11/11/2012 19:35:52] /i stone
[11/11/2012 19:35:58] /c fercho
[11/11/2012 19:36:01] /c fercho
[11/11/2012 19:36:03] /c fercho
[11/11/2012 19:36:07] /c fercho
[11/11/2012 19:36:10] /c fercho
[11/11/2012 19:36:13] /c fercho
[11/11/2012 19:36:16] /c fercho
[11/11/2012 19:36:18] /c fercho
[11/11/2012 19:36:21] /c fercho
[11/11/2012 19:36:31] /c fercho
[11/11/2012 19:36:33] /c fercho
[11/11/2012 19:36:34] /c fercho
[11/11/2012 19:36:35] /c fercho
[11/11/2012 19:36:35] /c fercho
[11/11/2012 19:36:36] /c fercho
[11/11/2012 19:36:36] /c fercho
[11/11/2012 19:36:37] /c fercho
[11/11/2012 19:36:38] /c fercho
[11/11/2012 19:36:42] /stop god osca
[11/11/2012 19:36:44] /stop god oscar
[11/11/2012 19:36:47] /c fercho
[11/11/2012 19:36:57] /c fercho
[11/11/2012 19:37:07] /a 10
[11/11/2012 19:37:08] /a 10
[11/11/2012 19:37:09] /a 10
[11/11/2012 19:37:10] /a 10
[11/11/2012 19:37:43] /r
[11/11/2012 19:38:06] /a
[11/11/2012 19:39:00] /b jajaja el traje de baño estlo michael phelps
[11/11/2012 19:40:45] /t
[11/11/2012 19:40:47] /t 2
[11/11/2012 19:40:49] /town 2
[11/11/2012 19:40:51] /town 3
[11/11/2012 19:41:14] /town 4
[11/11/2012 19:41:31] /town 5
[11/11/2012 19:41:33] /town 9
[11/11/2012 19:41:35] /town 8
[11/11/2012 19:41:37] /town 7
[11/11/2012 19:41:39] /town 10
[11/11/2012 19:41:41] /town 11
[11/11/2012 19:42:52] /a
