[19/07/2012 12:37:30] /ghost
[19/07/2012 13:01:58] /goto fercho
[19/07/2012 13:02:03] /goto fercho
[19/07/2012 13:02:06] /goto fercho
[19/07/2012 13:02:08] /goto fercho
[19/07/2012 13:02:09] /goto fercho
[19/07/2012 13:02:44] /t
[19/07/2012 13:02:52] /goto fercho
[19/07/2012 13:20:30] /goto fercho
[19/07/2012 22:50:06] /goto fecho
[19/07/2012 22:50:14] /goto fercho
[19/07/2012 22:51:31] /i emerald bangle
[19/07/2012 23:13:37] /goto fercho
[19/07/2012 23:15:29] /ghost
[19/07/2012 23:15:31] /ghost
[19/07/2012 23:15:46] /c batusay
[19/07/2012 23:15:48] /c batusay.
[19/07/2012 23:59:46] /goto fercho
[20/07/2012 00:03:49] /goto fercho
[20/07/2012 00:15:13] /stop Street
[20/07/2012 00:15:25] /stop Street
[20/07/2012 00:15:36] /stop Street
[20/07/2012 00:15:40] /stop Street
[20/07/2012 00:16:41] /ghost
[21/07/2012 13:43:09] /namex GOD Odlanyer, Odlanyer
