[11/07/2010 19:38:29] /i strong mana potion
[11/07/2010 19:38:40] /addskill god,level,300
[11/07/2010 19:39:31] /reload actions
[11/07/2010 19:42:25] /i sudden death rune
[11/07/2010 19:42:33] /m demon
[11/07/2010 20:07:54] /newtype 356
[11/07/2010 20:07:57] /newtype 355
[11/07/2010 20:07:58] /newtype 354
[11/07/2010 20:08:00] /newtype 353
[11/07/2010 20:08:01] /newtype 352
[11/07/2010 20:08:15] /newtype 366
[11/07/2010 20:08:46] /reload talkactions
[11/07/2010 20:08:48] /newtype 366
[11/07/2010 20:08:53] /newtype 367
[11/07/2010 20:08:58] /reload talkactions
[11/07/2010 20:09:01] /newtype 367
[11/07/2010 20:09:02] /newtype 368
[11/07/2010 20:10:10] /newtype 268
[11/07/2010 20:10:12] /newtype 368
[11/07/2010 20:10:39] /newtype 368
[11/07/2010 20:10:41] /newtype 367
[11/07/2010 20:10:42] /newtype 366
[11/07/2010 20:10:43] /newtype 365
[11/07/2010 20:10:45] /newtype 364
[11/07/2010 20:10:47] /newtype 363
[11/07/2010 20:10:50] /newtype 362
[11/07/2010 20:10:52] /newtype 361
[11/07/2010 20:10:53] /newtype 360
[11/07/2010 20:10:55] /newtype 359
[11/07/2010 20:10:57] /newtype 358
[11/07/2010 20:10:59] /newtype 357
[11/07/2010 20:11:01] /newtype 356
[11/07/2010 20:11:03] /newtype 355
[11/07/2010 20:11:06] /newtype 354
[11/07/2010 20:11:08] /newtype 353
[11/07/2010 20:11:09] /newtype 352
[11/07/2010 20:11:11] /newtype 351
[11/07/2010 20:11:19] /newtype 352
[11/07/2010 20:13:38] /reload actions
[11/07/2010 20:13:56] /reload actions
[11/07/2010 20:14:07] /reload actions
[11/07/2010 20:14:12] /i strong mana potion
[11/07/2010 20:14:30] /reload actions
[11/07/2010 20:14:42] /reload actions
[11/07/2010 20:14:51] /reload actions
[11/07/2010 20:15:06] /reload actions
[11/07/2010 20:16:40] /reload actions
