[14/07/2012 22:15:11] /ghost
[14/07/2012 22:16:45] /goto snow soul
[17/07/2012 15:48:55] /a 11
[17/07/2012 15:48:57] /a 11
[17/07/2012 15:48:59] /a 11
[17/07/2012 15:49:00] /a 11
[17/07/2012 16:27:09] /goto fercho
[17/07/2012 16:33:01] /a 44
[17/07/2012 16:33:04] /a 11
[17/07/2012 16:33:05] /a 11
[17/07/2012 16:33:05] /a 11
[17/07/2012 16:33:20] /a 55
[17/07/2012 16:33:22] /a 11
[17/07/2012 16:33:23] /a 11
[17/07/2012 16:33:24] /a 11
[17/07/2012 16:33:27] /a 11
[17/07/2012 17:04:32] /ghost
[17/07/2012 17:04:43] /i emerald bangle
[18/07/2012 16:28:01] /a 3
[18/07/2012 16:28:02] /a 3
[18/07/2012 16:28:03] /a 3
[18/07/2012 23:38:57] /goto fercho
[18/07/2012 23:39:41] /a 4
[18/07/2012 23:39:51] /a
[18/07/2012 23:39:55] /a
[18/07/2012 23:40:51] /r
[18/07/2012 23:40:53] /a 22
[18/07/2012 23:40:55] /a 11
[18/07/2012 23:40:56] /a 11
[18/07/2012 23:41:02] /t don ramon
[18/07/2012 23:41:03] /t
[18/07/2012 23:41:07] /t don ramon
[18/07/2012 23:41:22] /stop Zaraki Kempachi
[18/07/2012 23:41:39] /r
[18/07/2012 23:44:39] /goto fercho
[18/07/2012 23:45:59] /a
[18/07/2012 23:46:14] /a 6
[18/07/2012 23:46:17] /a
[18/07/2012 23:46:21] /a 4
[18/07/2012 23:51:44] /i magic prision
[18/07/2012 23:51:53] /r
[18/07/2012 23:51:58] /s demon
[18/07/2012 23:52:26] /clean
[18/07/2012 23:54:05] /t
[18/07/2012 23:54:06] /up
[18/07/2012 23:54:08] /up
[18/07/2012 23:54:13] /attr pos 250 67 2
[18/07/2012 23:54:17] /i 406
[18/07/2012 23:54:22] /r
[18/07/2012 23:54:24] /r
[18/07/2012 23:54:24] /r
[18/07/2012 23:54:25] /attr pos 250 67 2
[18/07/2012 23:54:27] /i 406
[18/07/2012 23:54:33] /i 406
[18/07/2012 23:54:42] /down
[18/07/2012 23:54:44] /up
[18/07/2012 23:54:47] /r
[18/07/2012 23:55:07] /goto fercho
[18/07/2012 23:55:20] /t
[18/07/2012 23:55:21] /up 2
[18/07/2012 23:55:25] /a
[18/07/2012 23:55:27] /i 460
[18/07/2012 23:55:36] /i 5573
[18/07/2012 23:55:45] /a
[18/07/2012 23:55:47] /i 460
[18/07/2012 23:55:47] /i 460
[18/07/2012 23:55:48] /i 460
[18/07/2012 23:55:49] /a
[18/07/2012 23:55:49] /i 460
[18/07/2012 23:55:49] /a
[18/07/2012 23:55:49] /i 460
[18/07/2012 23:55:49] /a
[18/07/2012 23:55:49] /i 460
[18/07/2012 23:55:49] /a
[18/07/2012 23:55:50] /i 460
[18/07/2012 23:55:50] /a
[18/07/2012 23:55:50] /i 460
[18/07/2012 23:55:51] /a
[18/07/2012 23:55:51] /i 460
[18/07/2012 23:55:51] /a
[18/07/2012 23:55:52] /i 460
[18/07/2012 23:55:53] /a
[18/07/2012 23:55:54] /i 460
[18/07/2012 23:55:55] /a
[18/07/2012 23:55:55] /i 460
[18/07/2012 23:55:55] /a
[18/07/2012 23:55:55] /i 460
[18/07/2012 23:55:55] /a
[18/07/2012 23:55:56] /i 460
[18/07/2012 23:55:56] /a
[18/07/2012 23:55:56] /i 460
[18/07/2012 23:55:56] /a
[18/07/2012 23:55:56] /i 460
[18/07/2012 23:55:56] /a
[18/07/2012 23:55:56] /i 460
[18/07/2012 23:55:56] /a
[18/07/2012 23:55:57] /i 460
[18/07/2012 23:55:57] /a
[18/07/2012 23:55:57] /i 460
[18/07/2012 23:55:57] /a
[18/07/2012 23:55:57] /i 460
[18/07/2012 23:55:57] /a
[18/07/2012 23:55:57] /i 460
[18/07/2012 23:55:58] /a
[18/07/2012 23:55:58] /i 460
[18/07/2012 23:55:58] /a
[18/07/2012 23:55:58] /i 460
[18/07/2012 23:55:58] /a
[18/07/2012 23:55:58] /i 460
[18/07/2012 23:55:58] /a
[18/07/2012 23:55:58] /i 460
[18/07/2012 23:55:59] /a
[18/07/2012 23:55:59] /i 460
[18/07/2012 23:55:59] /a
[18/07/2012 23:55:59] /i 460
[18/07/2012 23:55:59] /a
[18/07/2012 23:56:00] /i 460
[18/07/2012 23:56:00] /a
[18/07/2012 23:56:00] /i 460
[18/07/2012 23:56:01] /a
[18/07/2012 23:56:01] /i 460
[18/07/2012 23:56:01] /a
[18/07/2012 23:56:01] /i 460
[18/07/2012 23:56:01] /a
[18/07/2012 23:56:02] /i 460
[18/07/2012 23:56:02] /a
[18/07/2012 23:56:02] /i 460
[18/07/2012 23:56:02] /a
[18/07/2012 23:56:02] /i 460
[18/07/2012 23:56:02] /a
[18/07/2012 23:56:02] /i 460
[18/07/2012 23:56:09] /a
[18/07/2012 23:56:10] /a
[18/07/2012 23:56:10] /a
[18/07/2012 23:56:12] /i 460
[18/07/2012 23:56:12] /a
[18/07/2012 23:56:12] /i 460
[18/07/2012 23:56:12] /a
[18/07/2012 23:56:12] /i 460
[18/07/2012 23:56:12] /a
[18/07/2012 23:56:12] /i 460
[18/07/2012 23:56:13] /a
[18/07/2012 23:56:13] /i 460
[18/07/2012 23:56:13] /a
[18/07/2012 23:56:13] /i 460
[18/07/2012 23:56:13] /a
[18/07/2012 23:56:13] /i 460
[18/07/2012 23:56:15] /a
[18/07/2012 23:56:15] /a
[18/07/2012 23:56:17] /i 460
[18/07/2012 23:56:17] /a
[18/07/2012 23:56:17] /i 460
[18/07/2012 23:56:17] /a
[18/07/2012 23:56:18] /i 460
[18/07/2012 23:56:18] /a
[18/07/2012 23:56:18] /i 460
[18/07/2012 23:56:18] /a
[18/07/2012 23:56:18] /i 460
[18/07/2012 23:56:18] /a
[18/07/2012 23:56:18] /i 460
[18/07/2012 23:56:19] /a
[18/07/2012 23:56:19] /i 460
[18/07/2012 23:56:19] /a
[18/07/2012 23:56:19] /i 460
[18/07/2012 23:56:19] /a
[18/07/2012 23:56:19] /i 460
[18/07/2012 23:56:19] /a
[18/07/2012 23:56:19] /i 460
[18/07/2012 23:56:19] /a
[18/07/2012 23:56:20] /i 460
[18/07/2012 23:56:20] /a
[18/07/2012 23:56:20] /i 460
[18/07/2012 23:56:20] /a
[18/07/2012 23:56:20] /i 460
[18/07/2012 23:56:20] /a
[18/07/2012 23:56:20] /i 460
[18/07/2012 23:56:21] /a
[18/07/2012 23:56:21] /i 460
[18/07/2012 23:56:21] /a
[18/07/2012 23:56:21] /i 460
[18/07/2012 23:56:21] /a
[18/07/2012 23:56:21] /i 460
[18/07/2012 23:56:27] /c vercho
[18/07/2012 23:56:33] /c fercho
[18/07/2012 23:56:55] /i 460
[18/07/2012 23:56:56] /a
[18/07/2012 23:56:56] /i 460
[18/07/2012 23:56:58] /i 460
[18/07/2012 23:56:59] /i 460
[18/07/2012 23:57:04] /i 460
[18/07/2012 23:57:05] /i 460
[18/07/2012 23:58:15] /a
[18/07/2012 23:58:16] /i 460
[18/07/2012 23:58:16] /a
[18/07/2012 23:58:16] /i 460
[18/07/2012 23:58:16] /a
[18/07/2012 23:58:16] /i 460
[18/07/2012 23:58:16] /a
[18/07/2012 23:58:16] /i 460
[18/07/2012 23:58:17] /a
[18/07/2012 23:58:17] /i 460
[18/07/2012 23:58:17] /a
[18/07/2012 23:58:17] /i 460
[18/07/2012 23:58:17] /a
[18/07/2012 23:58:17] /i 460
[18/07/2012 23:58:17] /a
[18/07/2012 23:58:17] /i 460
[18/07/2012 23:58:19] /i 460
[18/07/2012 23:58:20] /i 460
[18/07/2012 23:58:20] /a
[18/07/2012 23:58:20] /i 460
[18/07/2012 23:58:20] /a
[18/07/2012 23:58:20] /i 460
[18/07/2012 23:58:20] /a
[18/07/2012 23:58:21] /i 460
[18/07/2012 23:58:21] /a
[18/07/2012 23:58:21] /i 460
[18/07/2012 23:58:21] /a
[18/07/2012 23:58:21] /i 460
[18/07/2012 23:58:21] /a
[18/07/2012 23:58:21] /i 460
[18/07/2012 23:58:23] /a
[18/07/2012 23:58:23] /i 460
[18/07/2012 23:58:23] /a
[18/07/2012 23:58:23] /i 460
[18/07/2012 23:58:23] /a
[18/07/2012 23:58:23] /i 460
[18/07/2012 23:58:23] /a
[18/07/2012 23:58:23] /i 460
[18/07/2012 23:58:24] /a
[18/07/2012 23:58:24] /i 460
[18/07/2012 23:58:25] /a
[18/07/2012 23:58:29] /i 460
[18/07/2012 23:58:30] /i 460
[18/07/2012 23:58:30] /a
[18/07/2012 23:58:30] /i 460
[18/07/2012 23:58:30] /a
[18/07/2012 23:58:31] /i 460
[18/07/2012 23:58:31] /a
[18/07/2012 23:58:31] /i 460
[18/07/2012 23:58:33] /i 460
[18/07/2012 23:58:33] /i 460
[18/07/2012 23:58:36] /a
[18/07/2012 23:58:36] /a
[18/07/2012 23:58:54] /a
[18/07/2012 23:58:55] /i 460
[18/07/2012 23:58:57] /i 460
[18/07/2012 23:58:57] /i 460
[18/07/2012 23:59:09] /i 460
[18/07/2012 23:59:10] /a
[18/07/2012 23:59:10] /i 460
[18/07/2012 23:59:12] /i 460
[18/07/2012 23:59:12] /a
[18/07/2012 23:59:12] /i 460
[18/07/2012 23:59:12] /a
[18/07/2012 23:59:13] /i 460
[18/07/2012 23:59:13] /a
[18/07/2012 23:59:13] /i 460
[18/07/2012 23:59:16] /a
[18/07/2012 23:59:16] /i 460
[18/07/2012 23:59:16] /a
[18/07/2012 23:59:17] /i 460
[18/07/2012 23:59:17] /a
[18/07/2012 23:59:17] /i 460
[18/07/2012 23:59:17] /a
[18/07/2012 23:59:17] /i 460
[18/07/2012 23:59:19] /i 460
[18/07/2012 23:59:19] /a
[18/07/2012 23:59:19] /i 460
[18/07/2012 23:59:19] /a
[18/07/2012 23:59:19] /i 460
[18/07/2012 23:59:19] /a
[18/07/2012 23:59:19] /i 460
[18/07/2012 23:59:19] /a
[18/07/2012 23:59:19] /i 460
[18/07/2012 23:59:20] /i 460
[18/07/2012 23:59:21] /i 460
[18/07/2012 23:59:21] /a
[18/07/2012 23:59:21] /i 460
[18/07/2012 23:59:21] /a
[18/07/2012 23:59:21] /i 460
[18/07/2012 23:59:21] /a
[18/07/2012 23:59:22] /i 460
[18/07/2012 23:59:22] /a
[18/07/2012 23:59:23] /i 460
[18/07/2012 23:59:23] /a
[18/07/2012 23:59:23] /i 460
[18/07/2012 23:59:24] /a
[18/07/2012 23:59:24] /i 460
[18/07/2012 23:59:24] /a
[18/07/2012 23:59:24] /i 460
[18/07/2012 23:59:24] /a
[18/07/2012 23:59:24] /i 460
[18/07/2012 23:59:24] /a
[18/07/2012 23:59:25] /i 460
[18/07/2012 23:59:25] /a
[18/07/2012 23:59:25] /i 460
[18/07/2012 23:59:25] /a
[18/07/2012 23:59:25] /i 460
[18/07/2012 23:59:25] /a
[18/07/2012 23:59:25] /i 460
[18/07/2012 23:59:25] /a
[18/07/2012 23:59:26] /i 460
[18/07/2012 23:59:26] /a
[18/07/2012 23:59:26] /i 460
[18/07/2012 23:59:26] /a
[18/07/2012 23:59:26] /i 460
[18/07/2012 23:59:26] /a
[18/07/2012 23:59:26] /i 460
[18/07/2012 23:59:26] /a
[18/07/2012 23:59:27] /i 460
[18/07/2012 23:59:27] /a
[18/07/2012 23:59:27] /i 460
[18/07/2012 23:59:27] /a
[18/07/2012 23:59:27] /i 460
[18/07/2012 23:59:27] /a
[18/07/2012 23:59:27] /i 460
[18/07/2012 23:59:29] /i 460
[18/07/2012 23:59:29] /a
[18/07/2012 23:59:29] /i 460
[18/07/2012 23:59:29] /a
[18/07/2012 23:59:29] /i 460
[18/07/2012 23:59:29] /a
[18/07/2012 23:59:29] /i 460
[18/07/2012 23:59:29] /a
[18/07/2012 23:59:30] /i 460
[18/07/2012 23:59:30] /a
[18/07/2012 23:59:30] /i 460
[18/07/2012 23:59:30] /a
[18/07/2012 23:59:30] /i 460
[18/07/2012 23:59:30] /a
[18/07/2012 23:59:30] /i 460
[18/07/2012 23:59:30] /a
[18/07/2012 23:59:31] /i 460
[18/07/2012 23:59:33] /a
[18/07/2012 23:59:33] /i 460
[18/07/2012 23:59:33] /a
[18/07/2012 23:59:34] /i 460
[18/07/2012 23:59:34] /a
[18/07/2012 23:59:34] /i 460
[18/07/2012 23:59:34] /a
[18/07/2012 23:59:34] /i 460
[18/07/2012 23:59:34] /a
[18/07/2012 23:59:34] /i 460
[18/07/2012 23:59:34] /a
[18/07/2012 23:59:35] /i 460
[18/07/2012 23:59:35] /a
[18/07/2012 23:59:35] /i 460
[18/07/2012 23:59:35] /a
[18/07/2012 23:59:35] /i 460
[18/07/2012 23:59:35] /a
[18/07/2012 23:59:35] /i 460
[18/07/2012 23:59:35] /a
[18/07/2012 23:59:36] /i 460
[18/07/2012 23:59:36] /a
[18/07/2012 23:59:36] /i 460
[18/07/2012 23:59:37] /i 460
[18/07/2012 23:59:37] /a
[18/07/2012 23:59:37] /i 460
[18/07/2012 23:59:37] /a
[18/07/2012 23:59:38] /i 460
[18/07/2012 23:59:38] /a
[18/07/2012 23:59:38] /i 460
[18/07/2012 23:59:38] /a
[18/07/2012 23:59:38] /i 460
[18/07/2012 23:59:38] /a
[18/07/2012 23:59:38] /i 460
[18/07/2012 23:59:38] /a
[18/07/2012 23:59:39] /i 460
[18/07/2012 23:59:39] /a
[18/07/2012 23:59:40] /a
[18/07/2012 23:59:41] /i 460
[18/07/2012 23:59:41] /a
[18/07/2012 23:59:41] /i 460
[18/07/2012 23:59:42] /i 460
[18/07/2012 23:59:42] /a
[18/07/2012 23:59:43] /i 460
[18/07/2012 23:59:43] /a
[18/07/2012 23:59:43] /i 460
[18/07/2012 23:59:43] /a
[18/07/2012 23:59:43] /i 460
[18/07/2012 23:59:43] /a
[18/07/2012 23:59:43] /i 460
[18/07/2012 23:59:43] /a
[18/07/2012 23:59:44] /i 460
[18/07/2012 23:59:44] /a
[18/07/2012 23:59:44] /i 460
[18/07/2012 23:59:44] /a
[18/07/2012 23:59:44] /i 460
[18/07/2012 23:59:44] /a
[18/07/2012 23:59:44] /i 460
[18/07/2012 23:59:44] /a
[18/07/2012 23:59:45] /i 460
[18/07/2012 23:59:45] /a
[18/07/2012 23:59:45] /i 460
[18/07/2012 23:59:45] /a
[18/07/2012 23:59:45] /i 460
[18/07/2012 23:59:46] /a
[18/07/2012 23:59:46] /i 460
[18/07/2012 23:59:46] /a
[18/07/2012 23:59:47] /i 460
[18/07/2012 23:59:47] /a
[18/07/2012 23:59:47] /i 460
[18/07/2012 23:59:47] /a
[18/07/2012 23:59:47] /i 460
[18/07/2012 23:59:48] /a
[18/07/2012 23:59:48] /a
[18/07/2012 23:59:48] /a
[18/07/2012 23:59:49] /a
[18/07/2012 23:59:49] /a
[18/07/2012 23:59:49] /i 460
[18/07/2012 23:59:49] /a
[18/07/2012 23:59:49] /i 460
[18/07/2012 23:59:49] /a
[18/07/2012 23:59:49] /i 460
[18/07/2012 23:59:49] /a
[18/07/2012 23:59:50] /i 460
[18/07/2012 23:59:50] /a
[18/07/2012 23:59:50] /i 460
[18/07/2012 23:59:50] /a
[18/07/2012 23:59:50] /i 460
[18/07/2012 23:59:51] /a
[18/07/2012 23:59:51] /a
[18/07/2012 23:59:52] /a
[18/07/2012 23:59:52] /a
[18/07/2012 23:59:53] /i 460
[18/07/2012 23:59:54] /i 460
[18/07/2012 23:59:54] /a
[18/07/2012 23:59:54] /i 460
[18/07/2012 23:59:54] /a
[18/07/2012 23:59:54] /i 460
[18/07/2012 23:59:55] /a
[18/07/2012 23:59:55] /i 460
[18/07/2012 23:59:56] /i 460
[18/07/2012 23:59:57] /i 460
[18/07/2012 23:59:57] /a
[18/07/2012 23:59:57] /i 460
[18/07/2012 23:59:57] /a
[18/07/2012 23:59:57] /i 460
[18/07/2012 23:59:57] /a
[18/07/2012 23:59:57] /i 460
[18/07/2012 23:59:58] /a
[18/07/2012 23:59:58] /i 460
[18/07/2012 23:59:58] /a
[18/07/2012 23:59:58] /i 460
[18/07/2012 23:59:58] /a
[18/07/2012 23:59:58] /i 460
[18/07/2012 23:59:58] /a
[18/07/2012 23:59:58] /i 460
[18/07/2012 23:59:59] /a
[18/07/2012 23:59:59] /i 460
[19/07/2012 00:00:00] /i 460
[19/07/2012 00:00:00] /a
[19/07/2012 00:00:00] /i 460
[19/07/2012 00:00:00] /a
[19/07/2012 00:00:00] /i 460
[19/07/2012 00:00:00] /a
[19/07/2012 00:00:00] /i 460
[19/07/2012 00:00:01] /a
[19/07/2012 00:00:01] /i 460
[19/07/2012 00:00:01] /a
[19/07/2012 00:00:01] /i 460
[19/07/2012 00:00:01] /a
[19/07/2012 00:00:01] /i 460
[19/07/2012 00:00:01] /a
[19/07/2012 00:00:02] /i 460
[19/07/2012 00:00:04] /a
[19/07/2012 00:00:04] /i 460
[19/07/2012 00:00:05] /i 460
[19/07/2012 00:00:05] /a
[19/07/2012 00:00:06] /i 460
[19/07/2012 00:00:06] /a
[19/07/2012 00:00:07] /a
[19/07/2012 00:00:07] /i 460
[19/07/2012 00:00:07] /a
[19/07/2012 00:00:08] /i 460
[19/07/2012 00:00:08] /a
[19/07/2012 00:00:08] /i 460
[19/07/2012 00:00:08] /a
[19/07/2012 00:00:08] /i 460
[19/07/2012 00:00:08] /a
[19/07/2012 00:00:08] /i 460
[19/07/2012 00:00:08] /a
[19/07/2012 00:00:09] /i 460
[19/07/2012 00:00:09] /a
[19/07/2012 00:00:09] /i 460
[19/07/2012 00:00:09] /a
[19/07/2012 00:00:09] /i 460
[19/07/2012 00:00:09] /a
[19/07/2012 00:00:09] /i 460
[19/07/2012 00:00:09] /a
[19/07/2012 00:00:10] /i 460
[19/07/2012 00:00:10] /a
[19/07/2012 00:00:11] /a
[19/07/2012 00:00:11] /a
[19/07/2012 00:00:11] /a
[19/07/2012 00:00:11] /a
[19/07/2012 00:00:11] /a
[19/07/2012 00:00:11] /a
[19/07/2012 00:00:11] /a
[19/07/2012 00:00:11] /a
[19/07/2012 00:00:11] /a
[19/07/2012 00:00:11] /a
[19/07/2012 00:00:11] /a
[19/07/2012 00:00:11] /a
[19/07/2012 00:00:11] /a
[19/07/2012 00:00:11] /a
[19/07/2012 00:00:11] /a
[19/07/2012 00:00:14] /a
[19/07/2012 00:00:14] /a
[19/07/2012 00:00:14] /a
[19/07/2012 00:00:14] /a
[19/07/2012 00:00:14] /a
[19/07/2012 00:00:14] /a
[19/07/2012 00:00:14] /a
[19/07/2012 00:00:14] /a
[19/07/2012 00:00:14] /a
[19/07/2012 00:00:16] /i 460
[19/07/2012 00:00:17] /a
[19/07/2012 00:00:18] /i 460
[19/07/2012 00:00:18] /a
[19/07/2012 00:00:18] /i 460
[19/07/2012 00:00:18] /a
[19/07/2012 00:00:18] /i 460
[19/07/2012 00:00:19] /a
[19/07/2012 00:00:19] /i 460
[19/07/2012 00:00:19] /a
[19/07/2012 00:00:19] /i 460
[19/07/2012 00:00:19] /a
[19/07/2012 00:00:19] /i 460
[19/07/2012 00:00:19] /a
[19/07/2012 00:00:19] /i 460
[19/07/2012 00:00:22] /a
[19/07/2012 00:00:22] /a
[19/07/2012 00:00:23] /i 460
[19/07/2012 00:00:23] /a
[19/07/2012 00:00:23] /i 460
[19/07/2012 00:00:23] /a
[19/07/2012 00:00:23] /i 460
[19/07/2012 00:01:41] /a
[19/07/2012 00:01:42] /a
[19/07/2012 00:01:56] /a
[19/07/2012 00:01:58] /i 460
[19/07/2012 00:01:59] /a
[19/07/2012 00:01:59] /i 460
[19/07/2012 00:01:59] /a
[19/07/2012 00:01:59] /i 460
[19/07/2012 00:02:00] /a
[19/07/2012 00:02:01] /i 460
[19/07/2012 00:02:02] /a
[19/07/2012 00:02:06] /a
[19/07/2012 00:02:06] /a
[19/07/2012 00:02:09] /i 460
[19/07/2012 00:02:09] /i 460
[19/07/2012 00:02:10] /i 460
[19/07/2012 00:02:10] /i 460
[19/07/2012 00:02:13] /a
[19/07/2012 00:02:13] /i 460
[19/07/2012 00:02:14] /a
[19/07/2012 00:02:14] /i 460
[19/07/2012 00:02:14] /a
[19/07/2012 00:02:14] /i 460
[19/07/2012 00:02:14] /a
[19/07/2012 00:02:14] /i 460
[19/07/2012 00:02:54] /goto don ramon
[19/07/2012 00:06:48] /t
[19/07/2012 00:06:56] /i 1387
[19/07/2012 00:07:05] /attr poss 161 54 7
[19/07/2012 00:07:19] /t
[19/07/2012 00:07:39] /goto fercho
[19/07/2012 00:07:55] /attr pos 160 54 7
[19/07/2012 00:08:06] /r
[19/07/2012 00:10:39] /attr sex 2
[19/07/2012 00:10:56] /i 460
[19/07/2012 00:11:35] /attr sex 1
[19/07/2012 00:11:39] /attr sex 1
[19/07/2012 00:14:25] /i 2196
[19/07/2012 00:14:30] /player
[19/07/2012 01:30:21] /goto fercho
[19/07/2012 01:30:54] /s tarzan
[19/07/2012 01:31:40] /m tarzan
[19/07/2012 01:31:41] /m tarzan
[19/07/2012 01:32:08] /r
[19/07/2012 01:32:14] /r
[19/07/2012 01:32:33] /r
[19/07/2012 01:36:54] /namex Hoster Fercho, GOD Odlanyer
