[14/07/2010 16:21:59] /newtype 250
[14/07/2010 16:22:02] /newtype 353
[14/07/2010 16:24:31] /reload monsters
[14/07/2010 16:29:55] /newtype 353
[14/07/2010 16:29:58] /newtype 352
[14/07/2010 16:30:00] /newtype 351
[14/07/2010 16:30:02] /newtype 354
[14/07/2010 16:30:04] /newtype 355
[14/07/2010 16:30:08] /newtype 356
[14/07/2010 16:30:21] /newtype 357
[14/07/2010 16:30:26] /newtype 358
[14/07/2010 16:30:53] /newtype 359
[14/07/2010 16:31:04] /a
[14/07/2010 16:31:05] /a
[14/07/2010 16:31:05] /a
[14/07/2010 16:31:05] /a
[14/07/2010 16:31:06] /a
[14/07/2010 16:31:06] /a
[14/07/2010 16:31:06] /a
[14/07/2010 16:31:06] /a
[14/07/2010 16:31:07] /a
[14/07/2010 16:31:07] /a
[14/07/2010 16:31:07] /a
[14/07/2010 16:31:07] /a
[14/07/2010 16:31:07] /a
[14/07/2010 16:31:07] /a
[14/07/2010 16:31:08] /a
[14/07/2010 16:31:08] /a
[14/07/2010 16:31:08] /a
[14/07/2010 16:31:08] /a
[14/07/2010 16:31:08] /a
[14/07/2010 16:31:11] /down
[14/07/2010 16:31:12] /a
[14/07/2010 16:31:12] /a
[14/07/2010 16:31:12] /a
[14/07/2010 16:31:12] /a
[14/07/2010 16:31:12] /a
[14/07/2010 16:31:13] /a
[14/07/2010 16:31:13] /a
[14/07/2010 16:31:13] /a
[14/07/2010 16:31:13] /a
[14/07/2010 16:31:13] /a
[14/07/2010 16:31:13] /a
[14/07/2010 16:31:14] /a
[14/07/2010 16:31:14] /a
[14/07/2010 16:31:14] /a
[14/07/2010 16:31:14] /a
[14/07/2010 16:31:15] /a
[14/07/2010 16:31:32] /i 12222
[14/07/2010 16:32:13] /r
[14/07/2010 16:34:36] /t
[14/07/2010 16:35:06] /m Triple Medusa
[14/07/2010 16:35:11] /s dragon
[14/07/2010 16:35:26] /s dragon
[14/07/2010 16:35:57] /m Draken Abomination
[14/07/2010 16:36:22] /m Lizard Abomination
[14/07/2010 16:36:43] /m Abomination Fury
[14/07/2010 16:38:33] /m Purple Turtle
[14/07/2010 16:39:11] /newtype 360
[14/07/2010 16:39:14] /newtype 361
[14/07/2010 16:42:25] /newtype 356
[14/07/2010 16:42:27] /newtype 357
[14/07/2010 16:42:36] /newtype 358
[14/07/2010 16:42:38] /newtype 359
[14/07/2010 16:42:40] /newtype 360
[14/07/2010 16:42:42] /newtype 361
[14/07/2010 16:42:44] /newtype 362
[14/07/2010 16:42:46] /newtype 363
[14/07/2010 16:42:48] /newtype 364
[14/07/2010 16:42:51] /newtype 365
[14/07/2010 16:42:54] /newtype 366
[14/07/2010 16:43:00] /newtype 367
[14/07/2010 16:43:01] /a
[14/07/2010 16:43:01] /a
[14/07/2010 16:43:02] /a
[14/07/2010 16:43:02] /a
[14/07/2010 16:43:02] /a
[14/07/2010 16:43:03] /a
[14/07/2010 16:43:03] /a
[14/07/2010 16:43:03] /a
[14/07/2010 16:43:03] /a
[14/07/2010 16:43:03] /a
[14/07/2010 16:43:04] /a
[14/07/2010 16:43:04] /a
[14/07/2010 16:43:04] /a
[14/07/2010 16:43:04] /a
[14/07/2010 16:43:05] /a
[14/07/2010 16:43:05] /a
[14/07/2010 16:43:05] /a
[14/07/2010 16:43:05] /a
[14/07/2010 16:43:06] /a
[14/07/2010 16:43:06] /a
[14/07/2010 16:43:06] /a
[14/07/2010 16:43:06] /a
[14/07/2010 16:43:07] /a
[14/07/2010 16:43:07] /a
[14/07/2010 16:43:07] /a
[14/07/2010 16:43:07] /a
[14/07/2010 16:43:07] /a
[14/07/2010 16:43:07] /a
[14/07/2010 16:43:08] /a
[14/07/2010 16:43:08] /a
[14/07/2010 16:43:39] /i 1387
[14/07/2010 16:43:52] /attr position 584 46 7
[14/07/2010 16:56:28] /i 7620
[16/07/2010 01:09:06] /a
[16/07/2010 01:09:06] /a
[16/07/2010 01:09:06] /a
[16/07/2010 01:09:59] /i 7620
[16/07/2010 01:10:27] /a
[16/07/2010 01:10:28] /a
[16/07/2010 01:10:28] /a
[16/07/2010 01:10:28] /a
[16/07/2010 01:10:28] /a
[16/07/2010 01:10:29] /a
[16/07/2010 01:10:29] /a
[16/07/2010 01:10:29] /a
[16/07/2010 01:10:29] /a
[16/07/2010 01:10:29] /a
[16/07/2010 01:10:30] /a
[16/07/2010 01:10:30] /a
[16/07/2010 01:10:30] /a
[16/07/2010 01:10:30] /a
[16/07/2010 01:10:30] /a
[16/07/2010 01:10:30] /a
[16/07/2010 01:10:30] /a
[16/07/2010 01:10:31] /a
[16/07/2010 01:10:31] /a
[16/07/2010 01:10:31] /a
[16/07/2010 01:10:31] /a
[16/07/2010 01:10:31] /a
[16/07/2010 01:10:31] /a
[16/07/2010 01:10:32] /a
[16/07/2010 01:10:51] /a
[16/07/2010 01:10:52] /a
[16/07/2010 01:10:52] /a
[16/07/2010 01:10:52] /a
[16/07/2010 01:10:52] /a
[16/07/2010 01:10:52] /a
[16/07/2010 01:10:52] /a
[16/07/2010 01:10:52] /a
[16/07/2010 01:11:20] /i 2290
[16/07/2010 01:23:00] /i 7620
[16/07/2010 02:16:44] /i 7620
[16/07/2010 02:16:47] /a
[16/07/2010 02:16:49] /a
[16/07/2010 02:17:39] /a
[16/07/2010 02:17:40] /a
[16/07/2010 02:17:40] /a
[16/07/2010 02:17:40] /a
[16/07/2010 02:17:40] /a
[16/07/2010 02:17:40] /a
[16/07/2010 02:17:40] /a
[16/07/2010 02:17:40] /a
[16/07/2010 02:17:40] /a
[16/07/2010 02:17:40] /a
[16/07/2010 02:17:41] /a
[16/07/2010 02:17:41] /a
[16/07/2010 02:17:41] /a
[16/07/2010 02:17:42] /a
[16/07/2010 02:17:43] /a
[16/07/2010 02:17:43] /a
[16/07/2010 02:17:43] /a
[16/07/2010 02:17:43] /a
[16/07/2010 02:17:43] /a
[16/07/2010 02:17:44] /a
[16/07/2010 02:17:44] /a
[16/07/2010 02:17:44] /a
[16/07/2010 02:17:44] /a
[16/07/2010 02:17:46] /a
[16/07/2010 02:17:46] /a
[16/07/2010 02:17:46] /a
[16/07/2010 02:17:55] /a
[16/07/2010 02:17:55] /a
[16/07/2010 02:17:55] /a
[16/07/2010 02:17:56] /a
[16/07/2010 02:17:56] /a
[16/07/2010 02:17:56] /a
[16/07/2010 02:17:56] /a
[16/07/2010 02:17:58] /a
[16/07/2010 02:17:58] /a
[16/07/2010 02:17:58] /a
[16/07/2010 02:17:58] /a
[16/07/2010 02:17:58] /a
[16/07/2010 02:17:58] /a
[16/07/2010 02:17:59] /a
[16/07/2010 02:17:59] /a
[16/07/2010 02:18:00] /a
[16/07/2010 02:18:02] /a
[16/07/2010 02:18:03] /a
[16/07/2010 02:18:03] /a
[16/07/2010 02:18:03] /a
[16/07/2010 02:18:03] /a
[16/07/2010 02:18:03] /a
[16/07/2010 02:18:04] /a
[16/07/2010 02:18:04] /a
[16/07/2010 02:18:05] /a
[16/07/2010 02:18:05] /a
[16/07/2010 02:18:05] /a
[16/07/2010 02:18:05] /a
[16/07/2010 02:18:06] /a
[16/07/2010 02:18:07] /a
[16/07/2010 02:18:07] /a
[16/07/2010 02:18:07] /a
[16/07/2010 02:18:07] /a
[16/07/2010 02:18:08] /a
[16/07/2010 02:18:08] /a
[16/07/2010 02:18:08] /a
[16/07/2010 02:18:08] /a
[16/07/2010 02:18:08] /a
[16/07/2010 02:18:08] /a
[16/07/2010 02:18:12] /a
[16/07/2010 02:18:12] /a
[16/07/2010 02:18:12] /a
[16/07/2010 02:18:12] /a
[16/07/2010 02:18:13] /a
[16/07/2010 02:18:13] /a
[16/07/2010 02:18:13] /a
[16/07/2010 02:18:13] /a
[16/07/2010 02:18:13] /a
[16/07/2010 02:18:13] /a
[16/07/2010 02:18:14] /a
[16/07/2010 02:18:14] /a
[16/07/2010 02:18:15] /a
[16/07/2010 02:18:16] /a
[16/07/2010 02:18:16] /a
[16/07/2010 02:18:16] /a
[16/07/2010 02:18:16] /a
[16/07/2010 02:18:17] /a
[16/07/2010 02:18:17] /a
[16/07/2010 02:18:17] /a
[16/07/2010 02:18:17] /a
[16/07/2010 02:18:19] /a
[16/07/2010 02:18:19] /a
[16/07/2010 02:18:19] /a
[16/07/2010 02:18:19] /a
[16/07/2010 02:18:20] /a
[16/07/2010 02:18:20] /a
[16/07/2010 02:18:20] /a
[16/07/2010 02:22:44] /i 7620
[16/07/2010 02:30:47] /a
[16/07/2010 02:30:47] /a
[16/07/2010 02:30:48] /a
[16/07/2010 02:30:48] /a
[16/07/2010 02:30:50] /a
[16/07/2010 02:30:50] /a
[16/07/2010 02:30:50] /a
[16/07/2010 02:30:50] /a
[16/07/2010 02:30:50] /a
[16/07/2010 02:30:50] /a
[16/07/2010 02:30:51] /a
[16/07/2010 02:30:51] /a
[16/07/2010 02:30:51] /a
[16/07/2010 02:30:51] /a
[16/07/2010 02:30:51] /a
[16/07/2010 02:30:51] /a
[16/07/2010 02:30:51] /a
[16/07/2010 02:30:52] /a
[16/07/2010 02:30:52] /a
[16/07/2010 02:31:10] /m draken warmaster
[16/07/2010 02:31:19] /a
[16/07/2010 02:31:21] /a
[16/07/2010 02:32:14] /a
[16/07/2010 02:32:14] /a
[16/07/2010 02:32:14] /a
[16/07/2010 02:32:15] /a
[16/07/2010 02:32:15] /a
[16/07/2010 02:32:15] /a
[16/07/2010 02:32:15] /a
[16/07/2010 02:32:15] /a
[16/07/2010 02:32:15] /a
[16/07/2010 02:32:15] /a
[16/07/2010 02:32:15] /a
[16/07/2010 02:32:16] /a
[16/07/2010 02:32:17] /a
[16/07/2010 02:32:17] /a
[16/07/2010 02:32:17] /a
[16/07/2010 02:32:17] /a
[16/07/2010 02:32:17] /a
[16/07/2010 02:32:17] /a
[16/07/2010 02:32:17] /a
[16/07/2010 02:32:17] /a
[16/07/2010 02:32:18] /a
[16/07/2010 02:32:18] /a
[16/07/2010 02:32:18] /a
[16/07/2010 02:32:19] /a
[16/07/2010 02:32:19] /a
[16/07/2010 02:32:19] /a
[16/07/2010 02:32:19] /a
[16/07/2010 02:32:19] /a
[16/07/2010 02:32:20] /a
[16/07/2010 02:32:20] /a
[16/07/2010 02:32:20] /a
[16/07/2010 02:32:22] /a
[16/07/2010 02:32:23] /a
[16/07/2010 02:32:23] /a
[16/07/2010 02:32:23] /a
[16/07/2010 02:32:23] /a
[16/07/2010 02:32:24] /a
[16/07/2010 02:32:24] /a
[16/07/2010 02:32:24] /a
[16/07/2010 02:32:24] /a
[16/07/2010 02:32:24] /a
[16/07/2010 02:32:24] /a
[16/07/2010 02:32:25] /a
[16/07/2010 02:32:30] /a
[16/07/2010 02:32:30] /a
[16/07/2010 02:32:30] /a
[16/07/2010 02:32:30] /a
[16/07/2010 02:32:31] /a
[16/07/2010 02:32:31] /a
[16/07/2010 02:32:31] /a
[16/07/2010 02:32:32] /a
[16/07/2010 02:32:32] /a
[16/07/2010 02:32:33] /a
[16/07/2010 02:32:34] /a
[16/07/2010 02:32:35] /a
[16/07/2010 02:32:35] /a
[16/07/2010 02:32:35] /a
[16/07/2010 02:32:35] /a
[16/07/2010 02:32:35] /a
[16/07/2010 02:32:35] /a
[16/07/2010 02:32:35] /a
[16/07/2010 02:32:36] /a
[16/07/2010 02:32:36] /a
[16/07/2010 02:32:36] /a
[16/07/2010 02:32:37] /a
[16/07/2010 02:32:37] /a
[16/07/2010 02:32:37] /a
[16/07/2010 02:32:37] /a
[16/07/2010 02:32:37] /a
[16/07/2010 02:32:38] /a
[16/07/2010 02:32:38] /a
[16/07/2010 02:32:38] /a
[16/07/2010 02:32:38] /a
[16/07/2010 02:32:38] /a
[16/07/2010 02:32:38] /a
[16/07/2010 02:32:38] /a
[16/07/2010 02:32:38] /a
[16/07/2010 02:32:38] /a
[16/07/2010 02:32:38] /a
[16/07/2010 02:32:39] /a
[16/07/2010 02:32:39] /a
[16/07/2010 02:32:39] /a
[16/07/2010 02:32:39] /a
[16/07/2010 02:32:39] /a
[16/07/2010 02:32:39] /a
[16/07/2010 02:32:39] /a
[16/07/2010 02:32:40] /t
[16/07/2010 02:32:42] /a
[16/07/2010 02:32:42] /a
[16/07/2010 02:32:42] /a
[16/07/2010 02:32:43] /a
[16/07/2010 02:32:43] /a
[16/07/2010 02:32:43] /a
[16/07/2010 02:32:43] /a
[16/07/2010 02:32:43] /a
[16/07/2010 02:32:43] /a
[16/07/2010 02:32:43] /a
[16/07/2010 02:32:43] /a
[16/07/2010 02:32:43] /a
[16/07/2010 02:32:43] /a
[16/07/2010 02:32:43] /a
[16/07/2010 02:32:43] /a
[16/07/2010 02:32:44] /a
[16/07/2010 02:32:44] /a
[16/07/2010 02:32:44] /a
[16/07/2010 02:32:44] /a
[16/07/2010 02:32:44] /a
[16/07/2010 02:32:46] /a
[16/07/2010 02:32:46] /a
[16/07/2010 02:32:46] /a
[16/07/2010 02:32:46] /a
[16/07/2010 02:32:46] /a
[16/07/2010 02:32:46] /a
[16/07/2010 02:32:47] /a
[16/07/2010 02:32:47] /a
[16/07/2010 02:32:47] /a
[16/07/2010 02:32:47] /a
[16/07/2010 02:32:47] /a
[16/07/2010 02:32:47] /a
[16/07/2010 02:32:47] /a
[16/07/2010 02:32:53] /a 10
[16/07/2010 02:32:55] /a 10
[16/07/2010 02:32:57] /a 10
[16/07/2010 02:32:58] /a 10
[16/07/2010 02:33:00] /a 10
[16/07/2010 02:33:01] /a 10
[16/07/2010 02:33:02] /a 10
[16/07/2010 02:33:03] /a 10
[16/07/2010 02:33:06] /a 10
[16/07/2010 02:33:08] /a 15
[16/07/2010 02:33:10] /a 6
[16/07/2010 02:33:12] /a 7
[16/07/2010 02:33:14] /a 8
[16/07/2010 02:33:18] /a 9
[16/07/2010 02:33:20] /a 8
[16/07/2010 02:33:21] /a 7
[16/07/2010 02:33:23] /a 6
[16/07/2010 02:33:25] /a 5
[16/07/2010 02:33:26] /a 4
[16/07/2010 02:33:28] /a 3
[16/07/2010 02:33:29] /a
[16/07/2010 02:33:30] /a
[16/07/2010 02:33:30] /a
[16/07/2010 02:33:32] /a
[16/07/2010 02:33:32] /a
[16/07/2010 02:33:33] /a
[16/07/2010 02:33:35] /a
[16/07/2010 02:33:35] /a
[16/07/2010 02:33:42] /a 6
[16/07/2010 02:33:44] /a 7
[16/07/2010 02:33:46] /a 8
[16/07/2010 02:33:48] /a 9
[16/07/2010 02:33:50] /a
[16/07/2010 02:33:50] /a
[16/07/2010 02:33:50] /a
[16/07/2010 02:33:50] /a
[16/07/2010 02:33:50] /a
[16/07/2010 02:33:50] /a
[16/07/2010 02:33:50] /a
[16/07/2010 02:33:51] /a
[16/07/2010 02:33:51] /a
[16/07/2010 02:33:51] /a
[16/07/2010 02:33:51] /a
[16/07/2010 02:33:51] /a
[16/07/2010 02:33:51] /a
[16/07/2010 02:33:51] /a
[16/07/2010 02:33:51] /a
[16/07/2010 02:33:51] /a
[16/07/2010 02:33:52] /a
[16/07/2010 02:33:52] /a
[16/07/2010 02:33:52] /a
[16/07/2010 02:33:52] /a
[16/07/2010 02:33:52] /a
[16/07/2010 02:33:53] /a
[16/07/2010 02:33:53] /a
[16/07/2010 02:33:53] /a
[16/07/2010 02:33:53] /a
[16/07/2010 02:33:54] /a
[16/07/2010 02:33:54] /a
[16/07/2010 02:33:55] /a
[16/07/2010 02:33:55] /a
[16/07/2010 02:33:55] /a
[16/07/2010 02:33:55] /a
[16/07/2010 02:33:56] /a
[16/07/2010 02:33:56] /a
[16/07/2010 02:33:56] /a
[16/07/2010 02:33:56] /a
[16/07/2010 02:33:57] /a
[16/07/2010 02:33:57] /a
[16/07/2010 02:33:58] /a
[16/07/2010 02:33:58] /a
[16/07/2010 02:33:58] /a
[16/07/2010 02:33:58] /a
[16/07/2010 02:33:59] /a
[16/07/2010 02:33:59] /a
[16/07/2010 02:33:59] /a
[16/07/2010 02:33:59] /a
[16/07/2010 02:33:59] /a
[16/07/2010 02:34:03] /a
[16/07/2010 02:34:03] /a
[16/07/2010 02:34:04] /a
[16/07/2010 02:34:05] /a
[16/07/2010 02:34:19] /a
[16/07/2010 02:34:20] /a
[16/07/2010 02:34:22] /a
[16/07/2010 02:34:22] /a
[16/07/2010 02:34:24] /a
[16/07/2010 02:34:24] /a
[16/07/2010 02:34:24] /a
[16/07/2010 02:34:24] /a
[16/07/2010 02:34:25] /a
[16/07/2010 02:34:25] /a
[16/07/2010 02:34:25] /a
[16/07/2010 02:34:25] /a
[16/07/2010 02:34:25] /a
[16/07/2010 02:34:40] /a
[16/07/2010 02:34:40] /a
[16/07/2010 02:34:40] /a
[16/07/2010 02:44:39] /i 7620
[16/07/2010 02:44:41] /a
[16/07/2010 02:44:41] /a
[16/07/2010 02:44:42] /a
[16/07/2010 02:44:42] /a
[16/07/2010 02:44:52] /i 13540
[16/07/2010 02:45:02] /i 11540
[16/07/2010 02:45:08] /i 11340
[16/07/2010 02:45:17] /a
[16/07/2010 02:55:15] /a
[16/07/2010 02:55:16] /a
[16/07/2010 02:55:30] /a
[16/07/2010 02:55:31] /a
[16/07/2010 02:55:32] /a
[16/07/2010 02:55:32] /a
[16/07/2010 02:55:36] /a
[16/07/2010 02:55:47] /a 5
[16/07/2010 02:55:57] /a 5
[16/07/2010 02:55:59] /a 5
[16/07/2010 02:56:01] /a
[16/07/2010 02:56:04] /a
[16/07/2010 02:56:04] /a
[16/07/2010 02:56:08] /a
[16/07/2010 02:56:12] /a
[16/07/2010 02:56:13] /a
[16/07/2010 02:56:14] /a
[16/07/2010 02:56:22] /a 2
[16/07/2010 02:56:23] /a
[16/07/2010 02:56:25] /a
[16/07/2010 02:56:25] /a
[16/07/2010 02:56:26] /a
[16/07/2010 02:56:26] /a
[16/07/2010 02:56:26] /a
[16/07/2010 02:56:26] /a
[16/07/2010 02:56:27] /a
[16/07/2010 02:56:27] /a
[16/07/2010 02:56:28] /a
[16/07/2010 02:56:28] /a
[16/07/2010 02:56:28] /a
[16/07/2010 02:56:28] /a
[16/07/2010 02:56:28] /a
[16/07/2010 02:56:28] /a
[16/07/2010 02:56:28] /a
[16/07/2010 02:56:29] /a
[16/07/2010 02:56:29] /a
[16/07/2010 02:56:29] /a
[16/07/2010 02:56:29] /a
[16/07/2010 02:56:29] /a
[16/07/2010 02:56:29] /a
[16/07/2010 02:57:12] /i 12061
[16/07/2010 02:57:19] /i 12062
[16/07/2010 02:57:28] /i 12059
[16/07/2010 02:57:31] /a
[16/07/2010 02:57:32] /a
[16/07/2010 02:57:38] /i 12058
[16/07/2010 02:57:41] /i 12057
[16/07/2010 02:57:45] /i 12056
[16/07/2010 05:09:40] /m demon
[16/07/2010 05:09:53] /m demon
[16/07/2010 05:10:24] /i 2281
[16/07/2010 05:11:27] /a
[16/07/2010 17:22:26] /t
[16/07/2010 17:22:54] /t
[16/07/2010 17:23:34] /t
[16/07/2010 17:24:10] /t
[16/07/2010 17:26:43] /a
[16/07/2010 17:26:43] /a
[16/07/2010 17:26:43] /a
[16/07/2010 17:26:43] /a
[16/07/2010 17:26:50] /a
[16/07/2010 17:26:51] /a
[16/07/2010 17:26:51] /a
[16/07/2010 17:26:51] /a
[16/07/2010 17:26:51] /a
[16/07/2010 17:26:52] /a
[16/07/2010 17:26:52] /a
[16/07/2010 17:26:54] /a
[16/07/2010 17:27:06] /a
[16/07/2010 17:27:06] /a
[16/07/2010 17:27:07] /a
[16/07/2010 17:27:07] /a
[16/07/2010 17:27:07] /a
[16/07/2010 17:27:07] /a
[16/07/2010 17:27:07] /a
[16/07/2010 17:27:07] /a
[16/07/2010 17:27:07] /a
[16/07/2010 17:27:07] /a
[16/07/2010 17:27:27] /a
[16/07/2010 17:27:27] /a
[16/07/2010 17:27:28] /a
[16/07/2010 17:27:28] /a
[16/07/2010 17:27:28] /a
[16/07/2010 17:29:02] /a
[16/07/2010 17:29:03] /a
[16/07/2010 17:29:03] /a
[16/07/2010 17:29:03] /a
[16/07/2010 17:29:03] /a
[16/07/2010 17:29:03] /a
[16/07/2010 17:29:03] /a
[16/07/2010 17:29:05] /up
[16/07/2010 17:29:06] /a
[16/07/2010 17:29:06] /a
[16/07/2010 17:29:06] /a
[16/07/2010 17:29:07] /a
[16/07/2010 17:29:07] /a
[16/07/2010 17:29:07] /a
[16/07/2010 17:29:07] /a
[16/07/2010 17:29:08] /a
[16/07/2010 17:29:08] /a
[16/07/2010 17:29:08] /a
[16/07/2010 17:29:08] /a
[16/07/2010 17:29:09] /a
[16/07/2010 17:29:09] /a
[16/07/2010 17:29:09] /a
[16/07/2010 17:29:09] /a
[16/07/2010 17:29:09] /a
[16/07/2010 17:29:32] /i 762
[16/07/2010 17:29:33] /i 7620
[16/07/2010 17:30:33] /n addon seller
[16/07/2010 17:31:11] /r
[16/07/2010 17:37:28] /newtype 350
[16/07/2010 17:37:39] /newtype 360
[16/07/2010 17:37:45] /newtype 362
[16/07/2010 17:37:47] /newtype 364
[16/07/2010 17:37:48] /newtype 366
[16/07/2010 17:37:51] /newtype 367
[16/07/2010 17:44:03] /reload talkactions
[16/07/2010 17:45:04] /i 8982
[16/07/2010 17:46:02] /i 8982
[16/07/2010 17:46:10] /i 8982
[17/07/2010 00:13:05] /t
[17/07/2010 00:25:16] /i 1215
[17/07/2010 00:25:18] /i 12150
[17/07/2010 00:25:21] /r
[17/07/2010 00:25:22] /r
[17/07/2010 00:25:23] /i 12150
[17/07/2010 00:25:25] /i 12151
[17/07/2010 00:26:13] /i 8620
[17/07/2010 00:26:16] /r
[17/07/2010 00:28:07] /reload actions
[17/07/2010 00:28:21] /r
[17/07/2010 00:30:38] /i 12159
[17/07/2010 00:30:41] /i 12160
[17/07/2010 00:31:43] /reload actions
[17/07/2010 00:32:55] /r
[17/07/2010 00:32:59] /i 12159
[17/07/2010 02:31:58] /a
[17/07/2010 02:31:59] /a
[17/07/2010 02:31:59] /a
[17/07/2010 02:31:59] /a
[17/07/2010 02:31:59] /a
[17/07/2010 02:31:59] /a
[17/07/2010 02:31:59] /a
[17/07/2010 02:31:59] /a
[17/07/2010 02:32:00] /a
[17/07/2010 02:32:00] /a
[17/07/2010 02:32:00] /a
[17/07/2010 02:32:00] /a
[17/07/2010 02:32:00] /a
[17/07/2010 02:32:00] /a
[17/07/2010 02:32:00] /a
[17/07/2010 02:32:00] /a
[17/07/2010 02:32:00] /a
[17/07/2010 02:32:01] /a
[17/07/2010 02:32:01] /a
[17/07/2010 02:32:01] /a
[17/07/2010 02:32:02] /a
[17/07/2010 02:32:02] /a
[17/07/2010 02:32:02] /a
[17/07/2010 02:32:03] /a
[17/07/2010 02:32:03] /a
[17/07/2010 02:32:03] /a
[17/07/2010 02:32:03] /a
[17/07/2010 02:32:03] /a
[17/07/2010 02:32:04] /a
[17/07/2010 02:32:04] /a
[17/07/2010 02:32:04] /a
[17/07/2010 02:32:04] /a
[17/07/2010 02:32:04] /a
[17/07/2010 02:32:04] /a
[17/07/2010 02:32:05] /a
[17/07/2010 02:32:05] /a
[17/07/2010 02:32:05] /a
[17/07/2010 02:32:05] /a
[17/07/2010 02:32:05] /a
[17/07/2010 02:32:07] /a
[17/07/2010 02:32:07] /a
[17/07/2010 02:32:07] /a
[17/07/2010 02:32:07] /a
[17/07/2010 02:32:07] /a
[17/07/2010 02:32:08] /a
[17/07/2010 02:32:08] /a
[17/07/2010 02:32:08] /a
[17/07/2010 02:32:08] /a
[17/07/2010 02:32:08] /a
[17/07/2010 02:32:08] /a
[17/07/2010 02:32:08] /a
[17/07/2010 02:32:08] /a
[17/07/2010 02:32:08] /a
[17/07/2010 02:32:09] /a
[17/07/2010 02:32:09] /a
[17/07/2010 02:32:09] /a
[17/07/2010 02:32:09] /a
[17/07/2010 02:32:09] /a
[17/07/2010 02:32:09] /a
[17/07/2010 02:32:09] /a
[17/07/2010 02:32:09] /a
[17/07/2010 02:32:09] /a
[17/07/2010 02:32:09] /a
[17/07/2010 02:32:09] /a
[17/07/2010 02:32:09] /a
[17/07/2010 02:32:09] /a
[17/07/2010 02:32:09] /a
[17/07/2010 02:32:10] /a
[17/07/2010 02:32:10] /a
[17/07/2010 02:32:10] /a
[17/07/2010 02:32:10] /a
[17/07/2010 02:32:10] /a
[17/07/2010 02:32:10] /a
[17/07/2010 02:32:10] /a
[17/07/2010 02:32:10] /a
[17/07/2010 02:32:10] /a
[17/07/2010 02:32:10] /a
[17/07/2010 02:32:10] /a
[17/07/2010 02:32:11] /a
[17/07/2010 02:32:11] /a
[17/07/2010 02:32:11] /a
[17/07/2010 02:32:11] /a
[17/07/2010 02:32:11] /a
[17/07/2010 02:32:11] /a
[17/07/2010 02:32:12] /a
[17/07/2010 02:32:12] /a
[17/07/2010 02:32:12] /a
[17/07/2010 02:32:12] /a
[17/07/2010 02:32:12] /a
[17/07/2010 02:32:13] /a
[17/07/2010 02:32:13] /a
[17/07/2010 02:32:13] /a
[17/07/2010 02:32:13] /a
[17/07/2010 02:32:13] /a
[17/07/2010 02:32:13] /a
[17/07/2010 02:32:14] /a
[17/07/2010 02:32:14] /a
[17/07/2010 02:32:14] /a
[17/07/2010 02:32:14] /a
[17/07/2010 02:32:14] /a
[17/07/2010 02:32:14] /a
[17/07/2010 02:32:14] /a
[17/07/2010 02:32:14] /a
[17/07/2010 02:32:14] /a
[17/07/2010 02:32:14] /a
[17/07/2010 02:32:14] /a
[17/07/2010 02:32:14] /a
[17/07/2010 02:32:15] /a
[17/07/2010 02:32:15] /a
[17/07/2010 02:32:15] /a
[17/07/2010 02:32:15] /a
[17/07/2010 02:32:15] /a
[17/07/2010 02:32:15] /a
[17/07/2010 02:32:15] /a
[17/07/2010 02:32:15] /a
[17/07/2010 02:32:15] /a
[17/07/2010 02:32:15] /a
[17/07/2010 02:32:15] /a
[17/07/2010 02:32:15] /a
[17/07/2010 02:32:15] /a
[17/07/2010 02:32:15] /a
[17/07/2010 02:32:16] /a
[17/07/2010 02:32:16] /a
[17/07/2010 02:32:16] /a
[17/07/2010 02:32:16] /a
[17/07/2010 02:32:16] /a
[17/07/2010 02:32:16] /a
[17/07/2010 02:32:16] /a
[17/07/2010 02:32:16] /a
[17/07/2010 02:32:16] /a
[17/07/2010 02:32:16] /a
[17/07/2010 02:32:16] /a
[17/07/2010 02:32:16] /a
[17/07/2010 02:32:16] /a
[17/07/2010 02:32:16] /a
[17/07/2010 02:32:17] /a
[17/07/2010 02:32:17] /a
[17/07/2010 02:32:17] /a
[17/07/2010 02:32:17] /a
[17/07/2010 02:32:17] /a
[17/07/2010 02:32:17] /a
[17/07/2010 02:32:17] /a
[17/07/2010 02:32:17] /a
[17/07/2010 02:32:17] /a
[17/07/2010 02:32:17] /a
[17/07/2010 02:32:17] /a
[17/07/2010 02:32:17] /a
[17/07/2010 02:32:17] /a
[17/07/2010 02:32:17] /a
[17/07/2010 02:32:17] /a
[17/07/2010 02:32:18] /a
[17/07/2010 02:32:18] /a
[17/07/2010 02:32:18] /a
[17/07/2010 02:32:18] /a
[17/07/2010 02:32:18] /a
[17/07/2010 02:32:18] /a
[17/07/2010 02:32:18] /a
[17/07/2010 02:32:18] /a
[17/07/2010 02:32:18] /a
[17/07/2010 02:32:18] /a
[17/07/2010 02:32:18] /a
[17/07/2010 02:32:18] /a
[17/07/2010 02:32:18] /a
[17/07/2010 02:32:18] /a
[17/07/2010 02:32:18] /a
[17/07/2010 02:32:18] /a
[17/07/2010 02:32:20] /a
[17/07/2010 02:32:21] /a
[17/07/2010 02:32:21] /a
[17/07/2010 02:32:21] /a
[17/07/2010 02:32:21] /a
[17/07/2010 02:32:21] /a
[17/07/2010 02:32:21] /a
[17/07/2010 02:32:21] /a
[17/07/2010 02:32:21] /a
[17/07/2010 02:32:21] /a
[17/07/2010 02:32:21] /a
[17/07/2010 02:32:21] /a
[17/07/2010 02:32:21] /a
[17/07/2010 02:32:21] /a
[17/07/2010 02:32:22] /a
[17/07/2010 02:32:22] /a
[17/07/2010 02:32:22] /a
[17/07/2010 02:32:22] /a
[17/07/2010 02:32:22] /a
[17/07/2010 02:32:22] /a
[17/07/2010 02:32:22] /a
[17/07/2010 02:32:22] /a
[17/07/2010 02:32:22] /a
[17/07/2010 02:32:22] /a
[17/07/2010 02:32:22] /a
[17/07/2010 02:32:22] /a
[17/07/2010 02:32:22] /a
[17/07/2010 02:32:22] /a
[17/07/2010 02:32:22] /a
[17/07/2010 02:32:23] /a
[17/07/2010 02:32:23] /a
[17/07/2010 02:32:23] /a
[17/07/2010 02:32:23] /a
[17/07/2010 02:32:23] /a
[17/07/2010 02:32:23] /a
[17/07/2010 02:32:23] /a
[17/07/2010 02:32:23] /a
[17/07/2010 02:32:23] /a
[17/07/2010 02:32:23] /a
[17/07/2010 02:32:23] /a
[17/07/2010 02:32:23] /a
[17/07/2010 02:32:23] /a
[17/07/2010 02:32:23] /a
[17/07/2010 02:32:24] /a
[17/07/2010 02:32:24] /a
[17/07/2010 02:32:24] /a
[17/07/2010 02:32:24] /a
[17/07/2010 02:32:24] /a
[17/07/2010 02:32:24] /a
[17/07/2010 02:32:24] /a
[17/07/2010 02:32:24] /a
[17/07/2010 02:32:24] /a
[17/07/2010 02:32:24] /a
[17/07/2010 02:32:24] /a
[17/07/2010 02:32:24] /a
[17/07/2010 02:32:25] /a
[17/07/2010 02:32:26] /a
[17/07/2010 02:32:26] /a
[17/07/2010 02:32:26] /a
[17/07/2010 02:32:26] /a
[17/07/2010 02:32:26] /a
[17/07/2010 02:32:26] /a
[17/07/2010 02:32:26] /a
[17/07/2010 02:32:26] /a
[17/07/2010 02:32:27] /a
[17/07/2010 02:32:27] /a
[17/07/2010 02:32:27] /a
[17/07/2010 02:32:27] /a
[17/07/2010 02:32:27] /a
[17/07/2010 02:32:27] /a
[17/07/2010 02:32:27] /a
[17/07/2010 02:32:27] /a
[17/07/2010 02:32:27] /a
[17/07/2010 02:32:27] /a
[17/07/2010 02:32:27] /a
[17/07/2010 02:32:27] /a
[17/07/2010 02:32:28] /a
[17/07/2010 02:32:28] /a
[17/07/2010 02:32:28] /a
[17/07/2010 02:32:28] /a
[17/07/2010 02:32:28] /a
[17/07/2010 02:32:29] /a
[17/07/2010 02:32:29] /a
[17/07/2010 02:32:29] /a
[18/07/2010 03:07:17] /t
[18/07/2010 03:08:32] /reload actions
[18/07/2010 03:10:50] /reload actions
[18/07/2010 03:11:47] /i 1212
[18/07/2010 03:11:50] /i 1209
[18/07/2010 03:11:58] /r
[18/07/2010 03:12:01] /r
[18/07/2010 03:12:01] /t
[18/07/2010 03:12:12] /t
[18/07/2010 03:12:17] /t
[18/07/2010 03:12:44] /t
[18/07/2010 03:14:46] /t
[18/07/2010 03:14:54] /r
[18/07/2010 18:49:50] /reload globalevents
[18/07/2010 18:50:07] /a
[18/07/2010 19:14:50] /a
[18/07/2010 19:18:26] /a
[18/07/2010 19:24:37] /t
[18/07/2010 19:32:55] /a
[18/07/2010 19:40:16] /t
[18/07/2010 19:51:50] /s aggrox demon
[18/07/2010 19:53:00] /r
[18/07/2010 19:53:04] /s aggrox giant
[18/07/2010 19:54:26] /s dofg
[18/07/2010 19:54:29] /s dog
[18/07/2010 19:57:53] /m tibia bug
[18/07/2010 19:58:04] /m tibia bug
[18/07/2010 19:58:10] /m exp bug
[18/07/2010 19:59:19] /m exp bug
[18/07/2010 19:59:19] /m exp bug
[18/07/2010 19:59:20] /m exp bug
[18/07/2010 19:59:20] /m exp bug
[18/07/2010 19:59:21] /m exp bug
[18/07/2010 20:05:00] /m exp bug
[18/07/2010 20:06:17] /m exp bug
[18/07/2010 20:07:32] /m aggrox demon
[18/07/2010 20:35:23] /a
[18/07/2010 20:35:26] /t
[18/07/2010 22:40:29] /up
[18/07/2010 22:40:30] /up
[18/07/2010 22:40:30] /up
[18/07/2010 22:40:31] /up
[18/07/2010 22:40:40] /t
[18/07/2010 22:41:57] /down
[18/07/2010 22:54:20] /m exp bug
[18/07/2010 22:54:23] /m exp bug
[18/07/2010 23:09:44] /i 1387
[18/07/2010 23:09:59] /attr position 584 47 7
[18/07/2010 23:10:33] /r
[18/07/2010 23:18:49] /t
[18/07/2010 23:18:53] /t
[18/07/2010 23:39:13] /t
[18/07/2010 23:50:03] /t
[18/07/2010 23:50:19] /reload movements
[18/07/2010 23:50:32] /a
[18/07/2010 23:50:33] /a
[18/07/2010 23:50:34] /a
[18/07/2010 23:50:35] /a
[18/07/2010 23:50:45] /reload actions
[18/07/2010 23:50:55] /t
[18/07/2010 23:57:52] /t
[18/07/2010 23:58:31] /a
[18/07/2010 23:58:32] /a
[18/07/2010 23:58:34] /a
[18/07/2010 23:58:35] /t
[19/07/2010 00:00:56] /down
[19/07/2010 00:01:30] /t
[19/07/2010 00:10:03] /t
[19/07/2010 00:13:09] /t
[19/07/2010 00:13:12] /down
[19/07/2010 00:13:22] /a
[19/07/2010 00:21:51] /t
[19/07/2010 00:22:28] /t
[19/07/2010 00:38:46] /t
[19/07/2010 00:42:38] /i 1227
[19/07/2010 00:43:18] /r
[19/07/2010 00:43:45] /i 12057
[19/07/2010 00:43:49] /i 12058
[19/07/2010 00:43:52] /i 12059
[19/07/2010 00:43:54] /i 12060
[19/07/2010 00:43:57] /i 12061
[19/07/2010 00:44:00] /r
[19/07/2010 00:44:01] /r
[19/07/2010 00:44:03] /r
[19/07/2010 00:44:04] /r
[19/07/2010 00:44:05] /r
[19/07/2010 00:44:07] /r
[19/07/2010 00:44:11] /i 11954
[19/07/2010 00:44:16] /i 12064
[19/07/2010 00:44:18] /i 12063
[19/07/2010 00:44:23] /r
[19/07/2010 00:44:53] /reload actions
[19/07/2010 00:45:30] /r
[19/07/2010 01:23:03] /t
[19/07/2010 01:24:02] /reload npc
[19/07/2010 01:27:23] /reload npc
[19/07/2010 01:35:38] /newtype 301
[19/07/2010 01:35:58] /newtype 335
[19/07/2010 01:36:44] /reload npc
[19/07/2010 01:38:18] /reload npc
[19/07/2010 01:46:15] /t
[19/07/2010 02:09:05] /t
[19/07/2010 02:09:07] /up
[19/07/2010 02:19:40] /a
[19/07/2010 02:20:40] /t
[19/07/2010 02:22:06] /reload globalevents
[19/07/2010 02:26:03] /reload globalevents
[19/07/2010 02:27:26] /reload globalevents
[19/07/2010 02:28:05] /reload globalevents
[19/07/2010 04:08:23] /clean
[19/07/2010 04:10:37] /newtype 365
[19/07/2010 04:10:39] /newtype 366
[19/07/2010 04:10:54] /newtype 367
[19/07/2010 04:11:01] /reload npc
[19/07/2010 04:11:13] /n yalaharian addon 1
[19/07/2010 04:11:39] /i golden falcon
[19/07/2010 04:12:39] /i 8976
[19/07/2010 04:14:42] /newtype 32
[19/07/2010 04:14:44] /newtype 320
[19/07/2010 04:14:46] /newtype 322
[19/07/2010 04:14:47] /newtype 324
[19/07/2010 04:14:49] /newtype 326
[19/07/2010 04:14:51] /newtype 328
[19/07/2010 04:14:53] /newtype 329
[19/07/2010 04:15:12] /reload npc
[19/07/2010 04:15:23] /n yalaharian addon2
[19/07/2010 04:15:26] /n yalaharian addon 2
[19/07/2010 04:16:46] /newtype 366
[19/07/2010 04:17:15] /reload npc
[19/07/2010 04:17:32] /r
[19/07/2010 04:17:37] /n yalaharian addon 2
[19/07/2010 04:34:23] /reload npc
[19/07/2010 04:34:37] /r
[19/07/2010 04:34:44] /n wayfarer addon
[19/07/2010 04:34:47] /n wayfarer addon 2
[19/07/2010 04:35:06] /r
[19/07/2010 04:37:23] /reload npc
[19/07/2010 04:37:43] /n wayfarer addon 2
[19/07/2010 04:40:37] /reload npc
[19/07/2010 04:41:48] /reload npc
[19/07/2010 04:42:34] /reload npc
[19/07/2010 04:45:01] /reload npc
[19/07/2010 04:45:17] /r
[19/07/2010 04:45:24] /n wayfarer addon 2
[19/07/2010 04:47:56] /reload npc
[19/07/2010 04:48:05] /n warmaster addon 1
[19/07/2010 04:48:11] /r
[19/07/2010 04:49:04] /i Zaoan Sword 
[19/07/2010 04:50:35] /newtype 335
[19/07/2010 04:51:41] /i zaoan sword
[19/07/2010 04:51:42] /i zaoan sword
[19/07/2010 04:52:07] /reload npc
[19/07/2010 04:52:56] /reload nc
[19/07/2010 04:53:00] /reload npc
[19/07/2010 04:55:50] /r
[19/07/2010 04:55:51] /r
[19/07/2010 04:55:59] /n wayfarer addon 2
[19/07/2010 04:56:45] /r
[19/07/2010 04:56:49] /r
[19/07/2010 05:02:02] /t
[19/07/2010 05:03:08] /t
[19/07/2010 05:03:12] /i parcel
[19/07/2010 05:03:34] /i label
[19/07/2010 05:04:41] /i 1947
[19/07/2010 05:06:55] /r
[19/07/2010 05:14:35] /reload actions
[19/07/2010 05:20:58] /i 17301
[19/07/2010 05:22:40] /i 17301
[19/07/2010 05:22:44] /i 13587
[19/07/2010 05:22:49] /i 1387
[19/07/2010 05:22:56] /attr action 17301
[19/07/2010 05:23:20] /i 17301
[19/07/2010 05:23:59] /attr action
[19/07/2010 05:26:00] /attr actionid 17301
[19/07/2010 05:26:21] /r
[19/07/2010 05:26:23] /t
[19/07/2010 05:26:43] /t
[19/07/2010 05:27:37] /i 1387
[19/07/2010 05:27:42] /attr unique 17301
[19/07/2010 05:27:47] /r
[19/07/2010 05:28:17] /i 1387
[19/07/2010 05:28:24] /attr action 17301
[19/07/2010 05:28:31] /attr unique 17301
[19/07/2010 05:29:11] /r
[19/07/2010 05:29:13] /t
[19/07/2010 05:29:30] /i 1387
[19/07/2010 05:29:36] /attr action 17301
[19/07/2010 05:29:41] /attr unique 17301
[19/07/2010 05:29:56] /attr position 430 107 7
[19/07/2010 05:32:59] /t
[19/07/2010 05:43:17] /i 2474
[19/07/2010 05:44:02] /i 1749
[19/07/2010 05:44:08] /i 1746
[19/07/2010 05:45:11] /i 1387
[19/07/2010 05:45:41] /attr unique 17202
[19/07/2010 05:45:50] /attr position 361 301 7
[19/07/2010 05:46:02] /attr action 17202
[19/07/2010 05:46:10] /r
[19/07/2010 05:46:29] /t
[19/07/2010 05:47:36] /i 1387
[19/07/2010 05:47:41] /attr action 30020
[19/07/2010 05:47:43] /attr action 30020
[19/07/2010 05:47:53] /attr unique 17202
[19/07/2010 05:48:07] /attr position 361 301 7
[19/07/2010 05:48:21] /attr unique 30020
[19/07/2010 05:48:25] /t
[19/07/2010 05:48:37] /r
[19/07/2010 05:49:00] /i 1387
[19/07/2010 05:49:03] /r
[19/07/2010 05:49:14] /attr actionid 30020
[19/07/2010 05:49:27] /attr actionid 17302
[19/07/2010 05:49:46] /attr unique 17302
[19/07/2010 05:49:58] /attr position 361 301 7
[19/07/2010 05:50:07] /t
[19/07/2010 05:52:04] /r
[19/07/2010 05:52:22] /attr actionid 30020
[19/07/2010 05:52:29] /attr actionid 30020
[19/07/2010 05:52:40] /i 1387
[19/07/2010 05:52:43] /attr actionid 30020
[19/07/2010 05:53:33] /attr actionid 30021
[19/07/2010 05:53:50] /r
[19/07/2010 05:57:52] /attr action 2500
[19/07/2010 05:58:07] /s demon
[19/07/2010 05:58:09] /s demon
[19/07/2010 05:58:11] /t
[19/07/2010 05:58:27] /attr action 2500
[19/07/2010 05:58:29] /attr action 2500
[19/07/2010 05:58:31] /s demon
[19/07/2010 05:58:37] /s demon
[19/07/2010 05:58:38] /s demon
[19/07/2010 05:58:48] /m demo
[19/07/2010 05:58:50] /m demon
[19/07/2010 05:58:51] /m demon
[19/07/2010 05:59:00] /s dragon
[19/07/2010 05:59:11] /t
[19/07/2010 06:00:01] /reload movements
[19/07/2010 06:00:14] /i 1387
[19/07/2010 06:00:23] /attr position 361 301 7
[19/07/2010 06:00:39] /attr action 17202
[19/07/2010 06:00:49] /attr actionid 17202
[19/07/2010 06:00:54] /t
[19/07/2010 06:02:11] /attr action 17202
[19/07/2010 06:03:49] /r
[19/07/2010 06:03:51] /i 5024
[19/07/2010 06:04:00] /attr action 17202
[19/07/2010 06:04:57] /reload movements
[19/07/2010 06:05:05] /attr action 17202
[19/07/2010 06:05:24] /attr position 361 301 7
[19/07/2010 06:05:40] /attr unique 17202
[19/07/2010 06:05:49] /attr unique 30020
[19/07/2010 06:06:02] /attr action 30020
[19/07/2010 06:06:07] /attr action 30021
[19/07/2010 06:06:12] /t
[19/07/2010 06:06:30] /r
[19/07/2010 06:06:47] /t
[19/07/2010 06:07:13] /t
[19/07/2010 06:07:24] /t
[19/07/2010 06:07:27] /t 1
[19/07/2010 06:07:57] /attr action 17202
[19/07/2010 06:09:02] /reload movements
[19/07/2010 06:09:06] /attr action 17202
[19/07/2010 06:09:12] /t
[19/07/2010 06:09:18] /r
[19/07/2010 06:10:10] /reload movements
[19/07/2010 06:10:19] /t
[19/07/2010 06:10:21] /t
[19/07/2010 06:15:51] /i parcel
[19/07/2010 06:15:55] /i label
[19/07/2010 06:17:14] /i 2589
[19/07/2010 06:17:39] /t
[19/07/2010 06:19:09] /i 2334
[19/07/2010 06:19:14] /i parcel
[19/07/2010 06:19:16] /i label
[19/07/2010 06:22:02] /i parcel
[19/07/2010 06:22:10] /i label
[19/07/2010 06:23:58] /cliport
[19/07/2010 06:25:52] /reload movements
[19/07/2010 06:26:02] /i 1387
[19/07/2010 06:26:09] /attr position 160 54 7
[19/07/2010 06:26:16] /attr actionid 17320
[19/07/2010 06:26:31] /attr unique 17320
[19/07/2010 06:27:09] /t
[19/07/2010 06:27:18] /r
[19/07/2010 06:27:19] /r
[19/07/2010 06:27:21] /r
[19/07/2010 06:27:26] /a
[19/07/2010 06:28:15] /reload movements
[19/07/2010 06:28:20] /t
[19/07/2010 06:28:41] /i parcel
[19/07/2010 06:28:44] /i label
[19/07/2010 06:28:46] /i 2160
[19/07/2010 06:29:28] /t
[19/07/2010 06:29:56] /cliport
[19/07/2010 06:31:05] /i parcel
[19/07/2010 06:31:08] /i label
[19/07/2010 14:10:38] /t
[19/07/2010 14:11:23] /t
[19/07/2010 14:20:37] /i 1387
[19/07/2010 14:21:02] /attr position 160 54 7
[19/07/2010 14:21:17] /attr action 17020
[19/07/2010 14:22:03] /attr action 17320
[19/07/2010 14:22:55] /attr unique 17320
[19/07/2010 15:29:07] /t
[19/07/2010 16:25:17] /t
[19/07/2010 16:27:07] /t
[19/07/2010 16:27:10] /t
[19/07/2010 16:28:40] /t
[19/07/2010 16:28:42] /t
[19/07/2010 16:28:53] /reload movements
[19/07/2010 16:29:05] /t
[19/07/2010 16:29:19] /t
[19/07/2010 16:41:26] /t
[19/07/2010 16:42:26] /reload movements
[19/07/2010 16:42:44] /t
[19/07/2010 16:50:10] /t
[19/07/2010 16:52:34] /t
[19/07/2010 16:53:01] /t
[19/07/2010 16:53:07] /t
[19/07/2010 17:00:27] /reload movements
[19/07/2010 17:02:33] /t
[19/07/2010 17:02:36] /t
[19/07/2010 17:02:57] /t
[19/07/2010 17:03:12] /t
[19/07/2010 17:03:14] /t
[19/07/2010 17:03:16] /t
[19/07/2010 22:43:28] /a
[19/07/2010 22:43:28] /a
[19/07/2010 22:43:28] /a
[19/07/2010 22:43:28] /a
[19/07/2010 22:43:29] /a
[19/07/2010 22:43:29] /a
[19/07/2010 22:43:36] /reload talkactions
[19/07/2010 22:48:46] /reload talkactions
[19/07/2010 22:50:11] /reload talkactions
[19/07/2010 22:52:07] /reload npc
[19/07/2010 22:52:45] /r
[19/07/2010 22:53:12] /c aggro
[19/07/2010 22:53:52] /i 5953
[19/07/2010 22:54:24] /i wine
[19/07/2010 22:55:00] /up 7
[19/07/2010 22:55:02] /a
[19/07/2010 22:55:02] /a
[19/07/2010 22:55:02] /a
[19/07/2010 22:58:45] /i 1773
[19/07/2010 22:59:43] /i 2006
[19/07/2010 23:00:13] /i 2016
[19/07/2010 23:00:18] /i 2016,1
[19/07/2010 23:00:20] /i 2016,2
[19/07/2010 23:00:21] /i 2016,6
[19/07/2010 23:00:23] /i 2016,3
[19/07/2010 23:00:25] /i 2016,4
[19/07/2010 23:00:27] /i 2016,5
[19/07/2010 23:00:29] /i 2016,6
[19/07/2010 23:00:31] /i 2016,7
[19/07/2010 23:00:37] /i 2016,8
[19/07/2010 23:00:39] /i 2016,9
[19/07/2010 23:00:43] /i 2016,10
[19/07/2010 23:00:45] /i 2016,11
[19/07/2010 23:00:52] /i 2016,12
[19/07/2010 23:00:54] /i 2016,13
[19/07/2010 23:00:56] /i 2016,14
[19/07/2010 23:00:59] /i 2016,15
[19/07/2010 23:01:54] /i 1775
[19/07/2010 23:02:15] /i 1775
[19/07/2010 23:03:26] /c aggro
[19/07/2010 23:03:47] /i 2005
[19/07/2010 23:03:48] /i 2005
[19/07/2010 23:04:11] /i 2006
[19/07/2010 23:04:31] /i 5553
[19/07/2010 23:04:34] /i 5553
[19/07/2010 23:04:55] /i 3942
[19/07/2010 23:04:57] /i 3941
[19/07/2010 23:05:18] /i 2577
[19/07/2010 23:05:20] /i 2576
[19/07/2010 23:05:22] /i 2575
[19/07/2010 23:05:23] /i 2574
[19/07/2010 23:05:32] /i 2562
[19/07/2010 23:05:39] /i 2534
[19/07/2010 23:05:42] /i 25333
[19/07/2010 23:05:48] /i 2534
[19/07/2010 23:05:50] /i 2533
[19/07/2010 23:06:07] /i 2034
[19/07/2010 23:06:10] /i 2033
[19/07/2010 23:06:21] /r
[19/07/2010 23:06:23] /r
[19/07/2010 23:06:28] /r
[19/07/2010 23:07:30] /i 2032
[19/07/2010 23:07:31] /i 2031
[19/07/2010 23:07:33] /i 2030
[19/07/2010 23:07:36] /i 2030
[19/07/2010 23:07:47] /i 2023
[19/07/2010 23:07:49] /i 2015
[19/07/2010 23:07:50] /i 2014
[19/07/2010 23:08:25] /i 2013
[19/07/2010 23:08:27] /i 2012
[19/07/2010 23:08:29] /i 2011
[19/07/2010 23:08:41] /i 2009
[19/07/2010 23:08:43] /i 2008
[19/07/2010 23:08:44] /i 2007
[19/07/2010 23:08:47] /i 2006
[19/07/2010 23:08:52] /i 2005
[19/07/2010 23:10:59] /i 2005
[19/07/2010 23:13:00] /m slime
[19/07/2010 23:13:19] /r
[19/07/2010 23:14:08] /r
[19/07/2010 23:14:52] /t aggro
[19/07/2010 23:15:17] /t
[19/07/2010 23:15:28] /t
[20/07/2010 01:17:55] /clean
[20/07/2010 01:18:56] /a
[20/07/2010 01:18:56] /a
[20/07/2010 01:18:56] /a
[20/07/2010 01:18:56] /a
[20/07/2010 01:18:56] /a
[20/07/2010 01:18:57] /a
[20/07/2010 01:18:57] /a
[20/07/2010 01:18:57] /a
[20/07/2010 01:18:57] /a
[20/07/2010 01:18:57] /a
[20/07/2010 01:19:06] /up 3
[20/07/2010 01:19:09] /up 2
[20/07/2010 01:19:14] /a
[20/07/2010 01:19:14] /a
[20/07/2010 01:19:14] /a
[20/07/2010 01:19:14] /a
[20/07/2010 01:19:14] /a
[20/07/2010 01:19:14] /a
[20/07/2010 01:19:14] /a
[20/07/2010 01:19:15] /a
[20/07/2010 01:19:15] /a
[20/07/2010 01:19:15] /a
[20/07/2010 01:19:15] /a
[20/07/2010 01:19:15] /a
[20/07/2010 01:19:15] /a
[20/07/2010 01:19:15] /a
[20/07/2010 01:19:15] /a
[20/07/2010 01:19:15] /a
[20/07/2010 01:19:15] /a
[20/07/2010 01:19:15] /a
[20/07/2010 01:19:15] /a
[20/07/2010 01:19:17] /a
[20/07/2010 01:19:17] /a
[20/07/2010 01:19:17] /a
[20/07/2010 01:19:17] /a
[20/07/2010 01:19:17] /a
[20/07/2010 01:19:17] /a
[20/07/2010 01:19:17] /a
[20/07/2010 01:19:17] /a
[20/07/2010 01:19:18] /a
[20/07/2010 01:19:18] /a
[20/07/2010 01:19:18] /a
[20/07/2010 01:19:18] /a
[20/07/2010 01:19:18] /a
[20/07/2010 01:20:13] /i aggrox sword
[20/07/2010 01:20:35] /newtype 254
[20/07/2010 01:20:57] /newtype 360
[20/07/2010 01:21:00] /newtype 361
[20/07/2010 01:21:02] /newtype 362
[20/07/2010 01:21:04] /newtype 363
[20/07/2010 01:21:06] /newtype 364
[20/07/2010 01:21:08] /newtype 365
[20/07/2010 01:21:10] /newtype 366
[20/07/2010 01:21:12] /newtype 367
[20/07/2010 01:21:14] /newtype 368
[20/07/2010 01:21:22] /newtype 355
[20/07/2010 01:21:24] /newtype 356
[20/07/2010 01:28:04] /reload talkactions
[20/07/2010 01:29:23] /reload talkactions
[20/07/2010 01:29:27] !rain
[20/07/2010 01:29:31] !rain city
[20/07/2010 01:29:34] !rain city
[20/07/2010 01:29:47] !rain "city
[20/07/2010 01:30:10] !rain Water
[20/07/2010 01:30:15] !rain water
[20/07/2010 01:30:21] !rain "water
[20/07/2010 01:30:26] !rain city
[20/07/2010 01:31:31] /reload talkactions
[20/07/2010 01:31:36] !rain city
[20/07/2010 01:31:41] !rain "city
[20/07/2010 01:31:43] !rain "city"
[20/07/2010 01:31:48] !rain water
[20/07/2010 01:32:19] !rain
[20/07/2010 01:32:27] !rain Meteor
[20/07/2010 01:32:33] !rain "Meteor
[20/07/2010 01:32:42] !rain
[20/07/2010 01:32:46] !rain ,city
[20/07/2010 01:32:59] !rain 10
[20/07/2010 01:34:01] /n
[20/07/2010 01:34:04] /n rain
[20/07/2010 01:34:06] !rain
[20/07/2010 01:34:11] !rain Acid
[20/07/2010 01:36:11] /reload creaturescripts
[20/07/2010 01:36:25] /m demon
[20/07/2010 01:36:32] /m demon
[20/07/2010 01:36:43] /m morgartoh
[20/07/2010 01:36:47] /m morgaroth
[20/07/2010 01:36:56] /attr set attack 1000
[20/07/2010 01:37:00] /attr set attack 1000000
[20/07/2010 01:37:34] /reload creaturescripts
[20/07/2010 01:38:01] /reload creaturescripts
[20/07/2010 01:38:15] /m morgaroth
[20/07/2010 01:39:07] /m aggrox demon
[20/07/2010 01:39:22] /m demon
[20/07/2010 01:40:06] /reload mods
[20/07/2010 01:40:19] /m demon
[20/07/2010 01:40:26] /m demon
[20/07/2010 01:42:05] /m demon
[20/07/2010 01:43:54] /m exp bug
[20/07/2010 01:43:55] /m exp bug
[20/07/2010 01:43:55] /m exp bug
[20/07/2010 01:43:55] /m exp bug
[20/07/2010 01:43:56] /m exp bug
[20/07/2010 01:43:57] /m exp bug
[20/07/2010 01:43:57] /m exp bug
[20/07/2010 01:43:58] /m exp bug
[20/07/2010 02:00:28] /reload monsters
[20/07/2010 02:00:58] /m exp bug
[20/07/2010 02:00:58] /m exp bug
[20/07/2010 02:00:59] /m exp bug
[20/07/2010 02:01:01] /reload monsters
[20/07/2010 02:01:03] /reload monsters
[20/07/2010 02:01:04] /m exp bug
[20/07/2010 02:01:04] /m exp bug
[20/07/2010 02:01:05] /m exp bug
[20/07/2010 02:01:06] /m exp bug
[20/07/2010 02:01:07] /m exp bug
[20/07/2010 02:01:08] /m exp bug
[20/07/2010 02:43:01] /i 6529
[20/07/2010 02:43:18] /i 5944
[20/07/2010 02:43:29] /i 5892
[20/07/2010 02:43:45] /i 5888
[20/07/2010 02:43:54] /i 5889
[20/07/2010 02:44:04] /i 5887
[20/07/2010 02:57:26] /newtype 29
[20/07/2010 02:57:29] /newtype 259
[20/07/2010 02:57:31] /newtype 260
[20/07/2010 02:57:33] /newtype 265
[20/07/2010 02:57:34] /newtype 268
[20/07/2010 02:57:36] /newtype 269
[20/07/2010 02:57:38] /newtype 240
[20/07/2010 02:57:40] /newtype 239
[20/07/2010 02:57:42] /newtype 238
[20/07/2010 02:57:44] /newtype 236
[20/07/2010 02:57:45] /newtype 230
[20/07/2010 02:57:48] /newtype 232
[20/07/2010 02:57:50] /newtype 220
[20/07/2010 02:57:53] /newtype 219
[20/07/2010 02:57:59] /newtype 218
[20/07/2010 02:58:26] /newtype 93
[20/07/2010 02:58:28] /newtype 94
[20/07/2010 02:58:30] /newtype 92
[20/07/2010 02:58:52] /newtype 96
[20/07/2010 02:59:26] /newtype 97
[20/07/2010 02:59:29] /newtype 98
[20/07/2010 03:04:14] /t
[20/07/2010 03:05:07] /reload npc
[20/07/2010 03:05:25] /n capitan verga
[20/07/2010 03:05:35] /n capitan verga
[20/07/2010 03:06:31] /reload npc
[20/07/2010 03:06:37] /n capitan vergara
[20/07/2010 03:06:43] /newtype 367
[20/07/2010 03:07:54] /reload npc
[20/07/2010 03:09:34] /reload npc
[20/07/2010 03:10:21] /n capitan vergara
[20/07/2010 03:11:17] /reload npc
[20/07/2010 03:12:29] /reload npc
[20/07/2010 03:17:05] /reload globalevents
[20/07/2010 03:19:29] /reload globalevents
[20/07/2010 03:21:50] /i parcel
[20/07/2010 03:21:57] /i label
[20/07/2010 13:57:07] /t
[20/07/2010 13:57:12] /a 1
[20/07/2010 13:57:14] /attr group 
[20/07/2010 13:57:15] /a 1
[20/07/2010 13:57:16] /attr group 6
[20/07/2010 13:57:17] /r
[20/07/2010 13:57:18] /t
[20/07/2010 13:57:20] /ghost
[20/07/2010 13:57:28] /goto daniela
[20/07/2010 13:57:48] /addskill Daniela,level,100
[20/07/2010 13:57:51] /addskill Daniela,level,100
[20/07/2010 13:57:52] /addskill Daniela,level,100
[20/07/2010 13:57:54] /addskill Daniela,level,100
[20/07/2010 14:00:10] /ghost
[20/07/2010 14:00:42] /ghost
[20/07/2010 14:04:28] /ghost
[20/07/2010 14:04:30] /a
[20/07/2010 14:04:30] /a
[20/07/2010 14:04:31] /a
[20/07/2010 14:04:31] /a
[20/07/2010 14:04:31] /a
[20/07/2010 14:04:31] /a
[20/07/2010 14:04:31] /a
[20/07/2010 14:04:31] /a
[20/07/2010 14:04:31] /a
[20/07/2010 14:04:31] /a
[20/07/2010 14:04:31] /a
[20/07/2010 14:04:31] /a
[20/07/2010 14:04:58] /t
[20/07/2010 14:07:23] /a
[20/07/2010 14:07:23] /a
[20/07/2010 14:16:18] /goto gear of war
[20/07/2010 14:16:37] /attr group 1
[20/07/2010 14:16:42] /goto gear of war
[20/07/2010 14:23:58] /a
[20/07/2010 14:24:48] /ghost
[20/07/2010 14:29:34] /clean
[20/07/2010 14:32:21] /goto gear of war
[20/07/2010 14:33:57] /goto knight poderoso
[20/07/2010 14:34:00] /goto knight poderoso
[20/07/2010 14:35:32] /clean
[20/07/2010 14:35:35] /clean
[20/07/2010 14:35:45] /clean
[20/07/2010 14:35:49] /r
[20/07/2010 14:38:05] /ghost
[20/07/2010 14:38:13] /attr group 6
[20/07/2010 14:38:14] /r
[20/07/2010 14:38:28] /a
[20/07/2010 14:38:29] /a
[20/07/2010 14:39:07] /n capitan vergara
[20/07/2010 14:40:17] /addskill master killer sword 10
[20/07/2010 14:40:38] /addskill master killer,sword,40
[20/07/2010 14:40:40] /addskill master killer,sword,40
[20/07/2010 14:40:43] /addskill master killer,sword,40
[20/07/2010 14:40:50] /addskill master killer,sword,40
[20/07/2010 14:40:51] /addskill master killer,sword,40
[20/07/2010 14:40:52] /addskill master killer,sword,40
[20/07/2010 14:40:53] /addskill master killer,sword,40
[20/07/2010 14:41:07] /addskill master killer,magic,10
[20/07/2010 14:41:09] /addskill master killer,magic,10
[20/07/2010 14:41:10] /addskill master killer,magic,10
[20/07/2010 14:41:10] /addskill master killer,magic,10
[20/07/2010 14:41:11] /addskill master killer,magic,10
[20/07/2010 14:41:11] /addskill master killer,magic,10
[20/07/2010 14:41:12] /addskill master killer,magic,10
[20/07/2010 14:41:12] /addskill master killer,magic,10
[20/07/2010 14:41:12] /addskill master killer,magic,10
[20/07/2010 14:41:13] /addskill master killer,magic,10
[20/07/2010 14:41:13] /addskill master killer,magic,10
[20/07/2010 14:41:14] /addskill master killer,magic,10
[20/07/2010 14:41:16] /addskill master killer,magic,100
[20/07/2010 14:41:17] /addskill master killer,magic,100
[20/07/2010 14:41:18] /addskill master killer,magic,100
[20/07/2010 14:41:19] /addskill master killer,magic,100
[20/07/2010 14:41:19] /addskill master killer,magic,100
[20/07/2010 14:41:19] /addskill master killer,magic,100
[20/07/2010 14:41:20] /addskill master killer,magic,100
[20/07/2010 14:41:20] /addskill master killer,magic,100
[20/07/2010 14:41:21] /addskill master killer,magic,100
[20/07/2010 14:41:21] /addskill master killer,magic,100
[20/07/2010 14:41:22] /addskill master killer,magic,100
[20/07/2010 14:41:22] /addskill master killer,magic,100
[20/07/2010 14:41:35] /addskill master killer,level,10000
[20/07/2010 14:41:37] /addskill master killer,level,10000
[20/07/2010 14:41:38] /addskill master killer,level,10000
[20/07/2010 14:41:38] /addskill master killer,level,10000
[20/07/2010 14:41:38] /addskill master killer,level,10000
[20/07/2010 14:41:40] /addskill master killer,level,10000
[20/07/2010 14:41:58] /addskill hoster aggresor,level,10000
[20/07/2010 14:41:59] /addskill hoster aggresor,level,10000
[20/07/2010 14:41:59] /addskill hoster aggresor,level,10000
[20/07/2010 14:42:00] /addskill hoster aggresor,level,10000
[20/07/2010 14:42:01] /addskill hoster aggresor,level,10000
[20/07/2010 14:42:02] /addskill hoster aggresor,level,10000
[20/07/2010 14:42:06] /addskill hoster aggresor,level,10000
[20/07/2010 14:42:06] /addskill hoster aggresor,level,10000
[20/07/2010 14:42:07] /addskill hoster aggresor,level,10000
[20/07/2010 14:42:07] /addskill hoster aggresor,level,10000
[20/07/2010 14:42:07] /addskill hoster aggresor,level,10000
[20/07/2010 14:42:08] /addskill hoster aggresor,level,10000
[20/07/2010 14:42:08] /addskill hoster aggresor,level,10000
[20/07/2010 14:44:49] /goto mster killer
[20/07/2010 14:45:33] /goto mster killer
[20/07/2010 14:45:36] /goto master killer
[20/07/2010 14:45:40] /goto master killer
[20/07/2010 14:45:41] /goto master killer
[20/07/2010 14:49:01] /a
[20/07/2010 14:49:01] /a
[20/07/2010 14:49:01] /a
[20/07/2010 14:49:01] /a
[20/07/2010 14:49:01] /a
[20/07/2010 14:49:02] /a
[20/07/2010 14:49:02] /a
[20/07/2010 14:49:02] /a
[20/07/2010 14:49:04] /a
[20/07/2010 14:49:04] /a
[20/07/2010 14:49:04] /a
[20/07/2010 14:49:04] /a
[20/07/2010 14:49:04] /a
[20/07/2010 14:49:05] /a
[20/07/2010 14:49:05] /a
[20/07/2010 14:49:27] /m demon
[20/07/2010 14:50:05] /up 7
[20/07/2010 14:50:10] /m aggrox demon
[20/07/2010 14:50:11] /m aggrox demon
[20/07/2010 14:50:12] /m aggrox demon
[20/07/2010 14:50:13] /m aggrox demon
[20/07/2010 14:50:14] /m aggrox demon
[20/07/2010 14:50:14] /m aggrox demon
[20/07/2010 14:50:15] /m aggrox demon
[20/07/2010 14:50:15] /m aggrox demon
[20/07/2010 14:50:16] /m aggrox demon
[20/07/2010 14:50:16] /m aggrox demon
[20/07/2010 14:50:16] /m aggrox demon
[20/07/2010 14:50:17] /m aggrox demon
[20/07/2010 14:50:17] /m aggrox demon
[20/07/2010 14:50:18] /m aggrox demon
[20/07/2010 14:50:18] /m aggrox demon
[20/07/2010 14:50:18] /m aggrox demon
[20/07/2010 14:50:19] /m aggrox demon
[20/07/2010 14:50:19] /m aggrox demon
[20/07/2010 14:50:20] /m aggrox demon
[20/07/2010 14:50:20] /m aggrox demon
[20/07/2010 14:50:20] /m aggrox demon
[20/07/2010 14:50:29] /m aggrox demon
[20/07/2010 14:50:30] /m aggrox demon
[20/07/2010 14:50:30] /m aggrox demon
[20/07/2010 14:50:31] /m aggrox demon
[20/07/2010 14:50:31] /m aggrox demon
[20/07/2010 14:50:31] /m aggrox demon
[20/07/2010 14:50:32] /m aggrox demon
[20/07/2010 14:50:35] /m aggrox demon
[20/07/2010 14:50:36] /m aggrox demon
[20/07/2010 14:50:36] /m aggrox demon
[20/07/2010 14:50:37] /m aggrox demon
[20/07/2010 14:50:37] /m aggrox demon
[20/07/2010 14:50:37] /m aggrox demon
[20/07/2010 14:50:38] /m aggrox demon
[20/07/2010 14:50:43] /m aggrox demon
[20/07/2010 14:50:44] /m aggrox demon
[20/07/2010 14:50:44] /m aggrox demon
[20/07/2010 14:50:45] /m aggrox demon
[20/07/2010 14:50:46] /m aggrox demon
[20/07/2010 14:50:46] /m aggrox demon
[20/07/2010 14:50:46] /m aggrox demon
[20/07/2010 14:50:47] /m aggrox demon
[20/07/2010 14:50:47] /m aggrox demon
[20/07/2010 14:50:48] /m aggrox demon
[20/07/2010 14:50:49] /m aggrox demon
[20/07/2010 14:50:52] /m aggrox demon
[20/07/2010 14:50:53] /m aggrox demon
[20/07/2010 14:50:53] /m aggrox demon
[20/07/2010 14:50:53] /m aggrox demon
[20/07/2010 14:50:54] /m aggrox demon
[20/07/2010 14:50:54] /m aggrox demon
[20/07/2010 14:50:55] /m aggrox demon
[20/07/2010 14:50:55] /m aggrox demon
[20/07/2010 14:50:55] /m aggrox demon
[20/07/2010 14:51:04] /m aggrox demon
[20/07/2010 14:51:04] /m aggrox demon
[20/07/2010 14:51:05] /m aggrox demon
[20/07/2010 14:51:05] /m aggrox demon
[20/07/2010 14:51:06] /m aggrox demon
[20/07/2010 14:51:06] /m aggrox demon
[20/07/2010 14:51:07] /m aggrox demon
[20/07/2010 14:51:07] /m aggrox demon
[20/07/2010 14:51:07] /m aggrox demon
[20/07/2010 14:51:38] /clean
[20/07/2010 14:51:46] /t
[20/07/2010 14:52:41] /newtype 365
[20/07/2010 14:52:43] /newtype 366
[20/07/2010 14:52:46] /newtype 356
[20/07/2010 14:53:41] /newtype 357
[20/07/2010 14:53:42] /newtype 358
[20/07/2010 14:53:44] /newtype 359
[20/07/2010 14:53:47] /newtype 360
[20/07/2010 14:53:50] /newtype 361
[20/07/2010 14:53:51] /newtype 362
[20/07/2010 14:53:53] /newtype 363
[20/07/2010 14:53:55] /newtype 364
[20/07/2010 14:53:57] /newtype 365
[20/07/2010 14:53:59] /newtype 366
[20/07/2010 14:54:01] /newtype 367
[20/07/2010 14:54:05] /up 7
[20/07/2010 14:54:12] /n wayfarer addon 1
[20/07/2010 14:54:16] /n wayfarer addon 1
[20/07/2010 14:54:18] /n wayfarer addon 1
[20/07/2010 14:54:21] /n wayfarer addon1
[20/07/2010 14:54:57] /n Phonix Wayfarer
[20/07/2010 14:54:59] /n Phonix Wayfarer
[20/07/2010 14:55:20] /t
[20/07/2010 14:55:27] /n wayfarer addon 2
[20/07/2010 14:55:52] /r
[20/07/2010 14:56:25] /up 7
[20/07/2010 14:56:29] /a
[20/07/2010 14:56:29] /a
[20/07/2010 14:56:29] /a
[20/07/2010 14:56:29] /a
[20/07/2010 14:56:29] /a
[20/07/2010 14:56:35] /c master killer
[20/07/2010 14:57:14] /n wayfarer addon 1
[20/07/2010 14:57:40] /reload npc
[20/07/2010 14:57:50] /n wayfarer addon 1
[20/07/2010 14:59:39] /reload npc
[20/07/2010 15:00:01] /r
[20/07/2010 15:01:22] /t
[20/07/2010 15:01:56] /b
[20/07/2010 15:03:48] /m triple medusa
[20/07/2010 15:06:25] /m ex bug
[20/07/2010 15:06:31] /m exp bug
[20/07/2010 15:06:44] /m exp bug
[20/07/2010 15:08:45] /r
[20/07/2010 15:09:15] /i 2160
[20/07/2010 15:09:16] /i 2160
[20/07/2010 15:09:17] /i 2160
[20/07/2010 15:09:17] /i 2160
[20/07/2010 15:09:18] /i 2160
[20/07/2010 15:09:25] /i 2160
[20/07/2010 15:09:25] /i 2160
[20/07/2010 15:09:26] /i 2160
[20/07/2010 15:09:26] /i 2160
[20/07/2010 15:09:26] /i 2160
[20/07/2010 15:09:28] /i 2160
[20/07/2010 15:09:34] /r
[20/07/2010 15:09:37] /r 99
[20/07/2010 15:10:08] /i 2160
[20/07/2010 15:10:08] /i 2160
[20/07/2010 15:10:09] /i 2160
[20/07/2010 15:10:09] /i 2160
[20/07/2010 15:10:10] /i 2160
[20/07/2010 15:10:10] /i 2160
[20/07/2010 15:10:11] /i 2160
[20/07/2010 15:10:11] /i 2160
[20/07/2010 15:10:11] /i 2160
[20/07/2010 15:10:12] /i 2160
[20/07/2010 15:10:12] /i 2160
[20/07/2010 15:11:13] /i 2160
[20/07/2010 15:11:14] /i 2160
[20/07/2010 15:11:15] /i 2160
[20/07/2010 15:11:16] /i 2160
[20/07/2010 15:11:20] /i 2160
[20/07/2010 15:11:21] /i 2160
[20/07/2010 15:11:21] /i 2160
[20/07/2010 15:11:22] /i 2160
[20/07/2010 15:11:23] /i 2160
[20/07/2010 15:13:56] /r
[20/07/2010 15:14:01] /m aggrox demon
[20/07/2010 15:14:07] /r
[20/07/2010 15:14:13] /r
[20/07/2010 15:14:14] /r
[20/07/2010 15:14:53] /r 100
[20/07/2010 15:14:57] /r 100
[20/07/2010 15:15:03] /r 100
[20/07/2010 15:15:06] /r 100
[20/07/2010 15:15:07] /r 100
[20/07/2010 15:15:40] /clean
[20/07/2010 15:19:23] /b
[20/07/2010 15:22:05] /t
[20/07/2010 15:22:22] /c master killer
[20/07/2010 15:23:00] /a
[20/07/2010 15:23:02] /a
[20/07/2010 15:23:02] /a
[20/07/2010 15:23:02] /a
[20/07/2010 15:23:46] /a
[20/07/2010 15:23:47] /a
[20/07/2010 15:23:47] /a
[20/07/2010 15:25:23] /a
[20/07/2010 15:25:27] /r
[20/07/2010 15:25:34] /i 9145
[20/07/2010 15:25:41] /i 2614
[20/07/2010 15:25:45] /r
[20/07/2010 15:25:47] /r
[20/07/2010 15:25:48] /r
[20/07/2010 15:25:49] /r
[20/07/2010 15:25:50] /r
[20/07/2010 15:25:54] /r
[20/07/2010 15:25:56] /a
[20/07/2010 15:25:57] /a
[20/07/2010 15:25:59] /a
[20/07/2010 15:26:01] /r
[20/07/2010 15:26:03] /r
[20/07/2010 15:26:04] /r
[20/07/2010 15:26:12] /i 9145
[20/07/2010 15:26:13] /i 9145
[20/07/2010 15:26:15] /i 9145
[20/07/2010 15:26:16] /a
[20/07/2010 15:26:16] /a
[20/07/2010 15:26:18] /i 9145
[20/07/2010 15:26:19] /i 9145
[20/07/2010 15:26:19] /i 9145
[20/07/2010 15:26:20] /i 9145
[20/07/2010 15:26:21] /i 9145
[20/07/2010 15:26:22] /i 9145
[20/07/2010 15:26:28] /i 2614
[20/07/2010 15:26:29] /i 2614
[20/07/2010 15:26:30] /i 2614
[20/07/2010 15:26:30] /i 2614
[20/07/2010 15:26:31] /a
[20/07/2010 15:26:31] /a
[20/07/2010 15:26:33] /i 2614
[20/07/2010 15:26:34] /i 2614
[20/07/2010 15:26:35] /i 2614
[20/07/2010 15:26:36] /a
[20/07/2010 15:26:36] /a
[20/07/2010 15:26:36] /a
[20/07/2010 15:26:37] /a
[20/07/2010 15:26:37] /a
[20/07/2010 15:26:37] /a
[20/07/2010 15:26:37] /a
[20/07/2010 15:26:37] /a
[20/07/2010 15:26:37] /a
[20/07/2010 15:26:39] /a
[20/07/2010 15:26:40] /i 2614
[20/07/2010 15:26:44] /i 2615
[20/07/2010 15:26:47] /r
[20/07/2010 15:26:49] /i 2613
[20/07/2010 15:26:51] /r
[20/07/2010 15:26:54] /i 2617
[20/07/2010 15:26:56] /r
[20/07/2010 15:27:01] /i 2615
[20/07/2010 15:27:04] /r
[20/07/2010 15:27:06] /i 2614
[20/07/2010 15:27:08] /a
[20/07/2010 15:27:08] /a
[20/07/2010 15:27:16] /a
[20/07/2010 15:27:17] /a
[20/07/2010 15:27:17] /a
[20/07/2010 15:27:26] /a
[20/07/2010 15:27:26] /a
[20/07/2010 15:28:22] /a
[20/07/2010 15:28:24] /a
[20/07/2010 15:28:24] /a
[20/07/2010 15:29:07] /a
[20/07/2010 15:29:07] /a
[20/07/2010 15:29:09] /a
[20/07/2010 15:30:15] /a
[20/07/2010 15:30:36] /a
[20/07/2010 15:30:36] /a
[20/07/2010 15:31:01] /a
[20/07/2010 15:31:02] /a
[20/07/2010 15:31:02] /a
[20/07/2010 15:31:27] /ghost
[20/07/2010 15:43:23] /ghost
[20/07/2010 15:43:26] /a
[20/07/2010 15:43:29] /a
[20/07/2010 15:43:30] /a
[20/07/2010 15:43:30] /a
[20/07/2010 15:43:31] /a
[20/07/2010 15:43:32] /a
[20/07/2010 15:43:32] /a
[20/07/2010 15:43:32] /a
[20/07/2010 15:43:32] /a
[20/07/2010 15:43:32] /a
[20/07/2010 15:43:32] /a
[20/07/2010 15:43:33] /a
[20/07/2010 15:44:29] /a
[20/07/2010 15:44:29] /a
[20/07/2010 15:44:43] /t fernando torre
[20/07/2010 15:44:54] /t mersenari
[20/07/2010 15:45:16] /a
[20/07/2010 15:45:17] /a
[20/07/2010 15:45:18] /a
[20/07/2010 15:45:18] /a
[20/07/2010 15:45:18] /a
[20/07/2010 15:45:43] /a
[20/07/2010 15:45:44] /a
[20/07/2010 15:45:44] /a
[20/07/2010 15:45:44] /a
[20/07/2010 15:45:45] /a
[20/07/2010 15:45:45] /a
[20/07/2010 15:45:46] /a
[20/07/2010 15:45:46] /a
[20/07/2010 15:45:46] /a
[20/07/2010 15:45:47] /a
[20/07/2010 15:45:47] /a
[20/07/2010 15:45:47] /a
[20/07/2010 15:46:59] /reload creaturescripts
[20/07/2010 15:50:00] /ghost
[20/07/2010 16:06:20] /goto master killer
[20/07/2010 16:06:47] /attr skull 1
[20/07/2010 16:06:48] /attr skull 2
[20/07/2010 16:06:50] /attr skull 3
[20/07/2010 16:07:00] /attr skulde
[20/07/2010 16:07:16] /i aggrox sword
[20/07/2010 16:07:46] /r
[20/07/2010 16:08:31] /t
[20/07/2010 16:08:38] /a
[20/07/2010 16:08:38] /a
[20/07/2010 16:08:40] /a
[20/07/2010 16:08:44] /a
[20/07/2010 16:08:47] /a
[20/07/2010 16:08:47] /a
[20/07/2010 16:08:50] /a
[20/07/2010 16:10:47] /reload globalevents
[20/07/2010 16:11:04] /a
[20/07/2010 16:11:04] /a
[20/07/2010 16:11:04] /a
[20/07/2010 16:11:06] /a
[20/07/2010 16:11:22] /reload globalevents
[20/07/2010 16:13:52] /m exp bug
[20/07/2010 16:14:17] /m exp bug
[20/07/2010 16:14:30] /m exp bug
[20/07/2010 16:14:56] /m exp bug
[20/07/2010 16:18:40] /s demon
[20/07/2010 16:19:05] /m drago
[20/07/2010 16:19:07] /m dragon
[20/07/2010 16:33:34] /ghost
[20/07/2010 16:36:16] /clean
[20/07/2010 16:40:26] /b bye se serra el ot hasta marratito
[20/07/2010 16:41:45] /shutdown 60
[20/07/2010 16:41:48] /shutdown 1
[21/07/2010 15:40:21] /i chest
[21/07/2010 15:42:34] /newtype 366
[21/07/2010 15:42:36] /newtype 367
[21/07/2010 15:43:33] /reload actions
[21/07/2010 15:43:48] /attr unique 2610
[21/07/2010 15:43:53] /r
[21/07/2010 15:44:24] /reload actions
[21/07/2010 15:44:28] /attr unique 2610
[21/07/2010 15:54:49] /clean
[21/07/2010 15:57:43] /m triple medusa
[21/07/2010 15:57:52] /s fire devil
[21/07/2010 15:58:47] /m triple medusa
[21/07/2010 16:00:57] /m demon skeleton
[21/07/2010 16:01:14] /s /s demon skeleton
[21/07/2010 16:01:20] /s demon skeleton
[21/07/2010 16:01:36] /m triple medusa
[21/07/2010 16:02:48] /a
[21/07/2010 16:02:48] /a
[21/07/2010 16:02:51] /s dragon
[21/07/2010 16:02:53] /a
[21/07/2010 16:02:54] /s dragon
[21/07/2010 16:02:59] /a
[21/07/2010 16:03:03] /t
[21/07/2010 23:47:01] /reload spells
[21/07/2010 23:47:35] /reload spells
[21/07/2010 23:48:51] /s dragon
[21/07/2010 23:49:00] /s dragon
[22/07/2010 00:03:11] /t
[22/07/2010 00:05:45] /t
[22/07/2010 00:06:00] /t
[22/07/2010 00:06:11] /t
[22/07/2010 00:07:28] /clean
[22/07/2010 22:59:05] /t
[22/07/2010 23:00:40] /t
[22/07/2010 23:02:35] /t
[22/07/2010 23:06:47] /t
[22/07/2010 23:46:54] /reload globalevents
[10/09/2010 00:30:07] /reload creaturescripts
[10/09/2010 00:35:40] /reload creaturescripts
[10/09/2010 00:45:08] /i 11221
[10/09/2010 00:45:32] /t
[10/09/2010 01:15:12] /reload actions
[10/09/2010 01:15:47] /i great mana potion
[10/09/2010 01:16:58] /reload actions
[10/09/2010 01:18:04] /reload actions
[10/09/2010 01:18:42] /reload actions
[10/09/2010 01:20:00] /reload actions
[10/09/2010 01:21:30] /reload actions
[10/09/2010 01:23:52] /reload actions
[10/09/2010 01:24:15] /i 9899
[10/09/2010 01:24:18] /reload actions
[10/09/2010 01:25:00] /i 10581
[10/09/2010 01:25:32] /r
[11/09/2010 00:30:55] /a
[11/09/2010 00:30:55] /a
[11/09/2010 00:30:56] /a
[11/09/2010 00:30:56] /a
[11/09/2010 00:30:56] /a
[11/09/2010 00:30:56] /a
[11/09/2010 00:30:56] /a
[11/09/2010 00:30:56] /a
[11/09/2010 00:30:56] /a
[11/09/2010 00:30:56] /a
[11/09/2010 00:30:56] /a
[11/09/2010 00:30:56] /a
[11/09/2010 00:30:56] /a
[11/09/2010 00:30:56] /a
[11/09/2010 00:30:57] /a
[11/09/2010 00:30:57] /a
[11/09/2010 00:30:57] /a
[11/09/2010 00:30:57] /a
[11/09/2010 00:30:57] /a
[11/09/2010 00:30:57] /a
[11/09/2010 00:30:57] /a
[11/09/2010 00:30:57] /a
[11/09/2010 00:30:57] /a
[11/09/2010 00:30:57] /a
[11/09/2010 00:30:57] /a
[11/09/2010 00:30:58] /a
[11/09/2010 00:30:58] /a
[11/09/2010 00:30:58] /a
[11/09/2010 00:30:58] /a
[11/09/2010 00:30:58] /a
[11/09/2010 00:30:58] /a
[11/09/2010 00:30:58] /a
[11/09/2010 00:30:58] /a
[11/09/2010 00:30:58] /a
[11/09/2010 00:30:58] /a
[11/09/2010 00:30:59] /a
[11/09/2010 00:30:59] /a
[11/09/2010 00:30:59] /a
[11/09/2010 00:30:59] /a
[11/09/2010 00:30:59] /a
[11/09/2010 00:30:59] /a
[11/09/2010 00:30:59] /a
[11/09/2010 00:30:59] /a
[11/09/2010 00:30:59] /a
[11/09/2010 00:30:59] /a
[11/09/2010 00:30:59] /a
[11/09/2010 00:31:00] /a
[11/09/2010 00:31:00] /a
[11/09/2010 00:31:00] /a
[11/09/2010 00:31:00] /a
[11/09/2010 00:31:00] /a
[11/09/2010 00:31:00] /a
[11/09/2010 00:31:00] /a
[11/09/2010 00:31:00] /a
[11/09/2010 00:31:00] /a
[11/09/2010 00:31:00] /a
[11/09/2010 00:31:01] /a
[11/09/2010 00:31:01] /a
[11/09/2010 00:31:01] /a
[11/09/2010 00:31:01] /a
[11/09/2010 00:31:01] /a
[11/09/2010 00:31:01] /a
[11/09/2010 00:31:01] /a
[11/09/2010 00:31:01] /a
[11/09/2010 00:31:01] /a
[11/09/2010 00:31:02] /a
[11/09/2010 00:31:02] /a
[11/09/2010 00:31:02] /a
[11/09/2010 00:31:02] /a
[11/09/2010 00:31:02] /a
[11/09/2010 00:31:03] /a
[11/09/2010 00:31:03] /a
[11/09/2010 00:31:03] /a
[11/09/2010 00:31:03] /a
[11/09/2010 00:31:03] /a
[11/09/2010 00:31:03] /a
[11/09/2010 00:31:03] /a
[11/09/2010 00:31:03] /a
[11/09/2010 00:31:04] /a
[11/09/2010 00:31:04] /a
[11/09/2010 00:31:04] /a
[11/09/2010 00:31:04] /a
[11/09/2010 00:31:04] /a
[11/09/2010 00:31:05] /a
[11/09/2010 00:31:05] /a
[11/09/2010 00:31:05] /a
[11/09/2010 00:31:05] /a
[11/09/2010 00:31:05] /a
[11/09/2010 00:31:05] /a
[11/09/2010 00:31:05] /a
[11/09/2010 00:31:05] /a
[11/09/2010 00:31:05] /a
[11/09/2010 00:31:05] /a
[11/09/2010 00:31:05] /a
[11/09/2010 00:31:06] /a
[11/09/2010 00:31:06] /a
[11/09/2010 00:31:06] /a
[11/09/2010 00:31:06] /a
[11/09/2010 00:31:06] /a
[11/09/2010 00:31:06] /a
[11/09/2010 00:31:06] /a
[11/09/2010 00:31:06] /a
[11/09/2010 00:31:06] /a
[11/09/2010 00:31:06] /a
[11/09/2010 00:31:06] /a
[11/09/2010 00:31:06] /a
[11/09/2010 00:31:06] /a
[11/09/2010 00:31:07] /a
[11/09/2010 00:31:07] /a
[11/09/2010 00:31:07] /a
[11/09/2010 00:31:07] /a
[11/09/2010 00:31:07] /a
[11/09/2010 00:31:07] /a
[11/09/2010 00:31:07] /a
[11/09/2010 00:31:07] /a
[11/09/2010 00:31:07] /a
[11/09/2010 00:31:07] /a
[11/09/2010 00:31:07] /a
[11/09/2010 00:31:07] /a
[11/09/2010 00:31:07] /a
[11/09/2010 00:31:07] /a
[11/09/2010 00:31:08] /a
[11/09/2010 00:31:08] /a
[11/09/2010 00:31:08] /a
[11/09/2010 00:31:08] /a
[11/09/2010 00:31:08] /a
[11/09/2010 00:31:08] /a
[11/09/2010 00:31:08] /a
[11/09/2010 00:31:08] /a
[11/09/2010 00:31:08] /a
[11/09/2010 00:31:08] /a
[11/09/2010 00:31:08] /a
[11/09/2010 00:31:08] /a
[11/09/2010 00:31:09] /a
[11/09/2010 00:31:09] /a
[11/09/2010 00:31:09] /a
[11/09/2010 00:31:09] /a
[11/09/2010 00:31:09] /a
[11/09/2010 00:31:09] /a
[11/09/2010 00:31:09] /a
[11/09/2010 00:31:09] /a
[11/09/2010 00:31:10] /a
[11/09/2010 00:31:10] /a
[11/09/2010 00:31:10] /a
[11/09/2010 00:31:10] /a
[11/09/2010 00:31:10] /a
[11/09/2010 00:31:10] /a
[11/09/2010 00:31:10] /a
[11/09/2010 00:31:10] /a
[11/09/2010 00:31:10] /a
[11/09/2010 00:31:10] /a
[11/09/2010 00:31:11] /a
[11/09/2010 00:31:11] /a
[11/09/2010 00:31:11] /a
[11/09/2010 00:31:11] /a
[11/09/2010 00:31:11] /a
[11/09/2010 00:31:11] /a
[11/09/2010 00:31:11] /a
[11/09/2010 00:31:11] /a
[11/09/2010 00:31:11] /a
[11/09/2010 00:31:12] /a
[11/09/2010 00:31:12] /a
[11/09/2010 00:31:12] /a
[11/09/2010 00:31:12] /a
[11/09/2010 00:31:12] /a
[11/09/2010 00:31:12] /a
[11/09/2010 00:31:12] /a
[11/09/2010 00:31:12] /a
[11/09/2010 00:31:12] /a
[11/09/2010 00:31:12] /a
[11/09/2010 00:31:12] /a
[11/09/2010 00:31:12] /a
[11/09/2010 00:31:12] /a
[11/09/2010 00:31:12] /a
[11/09/2010 00:31:13] /a
[11/09/2010 00:31:13] /a
[11/09/2010 00:31:13] /a
[11/09/2010 00:31:13] /a
[11/09/2010 00:31:13] /a
[11/09/2010 00:31:13] /a
[11/09/2010 00:31:13] /a
[11/09/2010 00:31:13] /a
[11/09/2010 00:31:13] /a
[11/09/2010 00:31:13] /a
[11/09/2010 00:31:13] /a
[11/09/2010 00:31:13] /a
[11/09/2010 00:31:13] /a
[11/09/2010 00:31:13] /a
[11/09/2010 00:31:15] /a
[11/09/2010 00:31:15] /a
[11/09/2010 00:31:15] /a
[11/09/2010 00:31:15] /a
[11/09/2010 00:31:15] /a
[11/09/2010 00:31:15] /a
[11/09/2010 00:31:15] /a
[11/09/2010 00:31:15] /a
[11/09/2010 00:31:16] /a
[11/09/2010 00:31:16] /a
[11/09/2010 00:31:16] /a
[11/09/2010 00:31:16] /a
[11/09/2010 00:31:16] /a
[11/09/2010 00:31:16] /a
[11/09/2010 00:31:16] /a
[11/09/2010 00:31:16] /a
[11/09/2010 00:31:16] /a
[11/09/2010 00:31:16] /a
[11/09/2010 00:31:17] /a
[11/09/2010 00:31:17] /a
[11/09/2010 00:31:17] /a
[11/09/2010 00:58:05] /r 100
[11/09/2010 00:58:06] /r 100
[11/09/2010 00:58:06] /r 100
[11/09/2010 00:58:07] /r 100
[11/09/2010 00:58:11] /r 100
[11/09/2010 00:58:28] /r 100
[11/09/2010 00:58:29] /r 100
[11/09/2010 00:58:29] /r 100
[11/09/2010 00:58:30] /r 100
[11/09/2010 00:58:30] /r 100
[11/09/2010 00:58:32] /r 100
[11/09/2010 00:58:33] /r 100
[11/09/2010 00:58:34] /r 100
[11/09/2010 00:58:36] /r 100
[11/09/2010 01:00:40] /t
[11/09/2010 01:00:44] /t
[11/09/2010 01:01:10] /m aggrox demon
[11/09/2010 01:03:05] /s aggrox demon
[11/09/2010 01:04:29] /s rotworm
[11/09/2010 01:04:34] /s rotworm
[11/09/2010 01:04:43] /s demon
[11/09/2010 01:11:03] /reload npc
[11/09/2010 01:11:15] /n don zafrada
[11/09/2010 01:11:55] /reload npc
[11/09/2010 01:11:57] /r
[11/09/2010 01:11:59] /r
[11/09/2010 01:12:02] /n don zafrada
[11/09/2010 01:12:55] /reload npc
[11/09/2010 01:14:57] /r
[11/09/2010 01:25:48] /t
[11/09/2010 01:25:50] /a
[11/09/2010 01:25:50] /a
[11/09/2010 01:25:50] /a
[11/09/2010 01:25:50] /a
[11/09/2010 01:25:50] /a
[11/09/2010 01:25:51] /a
[11/09/2010 01:25:51] /a
[11/09/2010 01:25:51] /a
[11/09/2010 01:25:51] /a
[11/09/2010 01:25:51] /a
[11/09/2010 01:25:51] /a
[11/09/2010 01:25:51] /a
[11/09/2010 01:25:51] /a
[11/09/2010 01:25:51] /a
[11/09/2010 01:25:51] /a
[11/09/2010 01:25:52] /a
[11/09/2010 01:25:52] /a
[11/09/2010 01:25:52] /a
[11/09/2010 01:25:52] /a
[11/09/2010 01:25:53] /a
[11/09/2010 01:25:53] /a
[11/09/2010 01:25:53] /a
[11/09/2010 01:25:53] /a
[11/09/2010 01:25:53] /a
[11/09/2010 01:25:53] /a
[11/09/2010 01:25:54] /a
[11/09/2010 01:25:54] /a
[11/09/2010 01:25:54] /a
[11/09/2010 01:25:54] /a
[11/09/2010 01:25:54] /a
[11/09/2010 01:25:54] /a
[11/09/2010 01:25:54] /a
[11/09/2010 01:25:55] /a
[11/09/2010 01:25:55] /a
[11/09/2010 01:25:55] /a
[11/09/2010 01:25:55] /a
[11/09/2010 01:25:55] /a
[11/09/2010 01:25:55] /a
[11/09/2010 01:25:55] /a
[11/09/2010 01:25:55] /a
[11/09/2010 01:25:56] /a
[11/09/2010 01:25:56] /a
[11/09/2010 01:25:56] /a
[11/09/2010 01:25:56] /a
[11/09/2010 01:25:56] /a
[11/09/2010 01:25:56] /a
[11/09/2010 01:25:56] /a
[11/09/2010 01:25:56] /a
[11/09/2010 01:25:56] /a
[11/09/2010 01:25:56] /a
[11/09/2010 01:25:56] /a
[11/09/2010 01:25:57] /a
[11/09/2010 01:25:57] /a
[11/09/2010 01:25:57] /a
[11/09/2010 01:25:57] /a
[11/09/2010 01:25:57] /a
[11/09/2010 01:25:57] /a
[11/09/2010 01:25:57] /a
[11/09/2010 01:25:57] /a
[11/09/2010 01:25:57] /a
[11/09/2010 01:25:57] /a
[11/09/2010 01:25:57] /a
[11/09/2010 01:25:57] /a
[11/09/2010 01:25:57] /a
[11/09/2010 01:25:58] /a
[11/09/2010 01:25:58] /a
[11/09/2010 01:25:58] /a
[11/09/2010 01:25:58] /a
[11/09/2010 01:25:58] /a
[11/09/2010 01:25:58] /a
[11/09/2010 01:25:58] /a
[11/09/2010 01:25:58] /a
[11/09/2010 01:25:58] /a
[11/09/2010 01:25:58] /a
[11/09/2010 01:25:58] /a
[11/09/2010 01:25:58] /a
[11/09/2010 01:25:59] /a
[11/09/2010 01:25:59] /a
[11/09/2010 01:25:59] /a
[11/09/2010 01:25:59] /a
[11/09/2010 01:25:59] /a
[11/09/2010 01:25:59] /a
[11/09/2010 01:25:59] /a
[11/09/2010 01:25:59] /a
[11/09/2010 01:25:59] /a
[11/09/2010 01:25:59] /a
[11/09/2010 01:26:00] /a
[11/09/2010 01:26:00] /a
[11/09/2010 01:26:00] /a
[11/09/2010 01:26:00] /a
[11/09/2010 01:26:00] /a
[11/09/2010 01:26:00] /a
[11/09/2010 01:26:00] /a
[11/09/2010 01:26:00] /a
[11/09/2010 01:26:00] /a
[11/09/2010 01:26:00] /a
[11/09/2010 01:26:01] /a
[11/09/2010 01:26:01] /a
[11/09/2010 01:26:01] /a
[11/09/2010 01:26:01] /a
[11/09/2010 01:26:01] /a
[11/09/2010 01:26:01] /a
[11/09/2010 01:26:01] /a
[11/09/2010 01:26:01] /a
[11/09/2010 01:26:01] /a
[11/09/2010 01:26:01] /a
[11/09/2010 01:26:01] /a
[11/09/2010 01:26:01] /a
[11/09/2010 01:26:02] /a
[11/09/2010 01:26:02] /a
[11/09/2010 01:26:02] /a
[11/09/2010 01:26:02] /a
[11/09/2010 01:26:02] /a
[11/09/2010 01:26:02] /a
[11/09/2010 01:26:02] /a
[11/09/2010 01:26:02] /a
[11/09/2010 01:26:02] /a
[11/09/2010 01:26:02] /a
[11/09/2010 01:26:02] /a
[11/09/2010 01:26:02] /a
[11/09/2010 01:26:02] /a
[11/09/2010 01:26:03] /a
[11/09/2010 01:26:03] /a
[11/09/2010 01:26:03] /a
[11/09/2010 01:26:03] /a
[11/09/2010 01:26:03] /a
[11/09/2010 01:26:03] /a
[11/09/2010 01:26:03] /a
[11/09/2010 01:26:03] /a
[11/09/2010 01:26:03] /a
[11/09/2010 01:26:03] /a
[11/09/2010 01:26:04] /a
[11/09/2010 01:26:05] /a
[11/09/2010 01:26:05] /a
[11/09/2010 01:26:05] /a
[11/09/2010 01:26:05] /a
[11/09/2010 01:26:05] /a
[11/09/2010 01:26:05] /a
[11/09/2010 01:26:05] /a
[11/09/2010 01:26:05] /a
[11/09/2010 01:26:05] /a
[11/09/2010 01:26:05] /a
[11/09/2010 01:26:05] /a
[11/09/2010 01:26:06] /a
[11/09/2010 01:26:06] /a
[11/09/2010 01:26:06] /a
[11/09/2010 01:26:06] /a
[11/09/2010 01:26:06] /a
[11/09/2010 01:26:06] /a
[11/09/2010 01:26:06] /a
[11/09/2010 01:26:07] /a
[11/09/2010 01:26:07] /a
[11/09/2010 04:19:39] /addskill aggro metalx , level,100
[11/09/2010 04:19:42] /addskill aggro metalx , level,1000
[11/09/2010 04:19:45] /addskill aggro metalx , level,10000
[11/09/2010 04:19:56] /addskill aggro metalx , level,5000
[11/09/2010 04:20:09] /i 2160
[11/09/2010 04:20:09] /i 2160
[11/09/2010 04:20:10] /i 2160
[11/09/2010 04:24:09] /reload spells
[11/09/2010 04:25:37] /reload spells
[11/09/2010 04:29:08] /reload spells
[11/09/2010 06:33:40] /reload spells
[11/09/2010 06:35:48] /reload spells
[11/09/2010 06:36:25] /m aggrox demon
[11/09/2010 06:42:06] /reload npc
[11/09/2010 06:42:10] /n spell seller
[11/09/2010 13:43:25] /m dragon lord
[11/09/2010 13:43:32] /m dragon lord
[11/09/2010 13:43:32] /m dragon lord
[11/09/2010 13:43:33] /m dragon lord
[11/09/2010 13:43:33] /m dragon lord
[11/09/2010 13:43:33] /m dragon lord
[11/09/2010 13:43:34] /m dragon lord
[11/09/2010 13:43:34] /m dragon lord
[11/09/2010 13:43:35] /m dragon lord
[11/09/2010 13:43:36] /m dragon lord
[11/09/2010 13:46:48] /m infernalist
[11/09/2010 13:48:02] /m mutant angel
[11/09/2010 13:48:08] /m mutant angel
[11/09/2010 13:48:08] /m mutant angel
[11/09/2010 13:48:09] /m mutant angel
[11/09/2010 13:48:09] /m mutant angel
[11/09/2010 13:48:10] /m mutant angel
[11/09/2010 13:48:10] /m mutant angel
[11/09/2010 13:48:11] /m mutant angel
[11/09/2010 13:48:11] /m mutant angel
[11/09/2010 13:48:41] /m mutant angel
[11/09/2010 14:00:38] /i 2262
[11/09/2010 14:01:11] /s demon
[11/09/2010 14:01:19] /s demon
[11/09/2010 14:01:19] /s demon
[11/09/2010 14:01:20] /s demon
[11/09/2010 14:01:20] /s demon
[11/09/2010 14:01:20] /s demon
[11/09/2010 14:01:21] /s demon
[11/09/2010 14:02:09] /s infernatil
[11/09/2010 14:03:37] /m infernatil
[11/09/2010 14:03:42] /m mutant angel
[11/09/2010 14:23:48] /i 2263
[11/09/2010 14:24:38] /i 2308
[11/09/2010 14:25:06] /i 2312
[11/09/2010 14:25:29] /i 2314
[11/09/2010 14:25:52] /i 2306
[11/09/2010 14:27:58] /i 1999
[11/09/2010 14:28:09] /i 23085
[11/09/2010 14:28:11] /i 2308
[11/09/2010 14:28:48] /i 2308
[11/09/2010 14:36:36] /reload actions
[11/09/2010 14:36:47] /attr action 11111
[11/09/2010 14:39:41] /i 2264
[11/09/2010 14:40:16] /reload spells
[11/09/2010 14:42:40] /i 2312
[11/09/2010 14:44:18] /reload spells
[11/09/2010 14:44:24] /r
[11/09/2010 14:44:35] /s demon
[11/09/2010 14:46:00] /a
[11/09/2010 14:46:04] /a
[11/09/2010 14:46:18] /a
[11/09/2010 14:48:02] /reload globalevents
[11/09/2010 14:49:27] /i 2296
[11/09/2010 14:52:40] /reload spells
[11/09/2010 14:52:47] /r
[11/09/2010 14:52:59] /m aggrox demon
[11/09/2010 14:57:53] /up 3
[11/09/2010 14:57:55] /up 3
[11/09/2010 14:57:57] /up 2
[11/09/2010 15:01:05] /m wyrm
[11/09/2010 15:03:07] /goto aggro metalx
[11/09/2010 15:07:13] /a
[11/09/2010 15:07:19] /a
[11/09/2010 15:07:19] /a
[11/09/2010 15:07:43] /i scale
[11/09/2010 15:08:20] /i 1386
[11/09/2010 15:08:53] /t
[11/09/2010 15:09:04] /i eternal flame
[11/09/2010 15:10:10] /i 8304
[11/09/2010 15:10:15] /i 8304
[11/09/2010 15:11:08] /i 12056
[11/09/2010 15:11:15] /attr action 35966
[11/09/2010 15:14:02] /reload actions
[11/09/2010 15:16:37] /reload actions
[11/09/2010 15:24:04] /down
[11/09/2010 15:24:10] /i 1386
[11/09/2010 15:24:16] /t
[11/09/2010 15:24:24] /r
[11/09/2010 15:24:37] /a
[11/09/2010 15:26:58] /a
[11/09/2010 23:53:49] /m exp bug
[11/09/2010 23:54:53] /m exp bug
[11/09/2010 23:55:22] /m exp bug
[11/09/2010 23:57:26] /m wolf
[11/09/2010 23:57:37] /m war /s wolf
[11/09/2010 23:57:43] /s wolf
[11/09/2010 23:57:54] /s orc rider
[11/09/2010 23:58:22] /s war wolf
[11/09/2010 23:59:23] /s Orc Marauder
[12/09/2010 00:01:59] /newtype 25
[12/09/2010 00:02:00] /newtype 24
[12/09/2010 00:02:02] /newtype 23
[12/09/2010 00:02:03] /newtype 22
[12/09/2010 00:02:05] /newtype 21
[12/09/2010 00:02:07] /newtype 20
[12/09/2010 00:02:09] /newtype 19
[12/09/2010 00:02:11] /newtype 18
[12/09/2010 00:02:12] /newtype 17
[12/09/2010 00:02:14] /newtype 16
[12/09/2010 00:02:16] /newtype 15
[12/09/2010 00:02:17] /newtype 14
[12/09/2010 00:02:19] /newtype 13
[12/09/2010 00:02:23] /newtype 12
[12/09/2010 00:02:25] /newtype 11
[12/09/2010 00:02:26] /newtype 10
[12/09/2010 00:02:28] /newtype 9
[12/09/2010 00:02:31] /newtype 8
[12/09/2010 00:02:33] /newtype 7
[12/09/2010 00:02:34] /newtype 6
[12/09/2010 00:02:36] /newtype 5
[12/09/2010 00:02:50] /newtype 5
[12/09/2010 00:02:52] /newtype 4
[12/09/2010 00:02:54] /newtype 3
[12/09/2010 00:02:55] /newtype 2
[12/09/2010 00:02:57] /newtype 3
[12/09/2010 00:03:15] /newtype 3
[12/09/2010 00:03:17] /newtype 4
[12/09/2010 00:18:52] /m exp bug
[12/09/2010 00:21:04] /m exp bug
[12/09/2010 00:32:38] /a
[12/09/2010 00:51:24] /m orc maurder
[14/09/2010 23:08:48] /i 11221
[14/09/2010 23:08:52] /i 11221
[14/09/2010 23:09:04] /i 11221
[14/09/2010 23:09:05] /i 11221
[14/09/2010 23:09:29] /i 11221
[14/09/2010 23:09:46] /i 11221
[14/09/2010 23:09:47] /i 11221
[14/09/2010 23:09:53] /i 11221
[14/09/2010 23:09:54] /i 11221
[14/09/2010 23:10:00] /i 11221
[14/09/2010 23:10:01] /i 11221
[14/09/2010 23:13:14] /i 1597
[14/09/2010 23:13:18] /r
[14/09/2010 23:13:21] /i 1945
[14/09/2010 23:13:28] /reload actions
[14/09/2010 23:13:35] /attr action 2004
[14/09/2010 23:13:44] /i 11221
[14/09/2010 23:13:47] /i 11221
[14/09/2010 23:13:47] /i 11221
[14/09/2010 23:14:55] /reload actions
[14/09/2010 23:14:56] /i 11221
[14/09/2010 23:16:50] /reload actions
[14/09/2010 23:16:55] /i 11221
[14/09/2010 23:17:53] /reload actions
[14/09/2010 23:18:00] /i 11221
[14/09/2010 23:18:36] /reload actions
[14/09/2010 23:18:49] /i 11221
[14/09/2010 23:19:48] /i 11221
[14/09/2010 23:19:48] /i 11221
[14/09/2010 23:19:49] /i 11221
[14/09/2010 23:19:49] /i 11221
[14/09/2010 23:20:48] /reload actions
[14/09/2010 23:21:01] /reload actions
[14/09/2010 23:22:28] /reload actions
[14/09/2010 23:23:30] /reload actions
[14/09/2010 23:24:25] /reload actions
[14/09/2010 23:24:59] /reload actions
[14/09/2010 23:33:39] /reload actions
[14/09/2010 23:34:19] /reload actions
[14/09/2010 23:34:36] /reload actions
[14/09/2010 23:35:44] /reload actions
[14/09/2010 23:36:54] /reload actions
[14/09/2010 23:37:11] /reload actions
[14/09/2010 23:37:57] /reload actions
[14/09/2010 23:39:57] /reload actions
[14/09/2010 23:45:19] /reload actions
[14/09/2010 23:45:44] /reload actions
[14/09/2010 23:45:48] /i 11221
[14/09/2010 23:48:56] /reload actions
[14/09/2010 23:49:35] /reload actions
[14/09/2010 23:50:02] /reload actions
[14/09/2010 23:50:26] /reload actions
[14/09/2010 23:50:54] /reload actions
[14/09/2010 23:51:05] /reload actions
[14/09/2010 23:52:12] /reload actions
[15/09/2010 00:01:35] /i 2152
[15/09/2010 00:02:00] /reload actions
[15/09/2010 00:04:24] /reload actions
[15/09/2010 00:05:38] /reload actions
[15/09/2010 00:05:42] /i 2002
[15/09/2010 00:06:36] /reload actions
[15/09/2010 00:09:41] /reload actions
[15/09/2010 00:18:08] /i 2494
[15/09/2010 00:18:29] /i 2308
[15/09/2010 00:19:08] /reload actions
[15/09/2010 00:32:44] /i 8304
[15/09/2010 00:35:26] /i 2306
[15/09/2010 00:37:05] /i 2314
[15/09/2010 00:38:56] /reload actions
[15/09/2010 00:41:11] /i 11221
[15/09/2010 00:41:13] /i 11221
[15/09/2010 00:41:14] /i 11221
[15/09/2010 00:41:14] /i 11221
[15/09/2010 00:41:15] /i 11221
[15/09/2010 00:41:15] /i 11221
[15/09/2010 00:41:16] /i 11221
[15/09/2010 00:41:51] /clean
[18/09/2010 02:30:26] /r
[18/09/2010 02:30:38] /r
[18/09/2010 02:30:47] /i hoockshot
[18/09/2010 02:31:59] /i 2308
[18/09/2010 02:36:57] /reload actions
[18/09/2010 02:39:06] /reload actions
[18/09/2010 02:39:55] /reload actions
[18/09/2010 02:41:11] /reload actions
[18/09/2010 02:41:42] /reload actions
[18/09/2010 02:42:17] /a
[18/09/2010 02:42:19] /i 13212
[18/09/2010 02:42:23] /i 1210
[18/09/2010 02:42:28] /attr action 35966
[18/09/2010 02:42:38] /r
[18/09/2010 02:45:58] /reload actions
[18/09/2010 02:47:18] /i 1212
[18/09/2010 02:47:20] /i 1213
[18/09/2010 02:47:22] /i 1214
[18/09/2010 02:47:28] /r
[18/09/2010 02:47:31] /r
[18/09/2010 02:48:20] /reload actions
[18/09/2010 02:48:35] /i 12065
[18/09/2010 02:48:45] /r
[18/09/2010 02:49:41] /reload actions
[18/09/2010 02:50:13] /reload actions
[18/09/2010 02:50:55] /reload actions
[18/09/2010 02:52:22] /reload actions
[18/09/2010 02:52:27] /reload globalevents
[18/09/2010 02:52:31] /r
[28/09/2010 23:25:54] /i 11221
[28/09/2010 23:25:56] /i 11221
[28/09/2010 23:25:56] /i 11221
[28/09/2010 23:25:57] /i 11221
[09/11/2010 22:14:11] /down
[09/11/2010 22:14:14] /down
[09/11/2010 22:14:14] /down
[09/11/2010 22:14:15] /down
[09/11/2010 22:14:16] /down
[09/11/2010 22:14:18] /down
[09/11/2010 22:14:23] /t
[09/11/2010 22:14:25] /down
[09/11/2010 22:14:26] /down
[09/11/2010 22:14:27] /down
[09/11/2010 22:14:27] /down
[09/11/2010 22:14:29] /down
[09/11/2010 22:14:32] /down 3
[09/11/2010 22:14:33] /down 3
[09/11/2010 22:14:35] /down 
[15/11/2010 21:58:39] /reload globalevents
[15/11/2010 22:02:22] /r
[15/11/2010 22:03:42] /reload globalevents
[15/11/2010 22:13:01] /i 1012
[15/11/2010 22:13:03] /t
[15/11/2010 22:13:13] /attr action 11111
[15/11/2010 22:19:26] /newtype 126
[15/11/2010 22:19:28] /newtype 125
[15/11/2010 22:19:32] /newtype 134
[15/11/2010 22:19:33] /newtype 133
[15/11/2010 22:19:34] /newtype 132
[15/11/2010 22:19:36] /newtype 131
[15/11/2010 22:19:37] /newtype 130
[15/11/2010 22:19:40] /newtype 129
[15/11/2010 22:19:42] /newtype 128
[15/11/2010 22:20:30] /m stalker
[15/11/2010 22:21:51] /reload monsters
[15/11/2010 22:21:56] /m miner
[15/11/2010 22:21:58] /m minero
[15/11/2010 22:22:10] /s aggrox demon
[15/11/2010 22:24:39] /reload monsters
[15/11/2010 22:25:58] /reload monsters
[15/11/2010 22:26:02] /m minero
[15/11/2010 22:30:00] /reload monsters
[15/11/2010 22:30:02] /m minero
[15/11/2010 22:30:59] /reload monsters
[15/11/2010 22:31:01] /m minero
[15/11/2010 22:33:02] /down 8
[15/11/2010 22:33:04] /down 9
[15/11/2010 22:33:06] /down 10
[15/11/2010 22:33:08] /down 11
[15/11/2010 22:33:11] /down 12
[15/11/2010 22:33:12] /down 13
[15/11/2010 22:33:14] /down 14
[15/11/2010 22:33:16] /down 14
[15/11/2010 22:33:17] /down 14
[15/11/2010 22:33:19] /down 7
[15/11/2010 22:48:20] /a 5
[15/11/2010 22:48:46] /up
[15/11/2010 22:48:54] /t
[15/11/2010 23:11:46] /i boots of haste
[15/11/2010 23:13:19] /reload movements
[15/11/2010 23:13:29] /t
[15/11/2010 23:23:07] /i 10607
[15/11/2010 23:29:15] /reload actions
[15/11/2010 23:29:25] /i 1945
[15/11/2010 23:29:30] /attr action 2555
[15/11/2010 23:29:44] /i 11221
[15/11/2010 23:29:45] /i 11221
[15/11/2010 23:29:53] /r
[15/11/2010 23:36:30] /up
[15/11/2010 23:36:38] /i 11221
[15/11/2010 23:36:41] /i 11221
[15/11/2010 23:37:00] /t
[06/12/2010 16:27:07] /up
[06/12/2010 16:30:39] /reload globalevents
[06/12/2010 16:31:43] /t
[06/12/2010 16:32:10] /t
[06/12/2010 16:32:12] /t
[06/12/2010 16:32:12] /t
[06/12/2010 16:32:14] /t
[06/12/2010 16:32:15] /t
[06/12/2010 16:32:17] /t
[06/12/2010 16:32:22] /t
[06/12/2010 17:00:58] /i 5885
[06/12/2010 17:41:15] /reload npc
[06/12/2010 17:41:20] /n banker
[06/12/2010 17:47:40] /reload npc
[06/12/2010 17:55:57] /reload npc
[06/12/2010 17:56:32] /reload npc
[06/12/2010 17:57:49] /reload npc
[06/12/2010 17:58:59] /reload npc
[06/12/2010 17:59:40] /reload npc
[06/12/2010 18:03:04] /r
[06/12/2010 18:07:35] /i 1618
[06/12/2010 18:07:36] /i 1618
[06/12/2010 18:08:34] /r
[06/12/2010 18:08:36] /r
[06/12/2010 18:08:39] /i 1618
[06/12/2010 18:08:40] /i 1618
[06/12/2010 18:08:41] /i 1618
[06/12/2010 18:08:47] /i 1617
[06/12/2010 18:08:49] /r
[06/12/2010 18:08:51] /i 1616
[06/12/2010 18:08:54] /r
[06/12/2010 18:08:55] /i 1619
[06/12/2010 18:08:59] /r
[06/12/2010 18:09:02] /i 1620
[06/12/2010 18:09:03] /i 1620
[06/12/2010 18:09:06] /r
[06/12/2010 18:09:14] /i 1618
[06/12/2010 18:09:15] /i 1618
[06/12/2010 18:09:16] /i 1618
[06/12/2010 18:09:22] /a
[06/12/2010 18:09:27] /a
[06/12/2010 18:09:33] /i 1945
[06/12/2010 18:15:54] /reload mods
[06/12/2010 18:15:56] /reload mod
[06/12/2010 18:16:03] /a
[06/12/2010 18:17:19] /attr unique 5885
[06/12/2010 18:17:31] /reload mods
[06/12/2010 18:19:08] /i 1618
[06/12/2010 18:19:09] /i 1618
[06/12/2010 18:19:10] /i 1618
[06/12/2010 18:19:12] /i 1618
[06/12/2010 18:19:13] /i 1618
[06/12/2010 18:19:14] /i 1618
[06/12/2010 18:19:18] /i 1620
[06/12/2010 18:19:22] /a
[06/12/2010 18:19:24] /a
[06/12/2010 18:19:26] /i 1945
[06/12/2010 18:19:28] /a
[06/12/2010 18:19:34] /attr unique 5885
[06/12/2010 18:35:06] /i 2157
[06/12/2010 18:35:51] /t
[06/12/2010 18:36:42] /i 2033
[06/12/2010 18:39:20] /reload actions
[06/12/2010 18:46:44] /reload actions
[06/12/2010 18:47:54] /reload actions
[06/12/2010 18:49:02] /reload actions
[06/12/2010 18:55:01] /reload actions
[06/12/2010 18:57:14] /t
[06/12/2010 18:57:15] /i 2160
[06/12/2010 18:57:51] /reload talkactions
[06/12/2010 19:08:21] /reload talkactions
[06/12/2010 19:09:39] /reload talkactions
[06/12/2010 19:10:45] /reload talkactions
[06/12/2010 19:11:38] /t
[06/12/2010 19:12:46] /reload talkactions
[06/12/2010 19:13:17] /reload talkactions
[06/12/2010 19:17:48] /i 7266
[06/12/2010 19:17:53] /r
[06/12/2010 19:23:25] /reload talkactions
[06/12/2010 19:24:08] /reload talkactions
[06/12/2010 20:52:34] /i 1387
[06/12/2010 20:52:45] /attr position 607 15 7
[06/12/2010 20:52:56] /a
[06/12/2010 20:53:04] /a
[06/12/2010 20:53:20] /a
[06/12/2010 20:53:21] /a
[06/12/2010 20:55:23] /a
[06/12/2010 20:56:36] /a
[06/12/2010 20:56:53] /a
[06/12/2010 20:56:59] /a
[06/12/2010 20:57:11] /a
[06/12/2010 20:57:30] /a
[06/12/2010 20:57:30] /a
[06/12/2010 20:59:02] /i 2604
[06/12/2010 20:59:03] /i 2604
[06/12/2010 20:59:04] /i 2604
[06/12/2010 20:59:06] /i 2604
[06/12/2010 20:59:07] /i 2604
[06/12/2010 20:59:08] /i 2604
[06/12/2010 20:59:08] /i 2604
[06/12/2010 20:59:09] /i 2604
[06/12/2010 20:59:10] /i 2604
[06/12/2010 20:59:11] /i 2604
[06/12/2010 20:59:12] /i 2604
[06/12/2010 20:59:12] /i 2604
[06/12/2010 20:59:14] /i 2604
[06/12/2010 20:59:15] /i 2604
[06/12/2010 20:59:15] /i 2604
[06/12/2010 20:59:16] /i 2604
[06/12/2010 20:59:17] /i 2604
[06/12/2010 20:59:18] /i 2604
[06/12/2010 20:59:19] /i 2604
[06/12/2010 20:59:21] /i 2604
[06/12/2010 20:59:22] /i 2604
[06/12/2010 21:02:36] /a
[06/12/2010 21:03:22] /a
[06/12/2010 21:05:46] /i 9564
[06/12/2010 21:05:49] /i 9564
[06/12/2010 21:05:50] /i 9564
[06/12/2010 21:05:55] /attr action 100
[06/12/2010 21:07:00] /attr action 1000
[06/12/2010 21:07:03] /a 5
[06/12/2010 21:07:07] /a 6
[06/12/2010 21:07:09] /a 6
[06/12/2010 21:07:11] /a 6
[06/12/2010 21:07:14] /a 6
[06/12/2010 21:07:24] /a 6
[06/12/2010 21:07:40] /a 6
[06/12/2010 21:07:42] /a 6
[06/12/2010 21:07:48] /attr action 1000
[06/12/2010 21:07:51] /a 6
[06/12/2010 21:08:10] /a 6
[06/12/2010 21:08:29] /a 6
[06/12/2010 21:08:32] /a 6
[06/12/2010 21:08:55] /a 6
[06/12/2010 21:49:19] /i 8306
[06/12/2010 21:49:25] /i 8305
[06/12/2010 21:51:20] /reload actions
[06/12/2010 21:51:52] /i 8305
[06/12/2010 21:51:52] /i 8305
[06/12/2010 21:51:53] /i 8305
[06/12/2010 21:51:53] /i 8305
[06/12/2010 21:52:08] /i 8306
[06/12/2010 21:54:57] /i 8300
[06/12/2010 21:55:45] /reload actions
[06/12/2010 21:55:51] /reload creaturescripts
[06/12/2010 21:56:19] /i 8005
[06/12/2010 21:56:21] /r
[06/12/2010 21:57:01] /i 8300
[06/12/2010 21:57:23] /i golden armor
[06/12/2010 22:09:39] /i 8300
[06/12/2010 22:09:45] /i golden armort
[06/12/2010 22:09:47] /i golden armor
[06/12/2010 22:10:14] /i 8300
[06/12/2010 22:21:18] /reload actions
[06/12/2010 22:21:28] /reload  creaturescripts
[06/12/2010 22:25:33] /reload  creaturescripts
[06/12/2010 22:25:59] /reload  creaturescripts
[06/12/2010 22:26:38] /reload  creaturescripts
[06/12/2010 22:46:19] /i 8903
[06/12/2010 22:46:27] /i 8903
[06/12/2010 22:47:12] /i 8303
[06/12/2010 22:51:15] /i 7734
[06/12/2010 22:51:26] /i 7744
[06/12/2010 22:51:55] /i 7854
[06/12/2010 22:52:17] /i 7854
[06/12/2010 22:52:35] /i 7766
[06/12/2010 22:52:48] /r
[06/12/2010 22:53:01] /i 7763
[06/12/2010 22:53:04] /i 7744
[06/12/2010 22:53:10] /r
[06/12/2010 22:53:21] /i 7869
[06/12/2010 22:53:44] /i 7383
[06/12/2010 22:53:47] /t
[06/12/2010 22:54:52] /i 7383
[06/12/2010 22:55:02] /i 7384
[06/12/2010 22:55:15] /i 7406
[06/12/2010 22:55:17] /i 7402
[06/12/2010 22:55:54] /i 2423
[06/12/2010 22:56:18] /i 7392
[06/12/2010 22:56:26] /r 100
[06/12/2010 22:56:27] /r 100
[06/12/2010 22:56:28] /r 100
[06/12/2010 22:56:29] /r 100
[06/12/2010 22:57:15] /i 7380
[06/12/2010 22:57:17] /i 7389
[06/12/2010 22:57:30] /i 2454
[06/12/2010 22:59:20] /i 7772
[06/12/2010 22:59:29] /i 7863
[06/12/2010 23:01:44] /reload actions
[06/12/2010 23:09:23] /r
[06/12/2010 23:09:40] /i 2383
[06/12/2010 23:09:56] /i 8303
[06/12/2010 23:12:00] /i 2391
[06/12/2010 23:13:55] /reload actions
[06/12/2010 23:14:28] /r
[06/12/2010 23:14:29] /r
[06/12/2010 23:14:47] /i arrow
[06/12/2010 23:28:52] /r
[06/12/2010 23:28:58] /attr position 160 54 7
[06/12/2010 23:43:26] /t
[06/12/2010 23:45:03] /i spike sword
[06/12/2010 23:52:41] /i 1448
[06/12/2010 23:52:45] /r
[06/12/2010 23:52:51] /r
[06/12/2010 23:52:52] /i 1448
[06/12/2010 23:53:57] /reload actions
[06/12/2010 23:55:05] /attr action 1448
[06/12/2010 23:55:45] /reload actions
[06/12/2010 23:56:51] /attr action 1448
[07/12/2010 00:02:16] /reload actions
[07/12/2010 00:02:58] /r
[07/12/2010 00:12:52] /i 8304
[07/12/2010 00:13:00] /i 8305
[07/12/2010 00:21:25] /newtype 163
[07/12/2010 00:21:30] /newtype 164
[07/12/2010 00:21:40] /newtype 132
[07/12/2010 00:22:00] /reload npc
[07/12/2010 00:22:05] /n seorito cizaro
[07/12/2010 00:22:08] /n seorito cizarro
[07/12/2010 00:23:27] /reload npc
[07/12/2010 00:24:06] /i spike sword
[07/12/2010 00:25:13] /reload npc
[07/12/2010 00:28:01] /reload npc
[07/12/2010 00:28:51] /reload npc
[07/12/2010 00:28:57] /r
[07/12/2010 00:29:06] /n seorito cizarro
[07/12/2010 00:29:09] /n seorito cizarro
[07/12/2010 00:30:11] /reload npc
[07/12/2010 00:30:13] /n seorito cizarro
[07/12/2010 00:30:48] /reload npc
[07/12/2010 00:30:49] /n seorito cizarro
[07/12/2010 00:32:14] /reload npc
[07/12/2010 00:32:15] /n seorito cizarro
[07/12/2010 00:32:19] /n seorito cizarro
[07/12/2010 00:33:32] /reload npc
[07/12/2010 00:33:33] /n seorito cizarro
[07/12/2010 00:34:06] /reload npc
[07/12/2010 00:34:09] /n seorito cizarro
[07/12/2010 00:34:14] /r
[07/12/2010 00:34:16] /r
[07/12/2010 00:34:18] /n seorito cizarro
[07/12/2010 00:34:21] /n seorito cizarro
[07/12/2010 00:35:56] /reload npc
[07/12/2010 00:35:58] /n seorito cizarro
[07/12/2010 00:36:18] /reload npc
[07/12/2010 00:36:20] /n seorito cizarro
[07/12/2010 00:36:23] /r
[07/12/2010 00:36:25] /r
[07/12/2010 00:36:52] /reload npc
[07/12/2010 00:36:54] /n seorito cizarro
[07/12/2010 00:36:57] /r
[07/12/2010 00:36:58] /r
[07/12/2010 00:37:30] /clean
[07/12/2010 00:37:54] /ban
[07/12/2010 00:37:56] /ban
[07/12/2010 00:51:39] /reload npc
[07/12/2010 00:52:28] /reload npc
[07/12/2010 00:55:30] /a
[07/12/2010 00:55:36] /attr unique 5885
[07/12/2010 02:49:13] /t
[07/12/2010 02:55:02] /reload actions
[07/12/2010 02:55:36] /i 8305
[07/12/2010 02:55:42] /i 8305
[07/12/2010 03:03:39] /reload talkactions
[07/12/2010 03:31:08] /reload actions
[07/12/2010 03:31:14] /reload talkactions
[10/12/2010 01:35:30] /newtype 306
[10/12/2010 01:38:14] /newtype 334
[10/12/2010 01:38:16] /newtype 334
[10/12/2010 01:38:31] /newtype 5
[10/12/2010 01:50:57] /reload creaturescripts
[10/12/2010 01:56:04] /reload talkactions
[10/12/2010 01:59:33] /reload creaturescripts
[10/12/2010 02:03:19] /reload creaturescripts
[10/12/2010 02:14:31] /reload creaturescipts
[10/12/2010 02:15:37] /reload creaturescripts
[10/12/2010 02:17:41] /reload creaturescripts
[10/12/2010 02:38:24] /reload creaturescripts
[10/12/2010 02:55:39] /a 10
[10/12/2010 03:19:37] /t
[10/12/2010 03:20:55] /t
[10/12/2010 03:33:17] /a 3
[10/12/2010 03:33:23] /a 3
[10/12/2010 03:33:56] /a 3
[10/12/2010 03:34:00] /a 3
[10/12/2010 03:35:33] /t
[10/12/2010 03:36:53] /t
[10/12/2010 04:32:04] /a 50
[10/12/2010 04:32:07] /a 50
[10/12/2010 04:32:08] /a 50
[10/12/2010 04:32:11] /i 100
[10/12/2010 04:32:14] /a
[10/12/2010 04:32:23] /i 355
[10/12/2010 04:32:57] /i 2016
[10/12/2010 04:33:00] /i 2020
[10/12/2010 04:33:03] /a
[10/12/2010 04:33:06] /t
[10/12/2010 04:38:26] /i 417
[10/12/2010 04:38:34] /i 425
[10/12/2010 04:38:49] /i 416
[10/12/2010 04:38:56] /i 416
[10/12/2010 04:39:00] /i 416
[10/12/2010 04:40:30] /reload movements
[10/12/2010 04:44:14] /reload moveevents
[10/12/2010 04:56:22] /i 416
[10/12/2010 04:56:27] /i 417
[10/12/2010 04:56:30] /i 425
[15/12/2010 16:22:02] /a 5
[15/12/2010 16:23:21] /newtype 254
[16/12/2010 16:36:18] /goto paisano
[16/12/2010 16:36:28] /attr group 3
[16/12/2010 16:36:29] /a
[16/12/2010 16:36:30] /attr group 3
[16/12/2010 16:37:04] /a 3
[16/12/2010 16:37:36] /a
[16/12/2010 16:37:37] /a
[16/12/2010 16:37:47] /a
[16/12/2010 16:38:58] /c paisano
[16/12/2010 16:39:33] /a
[16/12/2010 16:39:38] /c paisano
[16/12/2010 16:39:47] /a
[16/12/2010 16:39:49] /a
[16/12/2010 16:40:42] /c paisano
[16/12/2010 16:40:50] /a
[16/12/2010 16:42:06] /r
[16/12/2010 16:42:12] /r
[16/12/2010 16:42:23] /r
[16/12/2010 16:42:31] /r
[16/12/2010 16:42:32] /r
[16/12/2010 16:42:32] /r
[16/12/2010 16:42:33] /r
[16/12/2010 16:42:33] /r
[16/12/2010 16:42:34] /r
[16/12/2010 16:42:39] /r
[16/12/2010 16:43:16] /a 2
[16/12/2010 16:45:11] /t
[16/12/2010 16:45:13] /t paisano
[16/12/2010 16:46:06] /c paisano
[16/12/2010 16:47:28] /addskill paisano,level,1000
[16/12/2010 16:49:22] /attr group 5
[16/12/2010 16:49:24] /r
[16/12/2010 16:52:43] /ghost
[26/06/2012 21:34:20] /a
[26/06/2012 21:35:10] /r
[26/06/2012 21:35:37] /goto don ramon
[26/06/2012 21:35:43] /attr group 
[26/06/2012 21:36:17] /ghost
[26/06/2012 21:36:58] /attr group 
[26/06/2012 21:55:21] /r
[26/06/2012 21:55:54] /a
[26/06/2012 21:55:55] /a
[26/06/2012 21:56:07] /a
[26/06/2012 21:56:08] /a
[26/06/2012 21:56:09] /a
[26/06/2012 21:56:10] /a
[26/06/2012 21:56:11] /a
[26/06/2012 21:56:44] /r
[26/06/2012 21:56:46] /r
[26/06/2012 21:56:48] /r
[26/06/2012 21:56:49] /r
[26/06/2012 21:56:50] /r
[26/06/2012 21:56:51] /r
[26/06/2012 21:56:55] /r
[26/06/2012 21:56:56] /r
[26/06/2012 21:56:57] /r
[26/06/2012 21:56:58] /r
[26/06/2012 21:57:00] /r
[26/06/2012 21:57:01] /r
[26/06/2012 21:57:05] /r
[26/06/2012 21:57:06] /r
[26/06/2012 21:57:09] /r
[26/06/2012 21:57:09] /r
[26/06/2012 21:57:11] /r
[26/06/2012 21:57:13] /r
[26/06/2012 21:57:15] /r
[26/06/2012 21:57:16] /r
[26/06/2012 22:18:27] /attr group 9
[26/06/2012 22:18:44] /ghost
[26/06/2012 22:20:11] /attr group
[26/06/2012 22:20:13] /attr group
[26/06/2012 22:39:28] /a
[26/06/2012 22:39:36] /a 2
[26/06/2012 22:39:38] /a 2
[26/06/2012 22:39:42] /a 2
[26/06/2012 22:49:25] /goto don ramon
[26/06/2012 22:49:29] /goto don ramon
[26/06/2012 22:49:32] /goto don ramon
[26/06/2012 22:49:33] /goto don ramon
[26/06/2012 22:49:34] /goto don ramon
[26/06/2012 22:49:35] /goto don ramon
[26/06/2012 22:49:36] /goto don ramon
[26/06/2012 22:49:37] /goto don ramon
[26/06/2012 22:49:38] /goto don ramon
[26/06/2012 22:49:48] /goto don ramon
[26/06/2012 22:50:31] /up
[26/06/2012 22:50:32] /up
[26/06/2012 22:50:36] /up
[26/06/2012 22:50:37] /up
[26/06/2012 22:50:39] /t
[26/06/2012 22:50:49] /t
[26/06/2012 22:50:50] /t
[26/06/2012 22:50:57] /a
[26/06/2012 22:50:59] /a 2
[26/06/2012 22:51:15] /i 460
[26/06/2012 22:51:20] /a
[26/06/2012 22:51:21] /a
[26/06/2012 22:51:24] /t
[26/06/2012 22:55:34] /t
[26/06/2012 22:56:30] /r
[26/06/2012 22:56:38] /r
[26/06/2012 22:57:10] /goto don ramon
[26/06/2012 22:57:12] /t
[26/06/2012 22:57:39] /t
[26/06/2012 22:59:47] /goto don ramon
[26/06/2012 23:00:47] /ghost
[26/06/2012 23:04:15] /t
[26/06/2012 23:05:40] /t
[26/06/2012 23:23:48] /t
[26/06/2012 23:24:03] /up
[26/06/2012 23:26:03] /t
[26/06/2012 23:27:18] /t
[26/06/2012 23:27:32] /save
[26/06/2012 23:30:46] /i stone
[26/06/2012 23:30:56] /i stone
[26/06/2012 23:30:59] /i stone
[26/06/2012 23:31:36] /a
[26/06/2012 23:31:51] /r
[26/06/2012 23:31:53] /r
[26/06/2012 23:31:56] /r
[26/06/2012 23:32:17] /a
[26/06/2012 23:32:19] /a
[26/06/2012 23:32:19] /a
[26/06/2012 23:33:37] /t
[26/06/2012 23:41:22] /clean
[26/06/2012 23:41:46] /clean
[26/06/2012 23:42:11] /clean
[26/06/2012 23:42:16] /clean
[27/06/2012 00:10:24] /ban
[27/06/2012 00:10:27] /ban darim
[27/06/2012 00:10:33] /unban darim
[27/06/2012 00:11:50] /newtype 111
[27/06/2012 00:13:46] /c don ramon
[27/06/2012 00:13:58] /c don ramon
[27/06/2012 00:14:08] /clean
[27/06/2012 00:15:06] /i emerald bangle
[27/06/2012 00:24:41] /i 7909
[27/06/2012 00:29:52] /i 7909
[27/06/2012 00:32:33] /reload actions
[27/06/2012 00:34:31] /r
[27/06/2012 00:40:52] /ghost
[27/06/2012 00:46:02] /newtype 302
[27/06/2012 16:29:53] /up
[27/06/2012 16:30:02] /a
[27/06/2012 16:30:03] /a
[27/06/2012 16:30:03] /a
[27/06/2012 16:30:04] /a
[27/06/2012 16:30:04] /a
[27/06/2012 16:30:05] /a
[27/06/2012 16:30:06] /a
[27/06/2012 16:30:06] /a
[27/06/2012 16:30:10] /down
[27/06/2012 16:30:12] /t
[27/06/2012 16:37:47] /a 5
[27/06/2012 16:37:48] /a 5
[27/06/2012 16:37:50] /a 5
[27/06/2012 16:37:51] /a 5
[27/06/2012 16:37:58] /a 5
[27/06/2012 16:37:59] /a 5
[27/06/2012 16:38:00] /a 5
[27/06/2012 16:38:00] /a 5
[27/06/2012 16:38:01] /a 5
[27/06/2012 16:38:02] /a 5
[27/06/2012 16:38:03] /a 5
[27/06/2012 16:38:04] /a 5
[27/06/2012 16:38:04] /a 5
[27/06/2012 16:38:05] /a 5
[27/06/2012 16:38:07] /a 5
[27/06/2012 16:43:54] /i 1209
[27/06/2012 16:44:00] /t
[27/06/2012 16:44:06] /r
[27/06/2012 16:44:08] /r
[27/06/2012 16:45:48] /a
[27/06/2012 16:45:50] /a
[27/06/2012 16:45:50] /a
[27/06/2012 16:45:51] /a
[27/06/2012 16:45:58] /r
[27/06/2012 16:46:07] /a
[27/06/2012 16:46:12] /r
[27/06/2012 16:46:13] /r
[27/06/2012 16:49:15] /a 2
[27/06/2012 16:53:56] /t
[27/06/2012 16:54:03] /goto link
[27/06/2012 16:54:06] /t
[27/06/2012 16:55:49] /goto link
[27/06/2012 16:55:51] /t
[27/06/2012 17:02:29] /t
[27/06/2012 17:23:48] /t
[27/06/2012 17:36:26] /i  stone
[27/06/2012 17:36:27] /i  stone
[27/06/2012 17:36:29] /i  stone
[27/06/2012 17:36:30] /i  stone
[27/06/2012 17:36:32] /i  stone
[27/06/2012 17:36:36] /i  stone
[27/06/2012 17:36:37] /i  stone
[27/06/2012 17:36:39] /i  stone
[27/06/2012 17:37:23] /t
[27/06/2012 17:38:04] /a
[27/06/2012 17:38:06] /a
[27/06/2012 17:38:06] /a
[27/06/2012 17:38:18] /i 9118
[27/06/2012 17:38:28] /a
[27/06/2012 17:38:36] /a
[27/06/2012 17:39:39] /t
[22/07/2012 18:54:16] /owner fercho
[22/07/2012 18:54:30] /ghost
[22/07/2012 18:54:32] /ghost
