[14/08/2012 19:43:42] /ghost
[14/08/2012 19:45:38] /i 2160
[14/08/2012 19:45:40] /i 2160
[14/08/2012 19:49:10] /i 12605
[14/08/2012 19:49:17] /r 100
[14/08/2012 19:49:18] /r 100
[14/08/2012 19:49:29] /i 12607
[14/08/2012 19:49:38] /i 12604
[14/08/2012 19:49:47] /i 12603
[14/08/2012 19:50:06] /i 12606
[14/08/2012 19:50:16] /i 9019
[14/08/2012 19:50:24] /i 9019
[14/08/2012 19:51:25] /i 12609
[14/08/2012 19:51:51] /r
[14/08/2012 19:52:12] /r
[14/08/2012 19:57:45] /t
[14/08/2012 19:57:52] /i demonx backpack 
[14/08/2012 19:58:06] /i 12605
[14/08/2012 19:58:11] /i 12604
[14/08/2012 19:58:19] /i 12607
[14/08/2012 19:58:25] /i 12603
[14/08/2012 19:58:30] /i 12606
[14/08/2012 19:58:47] /i 12609
[14/08/2012 19:59:03] /i 12391
[14/08/2012 20:00:37] /clean
[14/08/2012 20:03:59] /goto fercho
[14/08/2012 20:04:25] /i bag
[14/08/2012 20:04:51] /i bag
[14/08/2012 20:05:03] /i 9019
[14/08/2012 20:05:14] /i 9019
[14/08/2012 20:08:18] /i exp x2
[14/08/2012 20:08:29] /i exp x2
[14/08/2012 20:08:32] /i exp x2
[14/08/2012 20:08:38] /i exp x2
[14/08/2012 20:11:36] /clean
[14/08/2012 20:26:54] /t
[14/08/2012 20:29:04] /pedos on
[14/08/2012 20:29:12] /a 4
[14/08/2012 20:29:16] /ghost
[14/08/2012 20:29:58] /pedos on
[14/08/2012 20:30:02] /a 5
[14/08/2012 20:30:24] /a
[14/08/2012 20:30:32] /a
[14/08/2012 20:30:57] /ganador Scarface
[14/08/2012 20:31:07] /bc el GANADOR Scarface
[14/08/2012 20:31:15] /r
[14/08/2012 20:31:18] /a
[14/08/2012 20:32:03] /a
[14/08/2012 20:32:29] /t
[14/08/2012 20:33:37] /m demon
[14/08/2012 20:34:15] /bc Hola ROYALOT cuenta con  rep sistem digan !rep
[14/08/2012 20:34:45] /bc Hola ROYALOT cuenta con  rep sistem digan !rep
[14/08/2012 20:35:05] /bc Hola ROYALOT cuenta con  rep sistem digan !rep y tendran su outfit o rank de herue o EVIL!
[14/08/2012 20:35:24] /bc Hola ROYALOT cuenta con  rep sistem digan !rep y tendran su outfit o rank de hero o EVIL!
[14/08/2012 20:36:14] /bc Hola ROYALOT cuenta con  rep sistem digan !rep y tendran su outfit o rank de hero o EVIL! [si quieren ganar rep lo pueden ganar matando demons]
[14/08/2012 20:37:05] /i 12610
[14/08/2012 20:37:15] /attr set attack 99999
[14/08/2012 20:37:28] /bc Hola ROYALOT cuenta con  rep sistem digan !rep y tendran su outfit o rank de hero o EVIL! [si quieren ganar rep lo pueden ganar matando demons]
[14/08/2012 20:37:34] /a
[14/08/2012 20:37:37] /a
[14/08/2012 20:38:26] /set kiba, 5000 
[14/08/2012 20:38:36] /set kiba, 5000 
[14/08/2012 20:38:42] /set kiba, -5000 
[14/08/2012 20:38:46] /set kiba, -5000 
[14/08/2012 20:38:47] /set kiba, -5000 
[14/08/2012 20:38:47] /set kiba, -5000 
[14/08/2012 20:39:00] /ghost
[14/08/2012 20:39:02] /ghost
[14/08/2012 20:39:06] /clean
[14/08/2012 20:39:27] /set kiba, 500
[14/08/2012 20:39:33] /set kiba, 500
[14/08/2012 20:39:36] /set kiba, 500
[14/08/2012 20:40:32] /attr kiba, 1000
[14/08/2012 20:40:54] /attr kiba, 1000
[14/08/2012 20:40:56] /attr kiba, 1000
[14/08/2012 20:41:04] /set kiba, 1000
[14/08/2012 20:41:12] /attr kiba, 1000
[14/08/2012 20:41:15] /set kiba, 1000
[14/08/2012 20:41:17] /set kiba, 1000
[14/08/2012 20:41:21] /set kiba, 1000
[14/08/2012 20:41:22] /set kiba, 1000
[14/08/2012 20:41:25] /set kiba, 1000
[14/08/2012 20:41:26] /set kiba, 1000
[14/08/2012 20:41:27] /set kiba, 10000
[14/08/2012 20:41:36] /set kiba, -100
[14/08/2012 20:41:41] /set kiba, -1000
[14/08/2012 20:41:44] /set kiba, -1000
[14/08/2012 20:41:45] /set kiba, -1000
[14/08/2012 20:41:46] /set kiba, -1000
[14/08/2012 20:41:47] /set kiba, -1000
[14/08/2012 20:41:50] /set kiba, -1000
[14/08/2012 20:41:51] /set kiba, -1000
[14/08/2012 20:41:51] /set kiba, -1000
[14/08/2012 20:41:52] /set kiba, -1000
[14/08/2012 20:41:53] /set kiba, -1000
[14/08/2012 20:42:02] /set kiba, -10000
[14/08/2012 20:42:04] /set kiba, -1000000
[14/08/2012 20:43:32] /m boss
[14/08/2012 20:43:37] /m don cangrejo
[14/08/2012 20:44:35] /clean
[14/08/2012 20:44:36] /clean
[14/08/2012 20:44:37] /clean
[14/08/2012 20:44:38] /clean
[14/08/2012 20:44:38] /clean
[14/08/2012 20:44:39] /clean
[14/08/2012 20:44:40] /clean
[14/08/2012 20:44:40] /clean
[14/08/2012 20:44:41] /clean
[14/08/2012 20:44:42] /clean
[14/08/2012 20:44:42] /clean
[14/08/2012 20:44:43] /clean
[14/08/2012 20:44:43] /clean
[14/08/2012 20:44:44] /clean
[14/08/2012 20:44:44] /clean
[14/08/2012 20:44:57] /m don cangrejo
[14/08/2012 20:46:08] /m kill
[14/08/2012 20:46:12] /m puta
[14/08/2012 20:46:16] /m puta
[14/08/2012 20:46:19] /m puta
[14/08/2012 20:46:40] /s chiken
[14/08/2012 20:46:44] /s demon
[14/08/2012 20:46:49] /m demon
[14/08/2012 20:47:06] /clean
[14/08/2012 20:51:04] /m bloquer
[14/08/2012 20:54:14] /t
[14/08/2012 21:04:38] /bc hola si quieren ser los mejoreS players nesesitan el mejor set [sword donate royal mistik sword(Atk:7000) ,(Def:2900) tan solo por una recarga de $20 yebate un item y por $30 yebate el set completo mandale un mp a fercho o kiba
[15/08/2012 19:16:55] /m demon
[15/08/2012 19:17:08] /clean
[15/08/2012 19:19:40] /t
[15/08/2012 19:20:06] /m hoster
[15/08/2012 19:20:23] /clean
[15/08/2012 19:20:38] /m doncangrejo
[15/08/2012 19:20:42] /m don cangrejo
[15/08/2012 19:20:50] /m don cangrejo
[15/08/2012 19:21:08] /clean
[15/08/2012 19:22:48] /clean
[15/08/2012 19:22:51] /r
[15/08/2012 19:22:55] /r
[15/08/2012 19:23:07] /r
[15/08/2012 19:23:24] /i 8435
[15/08/2012 19:23:34] /r
[15/08/2012 19:23:39] /r
[15/08/2012 19:24:17] /i 8438
[15/08/2012 19:26:01] /goto don ramon
[15/08/2012 19:26:04] /goto don ramon
[15/08/2012 19:26:10] /a
[15/08/2012 19:26:28] /a
[15/08/2012 19:27:01] /up
[15/08/2012 19:27:02] /up
[15/08/2012 19:27:04] /up
[15/08/2012 19:27:05] /t
[15/08/2012 19:28:41] /r
[15/08/2012 19:28:45] /r
[15/08/2012 19:28:57] /kick marco
[15/08/2012 19:28:58] /kick marco
[15/08/2012 19:29:15] /ban maco
[15/08/2012 19:34:17] /t
[15/08/2012 19:35:28] /attr set sword,defenc,name etc
[15/08/2012 19:36:52] /t
[15/08/2012 19:37:43] /goto ferchi+
[15/08/2012 19:37:47] /goto fercho
[15/08/2012 19:40:20] /makesay fercho,kiba es mi primo
[15/08/2012 19:40:54] /makesay fercho,kiba te boy a dar un puñetaso
[15/08/2012 19:41:25] /makesay fercho,/m demon
[15/08/2012 19:42:18] /makesay fercho,/m demon
[15/08/2012 19:42:25] /makesay fercho,kiba te amo
[15/08/2012 19:42:30] /makesay fercho,kiba te amo mucho
[15/08/2012 19:43:15] /a
[15/08/2012 19:45:13] /r
[15/08/2012 19:46:16] /kick kiba
[15/08/2012 19:46:22] /kick kiba
[15/08/2012 19:48:23] /t
[15/08/2012 19:48:44] /r
[15/08/2012 19:51:02] /attr set name "espada de la muerte [no la pises]
[15/08/2012 19:51:09] /attr set name "espada de la muerte    [no la pises]
[15/08/2012 19:51:18] /attr set name "espada de la muerte    [no la pises]   
[15/08/2012 19:51:29] /attr set name "espada de la muerte                [no la pises]   
[15/08/2012 19:51:46] /attr set name "espada de la muerte [no la pises]   
[15/08/2012 19:51:53] /attr set name "espada de la muerte [no la pises]   
[15/08/2012 19:51:56] /attr set name "espada de la muerte [no la pises]   
[15/08/2012 19:53:14] /drop don ramon
[15/08/2012 19:53:44] /drop don ramon
[15/08/2012 19:59:57] /i 8300
[15/08/2012 20:00:22] /i 1989
[15/08/2012 20:00:30] /i 1990
[15/08/2012 20:00:37] /i 2000
[15/08/2012 20:00:43] /i 8300
[15/08/2012 20:00:45] /i 8300
[15/08/2012 20:00:48] /i 2000
[15/08/2012 20:01:09] /i 8300
[15/08/2012 20:01:12] /i 8300
[15/08/2012 20:01:13] /i 8300
[15/08/2012 20:01:15] /i 8300
[15/08/2012 20:01:19] /i 8300
[15/08/2012 20:01:21] /i 8300
[15/08/2012 20:01:25] /i 8300
[15/08/2012 20:01:28] /i 8300
[15/08/2012 20:01:31] /i 8300
[15/08/2012 20:01:32] /i 8300
[15/08/2012 20:01:34] /i 8300
[15/08/2012 20:01:35] /i 8300
[15/08/2012 20:01:36] /i 8300
[15/08/2012 20:01:36] /i 8300
[15/08/2012 20:01:37] /i 8300
[15/08/2012 20:01:38] /i 8300
[15/08/2012 20:01:39] /i 8300
[15/08/2012 20:01:39] /i 8300
[15/08/2012 20:01:40] /i 8300
[15/08/2012 20:01:41] /i 8300
[15/08/2012 20:01:41] /i 8300
[15/08/2012 20:01:45] /r
[15/08/2012 20:01:45] /r
[15/08/2012 20:01:47] /t
[15/08/2012 20:18:00] /t
[15/08/2012 20:18:57] /t
[15/08/2012 20:19:09] /m exp bug
[15/08/2012 21:07:45] /i 10381
[15/08/2012 21:07:53] /i 12391
[16/08/2012 18:13:22] /ghost
[16/08/2012 18:13:24] /t
[16/08/2012 18:13:40] /m exp bug
[16/08/2012 18:13:41] /m exp bug
[16/08/2012 18:16:39] /m exp bug
[16/08/2012 18:16:40] /m exp bug
[16/08/2012 18:16:41] /m exp bug
[16/08/2012 18:17:14] /r
[16/08/2012 18:17:15] /r
[16/08/2012 18:17:17] /r
[16/08/2012 18:17:18] /r
[16/08/2012 18:17:19] /r
[16/08/2012 18:17:20] /r
[16/08/2012 18:17:22] /r
[16/08/2012 18:17:23] /r
[16/08/2012 18:17:31] /m pescado assessino
[16/08/2012 18:17:34] /m pescado assesino
[16/08/2012 18:56:41] /ghost
[16/08/2012 18:56:43] /ghost
[16/08/2012 18:56:45] /t
[16/08/2012 18:56:52] /a
[16/08/2012 18:57:16] /i 2267
[16/08/2012 18:57:37] /i 2267
[16/08/2012 18:57:39] /a
[16/08/2012 18:57:43] /r 100
[16/08/2012 18:57:46] /r 100
[16/08/2012 18:57:48] /r 100
[16/08/2012 18:57:52] /r 100
[16/08/2012 19:00:46] /a 7
[16/08/2012 19:00:48] /a 7
[16/08/2012 19:00:49] /a 7
[16/08/2012 19:00:50] /a 7
[16/08/2012 19:00:51] /a 7
[16/08/2012 19:00:52] /a 7
[16/08/2012 19:00:54] /a 7
[16/08/2012 19:00:55] /a 7
[16/08/2012 19:00:57] /a 7
[16/08/2012 19:00:58] /a 7
[16/08/2012 19:00:59] /a 7
[16/08/2012 19:01:13] /a 7
[16/08/2012 19:01:13] /a 7
[16/08/2012 19:01:14] /a 7
[16/08/2012 19:01:15] /a 7
[16/08/2012 19:01:19] /a
[16/08/2012 19:01:22] /a 7
[16/08/2012 19:01:24] /a 7
[16/08/2012 19:01:25] /a 7
[16/08/2012 19:01:26] /a 7
[16/08/2012 19:01:27] /a 7
[16/08/2012 19:01:27] /a 7
[16/08/2012 19:01:29] /a 7
[16/08/2012 19:01:29] /a 7
[16/08/2012 19:01:30] /a 7
[16/08/2012 19:01:58] /t
[16/08/2012 19:02:04] /a
[16/08/2012 19:02:37] /i 284
[16/08/2012 19:02:47] /i 2284
[16/08/2012 19:03:31] /r 100
[16/08/2012 19:04:36] /up
[16/08/2012 19:05:27] /t
[16/08/2012 19:05:30] /ghost
[16/08/2012 19:05:39] /ganador kiba
[16/08/2012 19:06:13] /b QUIEREN UN EBENTO ?
[16/08/2012 19:06:22] /b QUIEREN UN EVENTO 
[16/08/2012 19:06:46] /pedos
[16/08/2012 19:06:49] /pedos on
[16/08/2012 19:06:56] /a 7
[16/08/2012 19:07:17] /b si quieren partisipar digan !pedos
[16/08/2012 19:07:42] /b si quieren partisipar digan !pedos
[16/08/2012 19:08:09] /b si quieren partisipar digan !pedos
[16/08/2012 19:08:12] /b si quieren partisipar digan !pedos
[16/08/2012 19:08:15] /b si quieren partisipar digan !pedos
[16/08/2012 19:08:58] /b si quieren partisipar digan !pedos
[16/08/2012 19:09:17] /b si quieren partisipar digan !pedos
[16/08/2012 19:09:45] /a 7
[16/08/2012 19:09:47] /a 7
[16/08/2012 19:09:48] /a 7
[16/08/2012 19:09:58] /a 7
[16/08/2012 19:10:00] /a 7
[16/08/2012 19:10:04] /a 7
[16/08/2012 19:10:14] /a 7
[16/08/2012 19:10:15] /a 7
[16/08/2012 19:10:21] /a 7
[16/08/2012 19:10:23] /a 7
[16/08/2012 19:10:27] /a 7
[16/08/2012 19:10:28] /a 7
[16/08/2012 19:10:30] /a 7
[16/08/2012 19:10:32] /a 7
[16/08/2012 19:10:33] /a 7
[16/08/2012 19:10:35] /a 7
[16/08/2012 19:10:40] /a 7
[16/08/2012 19:10:41] /a 7
[16/08/2012 19:10:42] /a 7
[16/08/2012 19:10:43] /a 7
[16/08/2012 19:11:01] /a 7
[16/08/2012 19:11:03] /a 7
[16/08/2012 19:11:04] /a 7
[16/08/2012 19:11:05] /a 7
[16/08/2012 19:11:06] /a 7
[16/08/2012 19:11:08] /a 7
[16/08/2012 19:11:21] /a
[16/08/2012 19:11:23] /a
[16/08/2012 19:11:27] /r
[16/08/2012 19:11:29] /r
[16/08/2012 19:11:44] /r
[16/08/2012 19:12:36] /attr speed 9999
[16/08/2012 19:12:43] /attr speed 9999
[16/08/2012 19:14:16] /newid
[16/08/2012 19:14:30] /newid 9779
[16/08/2012 19:14:38] /r
[16/08/2012 19:15:45] /newid danonino, 7590
[16/08/2012 19:15:51] /newid danonino ,7590
[16/08/2012 19:15:56] /newid danonino ,7590
[16/08/2012 19:18:33] /r
[16/08/2012 19:19:41] /newid 10765
[16/08/2012 19:20:02] /newid 10876
[16/08/2012 19:20:17] /newid 2138
[16/08/2012 19:20:33] /newid 9566
[16/08/2012 19:20:53] /newid 8422
[16/08/2012 19:21:07] /newid 8425
[16/08/2012 19:22:12] /newid 260
[16/08/2012 19:22:20] /newid 460
[16/08/2012 19:22:57] /a 
[16/08/2012 19:23:18] /a 
[16/08/2012 19:24:20] /m batman
[16/08/2012 19:24:22] /m batman
[16/08/2012 19:24:28] /b inbasion de batman
[16/08/2012 19:24:44] /b RAI DE BATMAN ! EN EL TEMPLO
[16/08/2012 19:24:46] /m batman
[16/08/2012 19:24:47] /m batman
[16/08/2012 19:24:48] /m batman
[16/08/2012 19:24:49] /m batman
[16/08/2012 19:24:50] /m batman
[16/08/2012 19:24:50] /m batman
[16/08/2012 19:24:50] /m batman
[16/08/2012 19:24:51] /m batman
[16/08/2012 19:24:52] /m batman
[16/08/2012 19:24:53] /m batman
[16/08/2012 19:24:53] /m batman
[16/08/2012 19:24:54] /m batman
[16/08/2012 19:24:55] /m batman
[16/08/2012 19:24:55] /m batman
[16/08/2012 19:24:56] /m batman
[16/08/2012 19:24:57] /m batman
[16/08/2012 19:24:57] /m batman
[16/08/2012 19:24:58] /m batman
[16/08/2012 19:24:59] /m batman
[16/08/2012 19:24:59] /m batman
[16/08/2012 19:25:00] /m batman
[16/08/2012 19:25:01] /m batman
[16/08/2012 19:25:02] /m batman
[16/08/2012 19:25:02] /m batman
[16/08/2012 19:25:03] /m batman
[16/08/2012 19:25:14] /b RAI DE BATMAN ! EN EL TEMPLO
[16/08/2012 19:25:15] /b RAI DE BATMAN ! EN EL TEMPLO
[16/08/2012 19:25:16] /b RAI DE BATMAN ! EN EL TEMPLO
[16/08/2012 19:25:19] /m batman
[16/08/2012 19:25:21] /m batman
[16/08/2012 19:25:21] /m batman
[16/08/2012 19:25:22] /m batman
[16/08/2012 19:25:23] /m batman
[16/08/2012 19:25:24] /m batman
[16/08/2012 19:25:24] /m batman
[16/08/2012 19:25:26] /m batman
[16/08/2012 19:25:41] /clean
[16/08/2012 19:26:07] /m whatafuck
[16/08/2012 19:26:11] /t
[16/08/2012 19:26:17] /m whatafuck
[16/08/2012 19:26:44] /m whatafuck
[16/08/2012 19:26:45] /m whatafuck
[16/08/2012 19:26:46] /m whatafuck
[16/08/2012 19:26:47] /m whatafuck
[16/08/2012 19:26:48] /m whatafuck
[16/08/2012 19:26:49] /m whatafuck
[16/08/2012 19:26:50] /m whatafuck
[16/08/2012 19:26:54] /m whatafuck
[16/08/2012 19:26:56] /m whatafuck
[16/08/2012 19:27:07] /clean
[16/08/2012 19:28:20] /drop Danonino 
[16/08/2012 19:29:20] /goto Danonino 
[16/08/2012 19:30:56] /t Danonino
[16/08/2012 19:30:57] /t Danonino
[16/08/2012 19:30:58] /t Danonino
[16/08/2012 19:30:59] /t Danonino
[16/08/2012 19:31:01] /t Danonino
[16/08/2012 19:31:01] /t Danonino
[16/08/2012 19:31:04] /t Danonino
[16/08/2012 19:31:04] /t Danonino
[16/08/2012 19:31:04] /t Danonino
[16/08/2012 19:31:04] /t Danonino
[16/08/2012 19:32:38] /up
[16/08/2012 19:32:39] /up
[16/08/2012 19:32:46] /goto fercho
[16/08/2012 19:32:59] /goto fercho
[16/08/2012 19:33:52] /r
[16/08/2012 19:34:44] /ghost
[16/08/2012 19:34:46] /ghost
[16/08/2012 19:34:50] /ghost
[16/08/2012 19:34:52] /ghost
[16/08/2012 19:35:42] /r
[16/08/2012 19:35:44] /r
[16/08/2012 19:40:17] /bc ps que te la metan
[16/08/2012 19:40:57] /makesay fercho, kulo
[16/08/2012 19:41:45] /makesay Danonino ,La verdad es que soy joto y ps que asepto todo quien quiere ser mi NOVIO!!!!!!!!11
[16/08/2012 19:41:47] /makesay Danonino ,La verdad es que soy joto y ps que asepto todo quien quiere ser mi NOVIO!!!!!!!!
[16/08/2012 19:42:13] /makesay Danonino ,La verdad es que soy joto y ps que asepto todo quien quiere ser mi NOVIO!!!!!!!!
[16/08/2012 19:42:37] /goto danonino
[16/08/2012 19:42:40] /makesay Danonino ,La verdad es que soy joto y ps que asepto todo quien quiere ser mi NOVIO!!!!!!!!
[16/08/2012 19:42:52] /makesay Danonino ,La verdad es que soy joto y ps que asepto todo quien quiere ser mi NOVIO!
[16/08/2012 19:42:53] /makesay Danonino ,La verdad es que soy joto y ps que asepto todo quien quiere ser mi NOVIO!
[16/08/2012 19:43:05] /makesay Danonino ,power god
[16/08/2012 19:43:10] /makesay Danonino ,power god quieres ser mi novio
[16/08/2012 19:43:13] /makesay Danonino ,power god quieres ser mi novio!!
[16/08/2012 19:43:20] /makesay Danonino ,power god quieres ser mi novio!
[16/08/2012 19:43:25] /makesay Danonino ,anda
[16/08/2012 19:43:28] /makesay Danonino ,anda
[16/08/2012 19:43:28] /makesay Danonino ,anda
[16/08/2012 19:43:32] /makesay Danonino ,te amo
[16/08/2012 19:43:41] /makesay Danonino ,iba quieres ser mi novio
[16/08/2012 19:43:54] /makesay Danonino ,KIBA
[16/08/2012 19:43:56] /makesay Danonino ,KIBA TE AMO
[16/08/2012 19:44:08] /makesay Danonino ,fercho te amo
[16/08/2012 19:44:10] /makesay Danonino ,fercho te amo
[16/08/2012 19:44:11] /makesay Danonino ,fercho te amo
[16/08/2012 19:44:12] /makesay Danonino ,fercho te amo
[16/08/2012 19:44:13] /makesay Danonino ,fercho te amo
[16/08/2012 19:44:15] /makesay Danonino ,fercho te amo
[16/08/2012 19:44:15] /makesay Danonino ,fercho te amo
[16/08/2012 19:44:15] /makesay Danonino ,fercho te amo
[16/08/2012 19:44:20] /makesay Danonino ,fercho eres el mejor
[16/08/2012 19:44:54] /makesay Michel Phelps ,como attako
[16/08/2012 19:44:59] /makesay Michel Phelps ,como attako
[16/08/2012 19:45:21] /makesay Pepon ,como attako
[16/08/2012 19:45:32] /makesay Pepon ,como attako
[16/08/2012 19:45:46] /makesay Pepon ,xD a si como el halo
[16/08/2012 19:46:01] /makesay Pepon ,adios
[16/08/2012 19:46:49] /makesay Paladino'p,adios
[16/08/2012 19:47:12] /makesay Pepon,si
[16/08/2012 19:47:21] /makesay Pepon,mori estupido power
[16/08/2012 19:47:33] /makesay Pepon,otra bes
[16/08/2012 19:47:46] /makesay Pepon,plz item
[16/08/2012 19:48:00] /makesay Pepon,hoy cumplo 15
[16/08/2012 19:48:11] /makesay Pepon,hoy cumplo o 19
[16/08/2012 19:48:23] /makesay Pepon,años sin bañarme
[16/08/2012 19:48:39] /ghost
[16/08/2012 19:48:41] /ghost
[16/08/2012 19:49:43] /ghost
[16/08/2012 19:49:45] /ghost
[16/08/2012 19:49:54] /t
[16/08/2012 19:50:02] /b are un evento
[16/08/2012 19:50:03] /b are un evento
[16/08/2012 19:50:05] /b are un evento
[16/08/2012 19:50:12] /b are un evento
[16/08/2012 19:50:14] /b are un evento
[16/08/2012 19:50:18] /b are un evento
[16/08/2012 19:50:24] /pedos on
[16/08/2012 19:50:29] /a 5
[16/08/2012 19:55:02] /b ya yege tube debug
[16/08/2012 19:55:26] /ganador Power God
[16/08/2012 19:55:31] /ganador kiba
[16/08/2012 19:56:13] /goto powergod
[16/08/2012 19:56:17] /goto power god
[16/08/2012 19:56:37] /goto power god
[16/08/2012 19:57:30] /goto power god
[16/08/2012 20:00:56] /s training monk
[16/08/2012 20:01:44] /r
[16/08/2012 20:01:54] /a
[16/08/2012 20:13:13] /t
[17/08/2012 09:26:51] /ghost
[17/08/2012 09:26:53] /ghost
[17/08/2012 09:27:47] /goto Master paly 
[17/08/2012 09:30:58] /ghost
[17/08/2012 09:31:26] /m exp bug
[17/08/2012 09:31:27] /m exp bug
[17/08/2012 09:31:28] /m exp bug
[17/08/2012 09:31:29] /m exp bug
[17/08/2012 09:32:46] /clean
[17/08/2012 09:32:49] /r
[17/08/2012 09:32:51] /r
[17/08/2012 09:32:53] /r
[17/08/2012 09:32:55] /r
[17/08/2012 09:33:00] /m exp bug
[17/08/2012 09:33:01] /m exp bug
[17/08/2012 09:33:01] /m exp bug
[17/08/2012 09:33:02] /m exp bug
[17/08/2012 09:33:03] /m exp bug
[17/08/2012 09:33:03] /m exp bug
[17/08/2012 09:33:51] /clean
[17/08/2012 09:34:03] /r
[17/08/2012 09:34:04] /r
[17/08/2012 09:34:05] /r
[17/08/2012 09:35:34] /i 9970
[17/08/2012 09:35:44] /i 9938
[17/08/2012 09:35:48] /r
[17/08/2012 09:45:10] /r
[17/08/2012 09:45:12] /r
[17/08/2012 09:45:19] /r
[17/08/2012 09:45:20] /r
[17/08/2012 09:45:22] /r
[17/08/2012 09:45:24] /r
[17/08/2012 09:45:32] /r
[17/08/2012 09:45:34] /r
[17/08/2012 09:45:35] /r
[17/08/2012 15:18:20] /t
[17/08/2012 16:12:08] /bc HOLA A TODOS QUIEREN EVENTO!
[17/08/2012 16:12:21] /ghost
[17/08/2012 16:12:34] /pedos on
[17/08/2012 16:12:41] /a 5
[17/08/2012 16:12:55] /b digan !pedos para partisipar
[17/08/2012 16:13:10] /drop Xaloz
[17/08/2012 16:14:13] /b digan !pedos para partisipar
[17/08/2012 16:14:58] /b digan !pedos para partisipar
[17/08/2012 16:15:20] /a 5
[17/08/2012 16:15:45] /b digan !pedos para partisipar
[17/08/2012 16:16:07] /b digan !pedos para partisipar
[17/08/2012 16:18:12] /a 5
[17/08/2012 16:18:13] /a 5
[17/08/2012 16:18:13] /a 5
[17/08/2012 16:18:14] /a 5
[17/08/2012 16:18:27] /a 5
[17/08/2012 16:18:28] /a 5
[17/08/2012 16:18:28] /a 5
[17/08/2012 16:18:29] /a 5
[17/08/2012 16:18:30] /a 5
[17/08/2012 16:18:32] /a 
[17/08/2012 16:18:33] /a 
[17/08/2012 16:18:34] /a 
[17/08/2012 16:18:35] /a 
[17/08/2012 16:18:36] /a 
[17/08/2012 16:18:36] /a 
[17/08/2012 16:18:37] /a 
[17/08/2012 16:18:38] /a 
[17/08/2012 16:18:39] /a 
[17/08/2012 16:18:39] /a 
[17/08/2012 16:18:40] /a 
[17/08/2012 16:18:41] /a 
[17/08/2012 16:18:41] /a 
[17/08/2012 16:18:42] /a 
[17/08/2012 16:18:44] /a 
[17/08/2012 16:18:48] /a 5
[17/08/2012 16:18:49] /a 5
[17/08/2012 16:18:49] /a 5
[17/08/2012 16:20:05] /ganador kiba
[17/08/2012 16:22:53] /i 12609
[17/08/2012 16:22:57] /i 12608
[17/08/2012 16:23:42] /ghost
[17/08/2012 16:24:06] /a 6
[17/08/2012 16:24:09] /a 2
[17/08/2012 16:24:16] /t
[17/08/2012 16:24:26] /a 2
[17/08/2012 17:53:20] /t
[17/08/2012 17:53:27] /ghost
[17/08/2012 17:53:29] /ghost
[17/08/2012 17:53:41] /goto fercho
[17/08/2012 17:54:02] /goto Mistika Lady 
[17/08/2012 17:54:07] /goto Mistika Lady 
[17/08/2012 17:54:15] /goto Mistika Lady 
[17/08/2012 17:54:44] /t Mistika Lady
[17/08/2012 17:54:51] /c Mistika Lady
[17/08/2012 17:54:53] /c Mistika Lady
[17/08/2012 17:55:19] /t Mistika Lady
[17/08/2012 17:56:20] /goto fercho
[17/08/2012 18:00:56] /r
[17/08/2012 18:00:58] /r
[17/08/2012 18:01:20] /r
[17/08/2012 18:01:50] /up
[17/08/2012 18:01:54] /up
[17/08/2012 18:01:56] /up
[17/08/2012 18:01:58] /up
[17/08/2012 18:02:03] /a 5
[17/08/2012 18:39:17] /t
[17/08/2012 18:51:47] /bc no
[17/08/2012 19:12:11] /m Rotworm
[17/08/2012 19:12:17] /s Rotworm
[17/08/2012 19:21:40] /m Rotworm
[17/08/2012 19:21:46] /s Rotworm
[18/08/2012 09:22:46] /t
[18/08/2012 09:24:14] /r
[18/08/2012 09:24:16] /r
[18/08/2012 09:24:18] /a
[18/08/2012 09:25:47] /c Tests 
[18/08/2012 09:30:51] /m training monck
[18/08/2012 09:30:56] /m training monk
[18/08/2012 09:32:02] /t
[18/08/2012 09:32:07] /n  Ring Seller
[18/08/2012 09:32:43] /t
[18/08/2012 09:36:34] /drop fercho
[18/08/2012 09:37:15] /r
[18/08/2012 09:43:02] /c fercho
[18/08/2012 09:43:39] /drop kiba
[18/08/2012 09:43:44] /drop kiba
[18/08/2012 09:43:46] /drop kiba
[18/08/2012 09:43:57] /t
[18/08/2012 09:45:28] /i 919
[18/08/2012 09:45:34] /r
[18/08/2012 09:45:36] /r
[18/08/2012 09:45:39] /r
[18/08/2012 09:45:41] /r
[18/08/2012 09:45:55] /a
[18/08/2012 09:46:04] /i 10765
[18/08/2012 09:46:29] /i 5582
[18/08/2012 09:46:34] /i 5581
[18/08/2012 09:46:57] /goto fercho
[18/08/2012 09:47:08] /a 3
[18/08/2012 09:47:57] /t
[18/08/2012 09:49:30] /t
[18/08/2012 10:01:39] /a
[18/08/2012 10:02:35] /a
[18/08/2012 10:02:36] /a
[18/08/2012 10:02:47] /a
[18/08/2012 10:02:48] /a
[18/08/2012 10:18:08] /goto zasuke
[18/08/2012 10:18:11] /goto zasuke
[18/08/2012 10:18:15] /goto zasuke
[18/08/2012 11:02:19] /goto Osa caliente
[18/08/2012 11:03:07] /t
[18/08/2012 11:03:25] /goto fresita
[18/08/2012 11:03:28] /goto fresita
[18/08/2012 11:03:29] /goto fresita
[18/08/2012 11:03:29] /goto fresita
[18/08/2012 11:03:30] /goto fresita
[18/08/2012 11:03:32] /goto fresita
[18/08/2012 11:03:34] /goto fresita
[18/08/2012 11:03:35] /goto fresita
[18/08/2012 11:03:36] /goto fresita
[18/08/2012 11:03:40] /goto fresita
[18/08/2012 11:03:41] /goto fresita
[18/08/2012 11:03:43] /goto fresita
[18/08/2012 11:03:44] /goto fresita
[18/08/2012 11:03:45] /goto fresita
[18/08/2012 11:03:49] /goto fresita
[18/08/2012 11:03:51] /goto fresita
[18/08/2012 11:03:55] /goto fresita
[18/08/2012 11:03:57] /goto fresita
[18/08/2012 11:04:04] /goto fresita
[18/08/2012 11:04:07] /goto fresita
[18/08/2012 11:04:10] /goto fresita
[18/08/2012 11:04:11] /goto fresita
[18/08/2012 11:04:15] /goto fresita
[18/08/2012 11:04:16] /goto fresita
[18/08/2012 11:04:18] /goto fresita
[18/08/2012 11:04:39] /t
[18/08/2012 11:04:43] /goto fresita
[18/08/2012 11:05:15] /c fresita
[18/08/2012 11:06:07] /t osa caliente
[18/08/2012 11:06:12] /goto fresita
[18/08/2012 11:06:15] /goto fresita
[18/08/2012 11:06:50] /ghost
[18/08/2012 11:09:06] /goto osa caliente
[18/08/2012 11:09:50] /goto fresita
[18/08/2012 11:11:18] /i 2000
[18/08/2012 11:11:21] /i 2000
[18/08/2012 11:11:22] /i 2000
[18/08/2012 11:11:28] /i 2000saca
[18/08/2012 11:13:29] /goto osa caliente
[18/08/2012 11:14:47] /drop osa caliente
[18/08/2012 11:14:59] /i 2000
[18/08/2012 11:15:01] /i 2000
[18/08/2012 11:16:33] /goto fresita
[18/08/2012 11:19:36] /c fresita
[18/08/2012 11:20:55] /i condon
[18/08/2012 11:21:01] /c fresita
[18/08/2012 11:21:11] /i condon
[18/08/2012 11:22:07] /r
[18/08/2012 11:22:09] /r
[18/08/2012 11:22:10] /r
[18/08/2012 11:22:24] /t
[18/08/2012 11:22:49] /i gold coins 
[18/08/2012 11:22:56] /i gold coins 
[18/08/2012 11:23:32] /a
[18/08/2012 11:24:05] /c fresita
[18/08/2012 11:24:55] /c osa caliente
[18/08/2012 11:25:31] /i 2160
[18/08/2012 11:25:34] /i 2160
[18/08/2012 11:25:48] /goto fresita
[18/08/2012 11:25:49] /goto fresita
[18/08/2012 11:25:51] /goto fresita
[18/08/2012 11:26:06] /goto fresita
[18/08/2012 11:26:09] /goto fresita
[18/08/2012 11:26:11] /goto fresita
[18/08/2012 11:26:13] /goto fresita
[18/08/2012 11:27:20] /t
[18/08/2012 11:28:19] /goto osa caliente
[18/08/2012 11:28:23] /goto osa caliente
[18/08/2012 11:28:24] /goto osa caliente
[18/08/2012 11:28:26] /goto osa caliente
[18/08/2012 11:28:50] /m dog
[18/08/2012 11:29:05] /b ARE UN GRAN EVENTO
[18/08/2012 11:29:35] /pedos on
[18/08/2012 11:29:40] /a 5
[18/08/2012 11:30:01] /b digan !pedos si quieren partisipar
[18/08/2012 11:30:27] /b digan !pedos si quieren partisipar
[18/08/2012 11:31:13] /b digan !pedos si quieren partisipar
[18/08/2012 11:31:33] /a 9
[18/08/2012 11:31:34] /a 9
[18/08/2012 11:31:36] /a 9
[18/08/2012 11:31:36] /a 9
[18/08/2012 11:31:37] /a 9
[18/08/2012 11:31:38] /a 9
[18/08/2012 11:31:38] /a 9
[18/08/2012 11:31:39] /a 9
[18/08/2012 11:31:39] /a 9
[18/08/2012 11:31:40] /a 9
[18/08/2012 11:31:41] /a 9
[18/08/2012 11:31:41] /a 9
[18/08/2012 11:31:42] /a 9
[18/08/2012 11:31:43] /a 9
[18/08/2012 11:31:43] /a 9
[18/08/2012 11:31:45] /a 9
[18/08/2012 11:32:08] /c Junio 
[18/08/2012 11:32:11] /a 9
[18/08/2012 11:32:12] /a 9
[18/08/2012 11:32:13] /a 9
[18/08/2012 11:32:13] /a 9
[18/08/2012 11:32:15] /a 9
[18/08/2012 11:32:21] /a 1
[18/08/2012 11:32:41] /ganador fresita
[18/08/2012 11:32:43] /r
[18/08/2012 11:32:48] /goto fresita
[18/08/2012 11:34:32] /goto fresita
[18/08/2012 11:35:08] /t
[18/08/2012 11:35:21] /b quieren otro evento mandenme un mp
[18/08/2012 11:35:36] /b quieren otro evento mandenme un mp (mensaje pribado)
[18/08/2012 11:37:19] /b digan player si quieren partisipar
[18/08/2012 11:37:29] /b !player
[18/08/2012 11:37:31] /b !player
[18/08/2012 11:37:31] /b !player
[18/08/2012 11:37:36] /b !player
[18/08/2012 11:39:35] /clean
[18/08/2012 11:39:56] /b esperen xD no apage el evento solo se jugaba una bes gano Aqui te la entierro
[18/08/2012 11:40:02] /ganador Aqui te la entierro
[18/08/2012 11:40:38] /t
[18/08/2012 11:41:13] /s Player Killer
[18/08/2012 11:41:20] /m Player Killer
[18/08/2012 11:41:33] /r
[18/08/2012 11:41:35] /r
[18/08/2012 11:41:42] /r
[18/08/2012 11:41:55] /r
[18/08/2012 11:41:59] /r
[18/08/2012 11:42:02] /r
[18/08/2012 11:42:09] /r
[18/08/2012 11:42:21] /r
[18/08/2012 11:42:22] /r
[18/08/2012 11:42:55] /bc FRESITA ES UNA PUTA 
[18/08/2012 11:43:42] /b are un ultimo evento
[18/08/2012 11:43:56] /b are un ultimo evento en 30 s
[18/08/2012 11:44:23] /pedos on
[18/08/2012 11:44:30] /a 5
[18/08/2012 11:44:38] /b digan !pedos
[18/08/2012 11:44:41] /b digan !pedos
[18/08/2012 11:44:42] /b digan !pedos
[18/08/2012 11:45:01] /bc !PEDOS
[18/08/2012 11:45:07] /bc !PEDOS Y GANARAN GRANDES COSAS
[18/08/2012 11:45:33] /b digan !pedos
[18/08/2012 11:45:43] /b digan !pedos FALTA UN LUGA!
[18/08/2012 11:46:12] /a 9
[18/08/2012 11:46:13] /a 9
[18/08/2012 11:46:13] /a 9
[18/08/2012 11:46:14] /a 9
[18/08/2012 11:46:14] /a 9
[18/08/2012 11:46:15] /a 9
[18/08/2012 11:46:16] /a 9
[18/08/2012 11:46:16] /a 9
[18/08/2012 11:46:17] /a 9
[18/08/2012 11:46:17] /a 9
[18/08/2012 11:46:19] /a 9
[18/08/2012 11:46:20] /a 9
[18/08/2012 11:46:21] /a 9
[18/08/2012 11:46:25] /a 9
[18/08/2012 11:46:26] /a 9
[18/08/2012 11:46:27] /a 9
[18/08/2012 11:46:27] /a 9
[18/08/2012 11:46:28] /a 9
[18/08/2012 11:46:33] /a 15
[18/08/2012 11:46:34] /a 15
[18/08/2012 11:46:35] /a 15
[18/08/2012 11:46:36] /a 15
[18/08/2012 11:46:37] /a 15
[18/08/2012 11:46:37] /a 15
[18/08/2012 11:46:46] /c lalo
[18/08/2012 11:46:51] /c lalo
[18/08/2012 11:47:18] /a
[18/08/2012 11:47:21] /a
[18/08/2012 11:47:22] /a
[18/08/2012 11:47:43] /b el ganador fue fresita pero ya gano 1 ves por lo tanto me correrian por 
[18/08/2012 11:47:52] /b el ganador fue fresita pero ya gano 1 ves por lo tanto me correrian por  dale lugar van a pensar no se xD
[18/08/2012 11:48:01] /b segundo lugar junio
[18/08/2012 11:48:40] /ganador junio
[18/08/2012 11:48:46] /a
[18/08/2012 11:49:00] /i 1260
[18/08/2012 11:49:14] /i 2160
[18/08/2012 11:49:16] /i 2160
[18/08/2012 11:49:21] /i 2160
[18/08/2012 11:49:37] /t osa caliente
[18/08/2012 11:49:41] /i 2160
[18/08/2012 11:49:46] /r
[18/08/2012 11:49:48] /r
[18/08/2012 11:49:49] /r
[18/08/2012 11:50:50] /goto junio
[18/08/2012 11:51:46] /b estoy haciendo un evento coustom por mi kiba es basado en mi server reo [RESIDENT EVIL ONLINE] 
[18/08/2012 11:52:30] /b estoy haciendo un evento coustom por mi kiba es basado en mi server reo [RESIDENT EVIL ONLINE]  El evento se tratara de matar zombies con armas que les daremos tendran el sistema de pistola disparar o x aun no tenemos bien planiado eso
[18/08/2012 11:52:44] /b ADIOS *-*
[18/08/2012 11:52:48] /ghost
[18/08/2012 11:52:52] /b ADIOS *-*
[18/08/2012 11:53:16] /goto junio
[18/08/2012 11:53:25] /m Master Of Evil
[18/08/2012 12:18:59] /a 7
[18/08/2012 12:19:33] /bc invaccion de Master Of Evil
[18/08/2012 12:19:35] /t
[18/08/2012 12:19:39] /m Master Of Evil
[18/08/2012 12:19:40] /m Master Of Evil
[18/08/2012 12:19:41] /m Master Of Evil
[18/08/2012 12:19:41] /m Master Of Evil
[18/08/2012 12:19:42] /m Master Of Evil
[18/08/2012 12:19:43] /m Master Of Evil
[18/08/2012 12:19:44] /m Master Of Evil
[18/08/2012 12:20:18] /c Shanty
[18/08/2012 12:23:27] /bc NO LE AGAS CAS Shanty
[18/08/2012 12:23:30] /bc NO LE AGAS CAS Shanty
[18/08/2012 12:23:34] /bc NO LE AGAS CAS Shanty
[18/08/2012 12:23:59] /m exp bug
[18/08/2012 12:24:00] /m exp bug
[18/08/2012 12:24:01] /m exp bug
[18/08/2012 12:24:01] /m exp bug
[18/08/2012 12:24:02] /m exp bug
[18/08/2012 12:24:02] /m exp bug
[18/08/2012 12:24:03] /m exp bug
[18/08/2012 12:24:04] /m exp bug
[18/08/2012 12:24:04] /m exp bug
[18/08/2012 12:24:27] /clean
[18/08/2012 12:24:29] /clean
[18/08/2012 12:24:31] /clean
[18/08/2012 12:24:31] /clean
[18/08/2012 12:24:33] /r
[18/08/2012 12:24:37] /r
[18/08/2012 12:24:39] /r
[18/08/2012 12:24:41] /r
[18/08/2012 12:24:45] /r
[18/08/2012 12:24:47] /r
[18/08/2012 12:24:48] /t
[18/08/2012 12:25:09] /m demon
[18/08/2012 12:25:10] /m demon
[18/08/2012 12:25:11] /m demon
[18/08/2012 12:25:12] /m demon
[18/08/2012 12:25:13] /m demon
[18/08/2012 12:25:13] /m demon
[18/08/2012 12:25:14] /m demon
[18/08/2012 12:25:15] /m demon
[18/08/2012 12:25:20] /m demon
[18/08/2012 12:25:20] /m demon
[18/08/2012 12:25:21] /m demon
[18/08/2012 12:25:22] /m demon
[18/08/2012 12:25:23] /m demon
[18/08/2012 12:25:24] /m demon
[18/08/2012 12:25:24] /m demon
[18/08/2012 12:25:25] /m demon
[18/08/2012 12:25:32] /m demon
[18/08/2012 12:25:33] /m demon
[18/08/2012 12:25:33] /m demon
[18/08/2012 12:25:35] /m demon
[18/08/2012 12:25:53] /a
[18/08/2012 12:26:22] /clean
[18/08/2012 12:26:26] /clean
[18/08/2012 12:26:27] /clean
[18/08/2012 12:56:46] /t
[18/08/2012 12:58:41] /t
[18/08/2012 13:00:28] /t
[18/08/2012 13:01:50] /bc green, Hola
[18/08/2012 13:02:22] /m exp bug
[18/08/2012 13:02:23] /m exp bug
[18/08/2012 13:02:23] /m exp bug
[18/08/2012 13:02:24] /m exp bug
[18/08/2012 13:02:24] /m exp bug
[18/08/2012 13:02:27] /m exp bug
[18/08/2012 13:02:32] /m exp bug
[18/08/2012 13:02:58] /a
[18/08/2012 13:03:00] /m exp bug
[18/08/2012 13:03:02] /m exp bug
[18/08/2012 13:03:02] /m exp bug
[18/08/2012 13:03:03] /m exp bug
[18/08/2012 13:03:10] /m exp bug
[18/08/2012 13:03:11] /m exp bug
[18/08/2012 13:03:12] /m exp bug
[18/08/2012 13:03:15] /m exp bug
[18/08/2012 13:03:15] /m exp bug
[18/08/2012 13:12:53] /goto fercho
[18/08/2012 13:25:21] /b quieren una war ?
[18/08/2012 13:25:48] /b quieren una war ? en carlin armen sus equipos y mandenmen un mp para teletransportalos yo les digo cuando empiesen
[18/08/2012 13:26:15] /b quieren una war ? en carlin armen sus equipos y mandenmen un mp para teletransportalos yo les digo cuando empiesen
[18/08/2012 13:26:40] /b quieren una war ? en carlin armen sus equipos y mandenmen un mp (mensaje privado) para teletransportalos yo les digo cuando empiesen
[18/08/2012 13:26:51] /b quieren una war ? en carlin armen sus equipos y mandenmen un mp (mensaje privado) para teletransportalos yo les digo cuando empiesen
[18/08/2012 13:27:05] /b quieren una war ? en carlin armen sus equipos y mandenmen un mp (mensaje privado) para teletransportalos yo les digo cuando empiesen
[18/08/2012 13:27:29] /b quieren una war ? en carlin armen sus equipos y mandenmen un mp (mensaje privado) para teletransportalos yo les digo cuando empiesen (de preferensia un equipo de 3 o mas)
[18/08/2012 13:27:37] /goto ferco
[18/08/2012 13:27:42] /goto fercho
[18/08/2012 13:28:04] /r
[18/08/2012 13:28:08] /r
[18/08/2012 13:28:10] /r
[18/08/2012 13:28:11] /r
[18/08/2012 13:28:33] /b quieren una war ? en carlin armen sus equipos y mandenmen un mp (mensaje privado) para teletransportalos yo les digo cuando empiesen (de preferensia un equipo de 3 o mas)
[18/08/2012 13:28:42] /a
[18/08/2012 13:29:17] /b quieren una war ? en carlin armen sus equipos DIGAN .!tp carlin para teletransportalos yo les digo cuando empiesen (de preferensia un equipo de 3 o mas)
[18/08/2012 13:29:32] /ghost
[18/08/2012 13:31:41] /b si quieren benir a la war digan !tp carlin el que gane  ira de ganador a la sale de premios
[18/08/2012 13:32:09] /b si quieren benir a la war digan !tp carlin el que gane  ira de ganador a la sale de premios
[18/08/2012 13:32:29] /b si quieren benir a la war digan !tp carlin el que gane  ira de ganador a la sale de premios
[18/08/2012 13:32:59] /c julio
[18/08/2012 13:33:01] /c julio
[18/08/2012 13:33:09] /c julio
[18/08/2012 13:33:12] /c junio
[18/08/2012 13:34:30] /b are evento tons
[18/08/2012 13:34:38] /pedos on
[18/08/2012 13:34:46] /a 5
[18/08/2012 13:34:58] /b faltan 2 lugares
[18/08/2012 13:35:04] /b faltan 1 lugar !pedos
[18/08/2012 13:35:06] /b faltan 1 lugar !pedos
[18/08/2012 13:35:07] /b faltan 1 lugar !pedos
[18/08/2012 13:35:33] /a 10
[18/08/2012 13:35:34] /a 10
[18/08/2012 13:35:35] /a 10
[18/08/2012 13:35:35] /a 10
[18/08/2012 13:35:36] /a 10
[18/08/2012 13:35:37] /a 10
[18/08/2012 13:35:37] /a 10
[18/08/2012 13:35:38] /a 10
[18/08/2012 13:35:38] /a 10
[18/08/2012 13:35:39] /a 10
[18/08/2012 13:35:40] /a 10
[18/08/2012 13:35:40] /a 10
[18/08/2012 13:35:41] /a 10
[18/08/2012 13:35:41] /a 10
[18/08/2012 13:35:42] /a 10
[18/08/2012 13:35:43] /a 10
[18/08/2012 13:35:44] /a 10
[18/08/2012 13:35:45] /a 10
[18/08/2012 13:35:45] /a 10
[18/08/2012 13:35:46] /a 10
[18/08/2012 13:35:47] /a 10
[18/08/2012 13:36:03] /goto fercho
[18/08/2012 13:36:47] /ganador Axtridum
[18/08/2012 13:37:39] /a
[18/08/2012 13:39:42] /t Junio 
[18/08/2012 13:40:52] /ghost
[18/08/2012 13:42:39] /goto junio
[18/08/2012 13:43:40] /t
[18/08/2012 13:43:54] /mc
[18/08/2012 13:44:32] /bc se a encontrado a alguien que usa mc (multi cliente) 19:56 Iaas (189.162.200.60) 19:56 Lilo (189.162.200.60)
[18/08/2012 13:45:20] /bc se a encontrado a alguien que usa mc (multi cliente) 19:56 Iaas (189.162.200.60) 19:56 Lilo (189.162.200.60)
[18/08/2012 13:45:30] /mc
[18/08/2012 13:52:16] /m Training Monk
[18/08/2012 13:52:59] /r
[18/08/2012 13:53:00] /r
[18/08/2012 13:54:32] /up
[18/08/2012 14:17:09] /bc por que dices ? xD
[18/08/2012 14:17:27] /a
[18/08/2012 14:17:44] /bc xD
[18/08/2012 14:18:06] /t
[18/08/2012 14:18:23] /m training monk
[18/08/2012 15:10:25] /m slain demon
[18/08/2012 15:14:00] /clean
[18/08/2012 15:17:35] /m crystal coin
[18/08/2012 15:18:51] /m Acido Muriatico
[18/08/2012 15:19:11] /m Eva maria
[18/08/2012 15:19:54] /m Justin Bieber
[18/08/2012 15:20:54] /m puerta
[18/08/2012 15:20:59] /m pelodin
[18/08/2012 15:21:05] /m peludin
[18/08/2012 15:22:52] /m ice bitsh
[18/08/2012 15:24:36] /m King kong
[18/08/2012 15:26:34] /clean
[18/08/2012 15:27:15] /s pig
[18/08/2012 15:29:13] /t
[18/08/2012 15:29:15] /t
[18/08/2012 15:29:40] /a 5
[18/08/2012 15:30:00] /s pig
[18/08/2012 15:30:02] /t
[18/08/2012 15:30:11] /s pig
[18/08/2012 15:30:19] /m pig
[18/08/2012 15:30:29] /m pig
[18/08/2012 15:30:39] /goto don ramon
[18/08/2012 15:30:49] /a
[18/08/2012 15:31:27] /a 5
[18/08/2012 15:33:56] /a
[18/08/2012 15:48:53] /m elephant
[18/08/2012 15:49:35] /m king kon
[18/08/2012 15:49:41] /m king kon
[18/08/2012 15:49:53] /s King kong
[18/08/2012 15:51:13] /m pet
[18/08/2012 15:51:16] /m pet
[18/08/2012 15:51:18] /m pet
[18/08/2012 15:51:20] /m pet
[18/08/2012 15:51:22] /m pet
[18/08/2012 15:51:22] /m pet
[18/08/2012 15:51:23] /m pet
[18/08/2012 15:51:24] /m pet
[18/08/2012 15:51:36] /m Mafiry
[18/08/2012 15:51:41] /m Mafiry
[18/08/2012 15:51:49] /s Mafiry
[18/08/2012 15:52:23] /m Training stone
[18/08/2012 15:52:33] /s Training stone
[18/08/2012 15:52:46] /s Training stone
[18/08/2012 15:53:31] /m Sibang
[18/08/2012 15:54:20] /m Lethal Lissy
[18/08/2012 15:54:26] /s Lethal Lissy
[18/08/2012 15:54:34] /s Lethal Lissy
[18/08/2012 15:54:54] /s perro
[18/08/2012 15:55:28] /m Chakoya toolshaper
[18/08/2012 15:55:45] /m Will Smith
[18/08/2012 15:56:04] /m exp
[18/08/2012 15:56:12] /t
[18/08/2012 15:56:18] /t
[18/08/2012 15:57:16] /m exp
[18/08/2012 15:57:16] /m exp
[18/08/2012 15:57:16] /m exp
[18/08/2012 15:57:17] /m exp
[18/08/2012 15:57:17] /m exp
[18/08/2012 15:57:18] /m exp
[18/08/2012 15:57:19] /m exp
[18/08/2012 15:57:20] /m exp
[18/08/2012 15:57:20] /m exp
[18/08/2012 15:57:21] /m exp
[18/08/2012 15:57:51] /t
[18/08/2012 15:58:02] /m player kill
[18/08/2012 15:58:08] /m kill player 
[18/08/2012 15:58:10] /m kill player
[18/08/2012 15:58:52] /m peludin
[18/08/2012 15:59:15] /m justin beiber
[18/08/2012 15:59:18] /m justin biber
[18/08/2012 15:59:27] /m fans
[18/08/2012 15:59:28] /m fan
[18/08/2012 15:59:41] /m pimpon
[18/08/2012 16:13:19] /bc http://www.facebook.com/photo.php?fbid=171539319648664&set=a.171539316315331.40562.100003777927294&type=1&theater
[18/08/2012 16:15:05] /bc http://www.facebook.com/reo.residentevil
[18/08/2012 16:15:28] /bc http://www.facebook.com/reo.residentevil Solo vean la foto de la ardilla :D ^^^
[18/08/2012 16:15:45] /bc www.facebook.com/reo.residentevil
[18/08/2012 16:17:40] /bc Crearemos un nuevo comando este sera !reborn au no funciona  pero de que se trata ? SE TRATA DE QUE AL UN NIVEL  MAXIMO PASANDO DE 
[18/08/2012 16:18:43] /bc Crearemos un nuevo comando este sera !reborn au no funciona  pero de que se trata ? SE TRATA DE QUE AL UN NIVEL  MAXIMO PASANDO DE  200000 tu podras decir !reborn y regreesar a lvl 50 con una nueva voc con tu misma mana y healt todo ira aumentando ser
[18/08/2012 16:18:50] /bc Crearemos un nuevo comando este sera !reborn au no funciona  pero de que se trata ? SE TRATA DE QUE AL UN NIVEL  MAXIMO PASANDO DE  200000 tu podras decir !reborn y regreesar a lvl 50 con una nueva voc con tu misma mana y healt todo ira aumentando 
[18/08/2012 16:19:28] /bc olvidenlo no se ven interesados e xD
[18/08/2012 16:21:41] /a
[18/08/2012 16:22:28] /b si xD
[18/08/2012 16:22:45] /b si xD pero aun no me yega tu solisitud xD
[18/08/2012 16:26:14] /bc http://www.facebook.com/reo.residentevil Solo vean la foto de la ardilla :D ^^^
[18/08/2012 16:29:38] /m perro
[18/08/2012 16:29:47] /m perro
[18/08/2012 16:29:58] /m perro
[18/08/2012 16:30:06] /m perro
[18/08/2012 16:30:16] /m perro
[18/08/2012 16:30:28] /m perro
[18/08/2012 16:30:31] /m perro
[18/08/2012 16:30:32] /m perro
[18/08/2012 16:30:33] /m perro
[18/08/2012 16:30:35] /m perro
[18/08/2012 16:30:36] /m perro
[18/08/2012 16:30:37] /m perro
[18/08/2012 16:49:12] /m exp bug
[18/08/2012 16:49:13] /m exp bug
[18/08/2012 16:49:13] /m exp bug
[18/08/2012 16:49:15] /m exp bug
[18/08/2012 16:49:16] /m exp bug
[18/08/2012 16:49:17] /m exp bug
[18/08/2012 16:49:18] /m exp bug
[18/08/2012 16:49:18] /m exp bug
[18/08/2012 16:49:24] /m exp bug
[18/08/2012 16:49:25] /m exp bug
[18/08/2012 16:49:26] /m exp bug
[18/08/2012 16:49:26] /m exp bug
[18/08/2012 16:49:27] /m exp bug
[18/08/2012 16:49:28] /m exp bug
[18/08/2012 16:49:28] /m exp bug
[18/08/2012 16:49:29] /m exp bug
[18/08/2012 16:49:37] /m exp bug
[18/08/2012 16:49:43] /m exp bug
[18/08/2012 16:49:44] /m exp bug
[18/08/2012 16:49:45] /m exp bug
[18/08/2012 16:49:46] /m exp bug
[18/08/2012 16:49:48] /m exp bug
[18/08/2012 16:49:49] /m exp bug
[18/08/2012 16:49:50] /m exp bug
[18/08/2012 16:49:51] /m exp bug
[18/08/2012 16:50:09] /a
[18/08/2012 16:51:07] /newid demon
[18/08/2012 16:51:14] /newid bug
[18/08/2012 16:52:53] /clean
[18/08/2012 16:52:59] /clean
[18/08/2012 16:53:10] /clean
[18/08/2012 16:53:11] /clean
[18/08/2012 16:53:12] /clean
[18/08/2012 16:53:16] /r
[18/08/2012 16:53:17] /r
[18/08/2012 16:53:19] /r
[18/08/2012 16:53:21] /clean
[18/08/2012 18:11:50] /goto fercho 
[18/08/2012 18:14:17] /clean
[18/08/2012 18:14:23] /ghost
[18/08/2012 18:17:38] /clean
[18/08/2012 18:17:40] /clean
[18/08/2012 18:18:23] /attr sex 2
[18/08/2012 18:19:16] /attr sex 2
[18/08/2012 18:19:29] /attr sex 2
[18/08/2012 18:19:39] /clean
[18/08/2012 18:19:52] /attr sex 1
[18/08/2012 18:19:54] /attr sex 1
[18/08/2012 18:20:46] /attr sex 1
[18/08/2012 18:22:34] /superevent 
[18/08/2012 18:22:37] /superevent  on
[18/08/2012 18:23:11] /superevent  off
[18/08/2012 18:23:54] /carrera ?
[18/08/2012 18:24:33] /carrera on
[18/08/2012 18:24:44] /carrera off
[18/08/2012 18:25:12] /a
[18/08/2012 18:25:20] /a
[18/08/2012 18:25:24] /t
[18/08/2012 18:25:35] /m don
[18/08/2012 18:25:43] /s don ramon
[18/08/2012 18:27:14] /makesay  Darkness, hla putos
[18/08/2012 18:27:22] /makesay  Darkness,  me la pelan todos
[18/08/2012 18:27:27] /makesay  Darkness,  me la pelan todos
[18/08/2012 18:27:33] /makesay  Darkness,  wtf
[18/08/2012 18:27:35] /makesay  Darkness,  wtf
[18/08/2012 18:27:36] /makesay  Darkness,  wtf
[18/08/2012 18:27:37] /makesay  Darkness,  wtf
[18/08/2012 18:27:42] /makesay  Darkness,  me cojo al god
[18/08/2012 18:27:53] /makesay  Darkness,  xD no es sierto soy kiba
[18/08/2012 18:29:41] /attr skull 
[18/08/2012 18:29:44] /attr skull 
[18/08/2012 18:29:50] /attr black skull
[18/08/2012 18:29:57] /attr skull black
[18/08/2012 18:30:08] /attr skull black
[18/08/2012 18:31:02] /attr skull black
[18/08/2012 18:31:12] /attr skull black
[18/08/2012 18:31:18] /attr skull black
[18/08/2012 18:31:19] /attr skull black
[18/08/2012 18:31:31] /attr skull black
[18/08/2012 18:31:35] /attr skull black
[18/08/2012 18:31:41] /attr skull 
[18/08/2012 18:31:51] /attr skull black
[18/08/2012 18:32:24] /attr skull 
[18/08/2012 18:35:17] !spy
[18/08/2012 18:35:27] !spy fercho
[18/08/2012 18:35:56] !equipment 
[18/08/2012 18:36:01] !equipment ferchho
[18/08/2012 18:36:06] !equipment fercho
[18/08/2012 18:39:21] /owner 
[18/08/2012 18:39:29] /owner fercho
[18/08/2012 18:40:53] /b are un event yamado changer name esto se trata qeu me traigan un item raro que les parese si?!
[18/08/2012 18:41:20] /b are un event yamado changer name esto se trata qeu me traigan un item raro que les parese si?!
[18/08/2012 18:42:25] /b hay un fallo en ese evento aurita lo arreglaremos
[18/08/2012 18:42:37] /b are un event yamado changer name esto se trata qeu me traigan un item raro que les parese si?!
[18/08/2012 18:44:24] /goto don ramon
[18/08/2012 18:44:26] /goto don ramon
[18/08/2012 18:44:28] /goto don ramon 
[18/08/2012 18:44:30] /goto don ramon 
[18/08/2012 18:44:31] /goto don ramon 
[18/08/2012 18:44:32] /goto don ramon 
[18/08/2012 18:44:32] /goto don ramon 
[18/08/2012 18:44:33] /goto don ramon 
[18/08/2012 18:44:34] /goto don ramon 
[18/08/2012 18:44:35] /goto don ramon 
[18/08/2012 18:44:40] /goto don ramon 
[18/08/2012 18:44:41] /goto don ramon 
[18/08/2012 18:44:50] /goto don ramon 
[18/08/2012 18:44:57] /goto don ramon 
[18/08/2012 18:45:04] /goto don ramon 
[18/08/2012 18:47:53] /b espera
[18/08/2012 18:48:08] /goto fercho
[18/08/2012 18:48:23] /r
[18/08/2012 18:52:51] /a
[18/08/2012 18:54:29] /namex Aqui te la entierro, Ner Din
[18/08/2012 18:56:25] /c Ner Din
[18/08/2012 18:57:11] /namex  ner din,Nerd din 
[18/08/2012 18:57:33] /namex  kiba,[Kiba]
[18/08/2012 18:57:54] /namex  kiba,fercha
[18/08/2012 18:59:38] /c Nerd din
[18/08/2012 18:59:56] /a 7
[18/08/2012 19:00:06] /a 7
[18/08/2012 19:00:15] /t  Nerd din
[18/08/2012 19:00:25] /t
