[26/08/2012 22:18:03] /ghost
[26/08/2012 22:24:57] /cliport
[26/08/2012 22:26:35] /goto fersho
[26/08/2012 22:27:11] /i rock
[26/08/2012 22:27:46] /r
[26/08/2012 22:27:50] /i chest
[26/08/2012 22:30:20] /m
[26/08/2012 22:30:21] /m
[26/08/2012 22:30:21] /m
[26/08/2012 22:30:21] /m
[26/08/2012 22:30:21] /m
[26/08/2012 22:30:22] /m
[26/08/2012 22:30:22] /m
[26/08/2012 22:30:22] /m
[26/08/2012 22:34:32] /m troll dance
[26/08/2012 22:37:14] /goto fercho
[26/08/2012 22:37:52] /m troll dance
[26/08/2012 22:38:10] /r troll dance
[26/08/2012 22:38:22] /player on
[26/08/2012 22:38:55] /goto fercho
[26/08/2012 22:39:24] /r troll dnace
[26/08/2012 22:40:15] /m troll dance
[26/08/2012 22:41:44] /ghost
[26/08/2012 22:42:22] /stop steve aoki
[26/08/2012 22:42:34] /stop steve aoki
[26/08/2012 22:46:38] /newtype 134
[26/08/2012 22:47:47] /i chest
[26/08/2012 22:48:10] /i stone
[26/08/2012 22:48:13] /i stone
[26/08/2012 22:48:16] /i stone
[26/08/2012 22:48:18] /i stone
[26/08/2012 22:48:20] /i stone
[26/08/2012 22:48:22] /i stone
[26/08/2012 22:49:33] /m demon
[26/08/2012 22:49:38] /r demon
[26/08/2012 22:49:46] /r demon
[26/08/2012 22:54:56] /m knight
[26/08/2012 22:55:01] /m demon
[26/08/2012 22:55:12] /m troll dance
[26/08/2012 22:57:24] /addskill loro,level,5000
[26/08/2012 22:57:50] /a
[26/08/2012 22:58:29] /m dog
[26/08/2012 22:58:47] /m dog
[26/08/2012 22:59:16] /m panda
[26/08/2012 22:59:20] /m panda
[26/08/2012 22:59:29] /m troll dance
[26/08/2012 22:59:47] /r troll dance
[26/08/2012 23:00:27] /a
[26/08/2012 23:02:20] /goto fercho
[26/08/2012 23:02:52] /m troll dance
[26/08/2012 23:02:57] /m troll dance
[26/08/2012 23:02:59] /m troll dance
[26/08/2012 23:03:00] /m troll dance
[26/08/2012 23:03:01] /m troll dance
[26/08/2012 23:03:02] /m troll dance
[26/08/2012 23:03:02] /m troll dance
[26/08/2012 23:03:03] /m troll dance
[26/08/2012 23:03:04] /m troll dance
[26/08/2012 23:03:05] /m troll dance
[26/08/2012 23:03:05] /m troll dance
[26/08/2012 23:03:06] /m troll dance
[27/08/2012 15:43:16] /ghost
[27/08/2012 16:01:40] /a
[27/08/2012 16:01:43] /a
[27/08/2012 16:03:30] /i stone
[27/08/2012 16:03:34] /i stone
[27/08/2012 16:03:35] /i stone
[27/08/2012 16:03:37] /i stone
[27/08/2012 16:03:39] /i stone
[27/08/2012 16:03:40] /i stone
[27/08/2012 16:04:01] /i stone
[27/08/2012 16:04:10] /i stone
[27/08/2012 16:04:26] /a
[27/08/2012 16:05:12] /a
[27/08/2012 16:05:13] /a
[27/08/2012 16:05:26] /c ocra
[27/08/2012 16:05:42] /a
[27/08/2012 16:05:43] /a
[27/08/2012 16:05:56] /ghost
[27/08/2012 16:06:00] /ghost
[27/08/2012 16:06:44] /r
[27/08/2012 16:06:48] /r
[27/08/2012 16:06:49] /r
[27/08/2012 16:06:51] /r
[27/08/2012 16:06:55] /r
[27/08/2012 16:06:57] /r
[27/08/2012 16:07:00] /r
[27/08/2012 16:07:02] /r
[27/08/2012 16:08:40] /m troll dance
[27/08/2012 16:09:08] /r troll dance
[27/08/2012 16:10:16] /m troll dance
[27/08/2012 16:11:34] /a
[27/08/2012 16:18:03] /a
[27/08/2012 16:18:35] /a
[27/08/2012 16:19:15] /a
[27/08/2012 16:19:28] /bc que quieres?
[27/08/2012 16:19:36] /a
[27/08/2012 16:19:56] /goto temple
[27/08/2012 16:20:12] /goto spark city
[27/08/2012 16:20:54] /goto templo
[27/08/2012 16:21:41] /a
[27/08/2012 16:21:42] /a
[27/08/2012 16:22:29] /t
[27/08/2012 16:23:56] /a
[27/08/2012 16:24:36] /i royal armor
[27/08/2012 16:25:13] /i cmabio
[27/08/2012 16:25:18] /i cambio
[27/08/2012 16:25:25] /i ojo
[27/08/2012 16:25:53] /i royal wand
[27/08/2012 16:26:17] /bc evento en al plaza
[27/08/2012 16:26:41] /bc evento en el LOBBY
[27/08/2012 16:31:02] /stop morthis
[27/08/2012 16:31:15] /stop morthis
[27/08/2012 16:31:19] /stop morthis
[27/08/2012 16:32:06] /i stone
[27/08/2012 16:32:08] /i stone
[27/08/2012 16:32:09] /i stone
[27/08/2012 16:32:11] /i stone
[27/08/2012 16:32:14] /i stone
[27/08/2012 16:33:22] /r
[27/08/2012 16:33:26] /r
[27/08/2012 16:33:33] /stop morthis
[27/08/2012 16:33:47] /r
[27/08/2012 16:33:52] /r
[27/08/2012 16:33:57] /r
[27/08/2012 16:33:58] /r
[27/08/2012 16:35:21] /m troll dance
[27/08/2012 16:35:22] /m troll dance
[27/08/2012 16:35:22] /m troll dance
[27/08/2012 16:35:22] /m troll dance
[27/08/2012 16:35:22] /m troll dance
[27/08/2012 16:35:22] /m troll dance
[27/08/2012 16:35:22] /m troll dance
[27/08/2012 16:35:22] /m troll dance
[27/08/2012 16:35:22] /m troll dance
[27/08/2012 16:35:22] /m troll dance
[27/08/2012 16:35:22] /m troll dance
[27/08/2012 16:35:23] /m troll dance
[27/08/2012 16:35:23] /m troll dance
[27/08/2012 16:35:23] /m troll dance
[27/08/2012 16:35:23] /m troll dance
[27/08/2012 16:35:23] /m troll dance
[27/08/2012 16:35:23] /m troll dance
[27/08/2012 16:35:23] /m troll dance
[27/08/2012 16:35:24] /m troll dance
[27/08/2012 16:35:24] /m troll dance
[27/08/2012 16:35:42] /r
[27/08/2012 16:35:45] /r
[27/08/2012 16:35:46] /r
[27/08/2012 16:35:46] /r
[27/08/2012 16:35:49] /r
[27/08/2012 16:38:20] /i stone
[27/08/2012 16:38:22] /i stone
[27/08/2012 16:38:24] /i stone
[27/08/2012 16:38:32] /i stone
[27/08/2012 16:38:33] /i stone
[27/08/2012 16:38:35] /i stone
[27/08/2012 16:38:37] /i stone
[27/08/2012 16:38:43] /m demon
[27/08/2012 16:38:45] /m demon
[27/08/2012 16:39:08] /m player killer
[27/08/2012 16:39:26] /a
[27/08/2012 16:39:28] /a
[27/08/2012 16:41:10] /a
[27/08/2012 16:41:14] /r
[27/08/2012 16:41:26] /m troll dance
[27/08/2012 16:41:30] /a
[27/08/2012 16:42:19] /a
[27/08/2012 16:42:21] /a
[27/08/2012 16:43:35] /addskill loro,level,100000
[27/08/2012 16:44:03] /a
[27/08/2012 16:44:05] /r
[27/08/2012 16:44:53] /bc no HAGAN GRANDES HAGANLOS CHIQUITOS POR ESO HAY LAG
[27/08/2012 16:46:12] /i aggrox magic poison
[27/08/2012 16:46:37] /c el toppo
[27/08/2012 16:46:58] /c el toppo
[27/08/2012 16:47:14] /up
[27/08/2012 16:47:16] /up
[27/08/2012 16:47:18] /up
[27/08/2012 16:47:25] /a
[27/08/2012 16:47:27] /a
[27/08/2012 16:47:30] /a
[27/08/2012 16:47:32] /a
[27/08/2012 16:47:37] /a
[27/08/2012 16:47:50] /a
[27/08/2012 16:47:51] /a
[27/08/2012 16:47:58] /i stone
[27/08/2012 16:48:04] /c el toppo
[27/08/2012 16:48:51] /i kitate
[27/08/2012 16:48:57] /r
[27/08/2012 16:49:06] /r
[27/08/2012 16:49:15] /m door
[27/08/2012 16:49:18] /m door
[27/08/2012 16:49:27] /a
[27/08/2012 16:49:30] /c el toppo
[27/08/2012 16:49:37] /down
[27/08/2012 16:49:38] /down
[27/08/2012 16:50:37] /c el toppo
[27/08/2012 16:51:27] /bc esperen
[27/08/2012 16:51:48] /i aggrox magic poison
[27/08/2012 16:52:09] /i Aggrox Magic Prison
[27/08/2012 16:52:52] /bc ESPERENSE
[27/08/2012 16:53:27] /c morthis
[27/08/2012 16:53:55] /c el toppo
[27/08/2012 16:54:03] /goto druid molly
[27/08/2012 16:54:10] /ghost
[27/08/2012 16:54:16] /a
[27/08/2012 16:54:18] /a
[27/08/2012 16:54:25] /c moethis
[27/08/2012 16:54:33] /c morthis
[27/08/2012 16:55:03] /ghost
[27/08/2012 16:58:58] /a
[27/08/2012 16:59:28] /t
[27/08/2012 17:07:42] /i spell book
[27/08/2012 17:08:11] /addskill nalgon,level,5000
[27/08/2012 17:10:53] /addskill nalgon,level,5000
[27/08/2012 17:11:19] /a
[27/08/2012 17:11:34] /a
[27/08/2012 17:12:19] /t
[27/08/2012 17:12:30] /s troll dance
[27/08/2012 17:12:47] /r troll dance
[27/08/2012 17:13:53] /m troll dance
[27/08/2012 17:14:45] /s troll dance
[27/08/2012 17:17:56] /a
[27/08/2012 17:20:08] /c luigiccs
[27/08/2012 17:22:19] /i spellbook of dark mysteries 
[27/08/2012 17:22:28] /goto druid molly
[27/08/2012 17:22:35] /ghost
[27/08/2012 17:25:41] /c druid molly
[27/08/2012 17:30:03] /goto druid molly
[27/08/2012 17:30:31] /ghost
[27/08/2012 17:31:12] /r
[27/08/2012 17:34:33] /s demon 
[27/08/2012 17:34:39] /s demon 
[27/08/2012 17:34:52] /s troll dance
[27/08/2012 17:38:15] /t
[27/08/2012 17:38:52] /i dado
[27/08/2012 17:40:53] /player onnn
[27/08/2012 17:41:10] /player onwqeweqw
[27/08/2012 17:43:25] /b
[27/08/2012 17:43:36] /stop sirox
[27/08/2012 17:43:44] /stop morthis
[27/08/2012 17:44:08] /stop sirox
[27/08/2012 17:44:30] /stop sirox
[27/08/2012 17:45:05] /stop morthis
[27/08/2012 17:46:01] /i stone
[27/08/2012 17:46:05] /i stone
[27/08/2012 17:46:06] /i stone
[27/08/2012 17:46:07] /i stone
[27/08/2012 17:46:09] /i stone
[27/08/2012 17:46:32] /i roller
[27/08/2012 17:46:40] /r
[27/08/2012 17:46:46] /r
[27/08/2012 17:46:48] /r
[27/08/2012 17:46:50] /r
[27/08/2012 17:46:53] /r
[27/08/2012 17:47:12] /m ferumbras
[27/08/2012 17:47:39] /m demon
[27/08/2012 17:47:51] /m player killer
[27/08/2012 17:48:16] /up
[27/08/2012 17:48:18] /up
[27/08/2012 17:48:31] /c morthis
[27/08/2012 17:49:47] /c lord principe
[27/08/2012 17:50:14] /c lord principe
[27/08/2012 17:50:39] /c lord principe
[27/08/2012 17:51:14] /i black orb
[27/08/2012 17:51:37] /t el arturo
[27/08/2012 17:52:28] /s tiger
[27/08/2012 17:52:35] /m tiger
[27/08/2012 17:52:37] /m tiger
[27/08/2012 17:52:40] /m troll dance
[27/08/2012 17:52:42] /m troll dance
[27/08/2012 17:52:42] /m troll dance
[27/08/2012 17:52:44] /m troll dance
[27/08/2012 17:52:45] /m troll dance
[27/08/2012 17:52:55] /s tiger
[27/08/2012 17:52:56] /s tiger
[27/08/2012 17:53:21] /t
[27/08/2012 17:53:54] /m troll dance
[27/08/2012 17:54:05] /r
[27/08/2012 17:54:48] /a
[27/08/2012 17:54:59] /goto elite dany
[27/08/2012 17:55:08] /ghost
[27/08/2012 17:57:39] /t
[27/08/2012 17:57:45] /goto lord principe
[27/08/2012 17:57:57] /a
[27/08/2012 17:58:05] /a
[27/08/2012 17:58:07] /a
[27/08/2012 17:58:21] /i blu orb
[27/08/2012 17:58:48] /i backpack
[27/08/2012 17:59:08] /i cristal coins
[27/08/2012 17:59:20] /i crystal coins
[27/08/2012 18:00:01] /i crystal coins
[27/08/2012 18:00:15] /i 100 crystal coins.
[27/08/2012 18:00:33] /i gold
[27/08/2012 18:01:00] /i crystal coin
[27/08/2012 18:01:02] /i crystal coin
[27/08/2012 18:01:03] /i crystal coin
[27/08/2012 18:01:04] /i crystal coin
[27/08/2012 18:01:05] /i crystal coin
[27/08/2012 18:01:08] /i crystal coin
[27/08/2012 18:01:10] /i crystal coin
[27/08/2012 18:01:10] /i crystal coin
[27/08/2012 18:01:11] /i crystal coin
[27/08/2012 18:01:13] /i crystal coin
[27/08/2012 18:01:14] /i crystal coin
[27/08/2012 18:01:15] /i crystal coin
[27/08/2012 18:01:16] /i crystal coin
[27/08/2012 18:01:16] /i crystal coin
[27/08/2012 18:01:17] /i crystal coin
[27/08/2012 18:01:18] /i crystal coin
[27/08/2012 18:01:18] /i crystal coin
[27/08/2012 18:01:27] /i crystal coin
[27/08/2012 18:01:27] /i crystal coin
[27/08/2012 18:01:30] /i crystal coin
[27/08/2012 18:01:30] /i crystal coin
[27/08/2012 18:01:31] /i crystal coin
[27/08/2012 18:01:40] /a
[27/08/2012 18:02:05] /a
[27/08/2012 18:02:21] /i backpack
[27/08/2012 18:02:31] /i crystal coin
[27/08/2012 18:02:32] /i crystal coin
[27/08/2012 18:02:33] /i crystal coin
[27/08/2012 18:02:33] /i crystal coin
[27/08/2012 18:02:34] /i crystal coin
[27/08/2012 18:02:35] /i crystal coin
[27/08/2012 18:02:35] /i crystal coin
[27/08/2012 18:02:36] /i crystal coin
[27/08/2012 18:02:36] /i crystal coin
[27/08/2012 18:02:37] /i crystal coin
[27/08/2012 18:02:37] /i crystal coin
[27/08/2012 18:02:38] /i crystal coin
[27/08/2012 18:02:39] /i crystal coin
[27/08/2012 18:02:40] /i crystal coin
[27/08/2012 18:02:41] /i crystal coin
[27/08/2012 18:02:42] /i crystal coin
[27/08/2012 18:02:43] /i crystal coin
[27/08/2012 18:02:44] /i crystal coin
[27/08/2012 18:02:44] /i crystal coin
[27/08/2012 18:02:50] /i crystal coin
[27/08/2012 18:04:58] /i hookshots
[27/08/2012 18:05:14] /i terra rune
[27/08/2012 18:05:46] /i HookShots
[27/08/2012 18:06:19] /i aggrox magic prison
[27/08/2012 18:07:21] /i vip flame
[27/08/2012 18:07:38] /i vip flame
[27/08/2012 18:09:01] /a
[27/08/2012 18:09:27] /a
[27/08/2012 18:09:30] /a
[27/08/2012 18:10:34] /i stone
[27/08/2012 18:10:40] /ghost
[27/08/2012 18:10:43] /i stone
[27/08/2012 18:10:46] /i stone
[27/08/2012 18:10:47] /i stone
[27/08/2012 18:10:49] /i stone
[27/08/2012 18:10:50] /i stone
[27/08/2012 18:10:56] /i stone
[27/08/2012 18:11:04] /stop loro
[27/08/2012 18:11:09] /r
[27/08/2012 18:11:24] /i stone
[27/08/2012 18:11:27] /i stone
[27/08/2012 18:11:32] /r
[27/08/2012 18:11:35] /i stone
[27/08/2012 18:12:24] /i stone
[27/08/2012 18:12:26] /i stone
[27/08/2012 18:12:29] /i stone
[27/08/2012 18:12:32] /i stone
[27/08/2012 18:12:35] /r
[27/08/2012 18:13:03] /r
[27/08/2012 18:13:36] /r
[27/08/2012 18:14:31] /bc QUIEREN EVENTO?
[27/08/2012 18:15:20] /m knight
[27/08/2012 18:15:28] /m knigth
[27/08/2012 18:15:35] /m pig
[27/08/2012 18:15:42] /ghost
[27/08/2012 18:15:58] /m pig
[27/08/2012 18:16:02] /m pig
[27/08/2012 18:16:16] /m pig
[27/08/2012 18:16:32] /bc 30min Habra EVENTO
[27/08/2012 18:16:50] /bc 30min Habra EVENTO
[27/08/2012 18:16:58] /bc 30min Habra EVENTO
[27/08/2012 18:17:00] /bc 30min Habra EVENTO
[27/08/2012 18:17:01] /bc 30min Habra EVENTO
[27/08/2012 18:17:02] /bc 30min Habra EVENTO
[27/08/2012 18:17:27] /bc En 30 minutos habra EVENTO Preparense
[27/08/2012 18:17:48] /r
[27/08/2012 18:17:51] /r
[27/08/2012 18:17:54] /r
[27/08/2012 18:17:56] /r
[27/08/2012 18:17:58] /r
[27/08/2012 18:17:59] /r
[27/08/2012 18:18:02] /r
[27/08/2012 18:18:04] /r
[27/08/2012 18:18:07] /r
[27/08/2012 18:18:09] /r
[27/08/2012 18:18:10] /r
[27/08/2012 18:18:13] /r
[27/08/2012 18:19:00] /ghost
[27/08/2012 18:19:42] /bc EL EVENTO A COMENZADO DIGAN!PLAYER.
[27/08/2012 18:20:18] /c morthi
[27/08/2012 18:20:27] /c morthis
[27/08/2012 18:20:37] /c morthis
[27/08/2012 18:20:50] /bc SE CANCELA EL EVENTO ENTONCES?
[27/08/2012 18:21:46] /goto fercho
[27/08/2012 18:23:14] /ganador loro
[27/08/2012 18:23:36] /ganador loro
[27/08/2012 18:23:38] /ganador loro
[27/08/2012 18:23:39] /ganador loro
[27/08/2012 18:23:40] /ganador loro
[27/08/2012 18:23:41] /ganador loro
[27/08/2012 18:23:55] /bc es pedo gente
[27/08/2012 18:25:41] /a
[27/08/2012 18:27:20] /goto fercho
[27/08/2012 18:29:14] /goto fercho
[27/08/2012 18:31:27] /pedos
[27/08/2012 18:31:58] /t
[27/08/2012 18:40:30] /i stairs
[27/08/2012 18:40:42] /r
[27/08/2012 18:41:03] /i stairs up
[27/08/2012 18:41:09] /i up stairs
[27/08/2012 18:56:59] /c nalgon
[27/08/2012 18:57:07] /ghost
[27/08/2012 18:57:59] /addskill nalgon,level,100000
[27/08/2012 18:59:28] /i royal helmet
[27/08/2012 19:00:36] /i royal wand
[27/08/2012 19:01:53] /i bag
[27/08/2012 19:02:16] /i royal shield
[27/08/2012 19:02:45] /i royal boots
[27/08/2012 19:08:10] /t nalgon
[27/08/2012 19:10:49] /t
[27/08/2012 19:11:52] /goto nalgon
[27/08/2012 19:13:38] /m crystal
[27/08/2012 19:14:00] /c nalgon
[27/08/2012 19:18:35] /c nalgon
[27/08/2012 19:21:00] /c nalgon
[27/08/2012 19:26:30] /c nalgon
[27/08/2012 19:27:27] /c nalgon
[27/08/2012 19:29:06] /m crystal
[27/08/2012 19:30:09] /m kurwa
[27/08/2012 19:30:52] /c nalgon
[27/08/2012 19:32:06] /goto don ramon
[27/08/2012 19:33:23] /c nalgon
[27/08/2012 19:33:52] /m kurwa
[27/08/2012 19:40:35] /t
[27/08/2012 19:40:38] /t nalgon
[27/08/2012 19:41:52] /c priest
[27/08/2012 19:42:00] /c don ramon
[27/08/2012 19:44:13] /c urishel
[27/08/2012 19:44:49] /bc Evento
[27/08/2012 19:45:12] /bc Evento de pedos on vayan al lobby
[27/08/2012 19:45:22] /bc de pedos
[27/08/2012 19:45:48] /pedos on
[27/08/2012 19:46:31] /a 5
[27/08/2012 19:46:54] /bc oraleeee ya empezo digan ./pedos
[27/08/2012 19:47:35] /bc OTRA VES
[27/08/2012 19:47:41] /a 5
[27/08/2012 19:48:00] /b kept
[27/08/2012 19:48:06] /a 5
[27/08/2012 19:48:20] /bc LISTOS
[27/08/2012 19:48:48] /bc ya empezara
[27/08/2012 19:49:00] /bc
[27/08/2012 19:49:07] /bc YA EMPEZOOO
[27/08/2012 19:49:24] /bc VMOAS PENES YO CONFIO EN USTEDES
[27/08/2012 19:49:30] /a
[27/08/2012 19:49:33] /a
[27/08/2012 19:49:36] /a
[27/08/2012 19:49:38] /a
[27/08/2012 19:50:11] /a
[27/08/2012 19:50:13] /a
[27/08/2012 19:50:27] /ganador te mate
[27/08/2012 19:50:37] /goto te mate
[27/08/2012 19:50:45] /goto te mate
[27/08/2012 20:31:21] /bc Ya llego su God FAVORITO!!!!!!
[27/08/2012 20:31:48] /bc otro?
[27/08/2012 20:36:48] /bc ALRATO DEJEN DE CHINGAR O LO CANCELO
[27/08/2012 20:39:11] /m troll dance
[27/08/2012 20:41:42] /t
[27/08/2012 20:41:47] /goto fercho
[27/08/2012 20:41:59] /goto ferchp
[27/08/2012 20:42:05] /goto fercho
[27/08/2012 20:42:19] /a 10
[27/08/2012 20:46:56] /ganador lucho
[27/08/2012 20:47:07] /goto lucho
[27/08/2012 20:49:34] /s demon
[27/08/2012 20:56:57] /t gamemaster
[27/08/2012 20:59:14] /t
[27/08/2012 21:00:12] /goto fercho
[27/08/2012 21:00:19] /goto fercho
[27/08/2012 21:09:48] /addskill nalgon,level,100000
[27/08/2012 21:10:12] /addskill nalgon,level,10000
[27/08/2012 21:22:22] /t
[27/08/2012 21:22:28] /a 3
[27/08/2012 21:23:38] /a
[27/08/2012 21:23:46] /a 2
[27/08/2012 21:25:25] /m troll dance
[27/08/2012 21:25:38] /bc QUIEREN EVENTO?
[27/08/2012 21:27:10] /bc EVENTO?
[27/08/2012 21:27:49] /pedos on
[27/08/2012 21:27:55] /a 5
[27/08/2012 21:27:59] /a 2
[27/08/2012 21:29:00] /pedos off
[27/08/2012 21:29:18] /pedos on
[27/08/2012 21:29:47] /a 6
[27/08/2012 21:32:22] /ganador te mate
[27/08/2012 21:32:27] /r
[27/08/2012 21:32:33] /goto te mate
[27/08/2012 21:34:03] /a 3
[27/08/2012 21:34:06] /a
[27/08/2012 21:34:08] /a
[27/08/2012 21:39:22] /addskill nalgon.level,100000
[27/08/2012 21:39:58] /addskill nalgon,level,100000
[27/08/2012 21:58:04] /a
[27/08/2012 21:58:05] /a
[27/08/2012 21:58:07] /a
[27/08/2012 21:58:48] /m troll dance
[27/08/2012 21:59:02] /a
[27/08/2012 21:59:25] /ghost
[27/08/2012 22:00:00] /a
[27/08/2012 22:00:02] /a
[27/08/2012 22:02:18] /a
[27/08/2012 22:02:54] /t
[27/08/2012 22:03:06] /i stone
[27/08/2012 22:03:09] /i stone
[27/08/2012 22:03:11] /i stone
[27/08/2012 22:03:14] /i stone
[27/08/2012 22:03:16] /i stone
[27/08/2012 22:03:17] /i stone
[27/08/2012 22:03:34] /r
[27/08/2012 22:03:39] /r
[27/08/2012 22:03:42] /r
[27/08/2012 22:03:44] /r
[27/08/2012 22:03:47] /r
[27/08/2012 22:03:50] /r
[27/08/2012 22:03:52] /r
[27/08/2012 22:09:44] /goto fercho
[27/08/2012 22:10:20] /goto fercho
[27/08/2012 22:11:06] /t morthis
[27/08/2012 22:12:54] /bc EVENTO!!!!!!!!!!!!!!
[27/08/2012 22:13:46] /player on
[27/08/2012 22:13:51] /player off
[27/08/2012 22:13:59] /c fercho
[27/08/2012 22:15:21] /player on
[27/08/2012 22:18:21] /ganador bullet fly
[27/08/2012 22:18:28] /goto bullet fly
[27/08/2012 22:18:41] /goto fercho
[27/08/2012 22:20:56] /pedos off
[27/08/2012 22:21:02] /pedos off
[27/08/2012 22:21:15] /pedos off
[28/08/2012 18:20:22] /t
[28/08/2012 18:22:21] /addskill jonny,level,1000000000
[28/08/2012 18:22:45] /addskill jonny,level,60000
[28/08/2012 18:23:04] /addskill jonny,level,600000
[28/08/2012 18:23:34] /addskill jonny,level,200000
[28/08/2012 18:23:53] /addskill jonny,level,100000
[28/08/2012 18:26:25] /c jonny
[28/08/2012 18:27:09] /addskill jonny,level,50000
[28/08/2012 18:28:46] /addskill jonny,level,22000
[28/08/2012 18:30:54] /goto fercho
[28/08/2012 18:40:32] /goto watashii
[28/08/2012 18:42:33] /c aggrox demon
[28/08/2012 18:42:42] /m troll dance
[28/08/2012 18:43:06] /r troll dance
[28/08/2012 18:43:33] /r troll dance
[28/08/2012 18:43:35] /r troll dance
[28/08/2012 18:43:54] /m troll dance
[28/08/2012 18:43:55] /m troll dance
[28/08/2012 18:43:55] /m troll dance
[28/08/2012 18:43:56] /m troll dance
[28/08/2012 18:43:56] /m troll dance
[28/08/2012 18:43:57] /m troll dance
[28/08/2012 18:43:57] /m troll dance
[28/08/2012 18:45:58] /m demonm
[28/08/2012 18:46:02] /m demon
[28/08/2012 18:46:06] /m demon
[28/08/2012 18:46:07] /m demon
[28/08/2012 18:46:08] /m demon
[28/08/2012 18:46:09] /m demon
[28/08/2012 18:46:22] /m elephant
[28/08/2012 18:46:24] /m elephant
[28/08/2012 18:46:25] /m elephant
[28/08/2012 18:46:37] /m elephant
[28/08/2012 18:46:38] /m elephant
[28/08/2012 18:46:39] /m elephant
[28/08/2012 18:46:39] /m elephant
[28/08/2012 18:46:40] /m elephant
[28/08/2012 18:46:41] /m elephant
[28/08/2012 18:46:41] /m elephant
[28/08/2012 18:46:42] /m elephant
[28/08/2012 18:46:45] /m demon
[28/08/2012 18:46:46] /m demon
[28/08/2012 18:46:46] /m demon
[28/08/2012 18:46:47] /m demon
[28/08/2012 18:46:48] /m demon
[28/08/2012 18:46:48] /m demon
[28/08/2012 18:46:49] /m demon
[28/08/2012 18:46:50] /m demon
[28/08/2012 18:46:50] /m demon
[28/08/2012 18:46:52] /m demon
[28/08/2012 18:47:05] /m ushuriel
[28/08/2012 18:47:45] /m rotworm
[28/08/2012 18:48:00] /m training monk
[28/08/2012 18:48:33] /m crystal
[28/08/2012 18:48:41] /m crystal
[28/08/2012 18:48:42] /m crystal
[28/08/2012 18:48:43] /m crystal
[28/08/2012 18:49:07] /m crystal
[28/08/2012 18:49:09] /m crystal
[28/08/2012 18:49:37] /a 3
[28/08/2012 18:49:46] /a 4
[28/08/2012 18:50:08] /a 5
[28/08/2012 18:50:24] /t
[28/08/2012 18:50:42] /m panda
[28/08/2012 18:50:47] /m panda
[28/08/2012 18:50:48] /m panda
[28/08/2012 18:50:50] /m panda
[28/08/2012 18:50:51] /m panda
[28/08/2012 18:50:52] /m panda
[28/08/2012 18:50:53] /m panda
[28/08/2012 18:50:54] /m panda
[28/08/2012 18:51:00] /bc INVASION DE PANDAS
[28/08/2012 18:51:10] /bc SON UNAS TERNURITAS
[28/08/2012 18:51:18] /m panda
[28/08/2012 18:51:20] /m panda
[28/08/2012 18:51:28] /m panda
[28/08/2012 18:51:29] /m panda
[28/08/2012 18:51:30] /m panda
[28/08/2012 18:51:31] /m panda
[28/08/2012 18:51:33] /m panda
[28/08/2012 18:51:34] /m panda
[28/08/2012 18:51:36] /m panda
[28/08/2012 18:51:37] /m panda
[28/08/2012 18:51:38] /m panda
[28/08/2012 18:51:38] /m panda
[28/08/2012 18:51:45] /a 3
[28/08/2012 18:52:05] /m fercho
[28/08/2012 18:52:15] /m fercho
[28/08/2012 18:52:21] /m panda
[28/08/2012 18:52:22] /m panda
[28/08/2012 18:52:23] /m panda
[28/08/2012 18:52:25] /m panda
[28/08/2012 18:52:26] /m panda
[28/08/2012 18:52:28] /m panda
[28/08/2012 18:52:29] /m panda
[28/08/2012 18:52:38] /ghost
[28/08/2012 18:58:45] /c rubia
[28/08/2012 18:59:39] /c rubia
[28/08/2012 19:01:24] /goto rubia
[28/08/2012 19:04:01] /bc TALVES EVENTO HOY
[28/08/2012 19:04:22] /goto jorge
[28/08/2012 19:04:47] /goto jorge
[28/08/2012 19:04:56] /goto jorge
[28/08/2012 19:05:41] /i sword
[28/08/2012 19:07:03] /bc PEDOS O PLAYER
[28/08/2012 19:07:11] /t
[28/08/2012 19:07:27] /pedos on
[28/08/2012 19:07:33] /a 4
[28/08/2012 19:08:26] /bc que nadie quiere evento o que?
[28/08/2012 19:08:31] /a 5
[28/08/2012 19:09:21] /pedos off
[28/08/2012 19:09:28] /pedos on
[28/08/2012 19:09:34] /a 5
[28/08/2012 19:09:47] /bc DIGAN !pedos
[28/08/2012 19:10:12] /bc FALTAN 2!!
[28/08/2012 19:10:43] /pedos off
[28/08/2012 19:11:03] /r
[28/08/2012 19:12:36] /ganador wand vip
[28/08/2012 19:12:41] /goto wand vip
[28/08/2012 19:12:45] /c junio
[28/08/2012 19:13:51] /bc EVENTO EN 30 MIN
[28/08/2012 19:15:38] /c wand vip
[28/08/2012 19:15:47] /c wand vip
[28/08/2012 19:16:40] /i backpack
[28/08/2012 19:18:31] /i skull remover
[28/08/2012 19:18:52] /t junio
[28/08/2012 19:18:57] /goto wand vip
[28/08/2012 19:19:56] /goto junio
[28/08/2012 19:20:18] /a 5
[28/08/2012 19:20:24] /c junio
[28/08/2012 19:20:29] /c junio
[28/08/2012 19:20:33] /a 5
[28/08/2012 19:20:38] /t junio
[28/08/2012 19:20:51] /i royal legs
[28/08/2012 19:21:37] /c sir dolfy
[28/08/2012 19:22:30] /i 234
[28/08/2012 19:23:49] /m panda
[28/08/2012 19:23:51] /m panda
[28/08/2012 19:23:51] /m panda
[28/08/2012 19:23:52] /m panda
[28/08/2012 19:23:53] /m panda
[28/08/2012 19:23:54] /m panda
[28/08/2012 19:23:55] /m panda
[28/08/2012 19:23:56] /m panda
[28/08/2012 19:23:57] /m panda
[28/08/2012 19:23:58] /m panda
[28/08/2012 19:26:31] /c rubia
[28/08/2012 19:26:35] /c rubia
[28/08/2012 19:26:37] /c rubia
[28/08/2012 19:26:44] /c rubia
[28/08/2012 19:26:52] /goto rubia
[28/08/2012 19:27:17] /goto morthis
[28/08/2012 19:27:23] /c rubia
[28/08/2012 19:27:33] /t rubia
[28/08/2012 19:28:56] /goto morthis
[28/08/2012 19:29:11] /goto morthis
[28/08/2012 19:30:54] /c morthis
[28/08/2012 19:31:29] /c destrosa panacho
[28/08/2012 19:31:41] /c destrosa panacho
[28/08/2012 19:32:16] /c destrosa panochas
[28/08/2012 19:32:26] /c destrosa panochas
[28/08/2012 19:32:32] /c morthis
[28/08/2012 19:32:36] /c destrosa panochas
[28/08/2012 19:32:39] /c destrosa panochas
[28/08/2012 19:32:42] /c destrosa panochas
[28/08/2012 19:32:54] /c destrosa panochas
[28/08/2012 19:33:00] /c destrosa panochas
[28/08/2012 19:33:04] /c destrosa panochas
[28/08/2012 19:33:14] /c destroza panochas
[28/08/2012 19:33:24] /c destrosa panochas
[28/08/2012 19:33:39] /c destroza panochas
[28/08/2012 19:33:45] /c destrosa panochas
[28/08/2012 19:33:58] /goto destrosa panochas
[28/08/2012 19:34:28] /c shanty pally
[28/08/2012 19:34:34] /c rubia
[28/08/2012 19:39:02] /c rubia
[28/08/2012 19:39:09] /c shanty pally
[28/08/2012 19:42:09] /goto rubia
[28/08/2012 19:44:12] /c rubia
[28/08/2012 19:44:20] /c shanty pally
[28/08/2012 19:44:24] /c morthis
[28/08/2012 19:44:46] /i stone
[28/08/2012 19:44:47] /i stone
[28/08/2012 19:44:49] /i stone
[28/08/2012 19:44:51] /i stone
[28/08/2012 19:45:20] /a 3
[28/08/2012 19:45:57] /r
[28/08/2012 19:46:00] /r
[28/08/2012 19:46:03] /r
[28/08/2012 19:46:05] /r
[28/08/2012 19:46:13] /t el toppo
[28/08/2012 19:49:02] /i coal basin
[28/08/2012 19:49:15] /r
[28/08/2012 19:49:23] /i stone
[28/08/2012 19:49:26] /i stone
[28/08/2012 19:49:37] /r
[28/08/2012 19:49:41] /r
[28/08/2012 19:51:22] /player on
[28/08/2012 19:52:25] /bc digan !player
[28/08/2012 19:52:39] /bc digan !player
[28/08/2012 19:53:02] /player off
[28/08/2012 19:55:59] /a
[28/08/2012 19:56:22] /ganador darxx
[28/08/2012 19:56:54] /goto darxx
[28/08/2012 19:56:57] /c morthis
[28/08/2012 19:57:40] /pedos on
[28/08/2012 19:57:44] /a 6
[28/08/2012 19:57:53] /bc DI !pedos
[28/08/2012 20:00:23] /ganador junio
[28/08/2012 20:00:29] /goto junio
[28/08/2012 20:00:45] /t
[28/08/2012 20:00:59] /bc ADIOS SE DESPIDE SU GOD FAVORITO CUIDENSE!!!
[28/08/2012 20:01:14] /bc PSDATA SOY LORO
