[05/07/2012 00:21:04] /a 5
[05/07/2012 00:21:08] /a 5
[05/07/2012 00:21:13] /ghost
[05/07/2012 00:21:45] /r
[05/07/2012 00:21:54] /kick Don Ramon
[05/07/2012 00:22:05] /attr set attack 99999
[05/07/2012 00:22:58] /i 12604
[05/07/2012 00:23:00] /i 12605
[05/07/2012 00:23:02] /i 12606
[05/07/2012 00:23:03] /i 12607
[05/07/2012 00:23:55] /i 12603
[05/07/2012 00:24:07] /i 9020
[05/07/2012 00:24:08] /i 9020
[05/07/2012 00:24:09] /i 9020
[05/07/2012 00:27:13] /a -3
[05/07/2012 00:28:13] /newid 2160
[05/07/2012 00:28:21] /newid 4578
[05/07/2012 00:29:23] /stop
[05/07/2012 00:29:26] /stop lusifer
[05/07/2012 00:29:46] /stop Fernando
[05/07/2012 00:29:51] /stop lusifer
[05/07/2012 00:29:53] /stop lusifer
[05/07/2012 00:29:58] /stop Don Ramon
[05/07/2012 00:30:23] /stop Don Ramon
[05/07/2012 00:30:25] /stop Don Ramon
[05/07/2012 00:30:27] /stop Don Ramon
[05/07/2012 00:30:29] /stop Don Ramon
[05/07/2012 00:31:11] /namex Lusifer, Odlanyer
