[20/07/2010 14:38:29] /t
[20/07/2010 14:40:22] /i 2160
[20/07/2010 14:40:28] /i 2160
[20/07/2010 14:40:29] /i 2160
[20/07/2010 14:55:07] /t
[20/07/2010 14:56:57] /t
[20/07/2010 14:59:54] /goto
[20/07/2010 15:02:19] /t
[20/07/2010 15:12:02] /ghost
[20/07/2010 15:18:57] /ghost
[20/07/2010 15:19:00] /ghost
[20/07/2010 15:19:00] /ghost
[20/07/2010 15:19:02] /ghost
[20/07/2010 15:20:59] /b Ola a todos ^^
[20/07/2010 15:21:32] /b quieren evento ?
[20/07/2010 15:26:18] /goto  Hoster Aggresor
[20/07/2010 15:33:59] /i 2195
[20/07/2010 15:37:02] /goto  Hoster Aggresor
[20/07/2010 15:37:26] /i 8868
[20/07/2010 15:38:06] /i 7894
[20/07/2010 15:39:32] /b Cabrosss Hay Eventoooooo El que quiera diga  !participar
[20/07/2010 15:39:54] /b Cabrosss Hay Eventoooooo El que quiera diga  !participar
[20/07/2010 15:39:55] /b Cabrosss Hay Eventoooooo El que quiera diga  !participar
[20/07/2010 15:39:56] /b Cabrosss Hay Eventoooooo El que quiera diga  !participar
[20/07/2010 15:40:04] /t
[20/07/2010 15:40:12] /goto  Hoster Aggresor
[20/07/2010 15:40:17] /goto  Hoster Aggresor
[20/07/2010 16:10:15] /t
[20/07/2010 16:31:26] /b doy ayudas ligeras en las quest
[20/07/2010 16:31:31] /b doy ayudas ligeras en las quest
[20/07/2010 16:31:42] /b doy ayudas ligeras en las quest
