[07/07/2012 19:43:54] /ghost
[07/07/2012 19:44:48] /mode non pvp
[07/07/2012 19:45:05] /mode non-pvp
[07/07/2012 19:50:51] /goto Twisted Metal Black
[07/07/2012 20:01:16] /goto goku
[07/07/2012 20:01:19] /c goku
[07/07/2012 20:01:21] /c goku
[07/07/2012 20:01:22] /c goku
[07/07/2012 20:01:23] /c goku
[07/07/2012 20:01:24] /c goku
[07/07/2012 20:01:24] /c goku
[07/07/2012 20:01:25] /c goku
[07/07/2012 20:01:26] /c goku
[07/07/2012 20:01:27] /c goku
[07/07/2012 20:01:29] /r
[07/07/2012 20:01:35] /ban goku
[07/07/2012 20:09:39] /i royal wand
[07/07/2012 20:11:53] /reload weapons
[07/07/2012 20:11:58] /reload weapons
[07/07/2012 20:12:01] /reload items
[07/07/2012 20:12:11] /bc reset entren en 2 min
[07/07/2012 20:12:18] /bc reset entren en 2 min
[07/07/2012 20:19:05] /c puta patalize
[07/07/2012 20:19:12] /goto puta paralize
[07/07/2012 20:19:44] /ghost
[07/07/2012 20:19:51] /m training monk
[07/07/2012 20:20:31] /attr health -999
[07/07/2012 20:20:33] /attr health -99999
[07/07/2012 20:20:35] /attr health -99999
[07/07/2012 20:20:38] /attr health -99999
[07/07/2012 20:20:39] /attr health -99999
[07/07/2012 20:21:23] /attr health -9999
[07/07/2012 20:21:24] /attr health -9999
[07/07/2012 20:21:25] /attr health -9999
[07/07/2012 20:21:25] /attr health -9999
[07/07/2012 20:21:27] /attr health -99999999
[07/07/2012 20:22:00] /c puta paralize
[07/07/2012 20:25:40] /reload weapons
[07/07/2012 20:27:37] /i maxroyal wand
[07/07/2012 20:28:18] /ghost
[07/07/2012 20:28:26] /goto diablito
[07/07/2012 20:28:32] /goto puta paralize
[07/07/2012 20:28:49] /i 7873
[07/07/2012 20:28:54] /r
[07/07/2012 20:28:59] /r
[07/07/2012 20:29:58] /m blade
[07/07/2012 20:30:30] /r
[07/07/2012 20:30:34] /c puta paralize
[07/07/2012 20:30:36] /c minero
[07/07/2012 20:30:39] /m minero
[07/07/2012 20:31:31] /m blade
[07/07/2012 20:35:31] /ghost
[07/07/2012 20:58:29] /m training monk
[07/07/2012 21:06:55] /m training monk
[07/07/2012 21:13:07] /c diablito
[07/07/2012 21:15:38] /closeserver
[07/07/2012 21:30:04] /m training monk
[07/07/2012 21:30:08] /c don ramon
[07/07/2012 21:36:57] /t
[07/07/2012 21:38:35] /goto don rmaon
[07/07/2012 21:38:38] /goto don ramon
[07/07/2012 21:40:29] /goto yesh
[07/07/2012 21:47:16] /goto don ramon
[07/07/2012 21:48:55] /ghost
[07/07/2012 21:49:01] /ghost
[07/07/2012 21:49:56] /c don ramon
[07/07/2012 21:51:25] /a
[07/07/2012 21:51:31] /m training monl
[07/07/2012 21:51:35] /m training monk
[07/07/2012 21:51:42] /r
[07/07/2012 21:51:51] /a
[07/07/2012 21:55:48] /player on
[07/07/2012 21:55:50] /player off
[07/07/2012 21:56:02] /c don ramon
[07/07/2012 21:57:45] /goto yesh
[07/07/2012 21:57:55] /goto don ramon
[07/07/2012 21:58:20] /goto yesh
[07/07/2012 21:58:22] /goto yesh
[07/07/2012 21:58:28] /goto yesh
[07/07/2012 21:58:29] /goto yesh
[07/07/2012 21:58:36] /goto yesh
[07/07/2012 21:58:37] /goto yesh
[07/07/2012 21:58:39] /goto yesh
[07/07/2012 21:58:41] /goto yesh
[07/07/2012 21:58:44] /goto yesh
[07/07/2012 21:58:50] /goto don ramon
[07/07/2012 21:59:07] /bc no hay ese evento noob
[07/07/2012 21:59:23] /m training monk
[07/07/2012 22:15:32] /goto puta paralize
[07/07/2012 22:15:34] /ghost
[07/07/2012 22:47:19] /goto puta paralize
[07/07/2012 22:47:32] /ghost
[07/07/2012 22:47:59] /c Velth Menth
[07/07/2012 22:50:21] /goto puta paralize
[07/07/2012 22:51:47] /bc reset
[07/07/2012 22:54:00] /i royal sword
[07/07/2012 23:02:15] /i 8990
[07/07/2012 23:02:21] /r
[07/07/2012 23:02:27] /i 8980
[07/07/2012 23:04:41] /reload actions
[07/07/2012 23:07:31] /t
[07/07/2012 23:07:35] /r
[07/07/2012 23:07:37] /ghost
[07/07/2012 23:11:21] /i underworld rod
[07/07/2012 23:14:21] /reload items
[07/07/2012 23:22:56] /goto puta paralize
[07/07/2012 23:23:10] /r
[07/07/2012 23:23:17] /goto puta paralize
[07/07/2012 23:29:34] /goto puta paralize
[07/07/2012 23:31:35] /m minero
[07/07/2012 23:38:22] /goto puta paralize
[07/07/2012 23:40:34] /t puta paralize
[08/07/2012 00:15:01] /ghost
[08/07/2012 00:45:19] /goto dark slice
[08/07/2012 00:45:22] /ghost
[08/07/2012 00:45:24] /goto dark slice
[08/07/2012 00:45:26] /goto dark slice
[08/07/2012 00:45:27] /goto dark slice
[08/07/2012 00:45:28] /goto dark slice
[08/07/2012 00:45:29] /goto dark slice
[08/07/2012 00:45:31] /ghost
[08/07/2012 01:25:09] /clean
[08/07/2012 01:41:38] /goto zaraki kempachi
[08/07/2012 02:44:29] /ban good
[08/07/2012 02:49:38] /m royal druid
[08/07/2012 02:53:59] /m royal druid
[08/07/2012 02:55:48] /m crytal
[08/07/2012 02:55:50] /m crytal
[08/07/2012 02:55:54] /m crystal
[08/07/2012 02:56:39] /m crystal
[08/07/2012 03:55:29] /ghost
[08/07/2012 03:56:19] /m training monl
[08/07/2012 03:56:21] /m training monk
[08/07/2012 03:57:58] /c iron man
[08/07/2012 04:17:37] /m royal druid
[08/07/2012 04:22:48] /m royal druid
[08/07/2012 04:24:50] /bc green ;kurwa
[08/07/2012 04:25:14] /bc green ;kurwa
[08/07/2012 04:25:15] /bc green ;kurwa
[08/07/2012 04:25:16] /bc green ;kurwa
[08/07/2012 04:29:27] /a
[08/07/2012 04:30:40] /m training monk
[08/07/2012 04:30:43] /clean
[08/07/2012 04:31:45] /r
[08/07/2012 04:31:46] /r
[08/07/2012 04:31:47] /r
[08/07/2012 04:31:50] /r
[08/07/2012 04:34:01] /a
[08/07/2012 04:34:02] /a
[08/07/2012 04:34:03] /a
[08/07/2012 04:34:03] /a
[08/07/2012 17:23:11] /ghost
[08/07/2012 17:23:17] /ghost
[08/07/2012 17:26:49] /i emerald bangle
[08/07/2012 17:31:36] /a
[08/07/2012 17:31:38] /a
[08/07/2012 18:05:36] /mc
[08/07/2012 18:08:50] /ghost
[08/07/2012 18:11:26] /makesay por un pendejo, eh pinche culero me la pelas
[08/07/2012 18:11:33] /makesay por un pendejo, eh pinche culero me la pelas
[08/07/2012 18:11:41] /makesay por un pendejo, eh pinche culero me la pelas
[08/07/2012 18:11:47] /makesay por un pendejo, eh pinche culero me la pelas che twisted
[08/07/2012 18:11:51] /makesay por un pendejo, eh pinche culero me la pelas che twisted de mierda
[08/07/2012 18:11:56] /makesay por un pendejo, eh pinche culero me la pelas che twisted de mierda rebeccon
[08/07/2012 18:11:57] /makesay por un pendejo, eh pinche culero me la pelas che twisted de mierda rebeccon
[08/07/2012 18:11:58] /makesay por un pendejo, eh pinche culero me la pelas che twisted de mierda rebeccon
[08/07/2012 18:12:04] /makesay por un pendejo, eh pinche culero me la pelas che twisted de mierda rebeccon de mierda
[08/07/2012 18:12:19] /makesay por un pendejo, asjd
[08/07/2012 18:12:25] /makesay por un pendejo, asjd
[08/07/2012 18:12:26] /makesay por un pendejo, asjdasd
[08/07/2012 18:12:28] /makesay por un pendejo, asjdasdSadasdasdas
[08/07/2012 18:12:30] /makesay por un pendejo, asjdasdSadasdasdasasdasdasd
[08/07/2012 18:12:38] /makesay por un pendejo, toy mas loco que la chignada
[08/07/2012 18:12:41] /makesay por un pendejo, toy mas loco que la chignada 
[08/07/2012 18:12:41] /makesay por un pendejo, toy mas loco que la chignada 
[08/07/2012 18:12:46] /makesay por un pendejo, toy mas loco que la chignada  me la jalo machin
[08/07/2012 18:12:47] /makesay por un pendejo, toy mas loco que la chignada  me la jalo machin
[08/07/2012 18:12:48] /makesay por un pendejo, toy mas loco que la chignada  me la jalo machin
[08/07/2012 18:12:54] /makesay por un pendejo, toy mas loco que la chignada  me la jalo machin
[08/07/2012 18:12:58] /makesay por un pendejo, toy mas loco que la chignada  me la jalo machin
[08/07/2012 18:13:02] /makesay por un pendejo, toy mas loco que la chignada  me la jalo machin
[08/07/2012 18:48:02] /goto zaraki kempachi
[08/07/2012 18:48:15] /goto twisted metal black
[08/07/2012 18:49:04] /goto twisted metal black
[08/07/2012 18:49:09] /goto twisted metal black
[08/07/2012 18:49:10] /t
[08/07/2012 19:14:48] /ghost
[08/07/2012 19:15:02] /goto twisted metal black
[08/07/2012 19:15:09] /r
[08/07/2012 19:15:18] /t
[08/07/2012 19:15:21] /ghost
[08/07/2012 19:39:12] /goto 
[08/07/2012 20:03:10] /goto don ramon
[08/07/2012 20:07:37] /kick Alaken
[08/07/2012 21:09:11] /ghost
[08/07/2012 21:11:30] /unban tu papa
[08/07/2012 21:22:36] /drop diablito
[08/07/2012 21:27:44] /stop Halibel schiffer
[08/07/2012 21:38:14] /a 2
[08/07/2012 21:38:17] /a 2
[08/07/2012 21:38:26] /i 7409
[08/07/2012 21:39:17] /ghost
[08/07/2012 21:41:34] /bc green;ya va a empezar la familia peluche
[08/07/2012 21:41:35] /bc green;ya va a empezar la familia peluche
[08/07/2012 21:41:36] /bc green;ya va a empezar la familia peluche
[08/07/2012 21:54:21] /ghost
[08/07/2012 21:55:50] /attr group 5
[08/07/2012 22:01:23] /attr  group 6
[08/07/2012 22:15:34] /ghost
[08/07/2012 22:47:21] /i 9454
[08/07/2012 22:47:23] /r
[08/07/2012 23:05:37] /i magic forcefield
[08/07/2012 23:06:08] /i 10013
[08/07/2012 23:06:15] /i 2360
[08/07/2012 23:06:26] /r
[08/07/2012 23:06:28] /r
[08/07/2012 23:06:29] /r
[08/07/2012 23:06:30] /r
[08/07/2012 23:06:37] /i 2360
[08/07/2012 23:06:42] /i magic forcefield
[08/07/2012 23:09:22] /newtype 131
[08/07/2012 23:10:43] /reload monster
[08/07/2012 23:11:12] /s training monk
[08/07/2012 23:11:20] /c legendary knight
[08/07/2012 23:11:25] /m legendary knight
[08/07/2012 23:11:34] /r
[08/07/2012 23:12:58] /reload monsters
[08/07/2012 23:13:16] /m legendary knight
[08/07/2012 23:13:35] /c Przelece Cie Jednym 
[08/07/2012 23:20:24] /m voodo doll
[08/07/2012 23:20:30] /i voodo doll
[08/07/2012 23:22:09] /c radius="3"
[08/07/2012 23:22:21] /up
[08/07/2012 23:22:22] /up
[08/07/2012 23:22:29] /down
[08/07/2012 23:24:57] /reload monsters
[08/07/2012 23:25:16] /m training monk
[08/07/2012 23:25:23] /s legendary knight
[08/07/2012 23:27:32] /r
[08/07/2012 23:27:34] /r
[08/07/2012 23:27:35] /r
[08/07/2012 23:27:35] /r
[08/07/2012 23:27:42] /reload monsters
[08/07/2012 23:27:55] /m legendary knight
[08/07/2012 23:28:06] /s legendary knight
[08/07/2012 23:28:38] /c Przelece Cie Jednym
[08/07/2012 23:33:17] /m legendary knight
[08/07/2012 23:33:22] /s legendary knight
[08/07/2012 23:44:26] /reload monsters
[08/07/2012 23:44:47] /s legendary knight
[08/07/2012 23:53:17] /goto tu papa
[08/07/2012 23:55:07] /r
[08/07/2012 23:55:08] /r
[08/07/2012 23:55:13] /r
[08/07/2012 23:55:14] /r
[08/07/2012 23:55:15] /r
[08/07/2012 23:55:16] /r
[08/07/2012 23:55:17] /r
[08/07/2012 23:55:48] /m legendary knight
[08/07/2012 23:56:39] /m royal druid
[08/07/2012 23:57:43] /r
[08/07/2012 23:58:06] /goto 55000100
[08/07/2012 23:58:12] /goto 55000100
[08/07/2012 23:58:14] /goto Przelece Cie Jednym
[08/07/2012 23:59:51] /t
[08/07/2012 23:59:56] /goto iron man
[09/07/2012 00:00:37] /a
[09/07/2012 00:00:42] /ghost
[09/07/2012 00:06:23] /clean
[09/07/2012 00:06:27] /clean
[09/07/2012 00:06:29] /clean
[09/07/2012 00:06:31] /clean
[09/07/2012 00:06:32] /clean
[09/07/2012 00:06:43] /clean
[09/07/2012 00:08:06] /clean
[09/07/2012 00:08:08] /clean
[09/07/2012 00:08:43] /clean
[09/07/2012 00:08:51] /clean
[09/07/2012 00:08:55] /clean
[09/07/2012 00:08:56] /clean
[09/07/2012 00:08:57] /clean
[09/07/2012 00:08:58] /clean
[09/07/2012 00:08:59] /clean
[09/07/2012 00:09:00] /clean
[09/07/2012 00:09:01] /clean
[09/07/2012 00:09:02] /clean
[09/07/2012 00:09:03] /clean
[09/07/2012 00:09:04] /clean
[09/07/2012 00:09:05] /clean
[09/07/2012 00:09:06] /clean
[09/07/2012 00:09:07] /clean
[09/07/2012 00:09:08] /clean
[09/07/2012 00:09:09] /clean
[09/07/2012 00:09:10] /clean
[09/07/2012 00:09:11] /clean
[09/07/2012 00:09:33] /clean
[09/07/2012 00:09:45] /clean
[09/07/2012 00:09:48] /clean
[09/07/2012 00:11:50] /ghost
[09/07/2012 00:11:58] /ghost
[09/07/2012 00:12:09] /ghost
[09/07/2012 00:12:27] /ghost
[09/07/2012 00:12:35] /a
[09/07/2012 00:14:34] /a
[09/07/2012 00:14:35] /a
[09/07/2012 01:37:14] /i bone shield
[09/07/2012 01:37:16] /c alaken
[09/07/2012 02:22:25] /goto master god
[09/07/2012 02:22:31] /goto Przelece Cie Jednym
[09/07/2012 02:22:33] /goto Przelece Cie Jednym
[09/07/2012 02:22:35] /goto Przelece Cie Jednym
[09/07/2012 02:22:39] /down
[09/07/2012 02:22:45] /c Przelece Cie Jednym
[09/07/2012 02:36:26] /t
[09/07/2012 02:36:45] /goto black of sunny
[09/07/2012 02:36:46] /t
[09/07/2012 02:36:49] /goto laken
[09/07/2012 02:36:52] /goto alaken
[09/07/2012 02:36:53] /t
[09/07/2012 02:37:00] /goto princess of ross
[09/07/2012 02:37:02] /t
[09/07/2012 02:40:15] /goto alaken
[09/07/2012 02:40:16] /t
[09/07/2012 03:02:04] /t alaken
[09/07/2012 10:11:39] /ghost
[09/07/2012 10:35:48] /t
[09/07/2012 10:36:39] /r
[09/07/2012 10:36:56] /r
[09/07/2012 10:36:58] /r
[09/07/2012 10:37:00] /a
[09/07/2012 10:37:02] /up
[09/07/2012 10:37:35] /t
[09/07/2012 10:57:49] /goto zaraki kempachi
[09/07/2012 10:58:04] /t
[09/07/2012 11:40:52] /ghost
[09/07/2012 12:02:30] /ghost
[09/07/2012 12:04:49] /ghost
[09/07/2012 12:06:42] /newtype 134
[09/07/2012 12:13:54] /m crystal
[09/07/2012 12:15:21] /m legendary knight
[09/07/2012 12:16:39] /m royal druid
[09/07/2012 12:17:53] /attr set attack 999999
[09/07/2012 13:23:16] /bc reset
[09/07/2012 13:23:19] /bc reset
[09/07/2012 13:26:03] /ghost
[09/07/2012 13:26:09] /up
[09/07/2012 13:26:21] /r
[09/07/2012 13:27:54] /ban andres
[09/07/2012 13:28:00] /goto akateron
[09/07/2012 13:28:09] /owner akateron
[09/07/2012 13:28:12] /owner akateron
[09/07/2012 13:28:14] /owner akateron
[09/07/2012 13:28:20] /owner akateron
[09/07/2012 13:28:22] /owner akateron
[09/07/2012 13:28:31] /t
[09/07/2012 13:36:26] /goto zanetty
[09/07/2012 13:36:46] /a 2
[09/07/2012 13:42:22] /bc reset
[09/07/2012 13:52:58] /goto zanetty
[09/07/2012 13:53:09] /goto zanetty
[09/07/2012 13:55:18] /a
[09/07/2012 14:05:51] /ghost
[09/07/2012 14:09:46] /ghost
[09/07/2012 14:56:09] /goto twisted metal black
[09/07/2012 14:56:11] /goto twisted metal black
[09/07/2012 14:56:25] /t
[09/07/2012 14:57:09] /a
[09/07/2012 14:57:44] /ghost
[09/07/2012 14:57:52] /ghost
[09/07/2012 15:00:36] /r
[09/07/2012 15:00:38] /r
[09/07/2012 15:00:43] /i 6915
[09/07/2012 15:01:55] /a
[09/07/2012 15:05:05] /t
[09/07/2012 15:07:14] /clean
[09/07/2012 15:26:34] /i chest
[09/07/2012 15:26:48] /attr uniqueid 2160
[09/07/2012 15:27:00] /attr action 2160
[09/07/2012 15:46:15] /t Twisted Metal Black
[09/07/2012 15:46:47] /goto Twisted Metal Black
[09/07/2012 15:46:52] /goto Twisted Metal Black
[09/07/2012 15:46:54] /goto Twisted Metal Black
[09/07/2012 15:46:56] /r
[09/07/2012 15:46:58] /r
[09/07/2012 15:47:01] /t
[09/07/2012 16:47:42] /clean
[09/07/2012 16:59:01] /i infernal bolt
[09/07/2012 17:30:57] /clean
[09/07/2012 19:40:54] /clean
[09/07/2012 19:44:11] /b e batos reset para tratar de kitar el lag
[09/07/2012 19:44:30] /bc resetiarie mi compu entren en 6 min
[09/07/2012 19:44:44] /bc green;resetiarie mi compu entren en 6 min
[09/07/2012 19:51:43] /ghost
[09/07/2012 20:04:29] /drop el mercenario
[09/07/2012 20:13:01] /goto iron man
[09/07/2012 20:14:14] /a 10
[09/07/2012 20:14:17] /up
[09/07/2012 20:14:18] /up
[09/07/2012 20:14:21] /up
[09/07/2012 20:14:27] /c don ramon
[09/07/2012 20:16:01] /newid 5070
[09/07/2012 20:16:04] /t
[09/07/2012 20:16:10] /a
[09/07/2012 20:17:53] /newid 430
[09/07/2012 20:22:02] /newid 460
[09/07/2012 20:22:04] /goto don ramon
[09/07/2012 20:22:19] /goto diablito
[09/07/2012 20:22:41] /t
[09/07/2012 20:22:49] /a
[09/07/2012 20:25:13] /newid 7718
[09/07/2012 20:29:25] /goto diablito
[09/07/2012 20:30:03] /t
[09/07/2012 20:30:42] /r
[09/07/2012 20:30:45] /r
[09/07/2012 20:30:47] /r
[09/07/2012 20:31:03] /newid 11515
[09/07/2012 20:31:11] /newid 8781
[09/07/2012 20:34:07] /newid 7512
[09/07/2012 20:35:20] /newid 8047
[09/07/2012 20:35:51] /newid 7132
[09/07/2012 20:36:02] /goto diablito
[09/07/2012 20:36:12] /t
[09/07/2012 20:36:25] /bc se
[09/07/2012 20:37:05] /a
[09/07/2012 20:37:34] /a
[09/07/2012 20:37:36] /a
[09/07/2012 20:38:03] /attr action 501
[09/07/2012 20:38:11] /i 7132
[09/07/2012 20:38:17] /attr action 503
[09/07/2012 20:38:23] /attr action 503
[09/07/2012 20:38:24] /attr action 503
[09/07/2012 20:38:30] /goto diablito
[09/07/2012 20:38:35] /t
[09/07/2012 20:38:41] /goto don ramon
[09/07/2012 20:39:16] /i 7132
[09/07/2012 20:42:05] /a
[09/07/2012 20:42:57] /ghost
[09/07/2012 20:43:02] /goto iron man
[09/07/2012 20:43:23] /newid 2731
[09/07/2012 20:57:18] /goto puta paralize
[09/07/2012 21:07:43] /clean
[09/07/2012 21:08:49] /goto puta paralize
[09/07/2012 21:08:59] /goto diablito
[09/07/2012 21:09:03] /t
[09/07/2012 21:09:23] /goto puta paralize
[09/07/2012 21:09:42] /i crossbow
[09/07/2012 21:10:31] /addskill mastergod
[09/07/2012 21:10:43] /addskill mastergod,distance,500
[09/07/2012 21:11:09] /addskill mastergod,distance,50
[09/07/2012 21:11:11] /addskill mastergod,distance,50
[09/07/2012 21:11:12] /addskill mastergod,distance,50
[09/07/2012 21:11:12] /addskill mastergod,distance,50
[09/07/2012 21:11:13] /addskill mastergod,distance,50
[09/07/2012 21:11:16] /addskill mastergod,distance,100
[09/07/2012 21:11:19] /addskill mastergod,distance,10
[09/07/2012 21:11:20] /addskill mastergod,distance,10
[09/07/2012 21:11:21] /addskill mastergod,distance,10
[09/07/2012 21:11:21] /addskill mastergod,distance,10
[09/07/2012 21:23:52] /goto diablito
[09/07/2012 21:37:01] /newid 277
[09/07/2012 21:37:10] /newid 2077
[09/07/2012 22:27:41] /clean
[09/07/2012 22:29:04] /ghost
[09/07/2012 22:29:18] /newid 6537
[09/07/2012 22:52:07] /i 6537
[09/07/2012 23:00:18] /t http://www.blacktibia.org/t10513
[09/07/2012 23:00:23] /t Darck Tentation
[09/07/2012 23:00:28] /t Darck Tentation
[09/07/2012 23:15:33] /i 7121
[09/07/2012 23:15:33] /i 7121
[09/07/2012 23:15:33] /i 7121
[09/07/2012 23:15:33] /i 7121
[09/07/2012 23:15:34] /i 7121
[09/07/2012 23:15:34] /i 7121
[09/07/2012 23:18:39] /clean
[09/07/2012 23:18:43] /clean
[09/07/2012 23:51:03] /goto Karlaa Xx
[09/07/2012 23:51:05] /goto Karlaa Xx
[09/07/2012 23:51:11] /goto Karlaa Xx
[09/07/2012 23:51:13] /goto Karlaa Xx
[09/07/2012 23:51:14] /goto Karlaa Xx
[09/07/2012 23:51:18] /goto Karlaa Xx
[09/07/2012 23:51:21] /goto Karlaa Xx
[09/07/2012 23:51:26] /goto Karlaa Xx
[09/07/2012 23:51:28] /goto Karlaa Xx
[09/07/2012 23:51:30] /goto Karlaa Xx
[09/07/2012 23:51:32] /goto Karlaa Xx
[09/07/2012 23:51:34] /goto Karlaa Xx
[09/07/2012 23:51:35] /goto Karlaa Xx
[09/07/2012 23:51:50] /n  decoration seller
[09/07/2012 23:52:09] /goto don ramon
[10/07/2012 00:01:43] /r
[10/07/2012 00:01:45] /r
[10/07/2012 00:01:46] /r
[10/07/2012 00:01:48] /r
[10/07/2012 00:01:50] /r
[10/07/2012 00:08:20] /goto don ramon
[10/07/2012 00:08:25] /t
[10/07/2012 00:08:38] /goto don ramon
[10/07/2012 00:08:43] /up
[10/07/2012 00:08:45] /up
[10/07/2012 00:08:46] /up
[10/07/2012 00:18:52] /mc
[10/07/2012 00:19:43] /t
[10/07/2012 00:19:52] /up
[10/07/2012 00:21:07] /a
[10/07/2012 00:21:16] /a
[10/07/2012 00:23:55] /save
[10/07/2012 00:24:22] /ban tire el ot
[10/07/2012 00:30:43] /ban Panhrak
[10/07/2012 00:37:59] /i 1113
[10/07/2012 00:46:03] /i magma helmet
[10/07/2012 00:46:27] /i magma monocle
[10/07/2012 01:03:39] /goto pulluelo
[10/07/2012 01:03:54] /goto polluelo
[10/07/2012 01:03:59] /i 2157
[10/07/2012 01:04:27] /t
[10/07/2012 01:04:50] /reload movements
[10/07/2012 01:05:10] /attr action 24050
[10/07/2012 01:05:31] /r
[10/07/2012 01:05:40] /i  9144
[10/07/2012 01:07:25] /attr action 24050
[10/07/2012 01:08:13] /ghost
[10/07/2012 01:08:50] /ghost
[10/07/2012 01:11:16] /m exp bug
[10/07/2012 01:11:25] /goto don ramon
[10/07/2012 01:11:38] /attr action 24050
[10/07/2012 01:14:50] /up
[10/07/2012 01:16:37] /i 2328
[10/07/2012 01:19:32] /i 1012
[10/07/2012 01:22:30] /i 1510
[10/07/2012 01:22:36] /r
[10/07/2012 01:23:30] /i 10217
[10/07/2012 01:23:34] /r
[10/07/2012 01:27:05] /i 2109
[10/07/2012 01:27:48] /i 2109
[10/07/2012 01:27:54] /attr action
[10/07/2012 01:28:24] /attr action 10205
[10/07/2012 01:28:28] /goto don ramon
[10/07/2012 01:29:14] /goto don ramon
[10/07/2012 01:29:29] /goto dark slice
[10/07/2012 01:31:15] /i 7266
[10/07/2012 01:32:47] /attr action 5582
[10/07/2012 01:32:49] /attr action 5582
[10/07/2012 01:33:53] /reload movements
[10/07/2012 01:34:57] /attr action 24051
[10/07/2012 01:35:02] /t
[10/07/2012 01:35:07] /attr action 24051
[10/07/2012 01:35:13] /attr action 24051
[10/07/2012 01:35:18] /attr action 24051
[10/07/2012 01:35:22] /goto don ramon
[10/07/2012 01:35:40] /i 6666
[10/07/2012 01:35:43] /i 6666
[10/07/2012 01:35:46] /i 6666
[10/07/2012 01:35:51] /i 6666
[10/07/2012 01:35:52] /i 6666
[10/07/2012 01:35:55] /i 6666
[10/07/2012 01:35:56] /i 6666
[10/07/2012 01:36:12] /attr action 2500
[10/07/2012 01:36:24] /attr action 2500
[10/07/2012 01:36:34] /attr action 2500
[10/07/2012 01:37:43] /reload movements
[10/07/2012 01:37:50] /attr action 2500
[10/07/2012 01:37:53] /attr action 2500
[10/07/2012 01:38:00] /attr action 2500
[10/07/2012 01:38:01] /attr action 2500
[10/07/2012 01:38:02] /attr action 2500
[10/07/2012 01:38:03] /attr action 2500
[10/07/2012 01:38:05] /attr action 2500
[10/07/2012 01:38:40] /attr action 10205
[10/07/2012 01:38:51] /goto don ramon
[10/07/2012 01:39:09] /attr action 1031
[10/07/2012 01:39:18] /goto don ramon
[10/07/2012 01:39:24] /r 100
[10/07/2012 01:39:38] /c iron man
[10/07/2012 01:39:42] /ghost
[10/07/2012 01:39:45] /ghost
[10/07/2012 01:42:48] /attr action 904
[10/07/2012 01:43:19] /attr action 904
[10/07/2012 01:44:14] /goto don ramon
[10/07/2012 01:44:24] /goto iron man
[10/07/2012 01:44:34] /goto iron man
[10/07/2012 01:47:50] /attr action 17208
[10/07/2012 01:48:00] /attr action 17208
[10/07/2012 01:48:04] /attr action 17208
[10/07/2012 02:04:53] /attr group 6
[10/07/2012 02:15:22] /r
[10/07/2012 02:26:14] /goto iron man
[10/07/2012 02:54:51] /goto odio
[10/07/2012 12:44:51] /t
[10/07/2012 12:45:00] /ghost
[10/07/2012 12:52:25] /goto zaraki kempachi
[10/07/2012 12:52:30] /goto zaraki kempachi
[10/07/2012 12:52:34] /goto zaraki kempachi
[10/07/2012 12:52:36] /ghost
[10/07/2012 12:52:45] /ghost
[10/07/2012 12:52:47] /t
[10/07/2012 13:19:45] /i 6567
[10/07/2012 13:20:19] /reload actions
[10/07/2012 13:20:48] /ghost
[10/07/2012 13:21:22] /i 6567
[10/07/2012 13:21:23] /i 6567
[10/07/2012 13:22:52] /m legendary knight
[10/07/2012 13:27:33] /s royal druid
[10/07/2012 13:27:34] /s royal druid
[10/07/2012 13:27:36] /s royal druid
[10/07/2012 13:27:47] /s royal druid
[10/07/2012 13:27:48] /s royal druid
[10/07/2012 13:27:50] /s royal druid
[10/07/2012 13:27:58] /s royal druid
[10/07/2012 13:27:59] /s royal druid
[10/07/2012 13:28:00] /s royal druid
[10/07/2012 13:28:00] /s royal druid
[10/07/2012 13:28:01] /s royal druid
[10/07/2012 13:28:02] /s royal druid
[10/07/2012 13:29:44] /i stone
[10/07/2012 13:29:51] /a
[10/07/2012 13:29:53] /r
[10/07/2012 13:29:56] /i stone
[10/07/2012 13:31:33] /r
[10/07/2012 13:31:44] /r
[10/07/2012 13:31:50] /clean
[10/07/2012 13:32:00] /r
[10/07/2012 13:32:02] /r
[10/07/2012 13:32:04] /r
[10/07/2012 13:32:06] /r
[10/07/2012 13:32:09] /r
[10/07/2012 13:34:56] /ghost
[10/07/2012 13:44:35] /clean
[10/07/2012 13:46:00] /goto lovemix
[10/07/2012 13:46:16] /ghost
[10/07/2012 13:47:33] /i terra rune
[10/07/2012 13:47:44] /ghost
[10/07/2012 13:47:52] /t
[10/07/2012 13:48:02] /clean
[10/07/2012 14:42:03] /ghost
[10/07/2012 14:43:18] /goto levemix
[10/07/2012 14:43:31] /goto lovemix
[10/07/2012 14:44:01] /goto diablito
[10/07/2012 14:45:07] /clean
[10/07/2012 14:45:29] /ban mage druid
[10/07/2012 14:45:36] /closeserver
[10/07/2012 14:46:56] /openserver
[10/07/2012 14:49:09] /goto lovemix
[10/07/2012 14:53:08] /a
[10/07/2012 14:55:04] /a 
[10/07/2012 14:55:07] /a 5
[10/07/2012 14:55:09] /a 4
[10/07/2012 14:56:24] /player on
[10/07/2012 14:56:27] /player off
[10/07/2012 14:56:50] /m legendary knight
[10/07/2012 14:56:55] /m legendary knight
[10/07/2012 14:57:04] /t
[10/07/2012 14:58:37] /clean
[10/07/2012 14:59:10] /clean
[10/07/2012 15:00:37] /i chest
[10/07/2012 15:00:46] /attr uniqueid
[10/07/2012 15:00:57] /i chest
[10/07/2012 15:01:10] /i 8047
[10/07/2012 15:01:19] /attr uniqueid 2160
[10/07/2012 15:01:47] /attr uniqueid 2160
[10/07/2012 15:02:28] /i cehest
[10/07/2012 15:02:56] /i chest
[10/07/2012 15:03:05] /attr unqueid 2
[10/07/2012 15:03:09] /attr unqueid 2160
[10/07/2012 15:03:14] /attr unqueid 2160
[10/07/2012 15:03:40] /attr action 2160
[10/07/2012 15:03:46] /attr action 2160
[10/07/2012 15:03:49] /attr action 2160
[10/07/2012 15:03:49] /attr action 2160
[10/07/2012 15:03:59] /attr action 2160
[10/07/2012 15:04:08] /attr action 2160
[10/07/2012 15:04:24] /clean
[10/07/2012 15:04:37] /i ice cube
[10/07/2012 15:04:38] /i ice cube
[10/07/2012 15:04:38] /i ice cube
[10/07/2012 15:04:38] /i ice cube
[10/07/2012 15:04:39] /i ice cube
[10/07/2012 15:04:40] /i ice cube
[10/07/2012 15:04:40] /i ice cube
[10/07/2012 15:04:40] /i ice cube
[10/07/2012 15:04:41] /i ice cube
[10/07/2012 15:04:41] /i ice cube
[10/07/2012 15:04:42] /i ice cube
[10/07/2012 15:04:43] /i ice cube
[10/07/2012 15:04:43] /i ice cube
[10/07/2012 15:04:43] /i ice cube
[10/07/2012 15:04:44] /i ice cube
[10/07/2012 15:04:44] /i ice cube
[10/07/2012 15:04:45] /i ice cube
[10/07/2012 15:04:46] /i ice cube
[10/07/2012 15:04:46] /i ice cube
[10/07/2012 15:04:47] /i ice cube
[10/07/2012 15:04:47] /i ice cube
[10/07/2012 15:04:49] /i ice cube
[10/07/2012 15:04:49] /i ice cube
[10/07/2012 15:04:49] /i ice cube
[10/07/2012 15:04:50] /i ice cube
[10/07/2012 15:04:50] /i ice cube
[10/07/2012 15:04:51] /i ice cube
[10/07/2012 15:04:52] /i ice cube
[10/07/2012 15:04:52] /i ice cube
[10/07/2012 15:04:53] /i ice cube
[10/07/2012 15:04:53] /i ice cube
[10/07/2012 15:04:54] /i ice cube
[10/07/2012 15:04:54] /i ice cube
[10/07/2012 15:04:55] /i ice cube
[10/07/2012 15:04:56] /i ice cube
[10/07/2012 15:04:57] /i ice cube
[10/07/2012 15:04:58] /i ice cube
[10/07/2012 15:04:58] /i ice cube
[10/07/2012 15:04:59] /i ice cube
[10/07/2012 15:05:00] /i ice cube
[10/07/2012 15:05:01] /i ice cube
[10/07/2012 15:05:03] /i ice cube
[10/07/2012 15:05:05] /i ice cube
[10/07/2012 15:05:06] /i ice cube
[10/07/2012 15:05:07] /i ice cube
[10/07/2012 15:05:07] /i ice cube
[10/07/2012 15:05:08] /i ice cube
[10/07/2012 15:05:09] /i ice cube
[10/07/2012 15:05:10] /i ice cube
[10/07/2012 15:18:20] /goto el mercenario
[10/07/2012 15:18:24] /t
[10/07/2012 15:50:40] /goto el mercenario
[10/07/2012 15:50:46] /goto iron man
[10/07/2012 15:55:45] /goto el mercenario
[10/07/2012 15:56:01] /attr action 2160
[10/07/2012 15:56:12] /attr uniqueid 2160
[10/07/2012 15:56:21] /i ice cube
[10/07/2012 15:56:23] /i ice cube
[10/07/2012 15:56:23] /i ice cube
[10/07/2012 15:56:24] /i ice cube
[10/07/2012 15:56:25] /i ice cube
[10/07/2012 15:56:26] /i ice cube
[10/07/2012 15:56:27] /i ice cube
[10/07/2012 15:56:28] /i ice cube
[10/07/2012 15:56:29] /i ice cube
[10/07/2012 15:56:31] /i ice cube
[10/07/2012 15:56:32] /i ice cube
[10/07/2012 15:56:33] /i ice cube
[10/07/2012 15:56:34] /i ice cube
[10/07/2012 15:56:36] /i ice cube
[10/07/2012 15:56:38] /i ice cube
[10/07/2012 15:56:39] /i ice cube
[10/07/2012 15:57:26] /i ice cube
[10/07/2012 15:57:27] /i ice cube
[10/07/2012 15:57:28] /i ice cube
[10/07/2012 15:57:29] /i ice cube
[10/07/2012 15:57:30] /i ice cube
[10/07/2012 15:57:31] /i ice cube
[10/07/2012 15:57:34] /i ice cube
[10/07/2012 15:58:19] /mc
[10/07/2012 15:58:30] /ghost
[10/07/2012 16:07:34] /goto diablito
[10/07/2012 16:07:35] /t
