[16/12/2010 16:51:30] /i crystal coin
[16/12/2010 16:51:32] /i crystal coin
[16/12/2010 16:51:33] /i crystal coin
[16/12/2010 16:51:51] /i fichas de canje
[16/12/2010 16:52:01] /i Ficha de canjes
[16/12/2010 16:52:12] /i 11221
[16/12/2010 16:52:13] /i 11221
[16/12/2010 16:52:15] /i 11221
[16/12/2010 16:52:16] /i 11221
[16/12/2010 16:52:22] /i 11221
[16/12/2010 16:53:03] /i 11221
[16/12/2010 16:53:04] /i 11221
[16/12/2010 16:53:05] /i 11221
[16/12/2010 16:53:05] /i 11221
[16/12/2010 16:53:06] /i 11221
[16/12/2010 16:53:07] /i 11221
[16/12/2010 16:53:38] /r
[16/12/2010 16:53:39] /r
[16/12/2010 16:53:40] /r
[16/12/2010 16:53:42] /r
[16/12/2010 16:53:43] /r
[16/12/2010 16:53:44] /r
[16/12/2010 16:53:46] /r
[16/12/2010 16:53:48] /r
[16/12/2010 16:54:01] /a
[16/12/2010 16:54:01] /a
[16/12/2010 16:54:01] /a
[16/12/2010 16:54:57] /i 1434
[16/12/2010 16:59:37] /r
[16/12/2010 16:59:39] /t
[16/12/2010 16:59:51] /goto paisano
[16/12/2010 17:00:15] /t
[16/12/2010 17:00:27] /a
[16/12/2010 17:00:28] /a
[16/12/2010 17:00:51] /i small sapphire
[16/12/2010 17:01:20] /r
[16/12/2010 17:01:26] /r 99
[16/12/2010 17:02:24] /a
[16/12/2010 17:02:25] /a
[16/12/2010 17:02:25] /a
[16/12/2010 17:02:25] /a
[16/12/2010 17:02:25] /a
[16/12/2010 17:02:25] /a
[16/12/2010 17:02:25] /a
[16/12/2010 17:02:26] /a
[16/12/2010 17:02:27] /a
[16/12/2010 17:02:27] /a
[16/12/2010 17:02:27] /a
[16/12/2010 17:02:27] /a
[16/12/2010 17:02:27] /a
[16/12/2010 17:02:27] /a
[16/12/2010 17:02:27] /a
[16/12/2010 17:02:27] /a
[16/12/2010 17:02:27] /a
[16/12/2010 17:02:27] /a
[16/12/2010 17:02:28] /a
[16/12/2010 17:02:28] /a
[16/12/2010 17:02:28] /a
[16/12/2010 17:02:28] /a
[16/12/2010 17:02:28] /a
[16/12/2010 17:02:28] /a
[16/12/2010 17:02:29] /a
[16/12/2010 17:02:29] /a
[16/12/2010 17:02:29] /a
[16/12/2010 17:02:29] /a
[16/12/2010 17:02:29] /a
[16/12/2010 17:02:29] /a
[16/12/2010 17:02:29] /a
[16/12/2010 17:02:29] /a
[16/12/2010 17:02:29] /a
[16/12/2010 17:02:29] /a
[16/12/2010 17:02:30] /a
[16/12/2010 17:02:32] /a
[16/12/2010 17:02:32] /a
[16/12/2010 17:02:32] /a
[16/12/2010 17:02:32] /a
[16/12/2010 17:02:32] /a
[16/12/2010 17:02:32] /a
[16/12/2010 17:02:32] /a
[16/12/2010 17:02:32] /a
[16/12/2010 17:02:32] /a
[16/12/2010 17:02:32] /a
[16/12/2010 17:02:32] /a
[16/12/2010 17:02:34] /a
[16/12/2010 17:02:35] /a
[16/12/2010 17:02:35] /a
[16/12/2010 17:02:35] /a
[16/12/2010 17:02:35] /a
[16/12/2010 17:02:35] /a
[16/12/2010 17:02:36] /a
[16/12/2010 17:02:36] /a
[16/12/2010 17:02:36] /a
[16/12/2010 17:02:36] /a
[16/12/2010 17:02:36] /a
[16/12/2010 17:02:37] /a
[16/12/2010 17:02:37] /a
[16/12/2010 17:02:37] /a
[16/12/2010 17:02:37] /a
[16/12/2010 17:02:40] /up
[16/12/2010 17:02:42] /a
[16/12/2010 17:02:42] /a
[16/12/2010 17:02:42] /a
[16/12/2010 17:02:43] /up
[16/12/2010 17:02:45] /a
[16/12/2010 17:02:45] /a
[16/12/2010 17:02:46] /a
[16/12/2010 17:02:47] /up
[16/12/2010 17:03:22] /r
[16/12/2010 17:03:23] /r
[16/12/2010 17:03:24] /r
[16/12/2010 17:03:25] /r
[16/12/2010 17:03:26] /r
[16/12/2010 17:03:27] /r
[16/12/2010 17:03:27] /r
[16/12/2010 17:03:27] /r
[16/12/2010 17:03:28] /r
[16/12/2010 17:03:29] /r
[16/12/2010 17:03:29] /r
[16/12/2010 17:03:29] /r
[16/12/2010 17:03:30] /r
[16/12/2010 17:03:37] /t
[16/12/2010 17:04:24] /i salayer coin
[16/12/2010 17:04:27] /i slayer coin
[16/12/2010 17:05:21] /i backpack
[16/12/2010 17:05:35] /r 100
[16/12/2010 17:05:36] /r 100
[16/12/2010 17:05:36] /r 100
[16/12/2010 17:05:37] /r 100
[16/12/2010 17:05:38] /r 100
[16/12/2010 17:05:39] /r 100
