[05/07/2012 00:32:07] /cliport 
[05/07/2012 00:33:24] /attr set name "Mi Puta Don Ramon
[05/07/2012 00:34:07] /r
[05/07/2012 00:35:33] /attr set descripcion a
[05/07/2012 00:36:57] /attr set description "Con esta sword sela pico a Don Ramon
[05/07/2012 00:37:43] /i sword
[05/07/2012 00:37:58] /attr set attack 99999999
[05/07/2012 00:38:03] /attr set extraattack 99999999
[05/07/2012 00:38:09] /attr set defense 99999999
[05/07/2012 00:38:14] /attr set extradefense 99999999
[05/07/2012 00:38:25] /attr set name "Sword de Odlanyer
[05/07/2012 00:38:42] /attr set description "Creada Por El Mejor Del Ot
[05/07/2012 00:39:17] /m training monk
[05/07/2012 00:39:37] /m training monk
[05/07/2012 00:41:08] /i bomba
[05/07/2012 00:41:17] /i 9020
[05/07/2012 00:43:06] /stop Fernando
[05/07/2012 00:43:12] /stop Don Ramon
[05/07/2012 00:43:49] /stop Don Ramon
[05/07/2012 00:49:02] /m  
[05/07/2012 00:49:30] /attr health -2979974
[05/07/2012 00:52:31] /attr health -2979974
[05/07/2012 00:53:26] /t
[05/07/2012 00:53:52] /goto Soy puta
[05/07/2012 00:53:56] /goto Soy puta
[05/07/2012 00:54:02] /goto Fernando:
[05/07/2012 00:54:07] /goto don ramon
[05/07/2012 00:54:33] /i 2310
[05/07/2012 00:55:43] /i tp
[05/07/2012 00:56:46] /i mariguana
[05/07/2012 00:56:49] /t
[05/07/2012 00:57:02] /a
[05/07/2012 00:57:02] /a
[05/07/2012 00:57:03] /a
[05/07/2012 00:57:34] /t
[05/07/2012 00:59:03] /goto don ramon
[05/07/2012 01:00:12] /i 7428
[05/07/2012 01:00:42] /i 5809
[05/07/2012 01:01:17] /clean
[05/07/2012 01:02:01] /i 13541
[05/07/2012 01:03:28] /i 1386
[05/07/2012 01:03:37] /r
[05/07/2012 01:03:59] /i 5543
[05/07/2012 01:04:03] /r
[05/07/2012 01:04:44] /i 6533
[05/07/2012 01:04:47] /i 7633
[05/07/2012 01:05:02] /i 7633
[05/07/2012 01:05:33] /clean
[05/07/2012 02:00:14] /goto fernando
[05/07/2012 02:03:57] /goto fernando
[05/07/2012 02:04:14] /i 12609
[05/07/2012 02:04:16] /i 12609
[05/07/2012 02:04:30] /m training monk
[05/07/2012 02:04:56] /r
[05/07/2012 02:05:52] /i 12597
[05/07/2012 02:07:36] /i 10309
[05/07/2012 02:08:30] /i 10309
[05/07/2012 02:09:31] /i 3961
[05/07/2012 02:10:03] /r
[05/07/2012 02:10:06] /r
[05/07/2012 02:10:30] /i 8927
[05/07/2012 02:11:00] /r
[05/07/2012 02:12:38] /i 7735
[05/07/2012 02:14:52] /i 10531
[05/07/2012 02:16:34] /i 10964
[05/07/2012 02:16:36] /r
[05/07/2012 02:16:44] /i 10965
[05/07/2012 02:16:48] /r
[05/07/2012 02:17:20] /i 11197
[05/07/2012 02:17:28] /r
[05/07/2012 02:18:07] /i 11394
[05/07/2012 02:18:19] /i 11394
[05/07/2012 02:19:24] /i 11753
[05/07/2012 02:19:28] /r
[05/07/2012 02:19:52] /i 12318
[05/07/2012 02:19:55] /r
[05/07/2012 02:20:17] /i 12472
[05/07/2012 02:20:19] /i 12473
[05/07/2012 02:20:20] /i 12474
[05/07/2012 02:20:21] /i 12475
[05/07/2012 02:20:23] /i 12476
[05/07/2012 02:20:25] /r
[05/07/2012 02:20:27] /r
[05/07/2012 02:20:27] /r
[05/07/2012 02:20:28] /r
[05/07/2012 02:20:29] /r
[05/07/2012 02:21:30] /i 12656
[05/07/2012 02:21:51] /i 12653
[05/07/2012 02:22:27] /i 8189
[05/07/2012 02:22:33] /r
[05/07/2012 02:23:46] /goto fernando
[05/07/2012 02:25:55] /i 12612
[05/07/2012 02:25:58] /i 12613
[05/07/2012 02:26:05] /r
[05/07/2012 02:26:06] /t
[05/07/2012 02:26:11] /r
[05/07/2012 02:26:12] /i 12613
[05/07/2012 02:26:17] /r
[05/07/2012 02:26:19] /r
[05/07/2012 02:26:20] /i 12613
[05/07/2012 02:26:43] /i 12616
[05/07/2012 02:26:45] /i 12617
[05/07/2012 02:26:47] /i 12618
[05/07/2012 02:26:49] /i 12619
[05/07/2012 02:26:51] /i 12620
[05/07/2012 02:26:53] /i 12621
[05/07/2012 02:28:06] /clean
[05/07/2012 02:28:12] /i 12622
[05/07/2012 02:28:34] /i 12633
[05/07/2012 02:28:48] /i 12501
[05/07/2012 02:28:50] /i 12502
[05/07/2012 02:28:51] /i 12503
[05/07/2012 02:28:52] /i 12504
[05/07/2012 02:28:55] /t
[05/07/2012 02:28:56] /up
[05/07/2012 02:28:56] /up
[05/07/2012 02:28:59] /up
[05/07/2012 02:29:00] /up
[05/07/2012 02:29:07] /up
[05/07/2012 02:29:22] /i 12505
[05/07/2012 02:29:23] /i 12506
[05/07/2012 02:29:25] /i 12507
[05/07/2012 02:29:26] /i 12508
[05/07/2012 02:29:27] /i 12509
[05/07/2012 02:29:30] /i 12510
[05/07/2012 02:29:33] /r
[05/07/2012 02:29:35] /r
[05/07/2012 02:29:36] /r
[05/07/2012 02:29:37] /r
[05/07/2012 02:29:38] /r
[05/07/2012 02:29:45] /i 12544
[05/07/2012 02:29:47] /i 12545
[05/07/2012 02:29:49] /i 12546
[05/07/2012 02:29:50] /i 12547
[05/07/2012 02:29:51] /i 12548
[05/07/2012 02:29:52] /i 12549
[05/07/2012 02:29:54] /i 12550
[05/07/2012 02:29:56] /i 12551
[05/07/2012 02:29:57] /i 12552
[05/07/2012 02:29:58] /i 12553
[05/07/2012 02:30:13] /i 12401
[05/07/2012 02:30:14] /i 12402
[05/07/2012 02:30:15] /i 12403
[05/07/2012 02:30:16] /i 12404
[05/07/2012 02:30:18] /i 12405
[05/07/2012 02:30:19] /i 12406
[05/07/2012 02:30:20] /i 12407
[05/07/2012 02:30:40] /clean
[05/07/2012 02:30:46] /c fernando
[05/07/2012 02:30:58] /attr set name "Arena de tiempo
[05/07/2012 02:34:38] /goto fernanado
[05/07/2012 02:34:50] /c Fernando
[05/07/2012 02:34:51] /c Fernando
[05/07/2012 02:35:07] /clean
[05/07/2012 02:36:58] /goto fernando
[05/07/2012 02:37:06] /down
[05/07/2012 02:37:10] /a 22
[05/07/2012 02:37:12] /a 22
[05/07/2012 02:37:14] /a 6
[05/07/2012 02:37:18] /a 11
[05/07/2012 02:37:26] /a 5
[05/07/2012 02:37:30] /up 3
[05/07/2012 02:37:34] /a 5
[05/07/2012 02:37:35] /a 5
[05/07/2012 02:37:35] /a 5
[05/07/2012 02:37:35] /a 5
[05/07/2012 02:37:37] /a 5
[05/07/2012 02:37:37] /a 5
[05/07/2012 02:37:38] /a 5
[05/07/2012 02:37:38] /a 5
[05/07/2012 02:37:38] /a 5
[05/07/2012 02:37:39] /a 5
[05/07/2012 02:37:44] /a 5
[05/07/2012 02:37:45] /a 5
[05/07/2012 02:37:45] /a 5
[05/07/2012 02:37:46] /a 5
[05/07/2012 02:37:47] /a 5
[05/07/2012 02:37:48] /a 5
[05/07/2012 02:37:53] /c fernando
[05/07/2012 02:38:03] /a 5
[05/07/2012 02:38:14] /a 5
[05/07/2012 02:38:15] /a 5
[05/07/2012 02:38:15] /a 5
[05/07/2012 02:38:16] /a 5
[05/07/2012 02:38:16] /a 5
[05/07/2012 02:38:17] /a 5
[05/07/2012 02:38:22] /a 5
[05/07/2012 02:38:23] /a 5
[05/07/2012 02:38:24] /a 5
[05/07/2012 02:38:25] /a 5
[05/07/2012 02:38:29] /a 5
[05/07/2012 02:38:30] /a 5
[05/07/2012 02:39:31] /attr action 7965
[05/07/2012 02:40:54] /i 1445
[05/07/2012 02:41:06] /attr unique 7965
[05/07/2012 02:41:41] /r
[05/07/2012 02:41:43] /r
[05/07/2012 02:42:36] /goto fernando
[05/07/2012 02:58:12] /m dog
[05/07/2012 02:58:23] /s dog
[05/07/2012 03:08:32] /a 33
[05/07/2012 03:09:13] /m Aggrox Constrictor:
[05/07/2012 03:09:16] /m Aggrox Constrictor
[05/07/2012 03:16:28] /goto fernando
[05/07/2012 03:35:38] /a 11
[05/07/2012 03:35:38] /a 11
[05/07/2012 03:40:33] /goto fernando
[05/07/2012 03:45:17] /attr group 1
[05/07/2012 03:45:45] /attr group 1
[05/07/2012 03:48:24] /i lava
[05/07/2012 03:48:27] /a
[05/07/2012 03:48:36] /i 7348
[05/07/2012 03:49:02] /t
[05/07/2012 03:49:10] /i 4622
[05/07/2012 03:49:19] /i 4625
[05/07/2012 03:49:23] /i 4627
[05/07/2012 03:49:33] /i 4627
[05/07/2012 03:49:38] /i 4627
[05/07/2012 03:49:43] /r
[05/07/2012 03:49:54] /i 7348
[05/07/2012 03:51:29] /goto fernand
[05/07/2012 03:51:35] /t
[05/07/2012 04:02:49] /clean
[05/07/2012 04:03:51] /attr health -777777777777
[05/07/2012 04:03:53] /attr health -777777777777
[06/07/2012 22:17:55] /goto fercho
[06/07/2012 22:24:56] /goto fercho
[06/07/2012 22:39:04] /ghost
[06/07/2012 22:47:32] /m training monk
[06/07/2012 22:49:27] /ghost
[06/07/2012 22:54:41] /attr health -7777777777
[06/07/2012 22:55:11] /attr health -77777777
[06/07/2012 22:58:57] /newid 9067
[06/07/2012 22:59:13] /newid 460
[06/07/2012 22:59:29] /newid 4611
[06/07/2012 22:59:32] /newid 461
[06/07/2012 23:00:14] /newid 460
[06/07/2012 23:07:44] /newid 9020
[06/07/2012 23:08:44] /newid 12504
[06/07/2012 23:08:56] /newid 130
[06/07/2012 23:09:03] /newid 135
[06/07/2012 23:09:07] /newid 140
[06/07/2012 23:09:10] /newid 166
[06/07/2012 23:09:14] /newid 1
[06/07/2012 23:09:18] /newid 260
[06/07/2012 23:09:24] /newid 2160
[06/07/2012 23:09:26] /newid 2165
[06/07/2012 23:09:30] /newid 2169
[06/07/2012 23:09:36] /newid 2465
[06/07/2012 23:09:38] /newid 2467
[06/07/2012 23:09:43] /newid 12604
[06/07/2012 23:09:47] /newid 12606
[06/07/2012 23:10:12] /newid 2469
[06/07/2012 23:10:58] /newid 2488
[06/07/2012 23:11:01] /newid 2489
[06/07/2012 23:11:08] /newid 2666
[06/07/2012 23:11:14] /newid 2668
[06/07/2012 23:11:21] /newid 2777
[06/07/2012 23:11:23] /newid 2774
[06/07/2012 23:11:24] /newid 2772
[06/07/2012 23:11:26] /newid 2771
[07/07/2012 14:01:24] /t
[07/07/2012 14:08:19] /ghost
[07/07/2012 14:15:31] /t
[07/07/2012 14:15:34] /s Blade
[07/07/2012 14:16:38] /a 3
[07/07/2012 14:16:42] /a 3
[07/07/2012 14:51:26] /ghost
[07/07/2012 15:27:52] /a 4
[07/07/2012 15:29:00] /ghost
[07/07/2012 15:29:24] /clean
[07/07/2012 15:44:07] /a 5
[07/07/2012 15:47:02] /m  
[07/07/2012 15:50:37] /ghost
[13/07/2012 12:09:47] /newtype 300
[13/07/2012 12:12:09] /i 10518
[13/07/2012 12:12:17] /i 12604
[13/07/2012 12:12:32] /i 12605
[13/07/2012 12:12:34] /i 12606
[13/07/2012 12:12:35] /i 12607
[13/07/2012 12:12:40] /i 12608
[13/07/2012 12:12:42] /i 12608
[13/07/2012 12:12:53] /r
[13/07/2012 12:13:49] /c Zaraki Kempachi
[13/07/2012 12:14:09] /i 12603
[13/07/2012 12:14:17] /i 9019
[13/07/2012 12:14:46] /clean
[13/07/2012 12:15:43] /i 2160
[13/07/2012 12:16:00] /a
[13/07/2012 12:16:38] /cliport
[13/07/2012 12:16:58] /i 2157
[13/07/2012 12:16:59] /i 2157
[13/07/2012 12:17:32] /i 2157
[13/07/2012 12:17:33] /i 2157
[13/07/2012 12:17:33] /i 2157
[13/07/2012 12:17:34] /i 2157
[13/07/2012 12:19:32] /goto Zaraki Kempachi
[13/07/2012 12:19:53] /t
[13/07/2012 12:25:31] /ghost
[13/07/2012 12:26:07] /m player killer
[13/07/2012 12:26:58] /i black skull
[13/07/2012 12:28:53] /clean
[13/07/2012 12:29:02] /player off
[13/07/2012 19:00:07] /t
[13/07/2012 19:02:45] /stop Mastergod
[13/07/2012 19:03:05] /goto fercho
[13/07/2012 19:04:13] /i spike sword
[13/07/2012 19:04:38] /i rapier
[13/07/2012 19:05:08] /t
[13/07/2012 19:05:31] /goto axtronix
[13/07/2012 19:05:33] /goto axtroniz
[13/07/2012 19:05:45] /goto tubehero
[13/07/2012 19:06:10] /goto lovemix
[13/07/2012 19:08:00] /a
[13/07/2012 19:08:01] /a
[13/07/2012 19:08:04] /ghost
[13/07/2012 19:08:43] /r
[13/07/2012 19:09:24] /a
[13/07/2012 19:09:29] /a
[13/07/2012 19:09:31] /r
[13/07/2012 19:09:32] /r
[13/07/2012 19:09:34] /r
[13/07/2012 19:09:41] /m piton
[13/07/2012 19:09:42] /m piton
[13/07/2012 19:09:42] /m piton
[13/07/2012 19:09:43] /m piton
[13/07/2012 19:09:43] /m piton
[13/07/2012 19:09:43] /m piton
[13/07/2012 19:09:44] /m piton
[13/07/2012 19:09:46] /m piton
[13/07/2012 19:09:46] /m piton
[13/07/2012 19:09:47] /m piton
[13/07/2012 19:09:47] /m piton
[13/07/2012 19:11:28] /newtype 254
[13/07/2012 19:11:32] /newtype 300
[13/07/2012 19:15:04] /newtype 309, lovemix
[13/07/2012 19:15:31] /newtype 300
[13/07/2012 19:19:40] /m snow noul
[13/07/2012 19:19:42] /m snow noul
[13/07/2012 19:19:45] /m snow noul
[13/07/2012 19:20:37] /goto lovemix
[13/07/2012 19:21:06] /a
[13/07/2012 19:21:09] /c ferco
[13/07/2012 19:21:14] /c ferco
[13/07/2012 19:21:22] /c Fercho
[13/07/2012 19:21:31] /a
[13/07/2012 19:21:33] /a
[13/07/2012 19:21:35] /a
[13/07/2012 19:21:36] /a
[13/07/2012 19:21:48] /a
[13/07/2012 19:21:52] /a
[13/07/2012 19:22:39] /a 4
[13/07/2012 19:22:43] /m piton
[13/07/2012 19:23:36] /a
[13/07/2012 19:27:02] /kick lucho
[13/07/2012 19:27:46] /goto lovemix
[13/07/2012 19:28:53] /goto fercho
[13/07/2012 19:29:29] /goto fercho
[13/07/2012 19:35:28] /ghost
[13/07/2012 19:35:30] /ghost
[13/07/2012 19:38:24] /r
[13/07/2012 19:38:38] /i aggrox axe
[13/07/2012 19:39:01] /attr set attack 9999999
[13/07/2012 19:39:11] /i spear
[13/07/2012 19:39:52] /goto okra
[13/07/2012 19:40:07] /a
[13/07/2012 19:40:28] /m Maximus Royal
[13/07/2012 19:40:28] /m Maximus Royal
[13/07/2012 19:40:29] /m Maximus Royal
[13/07/2012 19:40:37] /m King Protector
[13/07/2012 19:40:38] /m King Protector
[13/07/2012 19:40:39] /m King Protector
[13/07/2012 19:40:39] /m King Protector
[13/07/2012 19:40:41] /m King Protector
[13/07/2012 19:41:56] /m don cangrejo
[13/07/2012 19:42:26] /m King Protector
[13/07/2012 19:42:26] /m King Protector
[13/07/2012 19:42:27] /m King Protector
[13/07/2012 19:42:27] /m King Protector
[13/07/2012 19:42:48] /m crystal
[13/07/2012 19:42:54] /m crystal
[13/07/2012 19:42:55] /m crystal
[13/07/2012 19:44:26] /i aggrox sword
[13/07/2012 19:44:44] /attr set attrck 999999999
[13/07/2012 19:44:47] /r
[13/07/2012 19:44:58] /ghost
[13/07/2012 19:45:00] /m Puerta Al Inframundo
[13/07/2012 19:45:04] /m Puerta Al Inframundo
[13/07/2012 19:45:30] /m puerta
[13/07/2012 19:45:33] /m puerta
[13/07/2012 19:45:38] /a
[13/07/2012 19:45:40] /r
[13/07/2012 19:45:43] /a
[13/07/2012 19:45:46] /a 2
[13/07/2012 19:46:09] /m puerta
[13/07/2012 19:46:10] /m puerta
[13/07/2012 19:46:10] /m puerta
[13/07/2012 19:46:12] /m puerta
[13/07/2012 19:46:13] /m puerta
[13/07/2012 19:46:14] /m puerta
[13/07/2012 19:48:17] /c Axtrinis
[13/07/2012 19:48:27] /c Axtroniz
[13/07/2012 19:48:39] /ghost
[13/07/2012 19:51:38] /addskill odlanyer, level, 100
[13/07/2012 19:51:47] /addskill odlanyer, level, 1000
[13/07/2012 19:52:25] /addskill odlanyer, level, 10000
[13/07/2012 19:53:37] /makesay Lucho, en especial las bolas umh... bolas
[13/07/2012 19:54:26] /makesay Lucho, Quien quiere que sela mame?
[13/07/2012 19:56:02] /makesay Lucho, Fercho mela comes -.-
[13/07/2012 20:05:07] /attr health - 90000
[13/07/2012 20:05:54] /bc Cuantos Estok se necesitan para pegarle a un invalido?
[13/07/2012 20:06:08] /bc como 20 porque esta bien pendejo xd
[13/07/2012 20:14:30] /i 10876
[13/07/2012 20:14:50] /r
[13/07/2012 20:14:54] /m peludin
[13/07/2012 20:19:04] /makesay Hell, yo tambien soy puta vamos a perrerar
[13/07/2012 20:20:01] /makesay Lucho Weon, eaeaea yeah
[13/07/2012 20:20:10] /makesay Lucho Weon,ya soy mas puto que antes XD
[13/07/2012 20:20:40] /makesay Lucho Weon, quiero fuckensio pork me gusta k mela metan xD
[13/07/2012 20:20:58] /makesay Lucho Weon, pero yo si
[13/07/2012 20:22:33] /makesay Lucho Weon,  fui yo el que te mato
[13/07/2012 20:23:47] /ghost
[13/07/2012 20:23:55] /i 12610
[13/07/2012 20:41:09] /t
[13/07/2012 20:41:21] /i 8304
[13/07/2012 23:58:16] /i emerald bangle
[14/07/2012 13:56:40] /i 2157
[14/07/2012 13:56:41] /i 2157
[14/07/2012 13:56:52] /i emerald bangle
[14/07/2012 14:20:30] /t
[14/07/2012 14:20:45] /ghost
[14/07/2012 14:22:36] /pedos on
[14/07/2012 14:22:41] /a 3
[14/07/2012 14:22:44] /a 3
[14/07/2012 14:22:46] /r
[14/07/2012 14:22:51] /a 4
[14/07/2012 14:22:55] /a
[14/07/2012 14:23:08] /bc  Odlanyer Ha ACTivado el concurso de: pedos para entrar di: !pedos
[14/07/2012 14:23:37] /bc  Odlanyer Ha ACTivado el concurso de: pedos para entrar di: !pedos
[14/07/2012 14:24:00] /pedos off
[14/07/2012 14:24:15] /a
[14/07/2012 14:24:24] /c  :3
[14/07/2012 14:24:26] /a
[14/07/2012 14:24:28] /c  :3
[14/07/2012 14:24:31] /c  :3
[14/07/2012 14:24:37] /c :3
[14/07/2012 14:24:48] /c :3 
[14/07/2012 14:24:50] /a
[14/07/2012 14:24:58] /r
[14/07/2012 14:25:04] /i 2160
[14/07/2012 14:25:14] /i 2157
[14/07/2012 14:25:21] /a
[14/07/2012 14:25:32] /t
[14/07/2012 14:28:46] /clean
[14/07/2012 14:29:36] /m peludin
[14/07/2012 14:30:47] /attr set attack 999999
[14/07/2012 14:31:07] /r
[14/07/2012 14:31:25] /m peludin
[14/07/2012 14:31:49] /attr health -999999
[14/07/2012 14:31:50] /attr health -999999
[14/07/2012 14:31:54] /attr health -999999
[14/07/2012 14:31:54] /attr health -999999
[14/07/2012 14:31:55] /attr health -999999
[14/07/2012 14:31:56] /attr health -999999
[14/07/2012 14:35:35] /m puerta inframudal
[14/07/2012 14:35:38] /m puerta
[14/07/2012 14:35:57] /m puerta
[14/07/2012 14:35:58] /m puerta
[14/07/2012 14:35:58] /m puerta
[14/07/2012 14:35:59] /m puerta
[14/07/2012 14:36:06] /m puerta
[14/07/2012 14:36:13] /r
[14/07/2012 14:36:14] /r
[14/07/2012 14:36:15] /r
[14/07/2012 14:36:17] /r
[14/07/2012 14:36:18] /r
[14/07/2012 14:36:25] /r
[14/07/2012 14:36:28] /r
[14/07/2012 14:37:56] /m peludin
[14/07/2012 14:38:18] /m royal maximus
[14/07/2012 14:38:39] /i 12610
[14/07/2012 14:38:55] /attr set attack 9999999
[14/07/2012 14:39:40] /clean
[14/07/2012 14:41:15] !spy trollencio
[14/07/2012 14:41:43] /i 12603
[14/07/2012 14:41:45] /i 12604
[14/07/2012 14:41:46] /i 12605
[14/07/2012 14:41:52] /i 12606
[14/07/2012 14:41:54] /i 12607
[14/07/2012 14:41:58] /i 12608
[14/07/2012 14:42:12] /i 2157
[14/07/2012 14:43:02] /clean
[14/07/2012 14:43:04] /r
[14/07/2012 14:45:10] /c Gladiador 
[14/07/2012 14:46:42] /c Gladiator 
[14/07/2012 14:48:11] /newtype 300
[14/07/2012 14:49:55] /goto  :3
[14/07/2012 14:50:00] /goto :3
[14/07/2012 14:50:37] /a
[14/07/2012 14:50:39] /r
[14/07/2012 14:50:42] /t
[14/07/2012 14:52:01] /r
[14/07/2012 14:52:42] /attr sex 2
[14/07/2012 14:53:52] /newtype 333
[14/07/2012 14:53:54] /newtype 337
[14/07/2012 14:53:56] /newtype 355
[14/07/2012 14:53:59] /newtype 359
[14/07/2012 14:54:00] /newtype 357
[14/07/2012 14:54:09] /newtype 359,  :3
[14/07/2012 14:54:29] /newtype 359, Kyrios
[14/07/2012 14:55:08] /newtype 300
[14/07/2012 19:58:33] /goto fapencio
[14/07/2012 19:59:55] /a
[14/07/2012 19:59:58] /a
[14/07/2012 20:00:17] /down
[14/07/2012 20:00:33] /i 9573
[14/07/2012 20:00:49] /down
[14/07/2012 20:00:55] /i 9845
[14/07/2012 20:00:58] /r
[14/07/2012 20:01:01] /i 9846
[14/07/2012 20:01:29] /i 9573
[14/07/2012 20:01:30] /r
[14/07/2012 20:01:45] /a
[14/07/2012 20:01:46] /a
[14/07/2012 20:01:49] /a
[14/07/2012 20:01:49] /a
[14/07/2012 20:03:06] /i 1614
[14/07/2012 20:03:07] /i 1614
[14/07/2012 20:03:07] /i 1614
[14/07/2012 20:03:08] /i 1614
[14/07/2012 20:03:08] /i 1614
[14/07/2012 20:03:08] /i 1614
[14/07/2012 20:03:09] /i 1614
[14/07/2012 20:03:09] /i 1614
[14/07/2012 20:03:10] /i 1614
[14/07/2012 20:03:10] /i 1614
[14/07/2012 20:03:55] /r
[14/07/2012 20:03:58] /i 2604
[14/07/2012 20:04:16] /a
[14/07/2012 20:04:20] /m demon
[14/07/2012 20:04:20] /m demon
[14/07/2012 20:04:21] /m demon
[14/07/2012 20:04:21] /m demon
[14/07/2012 20:04:22] /m demon
[14/07/2012 20:04:23] /m demon
[14/07/2012 20:04:24] /m demon
[14/07/2012 20:04:25] /m demon
[14/07/2012 20:04:26] /m demon
[14/07/2012 20:04:27] /m demon
[14/07/2012 20:04:29] /m demon
[14/07/2012 20:04:29] /a
[14/07/2012 20:04:31] /a
[14/07/2012 20:05:28] /i 2604
[14/07/2012 20:05:50] /newid 1667
[14/07/2012 20:05:52] /newid 1669
[14/07/2012 20:05:55] /newid 1672
[14/07/2012 20:05:58] /newid 1676
[14/07/2012 20:06:00] /newid 1679
[14/07/2012 20:06:04] /newid 1688
[14/07/2012 20:06:06] /newid 1699
[14/07/2012 20:06:09] /newid 1698
[14/07/2012 20:06:11] /newid 1697
[14/07/2012 20:06:12] /newid 1696
[14/07/2012 20:06:13] /newid 1694
[14/07/2012 20:06:29] /newid 1700
[14/07/2012 20:06:33] /newid 1800
[14/07/2012 20:06:37] /newid 1900
[14/07/2012 20:06:41] /a
[14/07/2012 20:06:46] /newid 1901
[14/07/2012 20:16:06] /newid 406
[14/07/2012 20:16:17] /newid 9145
[14/07/2012 20:17:15] /i 6109
[14/07/2012 20:17:24] /i 6109
[14/07/2012 20:17:40] /i 6111
[14/07/2012 20:17:49] /goto fercho
[14/07/2012 20:18:55] /a 11
[14/07/2012 20:18:56] /a 11
[14/07/2012 20:18:58] /a
[14/07/2012 20:20:47] /goto lovemix
[14/07/2012 20:20:55] /m training monk
[14/07/2012 20:20:56] /m training monk
[14/07/2012 20:22:53] /goto fercho
[14/07/2012 20:27:26] /m papa piton
[14/07/2012 20:28:14] /goto fercho
[14/07/2012 20:29:07] /r
[14/07/2012 20:58:16] /goto fercho
[14/07/2012 20:58:29] /ghost
[14/07/2012 21:00:12] /c Arax Gren
[14/07/2012 21:01:13] /goto okra
[14/07/2012 21:01:24] /t
[14/07/2012 21:01:29] /a 5
[14/07/2012 21:01:30] /a 5
[14/07/2012 21:01:36] /a 4
[14/07/2012 21:01:42] /goto okra
[14/07/2012 21:01:56] /attr actionid 2555
[14/07/2012 22:10:56] /a 4
[14/07/2012 22:10:57] /a
[14/07/2012 22:11:00] /r
[14/07/2012 22:14:22] /namex Odlanyer, Hoster Odlanyer
[14/07/2012 22:23:27] /clean
[14/07/2012 22:23:33] /a 2
[14/07/2012 22:23:41] /i 1429
[14/07/2012 22:23:42] /a
[14/07/2012 22:23:53] /attr set text "Monster 8.54
[14/07/2012 22:25:02] /clean
[14/07/2012 23:10:48] /ghost
[14/07/2012 23:13:15] /a
[14/07/2012 23:13:37] /ghost
[14/07/2012 23:13:57] /a 4
[14/07/2012 23:14:39] /ghost
[14/07/2012 23:31:42] /r
[14/07/2012 23:31:42] /r
[14/07/2012 23:31:43] /r
[14/07/2012 23:31:45] /r
[14/07/2012 23:31:47] /r
[14/07/2012 23:31:49] /r
[14/07/2012 23:31:50] /r
[14/07/2012 23:31:51] /r
[14/07/2012 23:31:52] /r
[14/07/2012 23:31:52] /r
[14/07/2012 23:41:21] /t Lovemix 
[15/07/2012 01:10:18] /goto lovemix
[15/07/2012 13:17:27] /i 4851
[15/07/2012 15:01:37] /ghost
[15/07/2012 15:02:30] /ghost
[15/07/2012 16:00:00] /goto iroox
[15/07/2012 16:00:08] /goto iroxx
[15/07/2012 16:00:14] /m aggrox 
[15/07/2012 16:00:19] /m aggrox giant
[15/07/2012 16:01:03] /a 33
[15/07/2012 16:01:09] /m aggrox hearth
[15/07/2012 16:01:27] /m aggrox hearth
[15/07/2012 16:02:23] /m hearth aggrox
[15/07/2012 16:03:32] /a 44
[15/07/2012 16:03:38] /m aggrox quara constrictor
[15/07/2012 16:03:41] /m aggrox quaraconstrictor
[15/07/2012 16:03:45] /m aggrox quara
[15/07/2012 16:03:51] /m aggrox constrictor
[15/07/2012 20:34:46] /goto fercha
[15/07/2012 20:34:47] /goto fercho
[15/07/2012 21:01:33] /i aggrox sword
[15/07/2012 21:01:43] /attr set attack 9999999
[15/07/2012 21:01:50] /m training monk
[15/07/2012 21:02:11] /r
[15/07/2012 21:02:13] /r
[15/07/2012 21:35:31] /t
[16/07/2012 21:53:24] /goto don ramon
[16/07/2012 21:54:21] /goto don ramon
[16/07/2012 21:54:34] /goto don ramon
[16/07/2012 21:54:44] /goto fercho
[16/07/2012 21:56:49] /t
[16/07/2012 21:57:50] /up
[16/07/2012 21:57:53] /up
[16/07/2012 21:57:55] /up
[16/07/2012 21:58:00] /up
[16/07/2012 21:58:06] /goto fercho
[16/07/2012 22:03:41] /a 2
[16/07/2012 22:03:50] /goto test
[16/07/2012 22:03:57] /clean
[16/07/2012 22:04:07] /c test
[16/07/2012 22:04:51] /r
[16/07/2012 22:04:52] /r
[16/07/2012 22:06:17] /r
[16/07/2012 22:06:18] /r
[16/07/2012 22:07:19] /t
[16/07/2012 22:08:18] /a 4
[16/07/2012 22:08:39] /t
[16/07/2012 22:08:43] /c Unasiatigo
[16/07/2012 22:08:56] /c Unasiatico 
[16/07/2012 22:09:26] /goto Unasiatico 
[16/07/2012 22:09:28] /goto Unasiatico 
[16/07/2012 22:09:29] /ghost
[16/07/2012 22:09:30] /goto Unasiatico 
[16/07/2012 22:09:34] /goto Unasiatico 
[16/07/2012 22:09:39] /goto Unasiatico 
[16/07/2012 22:09:47] /goto Unasiatico 
[16/07/2012 22:09:52] /goto Unasiatico 
[16/07/2012 22:10:15] /c Unasiatico 
[16/07/2012 22:10:30] /a
[16/07/2012 22:10:31] /t
[16/07/2012 22:10:39] /goto fercho
[16/07/2012 22:11:09] /t
[16/07/2012 23:00:21] /clean
[16/07/2012 23:00:28] /goto akateron
[16/07/2012 23:00:31] /a
[16/07/2012 23:00:32] /t
[16/07/2012 23:50:29] /a 33
[16/07/2012 23:50:31] /a 11
[16/07/2012 23:50:33] /a 11
[16/07/2012 23:50:38] /owner Batusay
[16/07/2012 23:50:50] /owner odlanyer
[16/07/2012 23:51:57] /clean
[16/07/2012 23:53:31] /up
[16/07/2012 23:53:32] /up
[16/07/2012 23:53:34] /up
[16/07/2012 23:53:40] /a
[16/07/2012 23:53:50] /i 1387
[16/07/2012 23:53:59] /attr pos 9535
[16/07/2012 23:54:16] /attr pos 169 34 4
[16/07/2012 23:54:35] /i 411
[16/07/2012 23:54:37] /a
[16/07/2012 23:54:48] /m training monk
[16/07/2012 23:54:49] /m training monk
[16/07/2012 23:54:49] /m training monk
[16/07/2012 23:54:50] /m training monk
[16/07/2012 23:54:50] /m training monk
[16/07/2012 23:55:01] /down
[16/07/2012 23:55:02] /a
[17/07/2012 00:46:49] /ghost
[17/07/2012 00:47:00] /goto Zaraki Kempachi
[17/07/2012 00:47:02] /t
[17/07/2012 00:49:58] /i 4851
[17/07/2012 01:06:44] /ghost
[17/07/2012 01:09:27] /a 4
[17/07/2012 01:09:31] /a 4
[17/07/2012 01:09:32] /a 4
[17/07/2012 01:09:41] /t
[17/07/2012 01:10:32] /makesay Fercho, soy puto y que vergas
[17/07/2012 01:10:41] /makesay Fercho, me gustan los bolis
[21/07/2012 14:50:58] /ghost
[21/07/2012 14:53:07] /ghost
[21/07/2012 14:59:17] /ghost
[21/07/2012 15:30:01] /t
[21/07/2012 15:30:19] /goto fercho
[21/07/2012 15:32:47] /goto don ramon
[21/07/2012 15:33:12] !spy Jefe Maestro
[21/07/2012 15:33:28] /i mexcalibur
[21/07/2012 15:34:01] /goto don ramon
[21/07/2012 15:36:26] /i mexcalibur
[21/07/2012 15:36:31] /i mexcalibur
[21/07/2012 15:36:32] /t
[21/07/2012 15:36:41] /goto don ramon
[21/07/2012 15:37:13] /goto don ramon
[21/07/2012 15:37:21] /ghost
[21/07/2012 15:39:41] /t
[21/07/2012 15:41:02] /r
[21/07/2012 15:41:19] /i 12610
[21/07/2012 15:41:53] /i 8200
[21/07/2012 15:41:58] /i 8200
[21/07/2012 15:42:03] /i 8300
[21/07/2012 15:42:03] /i 8300
[21/07/2012 15:42:04] /i 8300
[21/07/2012 15:42:04] /i 8300
[21/07/2012 15:42:05] /i 8300
[21/07/2012 15:42:05] /i 8300
[21/07/2012 15:42:05] /i 8300
[21/07/2012 15:52:22] /goto don ramon
[21/07/2012 20:14:27] /goto lucho
[21/07/2012 20:14:41] /c Lucho
[21/07/2012 20:15:03] /t Lucho
[22/07/2012 21:51:21] /i 12610
[22/07/2012 21:51:39] /goto lucho
[22/07/2012 21:52:02] /i 8304
[22/07/2012 21:52:51] /i 2160
[22/07/2012 21:53:15] /a
[22/07/2012 21:53:21] /owner odlanyer
[22/07/2012 21:53:44] /owner odlanyer
[22/07/2012 22:17:01] /goto fercho
[22/07/2012 22:17:06] /ghost
[22/07/2012 22:30:29] /goto fercho
[22/07/2012 22:31:09] /attr set attack 99999999
[22/07/2012 22:31:14] /attr set extraattack 99999999
[22/07/2012 22:31:31] /attr set extraattack 999999
[22/07/2012 22:31:43] /attr set attack 9999999
[22/07/2012 22:31:51] /attr set extraattack 9999999
[22/07/2012 22:33:20] /cliport
[22/07/2012 22:44:11] /clean
[22/07/2012 22:44:13] /t
[22/07/2012 22:44:21] /goto fercho
[22/07/2012 22:45:32] /a
[22/07/2012 22:45:43] /i 4526
[22/07/2012 22:46:58] /t
[23/07/2012 00:25:00] /i 2160
[23/07/2012 00:25:05] /a 4
[24/07/2012 23:32:12] /ghost
