[23/07/2012 20:28:32] /ghost
[23/07/2012 20:28:40] /a
[23/07/2012 20:28:50] /a
[23/07/2012 20:28:54] /goto fercho
[23/07/2012 22:03:22] /i aggrox dagger
[02/08/2012 00:01:40] /a
[02/08/2012 00:02:19] /attr health -90000
[02/08/2012 00:03:06] /attr health -90000
[02/08/2012 00:05:05] /a 2
[02/08/2012 00:05:07] /a 2
[02/08/2012 00:05:09] /a 2
[02/08/2012 00:05:12] /a 2
[02/08/2012 00:05:25] /stop oscar
[02/08/2012 00:06:36] /stop oscar
[02/08/2012 00:07:09] /a
[02/08/2012 00:07:09] /a
[02/08/2012 00:07:09] /a
[02/08/2012 00:07:10] /a
[02/08/2012 00:07:11] /a
[02/08/2012 00:07:13] /a
[02/08/2012 00:07:13] /a
[02/08/2012 00:07:13] /a
[02/08/2012 00:07:14] /a
[02/08/2012 00:07:14] /a
[02/08/2012 00:07:14] /a
[02/08/2012 00:07:14] /a
[02/08/2012 00:07:15] /a
[02/08/2012 00:07:15] /a
[02/08/2012 00:07:15] /a
[02/08/2012 00:07:15] /a
[02/08/2012 00:07:15] /a
[02/08/2012 00:07:16] /a
[02/08/2012 00:07:16] /a
[02/08/2012 00:07:16] /a
[02/08/2012 00:07:17] /a
[02/08/2012 00:07:18] /a
[02/08/2012 00:07:19] /a
[02/08/2012 00:07:19] /a
[02/08/2012 00:07:20] /a
[02/08/2012 00:07:21] /a
[02/08/2012 00:07:21] /a
[02/08/2012 00:07:22] /a
[02/08/2012 00:07:22] /a
[02/08/2012 00:07:23] /a
[02/08/2012 00:07:23] /a
[02/08/2012 00:07:24] /a
[02/08/2012 00:07:25] /a
[02/08/2012 00:07:26] /a
[02/08/2012 00:07:26] /a
[02/08/2012 00:07:27] /a
[02/08/2012 00:07:28] /a
[02/08/2012 00:07:28] /a
[02/08/2012 00:07:29] /a
[02/08/2012 00:07:30] /a
[02/08/2012 00:07:30] /a
[02/08/2012 00:07:31] /a
[02/08/2012 00:07:32] /a
[02/08/2012 00:07:33] /a
[02/08/2012 00:07:33] /a
[02/08/2012 00:07:34] /a
[02/08/2012 00:07:35] /a
[02/08/2012 00:07:35] /a
[02/08/2012 00:07:36] /a
[02/08/2012 00:07:36] /a
[02/08/2012 00:07:37] /a
[02/08/2012 00:07:38] /a
[02/08/2012 00:07:39] /a
[02/08/2012 00:07:39] /a
[02/08/2012 00:07:40] /a
[02/08/2012 00:07:41] /a
[02/08/2012 00:07:43] /a
[02/08/2012 00:07:58] /attr group 0
[02/08/2012 01:27:31] /r
[02/08/2012 01:27:32] /r
[02/08/2012 01:27:36] /r
[02/08/2012 01:50:25] /goto fercho
[07/08/2012 17:44:42] /i royal star,
[07/08/2012 17:44:49] /i royal star ,1
[07/08/2012 17:53:19] /c Oscuro knight
[07/08/2012 18:00:42] /c Dark freskyboy
[07/08/2012 18:02:07] /i backpack
[07/08/2012 18:03:01] /i royal wand
[07/08/2012 18:04:01] /ghost
[07/08/2012 18:04:13] /i royal armor
[07/08/2012 18:04:18] /i royal helmet
[07/08/2012 18:04:26] /i 12606
[07/08/2012 18:04:33] /i royal legs
[07/08/2012 18:04:38] /i royal boots
[07/08/2012 18:04:45] /i royal shield
[07/08/2012 18:05:18] /i 2358
[07/08/2012 18:05:33] /i slayer coin
[07/08/2012 18:06:10] /addskill Dark freskyboy, lvl, 492
[07/08/2012 18:06:42] /i royal wand
[07/08/2012 18:07:27] /a
[07/08/2012 18:08:08] /ghost
[07/08/2012 18:08:09] /t
[08/08/2012 15:45:27] /namex
[08/08/2012 15:45:34] /namex oscar, El loko Oscar
