[14/08/2012 19:23:34] /ghost
[14/08/2012 19:25:31] /ganador pokemon
[14/08/2012 20:20:36] /player on
[14/08/2012 20:24:42] /player on
[14/08/2012 20:25:39] /player off
[14/08/2012 20:26:37] /ganador axtridum
[14/08/2012 20:26:42] /goto axtridum
[14/08/2012 21:43:25] /goto fercho
[14/08/2012 21:43:28] /goto fercho
[14/08/2012 21:43:51] /a 
[14/08/2012 21:43:54] /a 3
[14/08/2012 21:47:14] /goto fercho
[14/08/2012 21:50:34] /a 2
[14/08/2012 21:50:42] /a 2
[14/08/2012 21:50:55] /a 3
[14/08/2012 21:50:58] /a 3
[14/08/2012 21:51:03] /a 3
[14/08/2012 21:51:05] /a 3
[14/08/2012 21:51:15] /a 3
[14/08/2012 21:51:16] /a 3
[14/08/2012 21:51:36] /a 3
[14/08/2012 21:52:00] /a 3
[14/08/2012 21:52:02] /up
[14/08/2012 21:52:13] /goto don ramon
[14/08/2012 21:52:18] /goto fercho
