[08/07/2012 22:24:06] /m demon
[08/07/2012 22:24:14] /m ferumbras
[08/07/2012 22:24:31] /m don cangrejo
[08/07/2012 22:30:27] /goto zaraki kempachi
[08/07/2012 22:30:40] /t
[08/07/2012 22:36:24] /goto diablito
[08/07/2012 22:36:45] /a
[08/07/2012 22:36:46] /a
[08/07/2012 22:36:46] /a
[08/07/2012 22:37:11] /ghost
[08/07/2012 22:49:57] /i backpack
[08/07/2012 22:50:18] /a 5
[08/07/2012 22:50:32] /cliport
[08/07/2012 22:50:39] /t
[08/07/2012 22:51:29] /i wedding outfit box
[08/07/2012 22:53:36] /i 10504
[08/07/2012 22:53:39] /i 10503
[08/07/2012 22:53:41] /i 10502
[08/07/2012 22:53:45] /i 10501
[08/07/2012 22:53:54] /r
[08/07/2012 22:53:58] /r
[08/07/2012 22:54:01] /i 10500
[08/07/2012 22:54:03] /i 10500
[08/07/2012 22:54:05] /i 10500
[08/07/2012 22:54:18] /i 10499
[08/07/2012 22:54:26] /i 10498
[08/07/2012 22:54:32] /i 10498
[08/07/2012 22:54:33] /i 10498
[08/07/2012 22:54:35] /i 10498
[08/07/2012 22:54:36] /i 10498
[08/07/2012 22:54:37] /i 10498
[08/07/2012 22:54:37] /i 10498
[08/07/2012 22:54:38] /i 10498
[08/07/2012 22:54:43] /i 10491
[08/07/2012 22:54:46] /r
[08/07/2012 22:55:14] /i 2625
[08/07/2012 22:55:20] /i 2626
[08/07/2012 22:55:22] /i 2627
[08/07/2012 22:55:24] /i 2628
[08/07/2012 22:55:25] /i 2629
[08/07/2012 22:55:29] /i 2629
[08/07/2012 22:55:33] /i 2630
[08/07/2012 22:55:35] /i 2631
[08/07/2012 22:55:37] /i 2632
[08/07/2012 22:55:39] /i 2633
[08/07/2012 22:55:40] /i 2634
[08/07/2012 22:55:42] /i 2635
[08/07/2012 22:55:45] /i 2636
[08/07/2012 22:55:50] /i 2637
[08/07/2012 22:55:52] /i 2638
[08/07/2012 22:55:55] /r
[08/07/2012 22:56:11] /i 2640
[08/07/2012 22:56:13] /i 2641
[08/07/2012 22:56:18] /i 2642
[08/07/2012 22:56:20] /i 2643
[08/07/2012 22:56:21] /i 2644
[08/07/2012 22:56:22] /i 2645
[08/07/2012 22:56:23] /i 2646
[08/07/2012 22:56:25] /i 2647
[08/07/2012 22:56:29] /i 2648
[08/07/2012 22:56:32] /i 2649
[08/07/2012 22:56:36] /i 2650
[08/07/2012 22:56:40] /i 2651
[08/07/2012 22:56:42] /i 2652
[08/07/2012 22:56:43] /i 2653
[08/07/2012 22:56:45] /i 2654
[08/07/2012 22:56:46] /i 2655
[08/07/2012 22:56:49] /i 2656
[08/07/2012 22:56:50] /i 2657
[08/07/2012 22:56:51] /i 2658
[08/07/2012 22:56:52] /i 2659
[08/07/2012 22:56:58] /i 2660
[08/07/2012 22:57:00] /i 2661
[08/07/2012 22:57:01] /i 2662
[08/07/2012 22:57:03] /i 2663
[08/07/2012 22:57:04] /i 2664
[08/07/2012 22:57:05] /i 2665
[08/07/2012 22:57:07] /i 2666
[08/07/2012 22:57:08] /i 2667
[08/07/2012 22:57:18] /c mastergod
[08/07/2012 22:57:33] /i 10010
[08/07/2012 22:57:38] /i 10011
[08/07/2012 22:57:41] /i 10012
[08/07/2012 22:57:43] /i 10013
[08/07/2012 22:57:45] /i 10015
[08/07/2012 22:57:48] /i 10017
[08/07/2012 22:57:50] /i 10018
[08/07/2012 22:58:04] /i 10019
[08/07/2012 22:58:07] /i 100120
[08/07/2012 22:58:12] /i 10054
[08/07/2012 22:58:15] /i 10057
[08/07/2012 22:58:17] /i 10058
[08/07/2012 22:58:21] /i 10075
[08/07/2012 22:58:24] /i 10074
[08/07/2012 22:58:26] /i 10073
[08/07/2012 22:58:31] /i 10076
[08/07/2012 22:58:34] /i 10075
[08/07/2012 22:58:36] /i 10078
[08/07/2012 22:58:49] /i 10433
[08/07/2012 22:58:55] /i 10420
[08/07/2012 22:59:00] /r
[08/07/2012 22:59:01] /r
[08/07/2012 22:59:02] /r
[08/07/2012 22:59:45] /r
[08/07/2012 23:00:04] /i 5794
[08/07/2012 23:00:06] /i 5795
[08/07/2012 23:00:20] /i 5796
[08/07/2012 23:00:23] /i 5797
[08/07/2012 23:00:25] /i 5798
[08/07/2012 23:00:27] /i 5799
[08/07/2012 23:00:49] /i 5800
[08/07/2012 23:00:51] /i 5801
[08/07/2012 23:00:53] /i 5802
[08/07/2012 23:00:56] /i 5803
[08/07/2012 23:01:11] /i 5805
[08/07/2012 23:01:14] /i 5806
[08/07/2012 23:01:15] /i 5807
[08/07/2012 23:01:17] /i 5808
[08/07/2012 23:01:18] /i 5809
[08/07/2012 23:01:55] /i frozen starlight
[08/07/2012 23:02:03] /i 2362
[08/07/2012 23:02:06] /i 2363
[08/07/2012 23:02:10] /i 2364
[08/07/2012 23:02:13] /i 2365
[08/07/2012 23:02:15] /i 2366
[08/07/2012 23:02:25] /i 2367
[08/07/2012 23:02:27] /i 2368
[08/07/2012 23:02:33] /i 2369
[08/07/2012 23:02:38] /i 2370
[08/07/2012 23:02:39] /i 2371
[08/07/2012 23:02:41] /i 2372
[08/07/2012 23:02:42] /i 2373
[08/07/2012 23:02:45] /i 2374
[08/07/2012 23:02:48] /i 2375
[08/07/2012 23:02:50] /i 2376
[08/07/2012 23:02:51] /i 2377
[08/07/2012 23:02:55] /i 2378
[08/07/2012 23:03:03] /i 2383
[08/07/2012 23:03:15] /r
[08/07/2012 23:05:13] /i 2360
[08/07/2012 23:05:31] /i 2359
[08/07/2012 23:05:35] /i 2358
[08/07/2012 23:05:37] /i 2357
[08/07/2012 23:06:01] /i 2356
[08/07/2012 23:06:04] /i 2355
[08/07/2012 23:06:06] /i 2354
[08/07/2012 23:06:07] /i 2353
[08/07/2012 23:06:09] /i 2352
[08/07/2012 23:06:11] /i 2351
[08/07/2012 23:06:17] /i 2350
[08/07/2012 23:06:34] /i 23443
[08/07/2012 23:06:36] /i 2344
[08/07/2012 23:06:40] /i 2244
[08/07/2012 23:06:43] /i 2246
[08/07/2012 23:06:48] /i 2248
[08/07/2012 23:06:51] /i 2247
[08/07/2012 23:06:53] /i 2249
[08/07/2012 23:06:59] /i 2260
[08/07/2012 23:07:01] /i 2263
[08/07/2012 23:07:06] /i 2293
[08/07/2012 23:07:09] /i 2297
[08/07/2012 23:07:14] /i 2297
[08/07/2012 23:07:15] /i 2298
[08/07/2012 23:07:17] /i 2299
[08/07/2012 23:07:22] /i 2300
[08/07/2012 23:07:24] /i 2301
[08/07/2012 23:07:26] /i 2302
[08/07/2012 23:07:28] /i 2303
[08/07/2012 23:07:30] /i 2304
[08/07/2012 23:07:33] /i 2305
[08/07/2012 23:07:35] /i 2306
[08/07/2012 23:07:36] /i 2307
[08/07/2012 23:07:38] /i 2308
[08/07/2012 23:07:39] /i 2309
[08/07/2012 23:07:43] /i 2310
[08/07/2012 23:07:46] /i 2311
[08/07/2012 23:07:48] /i 2312
[08/07/2012 23:07:51] /i 2313
[08/07/2012 23:07:52] /i 2314
[08/07/2012 23:07:54] /i 2315
[08/07/2012 23:07:58] /i 2316
[08/07/2012 23:08:00] /i 2317
[08/07/2012 23:08:03] /i 2318
[08/07/2012 23:08:05] /i 2319
[08/07/2012 23:08:09] /i 2320
[08/07/2012 23:08:22] /i 2321
[08/07/2012 23:08:24] /i 2323
[08/07/2012 23:08:27] /i 2322
[08/07/2012 23:08:30] /i 2324
[08/07/2012 23:08:32] /i 2325
[08/07/2012 23:08:34] /i 2326
[08/07/2012 23:08:35] /i 2327
[08/07/2012 23:08:36] /i 2328
[08/07/2012 23:08:39] /i 2329
[08/07/2012 23:08:44] /i 2330
[08/07/2012 23:08:45] /i 2331
[08/07/2012 23:09:03] /i 2332
[08/07/2012 23:09:16] /i 2333
[08/07/2012 23:09:17] /i 2334
[08/07/2012 23:09:19] /i 2335
[08/07/2012 23:09:25] /r
[08/07/2012 23:09:29] /i 2336
[08/07/2012 23:09:30] /i 2337
[08/07/2012 23:09:31] /i 2338
[08/07/2012 23:09:32] /i 2339
[08/07/2012 23:09:38] /i 2340
[08/07/2012 23:09:40] /i 2341
[08/07/2012 23:10:05] /i 2342
[08/07/2012 23:10:07] /i 2343
[08/07/2012 23:10:10] /i 2344
[08/07/2012 23:10:12] /i 2345
[08/07/2012 23:10:14] /i 2346
[08/07/2012 23:10:15] /i 2347
[08/07/2012 23:10:17] /i 2348
[08/07/2012 23:10:19] /i 2349
[08/07/2012 23:10:22] /i 2350
[08/07/2012 23:10:24] /i 2351
[08/07/2012 23:10:25] /i 2352
[08/07/2012 23:10:27] /i 2353
[08/07/2012 23:10:28] /i 2354
[08/07/2012 23:10:30] /i 2355
[08/07/2012 23:10:31] /i 2356
[08/07/2012 23:10:32] /i 2357
[08/07/2012 23:10:33] /i 2358
[08/07/2012 23:10:35] /i 2359
[08/07/2012 23:10:52] /i 2103
[08/07/2012 23:10:55] /i 2103
[08/07/2012 23:10:56] /i 2104
[08/07/2012 23:10:59] /i 2105
[08/07/2012 23:11:01] /i 2108
[08/07/2012 23:11:04] /i 2107
[08/07/2012 23:11:08] /i 2109
[08/07/2012 23:11:13] /i 2100
[08/07/2012 23:11:16] /i 2101
[08/07/2012 23:11:19] /i 2102
[08/07/2012 23:11:20] /i 2103
[08/07/2012 23:11:21] /i 2104
[08/07/2012 23:11:23] /i 2105
[08/07/2012 23:11:27] /i 2110
[08/07/2012 23:11:29] /i 2111
[08/07/2012 23:11:31] /i 2112
[08/07/2012 23:11:33] /i 2113
[08/07/2012 23:11:35] /i 2114
[08/07/2012 23:11:36] /i 2115
[08/07/2012 23:11:38] /i 2116
[08/07/2012 23:11:41] /i 2117
[08/07/2012 23:11:43] /i 2118
[08/07/2012 23:11:45] /i 2119
[08/07/2012 23:11:54] /i 2120
[08/07/2012 23:11:55] /i 2121
[08/07/2012 23:11:56] /i 2122
[08/07/2012 23:11:58] /i 2123
[08/07/2012 23:11:59] /i 2124
[08/07/2012 23:12:00] /i 2125
[08/07/2012 23:12:01] /i 2126
[08/07/2012 23:12:02] /i 2127
[08/07/2012 23:12:04] /i 2128
[08/07/2012 23:12:06] /i 2129
[08/07/2012 23:12:14] /i 2130
[08/07/2012 23:12:16] /i 2131
[08/07/2012 23:12:17] /i 2132
[08/07/2012 23:12:20] /i 2133
[08/07/2012 23:12:22] /i 2134
[08/07/2012 23:12:23] /i 2135
[08/07/2012 23:12:26] /i 2136
[08/07/2012 23:12:29] /i 2137
[08/07/2012 23:12:31] /i 2138
[08/07/2012 23:12:32] /i 2139
[08/07/2012 23:12:39] /i backpack
[08/07/2012 23:17:27] /attr set armor 2600
[08/07/2012 23:17:49] /i 6443
[08/07/2012 23:17:55] /r
[08/07/2012 23:20:10] /i jester doll
[08/07/2012 23:21:50] /i coloured egg
[08/07/2012 23:22:05] /i 6542
[08/07/2012 23:22:06] /i 6543
[08/07/2012 23:22:08] /i 6544
[08/07/2012 23:22:10] /i 6545
[08/07/2012 23:22:11] /i 6546
[08/07/2012 23:22:14] /i 6540
[08/07/2012 23:22:17] /i 6546
[08/07/2012 23:22:19] /i 6547
[08/07/2012 23:22:21] /i 6548
[08/07/2012 23:22:23] /i 6549
[08/07/2012 23:40:15] /m cucaracho
[08/07/2012 23:40:24] /m peludin
[08/07/2012 23:40:32] /m blade
[08/07/2012 23:40:41] /m royal druid
[08/07/2012 23:49:30] /t
[08/07/2012 23:49:56] /goto mastergod
[08/07/2012 23:59:53] /ghost
[09/07/2012 00:00:18] /goto fercho
[09/07/2012 00:00:24] /goto fercho
[09/07/2012 00:00:31] /goto mastergod
[09/07/2012 00:03:34] /goto iron man
[09/07/2012 00:21:54] /r
[09/07/2012 00:22:06] /r
[09/07/2012 02:12:32] /a
[09/07/2012 02:22:31] /up
[09/07/2012 02:22:32] /up
[09/07/2012 02:22:35] /up
[09/07/2012 02:22:35] /up
[09/07/2012 02:22:43] /up
