[18/08/2012 19:24:08] /newtype 302
[18/08/2012 19:26:08] /a 2
[18/08/2012 19:36:07] /newtype 302
[18/08/2012 19:37:50] /a 3
[18/08/2012 19:38:04] /a 3
[18/08/2012 19:38:05] /a 3
[18/08/2012 19:38:06] /a 3
[18/08/2012 19:38:12] /a 3
[18/08/2012 19:44:12] /goto fercho
[18/08/2012 19:44:30] /c don ramon
[18/08/2012 19:44:34] /newtype 302
[18/08/2012 19:45:14] /s demon
[18/08/2012 19:50:23] /t
[18/08/2012 19:50:39] /up
[18/08/2012 19:50:45] /up
[18/08/2012 19:50:49] /up
[18/08/2012 19:51:37] /up
[18/08/2012 19:51:43] /down
[18/08/2012 19:51:46] /down
[18/08/2012 19:52:31] /goto lizard
[18/08/2012 19:52:35] /goto demons
[18/08/2012 19:52:39] /goto demons
[18/08/2012 19:52:47] /goto bebesito emoxito
[18/08/2012 19:52:59] /goto danonino
[18/08/2012 19:54:31] /goto regreso
[18/08/2012 19:54:34] /goto regreso
[18/08/2012 19:54:35] /goto regreso
[18/08/2012 19:54:36] /goto regreso
[18/08/2012 19:54:47] /goto don daniel
[18/08/2012 19:54:52] /goto danonino
[18/08/2012 19:55:32] /goto teteraman
[18/08/2012 19:55:40] /goto don daniel
[18/08/2012 19:56:03] /goto demons
[18/08/2012 19:56:10] /goto bebesito emoxito
[18/08/2012 19:56:36] /goto don daniel
[18/08/2012 19:56:53] /goto danonino
[18/08/2012 19:57:02] /goto demons
[18/08/2012 19:57:10] /goto demons:
[18/08/2012 19:57:41] /goto regreso
[18/08/2012 19:57:45] /goto danonino
[18/08/2012 19:58:07] /ghost
[18/08/2012 19:58:09] /ghost
[18/08/2012 19:58:21] /ghost
[18/08/2012 19:58:23] /ghost
[18/08/2012 19:58:28] /ghost
[18/08/2012 19:58:29] /ghost
[18/08/2012 19:58:33] /ghost
[18/08/2012 19:58:38] /ghost
[18/08/2012 19:58:40] /ghost
[18/08/2012 19:58:42] /ghost
[18/08/2012 19:59:21] /goto danonino
[18/08/2012 19:59:38] /goto danonino
[18/08/2012 19:59:41] /ghost
[18/08/2012 19:59:42] /ghost
[18/08/2012 20:00:12] /goto teteramna
[18/08/2012 20:00:14] /goto teteraman
[18/08/2012 20:00:28] /goto bebesito emoxito
[18/08/2012 20:00:56] /goto danonino
[18/08/2012 20:01:00] /ghost
[18/08/2012 20:01:00] /ghost
[18/08/2012 20:01:14] /ghost
[18/08/2012 20:01:15] /ghost
[18/08/2012 20:01:20] /ghost
[18/08/2012 20:01:20] /ghost
[18/08/2012 20:01:25] /ghost
[18/08/2012 20:01:26] /ghost
[18/08/2012 20:01:32] /ghost
[18/08/2012 20:01:33] /ghost
[18/08/2012 20:01:41] /goto teteraman
[18/08/2012 20:01:48] /goto don daniel
[18/08/2012 20:01:51] /goto don daniel
[18/08/2012 20:02:38] /goto bebesito emoxito
[18/08/2012 20:03:04] /c bebesito emoxito
[18/08/2012 20:03:11] /c bebesito emoxito
[18/08/2012 20:03:21] /t
[18/08/2012 20:03:44] /goto anderson
[18/08/2012 20:04:43] /goto elio
[18/08/2012 20:04:54] /goto teteraman
[18/08/2012 20:05:25] /goto danonino
[18/08/2012 20:05:32] /goto bebesito emoxito
[18/08/2012 20:05:49] /goto bebesito emoxito
[18/08/2012 20:05:52] /goto bebesito emoxito
[18/08/2012 20:05:55] /goto bebesito emoxito
[18/08/2012 20:08:30] /goto fercho
[18/08/2012 20:08:45] /goto [Kiba]
[18/08/2012 20:08:50] /goto [Kiba]
[18/08/2012 20:09:01] /goto teteraman
[18/08/2012 20:11:05] /goto demons:
[18/08/2012 20:11:12] /goto putabrach
[18/08/2012 20:11:14] /goto putabracho
[18/08/2012 20:11:16] /goto putabracho
[18/08/2012 20:11:17] /goto putabracho
[18/08/2012 20:11:17] /goto putabracho
[18/08/2012 20:11:18] /goto putabracho
[18/08/2012 20:11:18] /goto putabracho
[18/08/2012 20:11:19] /goto putabracho
[18/08/2012 20:11:19] /goto putabracho
[18/08/2012 20:11:20] /goto putabracho
[18/08/2012 20:11:20] /goto putabracho
[18/08/2012 20:11:20] /goto putabracho
[18/08/2012 20:11:21] /goto putabracho
[18/08/2012 20:11:22] /goto putabracho
[18/08/2012 20:11:22] /goto putabracho
[18/08/2012 20:11:23] /goto putabracho
[18/08/2012 20:11:24] /goto putabracho
[18/08/2012 20:11:24] /goto putabracho
[18/08/2012 20:11:24] /goto putabracho
[18/08/2012 20:11:24] /goto putabracho
[18/08/2012 20:11:25] /goto putabracho
[18/08/2012 20:11:25] /goto putabracho
[18/08/2012 20:11:26] /goto putabracho
[18/08/2012 20:11:27] /goto putabracho
[18/08/2012 20:11:27] /goto putabracho
[18/08/2012 20:11:27] /goto putabracho
[18/08/2012 20:11:28] /goto putabracho
[18/08/2012 20:11:28] /goto putabracho
[18/08/2012 20:11:30] /a
[18/08/2012 20:11:30] /a
[18/08/2012 20:11:31] /a
[18/08/2012 20:11:31] /a
[18/08/2012 20:11:32] /a
[18/08/2012 20:11:32] /a
[18/08/2012 20:11:33] /a
[18/08/2012 20:11:33] /a
[18/08/2012 20:11:33] /a
[18/08/2012 20:11:34] /a
[18/08/2012 20:11:34] /a
[18/08/2012 20:11:34] /a
[18/08/2012 20:11:35] /a
[18/08/2012 20:11:35] /a
[18/08/2012 20:11:36] /a
[18/08/2012 20:11:36] /a
[18/08/2012 20:11:37] /a
[18/08/2012 20:11:37] /a
[18/08/2012 20:11:37] /a
[18/08/2012 20:11:38] /a
[18/08/2012 20:11:38] /a
[18/08/2012 20:11:39] /a
[18/08/2012 20:11:40] /goto putabracho
[18/08/2012 20:11:40] /goto putabracho
[18/08/2012 20:11:40] /goto putabracho
[18/08/2012 20:11:46] /goto anderson
[18/08/2012 20:12:10] /goto danonino
[18/08/2012 20:13:45] /goto kiba
[18/08/2012 20:13:52] /goto [Kiba]
[18/08/2012 20:14:11] /goto [Kiba]
[18/08/2012 20:14:15] /goto [Kiba]
[18/08/2012 20:14:17] /goto [Kiba]
[18/08/2012 20:14:19] /goto [Kiba]
[18/08/2012 20:14:21] /goto [Kiba]
[18/08/2012 20:14:23] /goto [Kiba]
[18/08/2012 20:14:24] /goto [Kiba]
[18/08/2012 20:14:25] /goto [Kiba]
[18/08/2012 20:14:26] /goto [Kiba]
[18/08/2012 20:14:26] /goto [Kiba]
[18/08/2012 20:15:15] /goto fercho
[18/08/2012 20:15:20] /goto fercho
[18/08/2012 20:15:26] /goto fercho
[18/08/2012 20:15:31] /goto fercho
[18/08/2012 20:15:32] /goto fercho
[18/08/2012 20:15:33] /goto fercho
[18/08/2012 20:15:33] /goto fercho
[18/08/2012 20:15:33] /goto fercho
[18/08/2012 20:15:33] /goto fercho
[18/08/2012 20:15:33] /goto fercho
[18/08/2012 20:15:33] /goto fercho
[18/08/2012 20:15:34] /goto fercho
[18/08/2012 20:15:34] /goto fercho
[18/08/2012 20:15:34] /goto fercho
[18/08/2012 20:15:34] /goto fercho
[18/08/2012 20:15:34] /goto fercho
[18/08/2012 20:16:00] /goto danonino
[18/08/2012 20:16:07] /goto danonino
[18/08/2012 20:16:10] /ghost
[18/08/2012 20:16:11] /ghost
[18/08/2012 20:16:15] /ghost
[18/08/2012 20:16:16] /ghost
[18/08/2012 20:16:19] /a 
[18/08/2012 20:16:31] /ghost
[18/08/2012 20:16:43] /ghost
[18/08/2012 20:16:46] /ghost
[18/08/2012 20:16:56] /ghost
[18/08/2012 20:18:59] /goto danonino
[18/08/2012 20:19:00] /goto danonino
[18/08/2012 20:19:02] /goto danonino
[18/08/2012 20:19:05] /ghost
[18/08/2012 20:19:05] /ghost
[18/08/2012 20:19:18] /ghost
[18/08/2012 20:19:18] /ghost
[18/08/2012 20:20:47] /s papa piton
[18/08/2012 20:21:49] /t
[18/08/2012 20:21:58] /a
[18/08/2012 20:23:25] /a 3
[18/08/2012 20:23:41] /c danonino
[18/08/2012 20:23:51] /t
[18/08/2012 20:24:19] /a
[18/08/2012 20:24:36] /a 3
[18/08/2012 20:24:57] /c danonino
[18/08/2012 20:24:59] /a 3
[18/08/2012 20:25:50] /up
[18/08/2012 20:25:51] /up
[18/08/2012 20:25:54] /a 2
[18/08/2012 20:27:35] /c danonino
[18/08/2012 20:28:15] /t
[18/08/2012 20:29:10] /goto fercho
[18/08/2012 20:35:56] /goto tu madre
[18/08/2012 20:36:03] /goto danonino
[18/08/2012 20:36:09] /goto levireyn
[18/08/2012 20:36:37] /goto bebesito emoxito
[18/08/2012 20:36:42] /goto zasuke
[18/08/2012 20:36:52] /goto lord royasl
[18/08/2012 20:36:55] /goto lord royal
[18/08/2012 20:37:04] /goto anderson
[18/08/2012 20:37:53] /goto anderson
[18/08/2012 20:38:48] /a
[18/08/2012 20:40:00] /goto morthis
[18/08/2012 20:41:24] /goto morthis
[18/08/2012 20:41:42] /goto morthis
[18/08/2012 20:41:46] /goto morthis
[18/08/2012 20:42:08] /c regreso
[18/08/2012 20:42:20] /c regreso
[18/08/2012 20:43:07] /goto morthis
[18/08/2012 20:43:15] /c regreso
[18/08/2012 20:43:24] /c regreso
[18/08/2012 20:43:27] /c regreso
[18/08/2012 20:43:30] /c regreso
[18/08/2012 20:43:35] /c regreso
[18/08/2012 20:44:09] /a 2
[18/08/2012 20:44:15] /c regreso
[18/08/2012 20:44:25] /c regreso
[18/08/2012 20:44:32] /t anderson
[18/08/2012 20:44:39] /c regreso
[18/08/2012 20:45:19] /t morthis
[18/08/2012 20:45:22] /c regreso
[18/08/2012 20:45:36] /t morthis
[18/08/2012 20:45:45] /c morthis
[18/08/2012 21:40:16] /goto fercho
[18/08/2012 21:41:59] /a 3
[18/08/2012 21:42:05] /a 3
[18/08/2012 21:42:07] /a 3
[18/08/2012 21:42:29] /a 3
[18/08/2012 21:42:31] /a 3
[18/08/2012 21:45:04] /a 3
[18/08/2012 21:45:16] /a
[18/08/2012 21:45:41] /t
[18/08/2012 22:17:39] /a
[18/08/2012 22:18:15] /a 
[18/08/2012 22:18:54] /c danonino
[18/08/2012 22:25:25] /t
[18/08/2012 22:25:51] /goto mazurka
[18/08/2012 22:26:47] /goto fercho
[18/08/2012 22:30:30] /a
[18/08/2012 22:31:26] /a
[18/08/2012 22:32:43] /a
[18/08/2012 22:33:17] /goto morthis
[18/08/2012 22:48:03] /goto fercho
[18/08/2012 23:25:49] /t
[18/08/2012 23:25:55] /a
[18/08/2012 23:26:21] /a
[18/08/2012 23:26:25] /up
[18/08/2012 23:26:25] /up
[18/08/2012 23:26:27] /up
[18/08/2012 23:26:28] /a 3
[18/08/2012 23:26:32] /a 2
[18/08/2012 23:28:28] /up
[18/08/2012 23:28:31] /up
[18/08/2012 23:28:32] /up
[18/08/2012 23:28:32] /up
[18/08/2012 23:28:33] /up
[18/08/2012 23:29:17] /up
[18/08/2012 23:29:19] /up
[18/08/2012 23:29:19] /up
[18/08/2012 23:29:20] /up
[18/08/2012 23:29:20] /up
[18/08/2012 23:29:43] /c anderson
[18/08/2012 23:54:08] /player on
[18/08/2012 23:54:13] /player off
[18/08/2012 23:56:40] /player on
[18/08/2012 23:56:50] /b gogog digan!player para entrar al evento
[18/08/2012 23:57:45] /player off
[18/08/2012 23:58:13] /ganador danonino
[18/08/2012 23:58:45] /c sorc of hell
[18/08/2012 23:58:48] /c sorc of hell
[18/08/2012 23:58:50] /c sorc of hell
[18/08/2012 23:59:06] /b sale chabos mañana nos vemos byeee!
[18/08/2012 23:59:13] /t
[18/08/2012 23:59:53] /b hasta mañana chavos mañana ago otro evento a las 9 pm ;) byee!
[19/08/2012 15:36:34] /goto nerd din
[19/08/2012 15:36:43] /goto nerd din
[19/08/2012 15:36:45] /goto nerd din
[19/08/2012 15:36:46] /goto nerd din
[19/08/2012 15:36:48] /goto nerd din
[19/08/2012 15:37:18] /goto nerd din
[19/08/2012 19:31:13] /goto danonino
[19/08/2012 19:31:44] /goto bebesito emoxito
[19/08/2012 19:32:10] /goto fercha
[19/08/2012 19:32:26] /goto michel phelps
[19/08/2012 19:32:55] /goto danonino
[19/08/2012 19:35:43] /goto lizard
[19/08/2012 19:35:50] /goto destrosa panochas
[19/08/2012 19:36:00] /goto bebesito emoxito
[19/08/2012 19:36:21] /goto bebesito emoxito
[19/08/2012 19:36:23] /goto bebesito emoxito
[19/08/2012 19:36:25] /goto bebesito emoxito
[19/08/2012 19:36:26] /goto bebesito emoxito
[19/08/2012 19:36:27] /goto bebesito emoxito
[19/08/2012 19:36:29] /goto bebesito emoxito
[19/08/2012 19:36:30] /goto bebesito emoxito
[19/08/2012 19:36:41] /goto danonino
[19/08/2012 19:36:59] /goto pan con queso
[19/08/2012 19:37:03] /goto pan con queso
[19/08/2012 19:37:05] /goto pan con queso
[19/08/2012 19:37:07] /goto pan con queso
[19/08/2012 19:37:09] /goto pan con queso
[19/08/2012 19:37:10] /goto pan con queso
[19/08/2012 19:38:10] /goto pan con queso
[19/08/2012 19:39:09] /goto pan con queso
[19/08/2012 19:39:43] /goto michel phelps
[19/08/2012 19:41:46] /goto bebesito emoxito
[19/08/2012 19:42:06] /goto michel phelps
[19/08/2012 19:42:21] /b :O encerio? XD
[19/08/2012 19:43:19] /b Awww Fercho Y Fercha Se Casaran ;3
[19/08/2012 19:45:06] /b e,e dejense de mamadas XD
[19/08/2012 19:46:42] /b cuando sera la boda ps? xD!
[20/08/2012 21:25:05] /goto fercho
[20/08/2012 21:25:51] /goto fercho
