[15/07/2012 23:05:08] /b  ?
[15/07/2012 23:34:23] /b cuando lo abriras
[15/07/2012 23:34:27] /b cuando lo abriras we
[16/07/2012 21:17:48] /b fercho 
[16/07/2012 21:18:10] /b i im gay i im puta  :D :*
[18/07/2012 20:31:08] /b i im gay
[18/07/2012 20:31:28] /b i im gay
[18/07/2012 20:32:07] /b tu mama en tanga pinche iroxx
[18/07/2012 20:32:44] /b gay
[18/07/2012 20:33:01] /b no se junten con iroxx es gay 
[18/07/2012 20:33:09] /b no se junten con iroxx es gay 
[18/07/2012 20:33:50] /b zaraki kempachi es gay y es mi vieja :*
[18/07/2012 20:58:25] /b zaraki kempachi 
[19/07/2012 19:49:40] /b ferchoooooooo
[20/07/2012 18:37:33] /b fercho estas on??
[21/07/2012 14:17:06] /b jajajaja
[21/07/2012 14:17:16] /b jajajaja pinche burlesco culey
[21/07/2012 14:18:04] /b yo tbm moria we cuando se me acababa el utamo jajaaj
[21/07/2012 14:20:22] /b tu mama en tanga wee yo soy mago y asi me pelas la verga
[21/07/2012 14:21:39] /b pues tu eres kina pendejo pero con utamo me la pelas
[21/07/2012 14:41:35] /b bye a todos los amo jaajjaja ire comer :* 20 min vuelvo chikiyas ;*
