[05/01/2010 19:59:42] The Forgotten Server, version 0.3.4 (Crying Damson)
[05/01/2010 19:59:43] Sever Criado Por Alissow e Comedinha.
[05/01/2010 19:59:43] Publicidade: www.sotserv.blogspot.com <- <- <- Tudo sobre otserv.
[05/01/2010 19:59:43] Bom Jogo!!!
[05/01/2010 19:59:43] 
[05/01/2010 19:59:43] >> Debugging: nothing.
[05/01/2010 19:59:43] >> Checking software version... outdated, please consider updating!
[05/01/2010 19:59:44] > Current version information - version: 0.3.4, patch: 2, build: 1879, timestamp: 1242396574.
[05/01/2010 19:59:44] > Latest version information - version: 0.3.6, patch: 0, build: 3293, timestamp: 1260652199.
[05/01/2010 19:59:44] [Warning - ConfigManager::getBool] 62
[05/01/2010 19:59:45] 
[05/01/2010 19:59:45] >> Loading config (config.lua)
[05/01/2010 19:59:45] > Using plaintext passwords
[05/01/2010 19:59:45] >> Loading RSA key
[05/01/2010 19:59:45] >> Starting SQL connection
[05/01/2010 19:59:45] >> Running Database Manager
[05/01/2010 19:59:46] > Optimized database.
[05/01/2010 19:59:46] >> Loading items
[05/01/2010 19:59:47] >> Loading groups
[05/01/2010 19:59:47] >> Loading vocations
[05/01/2010 19:59:48] >> Loading script systems
[05/01/2010 19:59:57] >> Loading chat channels
[05/01/2010 19:59:57] >> Loading outfits
[05/01/2010 19:59:57] >> Loading experience stages
[05/01/2010 19:59:57] >> Loading monsters
[05/01/2010 20:00:06] >> Loading map and spawns...
[05/01/2010 20:00:11] > Map size: 1100x1100.
[05/01/2010 20:00:12] > Map descriptions: 
[05/01/2010 20:00:12] Saved with Remere's Map Editor 1.1.10
[05/01/2010 20:00:12] Remere 's Map Editor Beta
[05/01/2010 20:00:17] Duplicate uniqueId 9911
[05/01/2010 20:00:17] Duplicate uniqueId 9912
[05/01/2010 20:00:17] Duplicate uniqueId 9913
[05/01/2010 20:00:17] Duplicate uniqueId 9914
[05/01/2010 20:00:17] Duplicate uniqueId 9915
[05/01/2010 20:00:20] Duplicate uniqueId 2471
[05/01/2010 20:00:22] Duplicate uniqueId 2471
[05/01/2010 20:00:28] Duplicate uniqueId 8880
[05/01/2010 20:00:32] Duplicate uniqueId 5006
[05/01/2010 20:00:34] > Map loading time: 27.922 seconds.
[05/01/2010 20:01:05] [Warning - Spawns::loadFromXml] Mago merlin ( 00073 / 00744 / 007 ) spawntime cannot be less than 1 seconds.
[05/01/2010 20:01:05] [Warning - Spawns::loadFromXml] Mago merlin ( 00080 / 00759 / 007 ) spawntime cannot be less than 1 seconds.
[05/01/2010 20:01:06] > Data loading time: 32.219 seconds.
[05/01/2010 20:01:12] > Unserialization time for houses: 5.797 seconds.
[05/01/2010 20:02:06] > Unserialization time for map: 53.859 seconds.
[05/01/2010 20:02:07] >> Checking world type... PvP
[05/01/2010 20:02:07] >> Initializing game state modules and registering services...
[05/01/2010 20:02:23] > Global address: 201.246.36.209
[05/01/2010 20:02:23] > Local ports:
[05/01/2010 20:02:23] 7171	7172	
[05/01/2010 20:02:23] >> All modules were loaded, server starting up...
[05/01/2010 20:02:24] >> Aggrox metal server Online!
[05/01/2010 20:02:24] 
[05/01/2010 20:02:29] sqlite3_step(): SQLITE ERROR: columns id, world_id are not unique
[05/01/2010 20:02:32] Hoster Aggresor has logged in.
[05/01/2010 20:02:32] > Broadcasted message: "Hoster Aggresor se conecto (el es: rei aggresor)".
[05/01/2010 20:09:58] > Broadcasted message: "hola bienvenido a aggrometal server si eres nuevo coloca !spells la promotion vale 2cc !buypromotion y tienes beneficios en las magias attacke mas rapido y otras cosas mas, foro del server http://aggrometal.foroactivo.net".
[05/01/2010 20:11:47] Hoster Aggresor has logged out.
[05/01/2010 20:11:51] Mono Pirata has logged in.
[05/01/2010 20:14:58] > Saving server...
[05/01/2010 20:15:09] > SAVE: Complete in 10.281 seconds using relational house storage.
[05/01/2010 20:19:58] > Broadcasted message: "[SYSTEMA DE LOTERIA] ganador: Mono Pirata, recompensa: 100k! - felicitaciones! (siguiente Loteria en media Hora)".
[05/01/2010 20:19:59] > Broadcasted message: "hola bienvenido a aggrometal server si eres nuevo coloca !spells la promotion vale 2cc !buypromotion y tienes beneficios en las magias attacke mas rapido y otras cosas mas, foro del server http://aggrometal.foroactivo.net".
[05/01/2010 20:24:59] Mono Pirata has logged out.
[05/01/2010 20:25:00] Hoster Aggresor has logged in.
[05/01/2010 20:25:00] > Broadcasted message: "Hoster Aggresor se conecto (el es: rei aggresor)".
[05/01/2010 20:29:59] > Saving server...
[05/01/2010 20:30:06] > SAVE: Complete in 6.906 seconds using relational house storage.
[05/01/2010 20:30:06] > Broadcasted message: "hola bienvenido a aggrometal server si eres nuevo coloca !spells la promotion vale 2cc !buypromotion y tienes beneficios en las magias attacke mas rapido y otras cosas mas, foro del server http://aggrometal.foroactivo.net".
[05/01/2010 20:39:59] > Broadcasted message: "[SYSTEMA DE LOTERIA] ganador: Hoster Aggresor, recompensa: 100k! - felicitaciones! (siguiente Loteria en media Hora)".
[05/01/2010 20:40:07] > Broadcasted message: "hola bienvenido a aggrometal server si eres nuevo coloca !spells la promotion vale 2cc !buypromotion y tienes beneficios en las magias attacke mas rapido y otras cosas mas, foro del server http://aggrometal.foroactivo.net".
[05/01/2010 20:45:00] > Saving server...
[05/01/2010 20:45:16] > SAVE: Complete in 16.375 seconds using relational house storage.
[05/01/2010 20:50:08] > Broadcasted message: "hola bienvenido a aggrometal server si eres nuevo coloca !spells la promotion vale 2cc !buypromotion y tienes beneficios en las magias attacke mas rapido y otras cosas mas, foro del server http://aggrometal.foroactivo.net".
[05/01/2010 20:50:51] Hoster Aggresor has logged out.
[05/01/2010 20:50:56] Zorra Zorrienta has logged in.
[05/01/2010 20:52:32] Zorra Zorrienta has logged out.
[05/01/2010 20:52:34] Hoster Aggresor has logged in.
[05/01/2010 20:52:35] > Broadcasted message: "Hoster Aggresor se conecto (el es: rei aggresor)".
[05/01/2010 20:52:57] 
[05/01/2010 20:52:57] Lua Script Error: [Action Interface] 
[05/01/2010 20:52:57] data/actions/scripts/liquids/mana_potion.lua:onUse
[05/01/2010 20:52:57] 
[05/01/2010 20:52:57] luaDoCreatureAddMana(). Creature not found
[05/01/2010 21:00:00] > Broadcasted message: "[SYSTEMA DE LOTERIA] ganador: Hoster Aggresor, recompensa: 100k! - felicitaciones! (siguiente Loteria en media Hora)".
[05/01/2010 21:00:01] > Saving server...
[05/01/2010 21:00:49] > SAVE: Complete in 47.296 seconds using relational house storage.
[05/01/2010 21:00:49] > Broadcasted message: "hola bienvenido a aggrometal server si eres nuevo coloca !spells la promotion vale 2cc !buypromotion y tienes beneficios en las magias attacke mas rapido y otras cosas mas, foro del server http://aggrometal.foroactivo.net".
[05/01/2010 21:22:33] > Broadcasted message: "hola bienvenido a aggrometal server si eres nuevo coloca !spells la promotion vale 2cc !buypromotion y tienes beneficios en las magias attacke mas rapido y otras cosas mas, foro del server http://aggrometal.foroactivo.net".
[05/01/2010 21:27:33] > Saving server...
[05/01/2010 21:27:47] > SAVE: Complete in 13.203 seconds using relational house storage.
[05/01/2010 21:32:33] > Broadcasted message: "[SYSTEMA DE LOTERIA] ganador: Hoster Aggresor, recompensa: 100k! - felicitaciones! (siguiente Loteria en media Hora)".
[05/01/2010 21:32:34] > Broadcasted message: "hola bienvenido a aggrometal server si eres nuevo coloca !spells la promotion vale 2cc !buypromotion y tienes beneficios en las magias attacke mas rapido y otras cosas mas, foro del server http://aggrometal.foroactivo.net".
[05/01/2010 21:33:09] 
[05/01/2010 21:33:09] Lua Script Error: [Action Interface] 
[05/01/2010 21:33:09] data/actions/scripts/gate2.lua:onUse
[05/01/2010 21:33:09] 
[05/01/2010 21:33:09] attempt to index a number value
[05/01/2010 21:33:09] stack traceback:
[05/01/2010 21:33:09] 	[C]: in function 'doSendMagicEffect'
[05/01/2010 21:33:09] 	data/actions/scripts/gate2.lua:7: in function <data/actions/scripts/gate2.lua:1>
[05/01/2010 21:33:09] 
[05/01/2010 21:33:09] Lua Script Error: [Action Interface] 
[05/01/2010 21:33:09] data/actions/scripts/gate2.lua:onUse
[05/01/2010 21:33:09] 
[05/01/2010 21:33:09] attempt to index a number value
[05/01/2010 21:33:09] stack traceback:
[05/01/2010 21:33:09] 	[C]: in function 'doSendMagicEffect'
[05/01/2010 21:33:09] 	data/actions/scripts/gate2.lua:11: in function <data/actions/scripts/gate2.lua:1>
[05/01/2010 21:33:10] 
[05/01/2010 21:33:10] Lua Script Error: [Action Interface] 
[05/01/2010 21:33:10] data/actions/scripts/gate2.lua:onUse
[05/01/2010 21:33:10] 
[05/01/2010 21:33:10] attempt to index a number value
[05/01/2010 21:33:10] stack traceback:
[05/01/2010 21:33:10] 	[C]: in function 'doSendMagicEffect'
[05/01/2010 21:33:10] 	data/actions/scripts/gate2.lua:7: in function <data/actions/scripts/gate2.lua:1>
[05/01/2010 21:42:34] > Saving server...
[05/01/2010 21:42:40] > SAVE: Complete in 6.421 seconds using relational house storage.
[05/01/2010 21:42:40] > Broadcasted message: "hola bienvenido a aggrometal server si eres nuevo coloca !spells la promotion vale 2cc !buypromotion y tienes beneficios en las magias attacke mas rapido y otras cosas mas, foro del server http://aggrometal.foroactivo.net".
[05/01/2010 21:44:42] [Warning - Event::loadScript] Cannot load script (data/creaturescripts/scripts/inquisitionPortals.lua)
[05/01/2010 21:44:42] data/creaturescripts/scripts/inquisitionPortals.lua:11: '=' expected near 'elemental_in_pos'
[05/01/2010 21:58:35] The Forgotten Server, version 0.3.4 (Crying Damson)
[05/01/2010 21:58:35] Sever Criado Por Alissow e Comedinha.
[05/01/2010 21:58:35] Publicidade: www.sotserv.blogspot.com <- <- <- Tudo sobre otserv.
[05/01/2010 21:58:35] Bom Jogo!!!
[05/01/2010 21:58:35] 
[05/01/2010 21:58:35] >> Debugging: nothing.
[05/01/2010 21:58:35] >> Checking software version... outdated, please consider updating!
[05/01/2010 21:58:36] > Current version information - version: 0.3.4, patch: 2, build: 1879, timestamp: 1242396574.
[05/01/2010 21:58:36] > Latest version information - version: 0.3.6, patch: 0, build: 3293, timestamp: 1260652199.
[05/01/2010 21:58:36] [Warning - ConfigManager::getBool] 62
[05/01/2010 21:58:36] 
[05/01/2010 21:58:36] >> Loading config (config.lua)
[05/01/2010 21:58:36] > Using plaintext passwords
[05/01/2010 21:58:36] >> Loading RSA key
[05/01/2010 21:58:36] >> Starting SQL connection
[05/01/2010 21:58:36] >> Running Database Manager
[05/01/2010 21:58:38] > Optimized database.
[05/01/2010 21:58:38] >> Loading items
[05/01/2010 21:58:40] >> Loading groups
[05/01/2010 21:58:40] >> Loading vocations
[05/01/2010 21:58:40] >> Loading script systems
[05/01/2010 21:58:47] [Warning - Event::loadScript] Cannot load script (data/creaturescripts/scripts/inquisitionPortals.lua)
[05/01/2010 21:58:47] data/creaturescripts/scripts/inquisitionPortals.lua:11: '=' expected near 'elemental_in_pos'
[05/01/2010 21:58:47] >> Loading chat channels
[05/01/2010 21:58:47] >> Loading outfits
[05/01/2010 21:58:47] >> Loading experience stages
[05/01/2010 21:58:47] >> Loading monsters
[05/01/2010 21:58:50] >> Loading map and spawns...
[05/01/2010 21:58:52] > Map size: 1100x1100.
[05/01/2010 21:58:52] > Map descriptions: 
[05/01/2010 21:58:52] Saved with Remere's Map Editor 1.1.10
[05/01/2010 21:58:52] Remere 's Map Editor Beta
[05/01/2010 21:58:54] Duplicate uniqueId 9911
[05/01/2010 21:58:54] Duplicate uniqueId 9912
[05/01/2010 21:58:54] Duplicate uniqueId 9913
[05/01/2010 21:58:54] Duplicate uniqueId 9914
[05/01/2010 21:58:54] Duplicate uniqueId 9915
[05/01/2010 21:58:55] Duplicate uniqueId 2471
[05/01/2010 21:58:56] Duplicate uniqueId 2471
[05/01/2010 21:58:59] Duplicate uniqueId 8880
[05/01/2010 21:59:01] Duplicate uniqueId 5006
[05/01/2010 21:59:02] > Map loading time: 11.531 seconds.
[05/01/2010 21:59:05] > Data loading time: 3.687 seconds.
[05/01/2010 21:59:07] > Unserialization time for houses: 1.563 seconds.
[05/01/2010 22:00:05] > Unserialization time for map: 58.344 seconds.
[05/01/2010 22:00:05] >> Checking world type... PvP
[05/01/2010 22:00:06] >> Initializing game state modules and registering services...
[05/01/2010 22:00:09] Warning: [Monster::Monster]. Unknown event name - Teleport
[05/01/2010 22:00:25] > Global address: 201.246.36.209
[05/01/2010 22:00:26] > Local ports:
[05/01/2010 22:00:26] 7171	7172	
[05/01/2010 22:00:26] >> All modules were loaded, server starting up...
[05/01/2010 22:00:26] >> Aggrox metal server Online!
[05/01/2010 22:00:26] 
[05/01/2010 22:00:39] sqlite3_step(): SQLITE ERROR: columns id, world_id are not unique
[05/01/2010 22:00:41] Hoster Aggresor has logged in.
[05/01/2010 22:00:41] > Broadcasted message: "Hoster Aggresor se conecto (el es: rei aggresor)".
[05/01/2010 22:02:36] Warning: [Monster::Monster]. Unknown event name - inquisitionPortals
[05/01/2010 22:03:12] Warning: [Monster::Monster]. Unknown event name - inquisitionPortals
[05/01/2010 22:03:28] [Warning - Monsters::loadMonster] Cannot load monster (Aggrox demon) file (data/monster/Demons/Aggrox demon.xml).
[05/01/2010 22:03:28] Line: 80, Info: Premature end of data in tag monster line 2
[05/01/2010 22:03:28] 
[05/01/2010 22:03:28] 
[05/01/2010 22:08:48] > Broadcasted message: "hola bienvenido a aggrometal server si eres nuevo coloca !spells la promotion vale 2cc !buypromotion y tienes beneficios en las magias attacke mas rapido y otras cosas mas, foro del server http://aggrometal.foroactivo.net".
[05/01/2010 22:13:48] > Saving server...
[05/01/2010 22:13:57] > SAVE: Complete in 8.781 seconds using relational house storage.
[05/01/2010 22:18:48] > Broadcasted message: "[SYSTEMA DE LOTERIA] ganador: Hoster Aggresor, recompensa: 100k! - felicitaciones! (siguiente Loteria en media Hora)".
[05/01/2010 22:18:49] > Broadcasted message: "hola bienvenido a aggrometal server si eres nuevo coloca !spells la promotion vale 2cc !buypromotion y tienes beneficios en las magias attacke mas rapido y otras cosas mas, foro del server http://aggrometal.foroactivo.net".
[05/01/2010 22:28:49] > Saving server...
[05/01/2010 22:29:00] > SAVE: Complete in 11.328 seconds using relational house storage.
[05/01/2010 22:29:00] > Broadcasted message: "hola bienvenido a aggrometal server si eres nuevo coloca !spells la promotion vale 2cc !buypromotion y tienes beneficios en las magias attacke mas rapido y otras cosas mas, foro del server http://aggrometal.foroactivo.net".
[05/01/2010 22:38:49] > Broadcasted message: "[SYSTEMA DE LOTERIA] ganador: Hoster Aggresor, recompensa: 100k! - felicitaciones! (siguiente Loteria en media Hora)".
[05/01/2010 22:39:01] > Broadcasted message: "hola bienvenido a aggrometal server si eres nuevo coloca !spells la promotion vale 2cc !buypromotion y tienes beneficios en las magias attacke mas rapido y otras cosas mas, foro del server http://aggrometal.foroactivo.net".
[05/01/2010 22:43:50] > Saving server...
[05/01/2010 22:45:22] > SAVE: Complete in 87.234 seconds using relational house storage.
[05/01/2010 22:49:02] > Broadcasted message: "hola bienvenido a aggrometal server si eres nuevo coloca !spells la promotion vale 2cc !buypromotion y tienes beneficios en las magias attacke mas rapido y otras cosas mas, foro del server http://aggrometal.foroactivo.net".
[05/01/2010 22:57:55] Hoster Aggresor has logged out.
[05/01/2010 22:58:50] 
[05/01/2010 22:58:50] Lua Script Error: [GlobalEvent Interface] 
[05/01/2010 22:58:50] data/globalevents/scripts/lottery.lua:onThink
[05/01/2010 22:58:50] 
[05/01/2010 22:58:50] data/globalevents/scripts/lottery.lua:12: bad argument #2 to 'random' (interval is empty)
[05/01/2010 22:58:51] stack traceback:
[05/01/2010 22:58:51] 	[C]: in function 'random'
[05/01/2010 22:58:51] 	data/globalevents/scripts/lottery.lua:12: in function <data/globalevents/scripts/lottery.lua:6>
[05/01/2010 22:58:51] [Error - GlobalEvents::onThink] Couldn't execute event: lottery
[05/01/2010 22:58:52] > Saving server...
[05/01/2010 22:58:59] > SAVE: Complete in 7.25 seconds using relational house storage.
[05/01/2010 22:59:03] > Broadcasted message: "hola bienvenido a aggrometal server si eres nuevo coloca !spells la promotion vale 2cc !buypromotion y tienes beneficios en las magias attacke mas rapido y otras cosas mas, foro del server http://aggrometal.foroactivo.net".
[05/01/2010 23:03:27] > Broadcasted message: "whatafuck csm invaden Slayer city".
[05/01/2010 23:09:04] > Broadcasted message: "hola bienvenido a aggrometal server si eres nuevo coloca !spells la promotion vale 2cc !buypromotion y tienes beneficios en las magias attacke mas rapido y otras cosas mas, foro del server http://aggrometal.foroactivo.net".
[05/01/2010 23:09:18] Hoster Aggresor has logged in.
[05/01/2010 23:09:18] > Broadcasted message: "Hoster Aggresor se conecto (el es: rei aggresor)".
[05/01/2010 23:13:53] > Saving server...
[05/01/2010 23:14:15] > SAVE: Complete in 21.625 seconds using relational house storage.
[05/01/2010 23:18:51] > Broadcasted message: "[SYSTEMA DE LOTERIA] ganador: Hoster Aggresor, recompensa: 100k! - felicitaciones! (siguiente Loteria en media Hora)".
[05/01/2010 23:19:05] > Broadcasted message: "hola bienvenido a aggrometal server si eres nuevo coloca !spells la promotion vale 2cc !buypromotion y tienes beneficios en las magias attacke mas rapido y otras cosas mas, foro del server http://aggrometal.foroactivo.net".
[05/01/2010 23:19:27] Hoster Aggresor has logged out.
[05/01/2010 23:28:54] > Saving server...
[05/01/2010 23:29:13] > SAVE: Complete in 18.718 seconds using relational house storage.
[05/01/2010 23:29:13] > Broadcasted message: "hola bienvenido a aggrometal server si eres nuevo coloca !spells la promotion vale 2cc !buypromotion y tienes beneficios en las magias attacke mas rapido y otras cosas mas, foro del server http://aggrometal.foroactivo.net".
[05/01/2010 23:38:52] 
[05/01/2010 23:38:52] Lua Script Error: [GlobalEvent Interface] 
[05/01/2010 23:38:52] data/globalevents/scripts/lottery.lua:onThink
[05/01/2010 23:38:52] 
[05/01/2010 23:38:52] data/globalevents/scripts/lottery.lua:12: bad argument #2 to 'random' (interval is empty)
[05/01/2010 23:38:52] stack traceback:
[05/01/2010 23:38:52] 	[C]: in function 'random'
[05/01/2010 23:38:52] 	data/globalevents/scripts/lottery.lua:12: in function <data/globalevents/scripts/lottery.lua:6>
[05/01/2010 23:38:52] [Error - GlobalEvents::onThink] Couldn't execute event: lottery
[05/01/2010 23:39:14] > Broadcasted message: "hola bienvenido a aggrometal server si eres nuevo coloca !spells la promotion vale 2cc !buypromotion y tienes beneficios en las magias attacke mas rapido y otras cosas mas, foro del server http://aggrometal.foroactivo.net".
[05/01/2010 23:42:27] > Broadcasted message: "whatafuck csm invaden Slayer city".
[05/01/2010 23:42:34] [Error - SingleSpawnEvent::executeEvent] Cannot spawn monster whatafuck
[05/01/2010 23:43:55] > Saving server...
[05/01/2010 23:44:04] > SAVE: Complete in 8.859 seconds using relational house storage.
[05/01/2010 23:49:15] > Broadcasted message: "hola bienvenido a aggrometal server si eres nuevo coloca !spells la promotion vale 2cc !buypromotion y tienes beneficios en las magias attacke mas rapido y otras cosas mas, foro del server http://aggrometal.foroactivo.net".
[05/01/2010 23:58:48] > Broadcasted message: "la limpieza del mapa empieza en 30 segundos, por favor wn recoje tus items!".
[05/01/2010 23:58:53] 
[05/01/2010 23:58:53] Lua Script Error: [GlobalEvent Interface] 
[05/01/2010 23:58:54] data/globalevents/scripts/lottery.lua:onThink
[05/01/2010 23:58:54] 
[05/01/2010 23:58:54] data/globalevents/scripts/lottery.lua:12: bad argument #2 to 'random' (interval is empty)
[05/01/2010 23:58:54] stack traceback:
[05/01/2010 23:58:54] 	[C]: in function 'random'
[05/01/2010 23:58:54] 	data/globalevents/scripts/lottery.lua:12: in function <data/globalevents/scripts/lottery.lua:6>
[05/01/2010 23:58:54] [Error - GlobalEvents::onThink] Couldn't execute event: lottery
[05/01/2010 23:58:56] > Saving server...
