[11/01/2010 19:47:36] The Forgotten Server, version 0.3.4 (Crying Damson)
[11/01/2010 19:47:37] Sever Criado Por Alissow e Comedinha.
[11/01/2010 19:47:38] Publicidade: www.sotserv.blogspot.com <- <- <- Tudo sobre otserv.
[11/01/2010 19:47:39] Bom Jogo!!!
[11/01/2010 19:47:39] 
[11/01/2010 19:47:39] >> Debugging: nothing.
[11/01/2010 19:47:40] >> Checking software version... outdated, please consider updating!
[11/01/2010 19:47:42] > Current version information - version: 0.3.4, patch: 2, build: 1879, timestamp: 1242396574.
[11/01/2010 19:47:43] > Latest version information - version: 0.3.6, patch: 0, build: 3293, timestamp: 1260652199.
[11/01/2010 19:47:43] [Warning - ConfigManager::getBool] 62
[11/01/2010 19:47:43] 
[11/01/2010 19:47:43] >> Loading config (config.lua)
[11/01/2010 19:47:43] > Using plaintext passwords
[11/01/2010 19:47:44] >> Loading RSA key
[11/01/2010 19:47:44] >> Starting SQL connection
[11/01/2010 19:47:44] >> Running Database Manager
[11/01/2010 19:47:47] > Optimized database.
[11/01/2010 19:47:47] >> Loading items
[11/01/2010 19:47:48] >> Loading groups
[11/01/2010 19:47:48] >> Loading vocations
[11/01/2010 19:47:48] >> Loading script systems
[11/01/2010 19:48:10] >> Loading chat channels
[11/01/2010 19:48:10] >> Loading outfits
[11/01/2010 19:48:10] >> Loading experience stages
[11/01/2010 19:48:10] >> Loading monsters
[11/01/2010 19:48:30] >> Loading map and spawns...
[11/01/2010 19:48:36] > Map size: 1100x1100.
[11/01/2010 19:48:36] > Map descriptions: 
[11/01/2010 19:48:36] Saved with Remere's Map Editor 1.1.10
[11/01/2010 19:48:36] Remere 's Map Editor Beta
[11/01/2010 19:48:40] Duplicate uniqueId 9911
[11/01/2010 19:48:41] Duplicate uniqueId 9912
[11/01/2010 19:48:41] Duplicate uniqueId 9913
[11/01/2010 19:48:42] Duplicate uniqueId 9914
[11/01/2010 19:48:42] Duplicate uniqueId 9915
[11/01/2010 19:48:44] Duplicate uniqueId 2471
[11/01/2010 19:48:46] Duplicate uniqueId 2471
[11/01/2010 19:48:50] Duplicate uniqueId 8880
[11/01/2010 19:48:51] Duplicate uniqueId 5006
[11/01/2010 19:48:53] > Map loading time: 23.531 seconds.
[11/01/2010 19:49:11] > Data loading time: 17.454 seconds.
[11/01/2010 19:49:24] > Unserialization time for houses: 12.735 seconds.
[11/01/2010 19:50:51] > Unserialization time for map: 87.047 seconds.
[11/01/2010 19:50:52] >> Checking world type... PvP
[11/01/2010 19:50:52] >> Initializing game state modules and registering services...
[11/01/2010 19:51:15] > Global address: 201.246.36.209
[11/01/2010 19:51:16] > Local ports:
[11/01/2010 19:51:16] 7171	7172	
[11/01/2010 19:51:16] >> All modules were loaded, server starting up...
[11/01/2010 19:51:16] >> Aggrox metal server Online!
[11/01/2010 19:51:16] 
[11/01/2010 19:52:59] sqlite3_step(): SQLITE ERROR: columns id, world_id are not unique
[11/01/2010 19:53:02] Hoster Aggresor has logged in.
[11/01/2010 19:53:02] > Broadcasted message: "Hoster Aggresor se conecto (el es: rei aggresor)".
[11/01/2010 19:58:10] > Broadcasted message: "hola bienvenido a aggrometal server si eres nuevo coloca !spells la promotion vale 2cc !buypromotion y tienes beneficios en las magias attacke mas rapido y otras cosas mas, foro del server http://aggrometal.foroactivo.net".
[11/01/2010 20:03:11] > Saving server...
[11/01/2010 20:03:33] > SAVE: Complete in 22.297 seconds using relational house storage.
[11/01/2010 20:04:28] > CLEAN: Removed 111 items from 114 tiles in 0.593 seconds.
[11/01/2010 20:04:35] > CLEAN: Removed 1 item from 1 tile in 0.063 seconds.
[11/01/2010 20:08:11] > Broadcasted message: "hola bienvenido a aggrometal server si eres nuevo coloca !spells la promotion vale 2cc !buypromotion y tienes beneficios en las magias attacke mas rapido y otras cosas mas, foro del server http://aggrometal.foroactivo.net".
[11/01/2010 20:08:11] > Broadcasted message: "[SYSTEMA DE LOTERIA] ganador: Hoster Aggresor, recompensa: 100k! - felicitaciones! (siguiente Loteria en media Hora)".
[11/01/2010 20:15:30] > CLEAN: Removed 198 items from 133 tiles in 0.125 seconds.
[11/01/2010 20:18:12] > Broadcasted message: "hola bienvenido a aggrometal server si eres nuevo coloca !spells la promotion vale 2cc !buypromotion y tienes beneficios en las magias attacke mas rapido y otras cosas mas, foro del server http://aggrometal.foroactivo.net".
[11/01/2010 20:18:13] > Saving server...
[11/01/2010 20:18:51] > SAVE: Complete in 38.047 seconds using relational house storage.
[11/01/2010 20:28:12] > Broadcasted message: "[SYSTEMA DE LOTERIA] ganador: Hoster Aggresor, recompensa: 100k! - felicitaciones! (siguiente Loteria en media Hora)".
[11/01/2010 20:28:13] > Broadcasted message: "hola bienvenido a aggrometal server si eres nuevo coloca !spells la promotion vale 2cc !buypromotion y tienes beneficios en las magias attacke mas rapido y otras cosas mas, foro del server http://aggrometal.foroactivo.net".
[11/01/2010 20:33:13] > Saving server...
[11/01/2010 20:34:03] > SAVE: Complete in 50.375 seconds using relational house storage.
[11/01/2010 20:38:14] > Broadcasted message: "hola bienvenido a aggrometal server si eres nuevo coloca !spells la promotion vale 2cc !buypromotion y tienes beneficios en las magias attacke mas rapido y otras cosas mas, foro del server http://aggrometal.foroactivo.net".
[11/01/2010 20:48:14] > Broadcasted message: "[SYSTEMA DE LOTERIA] ganador: Hoster Aggresor, recompensa: 100k! - felicitaciones! (siguiente Loteria en media Hora)".
[11/01/2010 20:48:15] > Broadcasted message: "hola bienvenido a aggrometal server si eres nuevo coloca !spells la promotion vale 2cc !buypromotion y tienes beneficios en las magias attacke mas rapido y otras cosas mas, foro del server http://aggrometal.foroactivo.net".
[11/01/2010 20:48:15] > Saving server...
[11/01/2010 20:48:39] > SAVE: Complete in 23.5 seconds using relational house storage.
[11/01/2010 20:58:16] > Broadcasted message: "hola bienvenido a aggrometal server si eres nuevo coloca !spells la promotion vale 2cc !buypromotion y tienes beneficios en las magias attacke mas rapido y otras cosas mas, foro del server http://aggrometal.foroactivo.net".
[11/01/2010 21:03:16] > Saving server...
[11/01/2010 21:03:24] > SAVE: Complete in 8.078 seconds using relational house storage.
[11/01/2010 21:08:14] > Broadcasted message: "[SYSTEMA DE LOTERIA] ganador: Hoster Aggresor, recompensa: 100k! - felicitaciones! (siguiente Loteria en media Hora)".
[11/01/2010 21:08:17] > Broadcasted message: "hola bienvenido a aggrometal server si eres nuevo coloca !spells la promotion vale 2cc !buypromotion y tienes beneficios en las magias attacke mas rapido y otras cosas mas, foro del server http://aggrometal.foroactivo.net".
[11/01/2010 21:18:17] > Saving server...
[11/01/2010 21:18:33] > SAVE: Complete in 16.063 seconds using relational house storage.
[11/01/2010 21:18:33] > Broadcasted message: "hola bienvenido a aggrometal server si eres nuevo coloca !spells la promotion vale 2cc !buypromotion y tienes beneficios en las magias attacke mas rapido y otras cosas mas, foro del server http://aggrometal.foroactivo.net".
[11/01/2010 21:28:15] > Broadcasted message: "[SYSTEMA DE LOTERIA] ganador: Hoster Aggresor, recompensa: 100k! - felicitaciones! (siguiente Loteria en media Hora)".
[11/01/2010 21:28:34] > Broadcasted message: "hola bienvenido a aggrometal server si eres nuevo coloca !spells la promotion vale 2cc !buypromotion y tienes beneficios en las magias attacke mas rapido y otras cosas mas, foro del server http://aggrometal.foroactivo.net".
[11/01/2010 21:30:55] Hoster Aggresor has logged out.
[11/01/2010 21:30:56] > Saving server...
[11/01/2010 21:32:18] > SAVE: Complete in 82.094 seconds using relational house storage.
[11/01/2010 21:32:18] Preparing to shutdown server.