[18/12/2009 23:50:50] The Forgotten Server, version 0.3.4 (Crying Damson)
[18/12/2009 23:50:51] Sever Criado Por Alissow e Comedinha.
[18/12/2009 23:50:51] Publicidade: www.sotserv.blogspot.com <- <- <- Tudo sobre otserv.
[18/12/2009 23:50:51] Bom Jogo!!!
[18/12/2009 23:50:51] 
[18/12/2009 23:50:51] >> Debugging: nothing.
[18/12/2009 23:50:51] >> Checking software version... outdated, please consider updating!
[18/12/2009 23:50:52] > Current version information - version: 0.3.4, patch: 2, build: 1879, timestamp: 1242396574.
[18/12/2009 23:50:53] > Latest version information - version: 0.3.6, patch: 0, build: 3293, timestamp: 1260652199.
[18/12/2009 23:50:53] [Warning - ConfigManager::getBool] 62
[18/12/2009 23:50:53] 
[18/12/2009 23:50:53] >> Loading config (config.lua)
[18/12/2009 23:50:53] > Using plaintext passwords
[18/12/2009 23:50:53] >> Loading RSA key
[18/12/2009 23:50:53] >> Starting SQL connection
[18/12/2009 23:50:53] >> Running Database Manager
[18/12/2009 23:50:54] > Optimized database.
[18/12/2009 23:50:54] >> Loading items
[18/12/2009 23:50:55] [Warning - Items::loadFromXml] Unknown key value skillDistance
[18/12/2009 23:50:55] >> Loading groups
[18/12/2009 23:50:55] >> Loading vocations
[18/12/2009 23:50:55] >> Loading script systems
[18/12/2009 23:50:58] [Warning - Actions::registerEvent] Duplicate registered item with id: 7131, in fromid: 7131 and toid: 7132
[18/12/2009 23:50:58] [Warning - Actions::registerEvent] Duplicate registered item with id: 7132, in fromid: 7131 and toid: 7132
[18/12/2009 23:51:04] >> Loading chat channels
[18/12/2009 23:51:04] >> Loading outfits
[18/12/2009 23:51:04] >> Loading experience stages
[18/12/2009 23:51:04] >> Loading monsters
[18/12/2009 23:51:10] >> Loading map and spawns...
[18/12/2009 23:51:12] > Map size: 1100x1100.
[18/12/2009 23:51:12] > Map descriptions: 
[18/12/2009 23:51:12] Saved with Remere's Map Editor 1.1.9
[18/12/2009 23:51:12] Remere 's Map Editor Beta
[18/12/2009 23:51:17] Duplicate uniqueId 9911
[18/12/2009 23:51:17] Duplicate uniqueId 9912
[18/12/2009 23:51:17] Duplicate uniqueId 9913
[18/12/2009 23:51:17] Duplicate uniqueId 9914
[18/12/2009 23:51:17] Duplicate uniqueId 9915
[18/12/2009 23:51:21] Duplicate uniqueId 2471
[18/12/2009 23:51:31] Duplicate uniqueId 8880
[18/12/2009 23:51:35] Duplicate uniqueId 8880
[18/12/2009 23:51:37] Duplicate uniqueId 5006
[18/12/2009 23:51:40] > Map loading time: 29.5 seconds.
[18/12/2009 23:52:03] [Notice - Npc::Npc] NPC Name: Blesser - autowalk has been deprecated, use walkinterval.
[18/12/2009 23:52:03] [Warning - NpcScript::NpcScript] Cannot load script: data/npc/scripts/bless.lua
[18/12/2009 23:52:03] data/npc/scripts/bless.lua:39: unfinished string near ''Yo vendo todas'
[18/12/2009 23:52:05] > Data loading time: 25.031 seconds.
[18/12/2009 23:52:06] > Unserialization time for houses: 0.859 seconds.
[18/12/2009 23:52:49] > Unserialization time for map: 42.969 seconds.
[18/12/2009 23:52:49] >> Checking world type... PvP
[18/12/2009 23:52:49] >> Initializing game state modules and registering services...
[18/12/2009 23:52:52] > Global address: 201.246.43.193
[18/12/2009 23:52:53] > Local ports:
[18/12/2009 23:52:53] 7171	7172	
[18/12/2009 23:52:53] >> All modules were loaded, server starting up...
[18/12/2009 23:52:53] >> Aggrox metal server Online!
[18/12/2009 23:52:53] 
[18/12/2009 23:55:31] sqlite3_step(): SQLITE ERROR: columns id, world_id are not unique
[18/12/2009 23:55:40] Account Manager has logged in.
[18/12/2009 23:55:45] Account Manager has logged out.
[18/12/2009 23:55:56] Account Manager has logged in.
[18/12/2009 23:56:13] Account Manager has logged out.
[18/12/2009 23:56:20] Account Manager has logged in.
[18/12/2009 23:56:26] Account Manager has logged in.
[18/12/2009 23:56:38] Account Manager has logged out.
[18/12/2009 23:56:47] Account Manager has logged in.
[18/12/2009 23:56:48] Account Manager has logged out.
[18/12/2009 23:57:00] Loko Tazmania has logged in.
[18/12/2009 23:57:09] Account Manager has logged out.
[18/12/2009 23:57:19] Metalero has logged in.
[18/12/2009 23:57:21] Potoco has logged in.
[18/12/2009 23:57:44] Potoco has logged out.
[18/12/2009 23:57:45] Account Manager has logged in.
[18/12/2009 23:57:46] Account Manager has logged in.
[18/12/2009 23:57:57] Account Manager has logged out.
[18/12/2009 23:57:57] Account Manager has logged in.
[18/12/2009 23:57:58] Account Manager has logged out.
[18/12/2009 23:57:59] Account Manager has logged out.
[18/12/2009 23:58:03] Ekizz dee has logged in.
[18/12/2009 23:58:08] Account Manager has logged in.
[18/12/2009 23:58:41] Hoster Aggresor has logged in.
[18/12/2009 23:58:55] Account Manager has logged out.
[18/12/2009 23:59:01] Demonizer has logged in.
[18/12/2009 23:59:47] Metalero has logged out.
[18/12/2009 23:59:49] Metalero has logged in.
