[24/12/2009 00:09:30] > Broadcasted message: "hola bienvenido a aggrometal server si eres nuevo coloca !spells la promotion vale 100cc y tienes beneficios en las magias attacke mas rapido y otras cosas mas, foro del server http://aggrometal.foroactivo.net".
[24/12/2009 00:14:22] > Saving server...
[24/12/2009 00:14:30] > SAVE: Complete in 7.547 seconds using relational house storage.
[24/12/2009 00:15:27] Hoster Aggresor has logged out.
[24/12/2009 00:20:32] > Broadcasted message: "hola bienvenido a aggrometal server si eres nuevo coloca !spells la promotion vale 100cc y tienes beneficios en las magias attacke mas rapido y otras cosas mas, foro del server http://aggrometal.foroactivo.net".
[24/12/2009 00:29:23] > Saving server...
[24/12/2009 00:29:41] > SAVE: Complete in 17.312 seconds using relational house storage.
[24/12/2009 00:30:33] > Broadcasted message: "hola bienvenido a aggrometal server si eres nuevo coloca !spells la promotion vale 100cc y tienes beneficios en las magias attacke mas rapido y otras cosas mas, foro del server http://aggrometal.foroactivo.net".
[24/12/2009 00:31:46] > Broadcasted message: "whatafuck csm invaden Slayer city".
[24/12/2009 00:32:10] [Error - SingleSpawnEvent::executeEvent] Cannot spawn monster Diblis The Fair
[24/12/2009 00:35:29] Account Manager has logged in.
[24/12/2009 00:35:34] Account Manager has logged out.
[24/12/2009 00:35:36] Hoster Aggresor has logged in.
[24/12/2009 00:39:48] [Warning - Actions::registerEvent] Duplicate registered item with id: 7131, in fromid: 7131 and toid: 7132
[24/12/2009 00:39:48] [Warning - Actions::registerEvent] Duplicate registered item with id: 7132, in fromid: 7131 and toid: 7132
[24/12/2009 00:40:34] > Broadcasted message: "hola bienvenido a aggrometal server si eres nuevo coloca !spells la promotion vale 100cc y tienes beneficios en las magias attacke mas rapido y otras cosas mas, foro del server http://aggrometal.foroactivo.net".
[24/12/2009 00:41:55] [Warning - Actions::registerEvent] Duplicate registered item with id: 7131, in fromid: 7131 and toid: 7132
[24/12/2009 00:41:55] [Warning - Actions::registerEvent] Duplicate registered item with id: 7132, in fromid: 7131 and toid: 7132
[24/12/2009 00:42:02] 
[24/12/2009 00:42:02] Lua Script Error: [Action Interface] 
[24/12/2009 00:42:02] data/actions/scripts/fishing.lua:onUse
[24/12/2009 00:42:02] 
[24/12/2009 00:42:02] attempt to index a nil value
[24/12/2009 00:42:02] stack traceback:
[24/12/2009 00:42:02] 	[C]: in function 'doCreateMonster'
[24/12/2009 00:42:02] 	data/lib/function.lua:359: in function 'doSummonCreature'
[24/12/2009 00:42:02] 	data/actions/scripts/fishing.lua:169: in function <data/actions/scripts/fishing.lua:3>
[24/12/2009 00:42:05] 
[24/12/2009 00:42:05] Lua Script Error: [Action Interface] 
[24/12/2009 00:42:05] data/actions/scripts/fishing.lua:onUse
[24/12/2009 00:42:05] 
[24/12/2009 00:42:05] attempt to index a nil value
[24/12/2009 00:42:05] stack traceback:
[24/12/2009 00:42:05] 	[C]: in function 'doCreateMonster'
[24/12/2009 00:42:05] 	data/lib/function.lua:359: in function 'doSummonCreature'
[24/12/2009 00:42:05] 	data/actions/scripts/fishing.lua:169: in function <data/actions/scripts/fishing.lua:3>
[24/12/2009 00:42:29] 
[24/12/2009 00:42:29] Lua Script Error: [Action Interface] 
[24/12/2009 00:42:29] data/actions/scripts/fishing.lua:onUse
[24/12/2009 00:42:29] 
[24/12/2009 00:42:29] attempt to index a nil value
[24/12/2009 00:42:29] stack traceback:
[24/12/2009 00:42:29] 	[C]: in function 'doCreateMonster'
[24/12/2009 00:42:29] 	data/lib/function.lua:359: in function 'doSummonCreature'
[24/12/2009 00:42:29] 	data/actions/scripts/fishing.lua:169: in function <data/actions/scripts/fishing.lua:3>
[24/12/2009 00:42:43] 
[24/12/2009 00:42:43] Lua Script Error: [Action Interface] 
[24/12/2009 00:42:43] data/actions/scripts/fishing.lua:onUse
[24/12/2009 00:42:43] 
[24/12/2009 00:42:43] attempt to index a nil value
[24/12/2009 00:42:43] stack traceback:
[24/12/2009 00:42:43] 	[C]: in function 'doCreateMonster'
[24/12/2009 00:42:44] 	data/lib/function.lua:359: in function 'doSummonCreature'
[24/12/2009 00:42:44] 	data/actions/scripts/fishing.lua:169: in function <data/actions/scripts/fishing.lua:3>
[24/12/2009 00:42:47] 
[24/12/2009 00:42:47] Lua Script Error: [Action Interface] 
[24/12/2009 00:42:47] data/actions/scripts/fishing.lua:onUse
[24/12/2009 00:42:47] 
[24/12/2009 00:42:47] attempt to index a nil value
[24/12/2009 00:42:47] stack traceback:
[24/12/2009 00:42:47] 	[C]: in function 'doCreateMonster'
[24/12/2009 00:42:47] 	data/lib/function.lua:359: in function 'doSummonCreature'
[24/12/2009 00:42:47] 	data/actions/scripts/fishing.lua:169: in function <data/actions/scripts/fishing.lua:3>
[24/12/2009 00:42:49] 
[24/12/2009 00:42:49] Lua Script Error: [Action Interface] 
[24/12/2009 00:42:50] data/actions/scripts/fishing.lua:onUse
[24/12/2009 00:42:50] 
[24/12/2009 00:42:50] attempt to index a nil value
[24/12/2009 00:42:50] stack traceback:
[24/12/2009 00:42:50] 	[C]: in function 'doCreateMonster'
[24/12/2009 00:42:50] 	data/lib/function.lua:359: in function 'doSummonCreature'
[24/12/2009 00:42:50] 	data/actions/scripts/fishing.lua:169: in function <data/actions/scripts/fishing.lua:3>
[24/12/2009 00:42:50] 
[24/12/2009 00:42:50] Lua Script Error: [Action Interface] 
[24/12/2009 00:42:50] data/actions/scripts/fishing.lua:onUse
[24/12/2009 00:42:50] 
[24/12/2009 00:42:50] attempt to index a nil value
[24/12/2009 00:42:50] stack traceback:
[24/12/2009 00:42:50] 	[C]: in function 'doCreateMonster'
[24/12/2009 00:42:50] 	data/lib/function.lua:359: in function 'doSummonCreature'
[24/12/2009 00:42:50] 	data/actions/scripts/fishing.lua:169: in function <data/actions/scripts/fishing.lua:3>
[24/12/2009 00:42:51] 
[24/12/2009 00:42:51] Lua Script Error: [Action Interface] 
[24/12/2009 00:42:51] data/actions/scripts/fishing.lua:onUse
[24/12/2009 00:42:51] 
[24/12/2009 00:42:51] attempt to index a nil value
[24/12/2009 00:42:51] stack traceback:
[24/12/2009 00:42:51] 	[C]: in function 'doCreateMonster'
[24/12/2009 00:42:51] 	data/lib/function.lua:359: in function 'doSummonCreature'
[24/12/2009 00:42:51] 	data/actions/scripts/fishing.lua:169: in function <data/actions/scripts/fishing.lua:3>
[24/12/2009 00:42:53] 
[24/12/2009 00:42:53] Lua Script Error: [Action Interface] 
[24/12/2009 00:42:53] data/actions/scripts/fishing.lua:onUse
[24/12/2009 00:42:53] 
[24/12/2009 00:42:53] attempt to index a nil value
[24/12/2009 00:42:53] stack traceback:
[24/12/2009 00:42:53] 	[C]: in function 'doCreateMonster'
[24/12/2009 00:42:53] 	data/lib/function.lua:359: in function 'doSummonCreature'
[24/12/2009 00:42:53] 	data/actions/scripts/fishing.lua:169: in function <data/actions/scripts/fishing.lua:3>
[24/12/2009 00:42:54] 
[24/12/2009 00:42:54] Lua Script Error: [Action Interface] 
[24/12/2009 00:42:54] data/actions/scripts/fishing.lua:onUse
[24/12/2009 00:42:54] 
[24/12/2009 00:42:54] attempt to index a nil value
[24/12/2009 00:42:54] stack traceback:
[24/12/2009 00:42:54] 	[C]: in function 'doCreateMonster'
[24/12/2009 00:42:54] 	data/lib/function.lua:359: in function 'doSummonCreature'
[24/12/2009 00:42:54] 	data/actions/scripts/fishing.lua:169: in function <data/actions/scripts/fishing.lua:3>
[24/12/2009 00:42:54] 
[24/12/2009 00:42:54] Lua Script Error: [Action Interface] 
[24/12/2009 00:42:54] data/actions/scripts/fishing.lua:onUse
[24/12/2009 00:42:54] 
[24/12/2009 00:42:54] attempt to index a nil value
[24/12/2009 00:42:54] stack traceback:
[24/12/2009 00:42:54] 	[C]: in function 'doCreateMonster'
[24/12/2009 00:42:54] 	data/lib/function.lua:359: in function 'doSummonCreature'
[24/12/2009 00:42:54] 	data/actions/scripts/fishing.lua:169: in function <data/actions/scripts/fishing.lua:3>
[24/12/2009 00:42:54] 
[24/12/2009 00:42:54] Lua Script Error: [Action Interface] 
[24/12/2009 00:42:54] data/actions/scripts/fishing.lua:onUse
[24/12/2009 00:42:54] 
[24/12/2009 00:42:54] attempt to index a nil value
[24/12/2009 00:42:54] stack traceback:
[24/12/2009 00:42:55] 	[C]: in function 'doCreateMonster'
[24/12/2009 00:42:55] 	data/lib/function.lua:359: in function 'doSummonCreature'
[24/12/2009 00:42:55] 	data/actions/scripts/fishing.lua:169: in function <data/actions/scripts/fishing.lua:3>
[24/12/2009 00:42:56] 
[24/12/2009 00:42:56] Lua Script Error: [Action Interface] 
[24/12/2009 00:42:56] data/actions/scripts/fishing.lua:onUse
[24/12/2009 00:42:56] 
[24/12/2009 00:42:56] attempt to index a nil value
[24/12/2009 00:42:56] stack traceback:
[24/12/2009 00:42:56] 	[C]: in function 'doCreateMonster'
[24/12/2009 00:42:56] 	data/lib/function.lua:359: in function 'doSummonCreature'
[24/12/2009 00:42:56] 	data/actions/scripts/fishing.lua:169: in function <data/actions/scripts/fishing.lua:3>
[24/12/2009 00:43:01] 
[24/12/2009 00:43:01] Lua Script Error: [Action Interface] 
[24/12/2009 00:43:01] data/actions/scripts/fishing.lua:onUse
[24/12/2009 00:43:01] 
[24/12/2009 00:43:01] attempt to index a nil value
[24/12/2009 00:43:01] stack traceback:
[24/12/2009 00:43:01] 	[C]: in function 'doCreateMonster'
[24/12/2009 00:43:01] 	data/lib/function.lua:359: in function 'doSummonCreature'
[24/12/2009 00:43:01] 	data/actions/scripts/fishing.lua:169: in function <data/actions/scripts/fishing.lua:3>
[24/12/2009 00:43:09] 
[24/12/2009 00:43:09] Lua Script Error: [Action Interface] 
[24/12/2009 00:43:09] data/actions/scripts/fishing.lua:onUse
[24/12/2009 00:43:09] 
[24/12/2009 00:43:09] attempt to index a nil value
[24/12/2009 00:43:09] stack traceback:
[24/12/2009 00:43:09] 	[C]: in function 'doCreateMonster'
[24/12/2009 00:43:09] 	data/lib/function.lua:359: in function 'doSummonCreature'
[24/12/2009 00:43:09] 	data/actions/scripts/fishing.lua:169: in function <data/actions/scripts/fishing.lua:3>
[24/12/2009 00:43:10] 
[24/12/2009 00:43:10] Lua Script Error: [Action Interface] 
[24/12/2009 00:43:10] data/actions/scripts/fishing.lua:onUse
[24/12/2009 00:43:10] 
[24/12/2009 00:43:10] attempt to index a nil value
[24/12/2009 00:43:10] stack traceback:
[24/12/2009 00:43:10] 	[C]: in function 'doCreateMonster'
[24/12/2009 00:43:10] 	data/lib/function.lua:359: in function 'doSummonCreature'
[24/12/2009 00:43:10] 	data/actions/scripts/fishing.lua:169: in function <data/actions/scripts/fishing.lua:3>
[24/12/2009 00:43:10] 
[24/12/2009 00:43:10] Lua Script Error: [Action Interface] 
[24/12/2009 00:43:10] data/actions/scripts/fishing.lua:onUse
[24/12/2009 00:43:10] 
[24/12/2009 00:43:10] attempt to index a nil value
[24/12/2009 00:43:10] stack traceback:
[24/12/2009 00:43:10] 	[C]: in function 'doCreateMonster'
[24/12/2009 00:43:11] 	data/lib/function.lua:359: in function 'doSummonCreature'
[24/12/2009 00:43:11] 	data/actions/scripts/fishing.lua:169: in function <data/actions/scripts/fishing.lua:3>
[24/12/2009 00:43:13] 
[24/12/2009 00:43:13] Lua Script Error: [Action Interface] 
[24/12/2009 00:43:13] data/actions/scripts/fishing.lua:onUse
[24/12/2009 00:43:13] 
[24/12/2009 00:43:13] attempt to index a nil value
[24/12/2009 00:43:13] stack traceback:
[24/12/2009 00:43:13] 	[C]: in function 'doCreateMonster'
[24/12/2009 00:43:13] 	data/lib/function.lua:359: in function 'doSummonCreature'
[24/12/2009 00:43:13] 	data/actions/scripts/fishing.lua:169: in function <data/actions/scripts/fishing.lua:3>
[24/12/2009 00:44:24] > Saving server...
[24/12/2009 00:44:31] > SAVE: Complete in 7.187 seconds using relational house storage.
[24/12/2009 00:45:42] 
[24/12/2009 00:45:42] Lua Script Error: [Action Interface] 
[24/12/2009 00:45:42] data/actions/scripts/fishing.lua:onUse
[24/12/2009 00:45:42] 
[24/12/2009 00:45:42] luaDoCreateMonster(). Cannot create monster: Love Demon
[24/12/2009 00:45:43] 
[24/12/2009 00:45:43] Lua Script Error: [Action Interface] 
[24/12/2009 00:45:43] data/actions/scripts/fishing.lua:onUse
[24/12/2009 00:45:43] 
[24/12/2009 00:45:43] luaDoCreateMonster(). Cannot create monster: Love Demon
[24/12/2009 00:45:44] 
[24/12/2009 00:45:44] Lua Script Error: [Action Interface] 
[24/12/2009 00:45:44] data/actions/scripts/fishing.lua:onUse
[24/12/2009 00:45:45] 
[24/12/2009 00:45:45] luaDoCreateMonster(). Cannot create monster: Love Demon
[24/12/2009 00:45:49] 
[24/12/2009 00:45:49] Lua Script Error: [Action Interface] 
[24/12/2009 00:45:49] data/actions/scripts/fishing.lua:onUse
[24/12/2009 00:45:49] 
[24/12/2009 00:45:49] luaDoCreateMonster(). Cannot create monster: Love Demon
[24/12/2009 00:45:52] 
[24/12/2009 00:45:52] Lua Script Error: [Action Interface] 
[24/12/2009 00:45:52] data/actions/scripts/fishing.lua:onUse
[24/12/2009 00:45:52] 
[24/12/2009 00:45:52] luaDoCreateMonster(). Cannot create monster: Love Demon
[24/12/2009 00:45:53] 
[24/12/2009 00:45:53] Lua Script Error: [Action Interface] 
[24/12/2009 00:45:53] data/actions/scripts/fishing.lua:onUse
[24/12/2009 00:45:54] 
[24/12/2009 00:45:54] luaDoCreateMonster(). Cannot create monster: Love Demon
[24/12/2009 00:45:55] 
[24/12/2009 00:45:55] Lua Script Error: [Action Interface] 
[24/12/2009 00:45:55] data/actions/scripts/fishing.lua:onUse
[24/12/2009 00:45:55] 
[24/12/2009 00:45:55] luaDoCreateMonster(). Cannot create monster: Love Demon
[24/12/2009 00:45:56] 
[24/12/2009 00:45:56] Lua Script Error: [Action Interface] 
[24/12/2009 00:45:56] data/actions/scripts/fishing.lua:onUse
[24/12/2009 00:45:56] 
[24/12/2009 00:45:56] luaDoCreateMonster(). Cannot create monster: Love Demon
[24/12/2009 00:45:58] 
[24/12/2009 00:45:58] Lua Script Error: [Action Interface] 
[24/12/2009 00:45:58] data/actions/scripts/fishing.lua:onUse
[24/12/2009 00:45:58] 
[24/12/2009 00:45:58] luaDoCreateMonster(). Cannot create monster: Love Demon
[24/12/2009 00:46:00] 
[24/12/2009 00:46:00] Lua Script Error: [Action Interface] 
[24/12/2009 00:46:00] data/actions/scripts/fishing.lua:onUse
[24/12/2009 00:46:00] 
[24/12/2009 00:46:00] luaDoCreateMonster(). Cannot create monster: Love Demon
[24/12/2009 00:46:01] 
[24/12/2009 00:46:01] Lua Script Error: [Action Interface] 
[24/12/2009 00:46:01] data/actions/scripts/fishing.lua:onUse
[24/12/2009 00:46:02] 
[24/12/2009 00:46:02] luaDoCreateMonster(). Cannot create monster: Love Demon
[24/12/2009 00:46:03] 
[24/12/2009 00:46:03] Lua Script Error: [Action Interface] 
[24/12/2009 00:46:03] data/actions/scripts/fishing.lua:onUse
[24/12/2009 00:46:03] 
[24/12/2009 00:46:03] luaDoCreateMonster(). Cannot create monster: Love Demon
[24/12/2009 00:46:04] 
[24/12/2009 00:46:04] Lua Script Error: [Action Interface] 
[24/12/2009 00:46:04] data/actions/scripts/fishing.lua:onUse
[24/12/2009 00:46:04] 
[24/12/2009 00:46:04] luaDoCreateMonster(). Cannot create monster: Love Demon
[24/12/2009 00:46:05] 
[24/12/2009 00:46:05] Lua Script Error: [Action Interface] 
[24/12/2009 00:46:05] data/actions/scripts/fishing.lua:onUse
[24/12/2009 00:46:05] 
[24/12/2009 00:46:05] luaDoCreateMonster(). Cannot create monster: Love Demon
[24/12/2009 00:46:06] 
[24/12/2009 00:46:06] Lua Script Error: [Action Interface] 
[24/12/2009 00:46:06] data/actions/scripts/fishing.lua:onUse
[24/12/2009 00:46:06] 
[24/12/2009 00:46:06] luaDoCreateMonster(). Cannot create monster: Love Demon
[24/12/2009 00:46:07] 
[24/12/2009 00:46:07] Lua Script Error: [Action Interface] 
[24/12/2009 00:46:07] data/actions/scripts/fishing.lua:onUse
[24/12/2009 00:46:07] 
[24/12/2009 00:46:07] luaDoCreateMonster(). Cannot create monster: Love Demon
[24/12/2009 00:46:09] 
[24/12/2009 00:46:09] Lua Script Error: [Action Interface] 
[24/12/2009 00:46:09] data/actions/scripts/fishing.lua:onUse
[24/12/2009 00:46:09] 
[24/12/2009 00:46:09] luaDoCreateMonster(). Cannot create monster: Love Demon
[24/12/2009 00:46:10] 
[24/12/2009 00:46:10] Lua Script Error: [Action Interface] 
[24/12/2009 00:46:10] data/actions/scripts/fishing.lua:onUse
[24/12/2009 00:46:10] 
[24/12/2009 00:46:10] luaDoCreateMonster(). Cannot create monster: Love Demon
[24/12/2009 00:46:11] 
[24/12/2009 00:46:11] Lua Script Error: [Action Interface] 
[24/12/2009 00:46:11] data/actions/scripts/fishing.lua:onUse
[24/12/2009 00:46:11] 
[24/12/2009 00:46:11] luaDoCreateMonster(). Cannot create monster: Love Demon
[24/12/2009 00:46:45] 
[24/12/2009 00:46:45] Lua Script Error: [Action Interface] 
[24/12/2009 00:46:45] data/actions/scripts/fishing.lua:onUse
[24/12/2009 00:46:45] 
[24/12/2009 00:46:45] luaDoCreateMonster(). Cannot create monster: Love Demon
[24/12/2009 00:46:47] 
[24/12/2009 00:46:47] Lua Script Error: [Action Interface] 
[24/12/2009 00:46:47] data/actions/scripts/fishing.lua:onUse
[24/12/2009 00:46:47] 
[24/12/2009 00:46:47] luaDoCreateMonster(). Cannot create monster: Love Demon
[24/12/2009 00:46:49] 
[24/12/2009 00:46:49] Lua Script Error: [Action Interface] 
[24/12/2009 00:46:49] data/actions/scripts/fishing.lua:onUse
[24/12/2009 00:46:49] 
[24/12/2009 00:46:49] luaDoCreateMonster(). Cannot create monster: Love Demon
[24/12/2009 00:46:51] 
[24/12/2009 00:46:51] Lua Script Error: [Action Interface] 
[24/12/2009 00:46:51] data/actions/scripts/fishing.lua:onUse
[24/12/2009 00:46:51] 
[24/12/2009 00:46:51] luaDoCreateMonster(). Cannot create monster: Love Demon
[24/12/2009 00:46:55] 
[24/12/2009 00:46:55] Lua Script Error: [Action Interface] 
[24/12/2009 00:46:55] data/actions/scripts/fishing.lua:onUse
[24/12/2009 00:46:55] 
[24/12/2009 00:46:55] luaDoCreateMonster(). Cannot create monster: Love Demon
[24/12/2009 00:46:57] 
[24/12/2009 00:46:57] Lua Script Error: [Action Interface] 
[24/12/2009 00:46:57] data/actions/scripts/fishing.lua:onUse
[24/12/2009 00:46:57] 
[24/12/2009 00:46:57] luaDoCreateMonster(). Cannot create monster: Love Demon
[24/12/2009 00:47:01] 
[24/12/2009 00:47:01] Lua Script Error: [Action Interface] 
[24/12/2009 00:47:01] data/actions/scripts/fishing.lua:onUse
[24/12/2009 00:47:01] 
[24/12/2009 00:47:01] luaDoCreateMonster(). Cannot create monster: Love Demon
[24/12/2009 00:47:03] 
[24/12/2009 00:47:03] Lua Script Error: [Action Interface] 
[24/12/2009 00:47:03] data/actions/scripts/fishing.lua:onUse
[24/12/2009 00:47:03] 
[24/12/2009 00:47:03] luaDoCreateMonster(). Cannot create monster: Love Demon
[24/12/2009 00:47:05] 
[24/12/2009 00:47:05] Lua Script Error: [Action Interface] 
[24/12/2009 00:47:05] data/actions/scripts/fishing.lua:onUse
[24/12/2009 00:47:05] 
[24/12/2009 00:47:05] luaDoCreateMonster(). Cannot create monster: Love Demon
[24/12/2009 00:49:33] 
[24/12/2009 00:49:33] Lua Script Error: [Action Interface] 
[24/12/2009 00:49:33] data/actions/scripts/fishing.lua:onUse
[24/12/2009 00:49:33] 
[24/12/2009 00:49:33] luaDoCreateMonster(). Cannot create monster: Love Demon
[24/12/2009 00:49:34] 
[24/12/2009 00:49:34] Lua Script Error: [Action Interface] 
[24/12/2009 00:49:34] data/actions/scripts/fishing.lua:onUse
[24/12/2009 00:49:34] 
[24/12/2009 00:49:34] luaDoCreateMonster(). Cannot create monster: Love Demon
[24/12/2009 00:49:35] 
[24/12/2009 00:49:35] Lua Script Error: [Action Interface] 
[24/12/2009 00:49:35] data/actions/scripts/fishing.lua:onUse
[24/12/2009 00:49:35] 
[24/12/2009 00:49:35] luaDoCreateMonster(). Cannot create monster: Love Demon
[24/12/2009 00:49:37] 
[24/12/2009 00:49:37] Lua Script Error: [Action Interface] 
[24/12/2009 00:49:37] data/actions/scripts/fishing.lua:onUse
[24/12/2009 00:49:37] 
[24/12/2009 00:49:37] luaDoCreateMonster(). Cannot create monster: Love Demon
[24/12/2009 00:49:41] 
[24/12/2009 00:49:41] Lua Script Error: [Action Interface] 
[24/12/2009 00:49:41] data/actions/scripts/fishing.lua:onUse
[24/12/2009 00:49:41] 
[24/12/2009 00:49:41] luaDoCreateMonster(). Cannot create monster: Love Demon
[24/12/2009 00:49:43] 
[24/12/2009 00:49:43] Lua Script Error: [Action Interface] 
[24/12/2009 00:49:43] data/actions/scripts/fishing.lua:onUse
[24/12/2009 00:49:44] 
[24/12/2009 00:49:44] luaDoCreateMonster(). Cannot create monster: Love Demon
[24/12/2009 00:49:45] 
[24/12/2009 00:49:45] Lua Script Error: [Action Interface] 
[24/12/2009 00:49:45] data/actions/scripts/fishing.lua:onUse
[24/12/2009 00:49:45] 
[24/12/2009 00:49:45] luaDoCreateMonster(). Cannot create monster: Love Demon
[24/12/2009 00:49:46] 
[24/12/2009 00:49:46] Lua Script Error: [Action Interface] 
[24/12/2009 00:49:46] data/actions/scripts/fishing.lua:onUse
[24/12/2009 00:49:46] 
[24/12/2009 00:49:46] luaDoCreateMonster(). Cannot create monster: Love Demon
[24/12/2009 00:49:52] 
[24/12/2009 00:49:52] Lua Script Error: [Action Interface] 
[24/12/2009 00:49:52] data/actions/scripts/fishing.lua:onUse
[24/12/2009 00:49:53] 
[24/12/2009 00:49:53] luaDoCreateMonster(). Cannot create monster: Love Demon
[24/12/2009 00:49:54] 
[24/12/2009 00:49:54] Lua Script Error: [Action Interface] 
[24/12/2009 00:49:54] data/actions/scripts/fishing.lua:onUse
[24/12/2009 00:49:54] 
[24/12/2009 00:49:54] luaDoCreateMonster(). Cannot create monster: Love Demon
[24/12/2009 00:49:55] 
[24/12/2009 00:49:55] Lua Script Error: [Action Interface] 
[24/12/2009 00:49:55] data/actions/scripts/fishing.lua:onUse
[24/12/2009 00:49:55] 
[24/12/2009 00:49:55] luaDoCreateMonster(). Cannot create monster: Love Demon
[24/12/2009 00:49:56] 
[24/12/2009 00:49:56] Lua Script Error: [Action Interface] 
[24/12/2009 00:49:56] data/actions/scripts/fishing.lua:onUse
[24/12/2009 00:49:56] 
[24/12/2009 00:49:56] luaDoCreateMonster(). Cannot create monster: Love Demon
[24/12/2009 00:49:57] 
[24/12/2009 00:49:57] Lua Script Error: [Action Interface] 
[24/12/2009 00:49:57] data/actions/scripts/fishing.lua:onUse
[24/12/2009 00:49:57] 
[24/12/2009 00:49:57] luaDoCreateMonster(). Cannot create monster: Love Demon
[24/12/2009 00:50:35] > Broadcasted message: "hola bienvenido a aggrometal server si eres nuevo coloca !spells la promotion vale 100cc y tienes beneficios en las magias attacke mas rapido y otras cosas mas, foro del server http://aggrometal.foroactivo.net".
[24/12/2009 00:56:51] [Warning - Actions::registerEvent] Duplicate registered item with id: 7131, in fromid: 7131 and toid: 7132
[24/12/2009 00:56:51] [Warning - Actions::registerEvent] Duplicate registered item with id: 7132, in fromid: 7131 and toid: 7132
[24/12/2009 00:59:25] > Saving server...
[24/12/2009 00:59:33] > SAVE: Complete in 7.953 seconds using relational house storage.
[24/12/2009 01:00:36] > Broadcasted message: "hola bienvenido a aggrometal server si eres nuevo coloca !spells la promotion vale 100cc y tienes beneficios en las magias attacke mas rapido y otras cosas mas, foro del server http://aggrometal.foroactivo.net".
[24/12/2009 01:04:46] > Broadcasted message: "Demonios csm invaden Slayer city".
[24/12/2009 01:05:09] [Error - SingleSpawnEvent::executeEvent] Cannot spawn monster Diblis The Fair
[24/12/2009 01:05:27] Hoster Aggresor has logged out.
[24/12/2009 01:07:46] > Broadcasted message: "whatafuck csm invaden Slayer city".
[24/12/2009 01:08:09] [Error - SingleSpawnEvent::executeEvent] Cannot spawn monster Diblis The Fair
[24/12/2009 01:10:37] > Broadcasted message: "hola bienvenido a aggrometal server si eres nuevo coloca !spells la promotion vale 100cc y tienes beneficios en las magias attacke mas rapido y otras cosas mas, foro del server http://aggrometal.foroactivo.net".
[24/12/2009 01:14:26] > Saving server...
[24/12/2009 01:14:32] > SAVE: Complete in 6.156 seconds using relational house storage.
[24/12/2009 01:20:38] > Broadcasted message: "hola bienvenido a aggrometal server si eres nuevo coloca !spells la promotion vale 100cc y tienes beneficios en las magias attacke mas rapido y otras cosas mas, foro del server http://aggrometal.foroactivo.net".
[24/12/2009 01:25:05] > Saving server...
[24/12/2009 01:25:15] > SAVE: Complete in 9.219 seconds using relational house storage.
[24/12/2009 01:25:15] Preparing to shutdown server.[24/12/2009 13:06:31] The Forgotten Server, version 0.3.4 (Crying Damson)
[24/12/2009 13:06:31] Sever Criado Por Alissow e Comedinha.
[24/12/2009 13:06:31] Publicidade: www.sotserv.blogspot.com <- <- <- Tudo sobre otserv.
[24/12/2009 13:06:31] Bom Jogo!!!
[24/12/2009 13:06:31] 
[24/12/2009 13:06:31] >> Debugging: nothing.
[24/12/2009 13:06:31] >> Checking software version... outdated, please consider updating!
[24/12/2009 13:06:32] > Current version information - version: 0.3.4, patch: 2, build: 1879, timestamp: 1242396574.
[24/12/2009 13:06:32] > Latest version information - version: 0.3.6, patch: 0, build: 3293, timestamp: 1260652199.
[24/12/2009 13:06:32] [Warning - ConfigManager::getBool] 62
[24/12/2009 13:06:32] 
[24/12/2009 13:06:32] >> Loading config (config.lua)
[24/12/2009 13:06:32] > Using plaintext passwords
[24/12/2009 13:06:32] >> Loading RSA key
[24/12/2009 13:06:32] >> Starting SQL connection
[24/12/2009 13:06:32] >> Running Database Manager
[24/12/2009 13:06:34] > Optimized database.
[24/12/2009 13:06:34] >> Loading items
[24/12/2009 13:06:34] [Warning - Items::loadFromXml] Unknown key value skillDistance
[24/12/2009 13:06:35] >> Loading groups
[24/12/2009 13:06:35] >> Loading vocations
[24/12/2009 13:06:35] >> Loading script systems
[24/12/2009 13:06:37] [Warning - Actions::registerEvent] Duplicate registered item with id: 7131, in fromid: 7131 and toid: 7132
[24/12/2009 13:06:38] [Warning - Actions::registerEvent] Duplicate registered item with id: 7132, in fromid: 7131 and toid: 7132
[24/12/2009 13:06:44] >> Loading chat channels
[24/12/2009 13:06:44] >> Loading outfits
[24/12/2009 13:06:44] >> Loading experience stages
[24/12/2009 13:06:44] >> Loading monsters
[24/12/2009 13:06:48] >> Loading map and spawns...
[24/12/2009 13:06:49] > Map size: 1100x1100.
[24/12/2009 13:06:49] > Map descriptions: 
[24/12/2009 13:06:49] Saved with Remere's Map Editor 1.1.10
[24/12/2009 13:06:49] Remere 's Map Editor Beta
[24/12/2009 13:06:51] Duplicate uniqueId 9911
[24/12/2009 13:06:51] Duplicate uniqueId 9912
[24/12/2009 13:06:51] Duplicate uniqueId 9913
[24/12/2009 13:06:51] Duplicate uniqueId 9914
[24/12/2009 13:06:51] Duplicate uniqueId 9915
[24/12/2009 13:06:53] Duplicate uniqueId 2471
[24/12/2009 13:06:56] Duplicate uniqueId 8880
[24/12/2009 13:06:57] Duplicate uniqueId 8880
[24/12/2009 13:06:59] Duplicate uniqueId 5006
[24/12/2009 13:07:00] > Map loading time: 12.125 seconds.
[24/12/2009 13:07:03] > Data loading time: 2.547 seconds.
[24/12/2009 13:07:03] > Unserialization time for houses: 0.5 seconds.
[24/12/2009 13:07:50] > Unserialization time for map: 46.719 seconds.
[24/12/2009 13:07:50] >> Checking world type... PvP
[24/12/2009 13:07:50] >> Initializing game state modules and registering services...
[24/12/2009 13:07:52] > Global address: 201.246.44.66
[24/12/2009 13:07:52] > Local ports:
[24/12/2009 13:07:52] 7171	7172	
[24/12/2009 13:07:52] >> All modules were loaded, server starting up...
[24/12/2009 13:07:52] >> Aggrox metal server Online!
[24/12/2009 13:07:52] 
[24/12/2009 13:16:45] > Broadcasted message: "hola bienvenido a aggrometal server si eres nuevo coloca !spells la promotion vale 100cc y tienes beneficios en las magias attacke mas rapido y otras cosas mas, foro del server http://aggrometal.foroactivo.net".
[24/12/2009 13:18:38] sqlite3_step(): SQLITE ERROR: columns id, world_id are not unique
[24/12/2009 13:18:40] Hoster Aggresor has logged in.
[24/12/2009 13:18:49] 
[24/12/2009 13:18:49] Lua Script Error: [Action Interface] 
[24/12/2009 13:18:49] data/actions/scripts/fishing.lua:onUse
[24/12/2009 13:18:49] 
[24/12/2009 13:18:49] luaDoCreateMonster(). Cannot create monster: Love Demon
[24/12/2009 13:18:52] 
[24/12/2009 13:18:52] Lua Script Error: [Action Interface] 
[24/12/2009 13:18:52] data/actions/scripts/fishing.lua:onUse
[24/12/2009 13:18:52] 
[24/12/2009 13:18:52] luaDoCreateMonster(). Cannot create monster: Love Demon
[24/12/2009 13:18:54] 
[24/12/2009 13:18:54] Lua Script Error: [Action Interface] 
[24/12/2009 13:18:54] data/actions/scripts/fishing.lua:onUse
[24/12/2009 13:18:54] 
[24/12/2009 13:18:54] luaDoCreateMonster(). Cannot create monster: Love Demon
[24/12/2009 13:19:12] 
[24/12/2009 13:19:12] Lua Script Error: [Action Interface] 
[24/12/2009 13:19:12] data/actions/scripts/fishing.lua:onUse
[24/12/2009 13:19:12] 
[24/12/2009 13:19:12] luaDoCreateMonster(). Cannot create monster: Love Demon
[24/12/2009 13:19:13] 
[24/12/2009 13:19:13] Lua Script Error: [Action Interface] 
[24/12/2009 13:19:14] data/actions/scripts/fishing.lua:onUse
[24/12/2009 13:19:14] 
[24/12/2009 13:19:14] luaDoCreateMonster(). Cannot create monster: Love Demon
[24/12/2009 13:19:15] 
[24/12/2009 13:19:15] Lua Script Error: [Action Interface] 
[24/12/2009 13:19:15] data/actions/scripts/fishing.lua:onUse
[24/12/2009 13:19:15] 
[24/12/2009 13:19:15] luaDoCreateMonster(). Cannot create monster: Love Demon
[24/12/2009 13:19:23] 
[24/12/2009 13:19:23] Lua Script Error: [Action Interface] 
[24/12/2009 13:19:23] data/actions/scripts/fishing.lua:onUse
[24/12/2009 13:19:23] 
[24/12/2009 13:19:23] luaDoCreateMonster(). Cannot create monster: Love Demon
[24/12/2009 13:19:26] 
[24/12/2009 13:19:26] Lua Script Error: [Action Interface] 
[24/12/2009 13:19:26] data/actions/scripts/fishing.lua:onUse
[24/12/2009 13:19:26] 
[24/12/2009 13:19:26] luaDoCreateMonster(). Cannot create monster: Love Demon
[24/12/2009 13:19:29] 
[24/12/2009 13:19:29] Lua Script Error: [Action Interface] 
[24/12/2009 13:19:29] data/actions/scripts/fishing.lua:onUse
[24/12/2009 13:19:29] 
[24/12/2009 13:19:29] luaDoCreateMonster(). Cannot create monster: Love Demon
[24/12/2009 13:19:31] 
[24/12/2009 13:19:31] Lua Script Error: [Action Interface] 
[24/12/2009 13:19:31] data/actions/scripts/fishing.lua:onUse
[24/12/2009 13:19:31] 
[24/12/2009 13:19:31] luaDoCreateMonster(). Cannot create monster: Love Demon
[24/12/2009 13:21:45] > Saving server...
[24/12/2009 13:21:52] > SAVE: Complete in 6.391 seconds using relational house storage.
[24/12/2009 13:22:59] [Notice - Game::reloadInfo] Reload type does not work.
[24/12/2009 13:26:45] [Notice - Game::reloadInfo] Reload type does not work.
[24/12/2009 13:26:46] > Broadcasted message: "hola bienvenido a aggrometal server si eres nuevo coloca !spells la promotion vale 100cc y tienes beneficios en las magias attacke mas rapido y otras cosas mas, foro del server http://aggrometal.foroactivo.net".
[24/12/2009 13:27:54] Hoster Aggresor has logged out.
[24/12/2009 13:27:55] > Saving server...
[24/12/2009 13:28:02] > SAVE: Complete in 7.141 seconds using relational house storage.
[24/12/2009 13:28:02] Preparing to shutdown server..
[24/12/2009 13:28:02] .
[24/12/2009 13:28:02] Exiting
[24/12/2009 13:28:25] The Forgotten Server, version 0.3.4 (Crying Damson)
[24/12/2009 13:28:25] Sever Criado Por Alissow e Comedinha.
[24/12/2009 13:28:25] Publicidade: www.sotserv.blogspot.com <- <- <- Tudo sobre otserv.
[24/12/2009 13:28:25] Bom Jogo!!!
[24/12/2009 13:28:25] 
[24/12/2009 13:28:25] >> Debugging: nothing.
[24/12/2009 13:28:25] >> Checking software version... outdated, please consider updating!
[24/12/2009 13:28:26] > Current version information - version: 0.3.4, patch: 2, build: 1879, timestamp: 1242396574.
[24/12/2009 13:28:26] > Latest version information - version: 0.3.6, patch: 0, build: 3293, timestamp: 1260652199.
[24/12/2009 13:28:26] [Warning - ConfigManager::getBool] 62
[24/12/2009 13:28:27] 
[24/12/2009 13:28:27] >> Loading config (config.lua)
[24/12/2009 13:28:27] > Using plaintext passwords
[24/12/2009 13:28:27] >> Loading RSA key
[24/12/2009 13:28:27] >> Starting SQL connection
[24/12/2009 13:28:27] >> Running Database Manager
[24/12/2009 13:28:28] > Optimized database.
[24/12/2009 13:28:28] >> Loading items
[24/12/2009 13:28:29] >> Loading groups
[24/12/2009 13:28:29] >> Loading vocations
[24/12/2009 13:28:29] >> Loading script systems
[24/12/2009 13:28:34] >> Loading chat channels
[24/12/2009 13:28:34] >> Loading outfits
[24/12/2009 13:28:34] >> Loading experience stages
[24/12/2009 13:28:34] >> Loading monsters
[24/12/2009 13:28:36] >> Loading map and spawns...
[24/12/2009 13:28:37] > Map size: 1100x1100.
[24/12/2009 13:28:37] > Map descriptions: 
[24/12/2009 13:28:37] Saved with Remere's Map Editor 1.1.10
[24/12/2009 13:28:37] Remere 's Map Editor Beta
[24/12/2009 13:28:39] Duplicate uniqueId 9911
[24/12/2009 13:28:39] Duplicate uniqueId 9912
[24/12/2009 13:28:39] Duplicate uniqueId 9913
[24/12/2009 13:28:39] Duplicate uniqueId 9914
[24/12/2009 13:28:39] Duplicate uniqueId 9915
[24/12/2009 13:28:40] Duplicate uniqueId 2471
[24/12/2009 13:28:41] Duplicate uniqueId 8880
[24/12/2009 13:28:42] Duplicate uniqueId 8880
[24/12/2009 13:28:42] Duplicate uniqueId 5006
[24/12/2009 13:28:42] > Map loading time: 6.328 seconds.
[24/12/2009 13:28:43] > Data loading time: 1.016 seconds.
[24/12/2009 13:28:44] > Unserialization time for houses: 0.078 seconds.
[24/12/2009 13:29:25] > Unserialization time for map: 41.437 seconds.
[24/12/2009 13:29:25] >> Checking world type... PvP
[24/12/2009 13:29:25] >> Initializing game state modules and registering services...
[24/12/2009 13:29:26] > Global address: 201.246.44.66
[24/12/2009 13:29:26] > Local ports:
[24/12/2009 13:29:26] 7171	7172	
[24/12/2009 13:29:26] >> All modules were loaded, server starting up...
[24/12/2009 13:29:26] >> Aggrox metal server Online!
[24/12/2009 13:29:26] 
[24/12/2009 13:29:27] sqlite3_step(): SQLITE ERROR: columns id, world_id are not unique
[24/12/2009 13:29:29] Hoster Aggresor has logged in.
[24/12/2009 13:32:24] [Notice - Game::reloadInfo] Reload type does not work.
[24/12/2009 13:32:58] Hoster Aggresor has logged out.
[24/12/2009 13:32:58] > Saving server...
[24/12/2009 13:33:04] > SAVE: Complete in 6.438 seconds using relational house storage.
[24/12/2009 13:33:05] Preparing to shutdown server..
[24/12/2009 13:33:05] .
[24/12/2009 13:33:05] Exiting
[24/12/2009 13:33:06] The Forgotten Server, version 0.3.4 (Crying Damson)
[24/12/2009 13:33:06] Sever Criado Por Alissow e Comedinha.
[24/12/2009 13:33:06] Publicidade: www.sotserv.blogspot.com <- <- <- Tudo sobre otserv.
[24/12/2009 13:33:06] Bom Jogo!!!
[24/12/2009 13:33:06] 
[24/12/2009 13:33:06] >> Debugging: nothing.
[24/12/2009 13:33:06] >> Checking software version... outdated, please consider updating!
[24/12/2009 13:33:07] > Current version information - version: 0.3.4, patch: 2, build: 1879, timestamp: 1242396574.
[24/12/2009 13:33:07] > Latest version information - version: 0.3.6, patch: 0, build: 3293, timestamp: 1260652199.
[24/12/2009 13:33:07] [Warning - ConfigManager::getBool] 62
[24/12/2009 13:33:07] 
[24/12/2009 13:33:07] >> Loading config (config.lua)
[24/12/2009 13:33:07] 
[24/12/2009 13:33:07] > ERROR: Another instance of The Forgotten Server is already running with the same worldId.
[24/12/2009 13:33:07] If you want to run multiple servers, please change the worldId in configuration file.
[24/12/2009 13:33:23] The Forgotten Server, version 0.3.4 (Crying Damson)
[24/12/2009 13:33:23] Sever Criado Por Alissow e Comedinha.
[24/12/2009 13:33:24] Publicidade: www.sotserv.blogspot.com <- <- <- Tudo sobre otserv.
[24/12/2009 13:33:24] Bom Jogo!!!
[24/12/2009 13:33:24] 
[24/12/2009 13:33:24] >> Debugging: nothing.
[24/12/2009 13:33:24] >> Checking software version... outdated, please consider updating!
[24/12/2009 13:33:24] > Current version information - version: 0.3.4, patch: 2, build: 1879, timestamp: 1242396574.
[24/12/2009 13:33:24] > Latest version information - version: 0.3.6, patch: 0, build: 3293, timestamp: 1260652199.
[24/12/2009 13:33:25] [Warning - ConfigManager::getBool] 62
[24/12/2009 13:33:25] 
[24/12/2009 13:33:25] >> Loading config (config.lua)
[24/12/2009 13:33:25] > Using plaintext passwords
[24/12/2009 13:33:25] >> Loading RSA key
[24/12/2009 13:33:25] >> Starting SQL connection
[24/12/2009 13:33:25] >> Running Database Manager
[24/12/2009 13:33:26] > Optimized database.
[24/12/2009 13:33:26] >> Loading items
[24/12/2009 13:33:27] >> Loading groups
[24/12/2009 13:33:27] >> Loading vocations
[24/12/2009 13:33:27] >> Loading script systems
[24/12/2009 13:33:27] 
[24/12/2009 13:33:27] Lua Script Error: [Weapon Interface] 
[24/12/2009 13:33:27] data/weapons/scripts/aggrox sword.lua
[24/12/2009 13:33:27] 
[24/12/2009 13:33:27] luaSetCombatParam(). Combat not found
[24/12/2009 13:33:27] 
[24/12/2009 13:33:27] Lua Script Error: [Weapon Interface] 
[24/12/2009 13:33:27] data/weapons/scripts/aggrox sword.lua
[24/12/2009 13:33:27] 
[24/12/2009 13:33:27] luaSetCombatParam(). Combat not found
[24/12/2009 13:33:30] >> Loading chat channels
[24/12/2009 13:33:31] >> Loading outfits
[24/12/2009 13:33:31] >> Loading experience stages
[24/12/2009 13:33:31] >> Loading monsters
[24/12/2009 13:33:32] >> Loading map and spawns...
[24/12/2009 13:33:33] > Map size: 1100x1100.
[24/12/2009 13:33:33] > Map descriptions: 
[24/12/2009 13:33:34] Saved with Remere's Map Editor 1.1.10
[24/12/2009 13:33:34] Remere 's Map Editor Beta
[24/12/2009 13:33:35] Duplicate uniqueId 9911
[24/12/2009 13:33:35] Duplicate uniqueId 9912
[24/12/2009 13:33:35] Duplicate uniqueId 9913
[24/12/2009 13:33:35] Duplicate uniqueId 9914
[24/12/2009 13:33:35] Duplicate uniqueId 9915
[24/12/2009 13:33:37] Duplicate uniqueId 2471
[24/12/2009 13:33:38] Duplicate uniqueId 8880
[24/12/2009 13:33:38] Duplicate uniqueId 8880
[24/12/2009 13:33:38] Duplicate uniqueId 5006
[24/12/2009 13:33:39] > Map loading time: 6.609 seconds.
[24/12/2009 13:33:40] > Data loading time: 0.984 seconds.
[24/12/2009 13:33:40] > Unserialization time for houses: 0.047 seconds.
[24/12/2009 13:34:18] > Unserialization time for map: 38.016 seconds.
[24/12/2009 13:34:18] >> Checking world type... PvP
[24/12/2009 13:34:18] >> Initializing game state modules and registering services...
[24/12/2009 13:34:19] > Global address: 201.246.44.66
[24/12/2009 13:34:19] > Local ports:
[24/12/2009 13:34:19] 7171	7172	
[24/12/2009 13:34:19] >> All modules were loaded, server starting up...
[24/12/2009 13:34:19] >> Aggrox metal server Online!
[24/12/2009 13:34:19] 
[24/12/2009 13:38:11] The Forgotten Server, version 0.3.4 (Crying Damson)
[24/12/2009 13:38:11] Sever Criado Por Alissow e Comedinha.
[24/12/2009 13:38:11] Publicidade: www.sotserv.blogspot.com <- <- <- Tudo sobre otserv.
[24/12/2009 13:38:11] Bom Jogo!!!
[24/12/2009 13:38:11] 
[24/12/2009 13:38:11] >> Debugging: nothing.
[24/12/2009 13:38:11] >> Checking software version... outdated, please consider updating!
[24/12/2009 13:38:12] > Current version information - version: 0.3.4, patch: 2, build: 1879, timestamp: 1242396574.
[24/12/2009 13:38:12] > Latest version information - version: 0.3.6, patch: 0, build: 3293, timestamp: 1260652199.
[24/12/2009 13:38:12] [Warning - ConfigManager::getBool] 62
[24/12/2009 13:38:12] 
[24/12/2009 13:38:12] >> Loading config (config.lua)
[24/12/2009 13:38:12] > Using plaintext passwords
[24/12/2009 13:38:12] >> Loading RSA key
[24/12/2009 13:38:12] >> Starting SQL connection
[24/12/2009 13:38:12] >> Running Database Manager
[24/12/2009 13:38:14] > Optimized database.
[24/12/2009 13:38:14] >> Loading items
[24/12/2009 13:38:14] >> Loading groups
[24/12/2009 13:38:15] >> Loading vocations
[24/12/2009 13:38:15] >> Loading script systems
[24/12/2009 13:38:21] >> Loading chat channels
[24/12/2009 13:38:22] >> Loading outfits
[24/12/2009 13:38:22] >> Loading experience stages
[24/12/2009 13:38:22] >> Loading monsters
[24/12/2009 13:38:26] >> Loading map and spawns...
[24/12/2009 13:38:28] > Map size: 1100x1100.
[24/12/2009 13:38:28] > Map descriptions: 
[24/12/2009 13:38:28] Saved with Remere's Map Editor 1.1.10
[24/12/2009 13:38:28] Remere 's Map Editor Beta
[24/12/2009 13:38:30] Duplicate uniqueId 9911
[24/12/2009 13:38:30] Duplicate uniqueId 9912
[24/12/2009 13:38:30] Duplicate uniqueId 9913
[24/12/2009 13:38:30] Duplicate uniqueId 9914
[24/12/2009 13:38:30] Duplicate uniqueId 9915
[24/12/2009 13:38:32] Duplicate uniqueId 2471
[24/12/2009 13:38:38] Duplicate uniqueId 8880
[24/12/2009 13:38:40] Duplicate uniqueId 8880
[24/12/2009 13:38:41] Duplicate uniqueId 5006
[24/12/2009 13:38:42] > Map loading time: 15.344 seconds.
[24/12/2009 13:38:53] > Data loading time: 10.735 seconds.
[24/12/2009 13:38:54] > Unserialization time for houses: 1.204 seconds.
[24/12/2009 13:39:39] > Unserialization time for map: 45.172 seconds.
[24/12/2009 13:39:39] >> Checking world type... PvP
[24/12/2009 13:39:39] >> Initializing game state modules and registering services...
[24/12/2009 13:39:51] > Global address: 201.246.44.66
[24/12/2009 13:39:52] > Local ports:
[24/12/2009 13:39:52] 7171	7172	
[24/12/2009 13:39:52] >> All modules were loaded, server starting up...
[24/12/2009 13:39:52] >> Aggrox metal server Online!
[24/12/2009 13:39:52] 
[24/12/2009 13:39:55] sqlite3_step(): SQLITE ERROR: columns id, world_id are not unique
[24/12/2009 13:39:59] Hoster Aggresor has logged in.
[24/12/2009 13:44:40] Hoster Aggresor has logged out.
[24/12/2009 13:44:41] > Saving server...
[24/12/2009 13:45:00] The Forgotten Server, version 0.3.4 (Crying Damson)
[24/12/2009 13:45:00] Sever Criado Por Alissow e Comedinha.
[24/12/2009 13:45:01] Publicidade: www.sotserv.blogspot.com <- <- <- Tudo sobre otserv.
[24/12/2009 13:45:01] Bom Jogo!!!
[24/12/2009 13:45:01] 
[24/12/2009 13:45:01] >> Debugging: nothing.
[24/12/2009 13:45:01] >> Checking software version... outdated, please consider updating!
[24/12/2009 13:45:02] > Current version information - version: 0.3.4, patch: 2, build: 1879, timestamp: 1242396574.
[24/12/2009 13:45:02] > Latest version information - version: 0.3.6, patch: 0, build: 3293, timestamp: 1260652199.
[24/12/2009 13:45:02] [Warning - ConfigManager::getBool] 62
[24/12/2009 13:45:02] 
[24/12/2009 13:45:02] >> Loading config (config.lua)
[24/12/2009 13:45:02] > Using plaintext passwords
[24/12/2009 13:45:02] >> Loading RSA key
[24/12/2009 13:45:02] >> Starting SQL connection
[24/12/2009 13:45:02] >> Running Database Manager
[24/12/2009 13:45:04] > Optimized database.
[24/12/2009 13:45:04] >> Loading items
[24/12/2009 13:45:05] >> Loading groups
[24/12/2009 13:45:05] >> Loading vocations
[24/12/2009 13:45:05] >> Loading script systems
[24/12/2009 13:45:12] >> Loading chat channels
[24/12/2009 13:45:12] >> Loading outfits
[24/12/2009 13:45:12] >> Loading experience stages
[24/12/2009 13:45:12] >> Loading monsters
[24/12/2009 13:45:16] >> Loading map and spawns...
[24/12/2009 13:45:19] > Map size: 1100x1100.
[24/12/2009 13:45:19] > Map descriptions: 
[24/12/2009 13:45:19] Saved with Remere's Map Editor 1.1.10
[24/12/2009 13:45:19] Remere 's Map Editor Beta
[24/12/2009 13:45:21] Duplicate uniqueId 9911
[24/12/2009 13:45:21] Duplicate uniqueId 9912
[24/12/2009 13:45:21] Duplicate uniqueId 9913
[24/12/2009 13:45:21] Duplicate uniqueId 9914
[24/12/2009 13:45:21] Duplicate uniqueId 9915
[24/12/2009 13:45:23] Duplicate uniqueId 2471
[24/12/2009 13:45:24] Duplicate uniqueId 8880
[24/12/2009 13:45:24] Duplicate uniqueId 8880
[24/12/2009 13:45:25] Duplicate uniqueId 5006
[24/12/2009 13:45:25] > Map loading time: 9.172 seconds.
[24/12/2009 13:45:27] > Data loading time: 2.078 seconds.
[24/12/2009 13:45:28] > Unserialization time for houses: 0.219 seconds.
[24/12/2009 13:46:11] > Unserialization time for map: 43.266 seconds.
[24/12/2009 13:46:11] >> Checking world type... PvP
[24/12/2009 13:46:11] >> Initializing game state modules and registering services...
[24/12/2009 13:46:12] > Global address: 201.246.44.66
[24/12/2009 13:46:13] > Local ports:
[24/12/2009 13:46:13] 7171	7172	
[24/12/2009 13:46:13] >> All modules were loaded, server starting up...
[24/12/2009 13:46:13] >> Aggrox metal server Online!
[24/12/2009 13:46:13] 
[24/12/2009 13:46:15] sqlite3_step(): SQLITE ERROR: columns id, world_id are not unique
[24/12/2009 13:46:16] Hoster Aggresor has logged in.
[24/12/2009 13:47:09] 
[24/12/2009 13:47:09] Lua Script Error: [Action Interface] 
[24/12/2009 13:47:09] data/actions/scripts/fishing.lua:onUse
[24/12/2009 13:47:09] 
[24/12/2009 13:47:09] luaDoCreateMonster(). Cannot create monster: Love Demon
[24/12/2009 13:47:10] 
[24/12/2009 13:47:10] Lua Script Error: [Action Interface] 
[24/12/2009 13:47:10] data/actions/scripts/fishing.lua:onUse
[24/12/2009 13:47:10] 
[24/12/2009 13:47:10] luaDoCreateMonster(). Cannot create monster: Love Demon
[24/12/2009 13:47:36] Hoster Aggresor has logged out.
[24/12/2009 13:47:41] > Saving server...
[24/12/2009 13:47:48] > SAVE: Complete in 7.484 seconds using relational house storage.
[24/12/2009 13:47:49] Preparing to shutdown server..
[24/12/2009 13:47:49] .
[24/12/2009 13:47:49] Exiting
