[27/12/2009 02:14:32] The Forgotten Server, version 0.3.4 (Crying Damson)
[27/12/2009 02:14:32] Sever Criado Por Alissow e Comedinha.
[27/12/2009 02:14:32] Publicidade: www.sotserv.blogspot.com <- <- <- Tudo sobre otserv.
[27/12/2009 02:14:32] Bom Jogo!!!
[27/12/2009 02:14:32] 
[27/12/2009 02:14:32] >> Debugging: nothing.
[27/12/2009 02:14:32] >> Checking software version... outdated, please consider updating!
[27/12/2009 02:14:33] > Current version information - version: 0.3.4, patch: 2, build: 1879, timestamp: 1242396574.
[27/12/2009 02:14:33] > Latest version information - version: 0.3.6, patch: 0, build: 3293, timestamp: 1260652199.
[27/12/2009 02:14:33] [Warning - ConfigManager::getBool] 62
[27/12/2009 02:14:34] 
[27/12/2009 02:14:34] >> Loading config (config.lua)
[27/12/2009 02:14:34] > Using plaintext passwords
[27/12/2009 02:14:34] >> Loading RSA key
[27/12/2009 02:14:34] >> Starting SQL connection
[27/12/2009 02:14:34] >> Running Database Manager
[27/12/2009 02:14:36] > Optimized database.
[27/12/2009 02:14:36] >> Loading items
[27/12/2009 02:14:36] >> Loading groups
[27/12/2009 02:14:37] >> Loading vocations
[27/12/2009 02:14:37] >> Loading script systems
[27/12/2009 02:14:43] >> Loading chat channels
[27/12/2009 02:14:43] >> Loading outfits
[27/12/2009 02:14:43] >> Loading experience stages
[27/12/2009 02:14:43] >> Loading monsters
[27/12/2009 02:14:47] >> Loading map and spawns...
[27/12/2009 02:14:51] > Map size: 1100x1100.
[27/12/2009 02:14:52] > Map descriptions: 
[27/12/2009 02:14:52] Saved with Remere's Map Editor 1.1.10
[27/12/2009 02:14:52] Remere 's Map Editor Beta
[27/12/2009 02:14:55] Duplicate uniqueId 9911
[27/12/2009 02:14:55] Duplicate uniqueId 9912
[27/12/2009 02:14:55] Duplicate uniqueId 9913
[27/12/2009 02:14:55] Duplicate uniqueId 9914
[27/12/2009 02:14:55] Duplicate uniqueId 9915
[27/12/2009 02:15:00] Duplicate uniqueId 2471
[27/12/2009 02:15:06] Duplicate uniqueId 8880
[27/12/2009 02:15:13] Duplicate uniqueId 8880
[27/12/2009 02:15:14] Duplicate uniqueId 5006
[27/12/2009 02:15:16] > Map loading time: 28.453 seconds.
[27/12/2009 02:15:40] The Forgotten Server, version 0.3.4 (Crying Damson)
[27/12/2009 02:15:40] Sever Criado Por Alissow e Comedinha.
[27/12/2009 02:15:40] Publicidade: www.sotserv.blogspot.com <- <- <- Tudo sobre otserv.
[27/12/2009 02:15:40] Bom Jogo!!!
[27/12/2009 02:15:40] 
[27/12/2009 02:15:40] >> Debugging: nothing.
[27/12/2009 02:15:40] >> Checking software version... outdated, please consider updating!
[27/12/2009 02:15:42] > Current version information - version: 0.3.4, patch: 2, build: 1879, timestamp: 1242396574.
[27/12/2009 02:15:42] > Latest version information - version: 0.3.6, patch: 0, build: 3293, timestamp: 1260652199.
[27/12/2009 02:15:42] [Warning - ConfigManager::getBool] 62
[27/12/2009 02:15:42] 
[27/12/2009 02:15:42] >> Loading config (config.lua)
[27/12/2009 02:15:42] > Using plaintext passwords
[27/12/2009 02:15:43] >> Loading RSA key
[27/12/2009 02:15:43] >> Starting SQL connection
[27/12/2009 02:15:43] >> Running Database Manager
[27/12/2009 02:15:47] > Optimized database.
[27/12/2009 02:15:47] >> Loading items
[27/12/2009 02:15:48] >> Loading groups
[27/12/2009 02:15:48] >> Loading vocations
[27/12/2009 02:15:48] >> Loading script systems
[27/12/2009 02:15:57] >> Loading chat channels
[27/12/2009 02:15:57] >> Loading outfits
[27/12/2009 02:15:57] >> Loading experience stages
[27/12/2009 02:15:57] >> Loading monsters
[27/12/2009 02:16:00] >> Loading map and spawns...
[27/12/2009 02:16:02] > Map size: 1100x1100.
[27/12/2009 02:16:03] > Map descriptions: 
[27/12/2009 02:16:03] Saved with Remere's Map Editor 1.1.10
[27/12/2009 02:16:03] Remere 's Map Editor Beta
[27/12/2009 02:16:05] Duplicate uniqueId 9911
[27/12/2009 02:16:05] Duplicate uniqueId 9912
[27/12/2009 02:16:05] Duplicate uniqueId 9913
[27/12/2009 02:16:05] Duplicate uniqueId 9914
[27/12/2009 02:16:05] Duplicate uniqueId 9915
[27/12/2009 02:16:07] Duplicate uniqueId 2471
[27/12/2009 02:16:08] Duplicate uniqueId 8880
[27/12/2009 02:16:09] Duplicate uniqueId 8880
[27/12/2009 02:16:09] Duplicate uniqueId 5006
[27/12/2009 02:16:10] > Map loading time: 9.11 seconds.
[27/12/2009 02:16:15] > Data loading time: 5.219 seconds.
[27/12/2009 02:16:16] > Unserialization time for houses: 0.828 seconds.
[27/12/2009 02:16:16] [Warning - IOMapSerialize::loadTile] NULL item at ( 00141 / 00029 / 007 ) (type = 1760, sid = 1, pid = 0)
[27/12/2009 02:16:16] [Warning - IOMapSerialize::loadTile] NULL item at ( 00142 / 00029 / 007 ) (type = 1761, sid = 1, pid = 0)
[27/12/2009 02:16:18] [Warning - IOMapSerialize::loadTile] NULL item at ( 00095 / 00034 / 007 ) (type = 8538, sid = 1, pid = 0)
[27/12/2009 02:16:18] [Warning - IOMapSerialize::loadTile] NULL item at ( 00112 / 00034 / 007 ) (type = 8538, sid = 1, pid = 0)
[27/12/2009 02:16:58] > Unserialization time for map: 41.844 seconds.
[27/12/2009 02:16:58] >> Checking world type... PvP
[27/12/2009 02:16:58] >> Initializing game state modules and registering services...
[27/12/2009 02:17:00] > Global address: 201.246.36.209
[27/12/2009 02:17:00] > Local ports:
[27/12/2009 02:17:00] 7171	7172	
[27/12/2009 02:17:00] >> All modules were loaded, server starting up...
[27/12/2009 02:17:00] >> Aggrox metal server Online!
[27/12/2009 02:17:00] 
[27/12/2009 02:17:38] sqlite3_step(): SQLITE ERROR: columns id, world_id are not unique
[27/12/2009 02:17:40] Hoster Aggresor has logged in.
[27/12/2009 02:18:04] > Broadcasted message: "Demonios csm invaden Slayer city".
[27/12/2009 02:18:27] [Error - SingleSpawnEvent::executeEvent] Cannot spawn monster Diblis The Fair
[27/12/2009 02:22:43] Hoster Aggresor has logged out.
[27/12/2009 02:25:58] > Broadcasted message: "hola bienvenido a aggrometal server si eres nuevo coloca !spells la promotion vale 2cc !buypromotion y tienes beneficios en las magias attacke mas rapido y otras cosas mas, foro del server http://aggrometal.foroactivo.net".
[27/12/2009 02:26:21] > Saving server...
[27/12/2009 02:26:33] > SAVE: Complete in 11.703 seconds using relational house storage.
[27/12/2009 02:26:33] Preparing to shutdown server..
[27/12/2009 02:26:33] .
[27/12/2009 02:26:33] Exiting
[27/12/2009 02:30:31] The Forgotten Server, version 0.3.4 (Crying Damson)
[27/12/2009 02:30:31] Sever Criado Por Alissow e Comedinha.
[27/12/2009 02:30:31] Publicidade: www.sotserv.blogspot.com <- <- <- Tudo sobre otserv.
[27/12/2009 02:30:31] Bom Jogo!!!
[27/12/2009 02:30:31] 
[27/12/2009 02:30:31] >> Debugging: nothing.
[27/12/2009 02:30:31] >> Checking software version... outdated, please consider updating!
[27/12/2009 02:30:33] > Current version information - version: 0.3.4, patch: 2, build: 1879, timestamp: 1242396574.
[27/12/2009 02:30:33] > Latest version information - version: 0.3.6, patch: 0, build: 3293, timestamp: 1260652199.
[27/12/2009 02:30:33] [Warning - ConfigManager::getBool] 62
[27/12/2009 02:30:33] 
[27/12/2009 02:30:33] >> Loading config (config.lua)
[27/12/2009 02:30:33] > Using plaintext passwords
[27/12/2009 02:30:33] >> Loading RSA key
[27/12/2009 02:30:33] >> Starting SQL connection
[27/12/2009 02:30:33] >> Running Database Manager
[27/12/2009 02:30:35] > Optimized database.
[27/12/2009 02:30:35] >> Loading items
[27/12/2009 02:30:36] >> Loading groups
[27/12/2009 02:30:36] >> Loading vocations
[27/12/2009 02:30:36] >> Loading script systems
[27/12/2009 02:30:41] >> Loading chat channels
[27/12/2009 02:30:41] >> Loading outfits
[27/12/2009 02:30:41] >> Loading experience stages
[27/12/2009 02:30:41] >> Loading monsters
[27/12/2009 02:30:43] >> Loading map and spawns...
[27/12/2009 02:30:44] > Map size: 1100x1100.
[27/12/2009 02:30:44] > Map descriptions: 
[27/12/2009 02:30:44] Saved with Remere's Map Editor 1.1.10
[27/12/2009 02:30:44] Remere 's Map Editor Beta
[27/12/2009 02:30:47] Duplicate uniqueId 9911
[27/12/2009 02:30:47] Duplicate uniqueId 9912
[27/12/2009 02:30:47] Duplicate uniqueId 9913
[27/12/2009 02:30:47] Duplicate uniqueId 9914
[27/12/2009 02:30:47] Duplicate uniqueId 9915
[27/12/2009 02:30:48] Duplicate uniqueId 2471
[27/12/2009 02:30:50] Duplicate uniqueId 8880
[27/12/2009 02:30:50] Duplicate uniqueId 8880
[27/12/2009 02:30:50] Duplicate uniqueId 5006
[27/12/2009 02:30:51] > Map loading time: 8.047 seconds.
[27/12/2009 02:30:52] > Data loading time: 1.063 seconds.
[27/12/2009 02:30:52] > Unserialization time for houses: 0.14 seconds.
[27/12/2009 02:31:42] > Unserialization time for map: 49.406 seconds.
[27/12/2009 02:31:42] >> Checking world type... PvP
[27/12/2009 02:31:42] >> Initializing game state modules and registering services...
[27/12/2009 02:31:43] > Global address: 201.246.36.209
[27/12/2009 02:31:43] > Local ports:
[27/12/2009 02:31:43] 7171	7172	
[27/12/2009 02:31:43] >> All modules were loaded, server starting up...
[27/12/2009 02:31:44] >> Aggrox metal server Online!
[27/12/2009 02:31:44] 
[27/12/2009 02:32:48] > Broadcasted message: "Demonios csm invaden Slayer city".
[27/12/2009 02:33:11] [Error - SingleSpawnEvent::executeEvent] Cannot spawn monster Diblis The Fair
[27/12/2009 02:40:41] > Broadcasted message: "hola bienvenido a aggrometal server si eres nuevo coloca !spells la promotion vale 2cc !buypromotion y tienes beneficios en las magias attacke mas rapido y otras cosas mas, foro del server http://aggrometal.foroactivo.net".
[27/12/2009 02:41:28] > Saving server...
[27/12/2009 02:42:02] > SAVE: Complete in 33.406 seconds using relational house storage.
[27/12/2009 02:42:02] Preparing to shutdown server..
[27/12/2009 02:42:02] .
[27/12/2009 02:42:02] Exiting
[27/12/2009 22:30:29] The Forgotten Server, version 0.3.4 (Crying Damson)
[27/12/2009 22:30:29] Sever Criado Por Alissow e Comedinha.
[27/12/2009 22:30:29] Publicidade: www.sotserv.blogspot.com <- <- <- Tudo sobre otserv.
[27/12/2009 22:30:29] Bom Jogo!!!
[27/12/2009 22:30:30] 
[27/12/2009 22:30:30] >> Debugging: nothing.
[27/12/2009 22:30:30] >> Checking software version... outdated, please consider updating!
[27/12/2009 22:30:31] > Current version information - version: 0.3.4, patch: 2, build: 1879, timestamp: 1242396574.
[27/12/2009 22:30:31] > Latest version information - version: 0.3.6, patch: 0, build: 3293, timestamp: 1260652199.
[27/12/2009 22:30:31] [Warning - ConfigManager::getBool] 62
[27/12/2009 22:30:31] 
[27/12/2009 22:30:31] >> Loading config (config.lua)
[27/12/2009 22:30:31] > Using plaintext passwords
[27/12/2009 22:30:31] >> Loading RSA key
[27/12/2009 22:30:31] >> Starting SQL connection
[27/12/2009 22:30:31] >> Running Database Manager
[27/12/2009 22:30:33] > Optimized database.
[27/12/2009 22:30:33] >> Loading items
[27/12/2009 22:30:34] >> Loading groups
[27/12/2009 22:30:34] >> Loading vocations
[27/12/2009 22:30:34] >> Loading script systems
[27/12/2009 22:30:41] >> Loading chat channels
[27/12/2009 22:30:41] >> Loading outfits
[27/12/2009 22:30:41] >> Loading experience stages
[27/12/2009 22:30:41] >> Loading monsters
[27/12/2009 22:30:45] >> Loading map and spawns...
[27/12/2009 22:30:46] > Map size: 1100x1100.
[27/12/2009 22:30:47] > Map descriptions: 
[27/12/2009 22:30:47] Saved with Remere's Map Editor 1.1.10
[27/12/2009 22:30:47] Remere 's Map Editor Beta
[27/12/2009 22:30:50] Duplicate uniqueId 9911
[27/12/2009 22:30:50] Duplicate uniqueId 9912
[27/12/2009 22:30:50] Duplicate uniqueId 9913
[27/12/2009 22:30:50] Duplicate uniqueId 9914
[27/12/2009 22:30:50] Duplicate uniqueId 9915
[27/12/2009 22:30:52] Duplicate uniqueId 2471
[27/12/2009 22:30:56] Duplicate uniqueId 8880
[27/12/2009 22:30:58] Duplicate uniqueId 8880
[27/12/2009 22:30:59] Duplicate uniqueId 5006
[27/12/2009 22:31:00] > Map loading time: 15.078 seconds.
[27/12/2009 22:31:12] > Data loading time: 11.125 seconds.
[27/12/2009 22:31:18] > Unserialization time for houses: 6.781 seconds.
[27/12/2009 22:31:59] > Unserialization time for map: 40.188 seconds.
[27/12/2009 22:31:59] >> Checking world type... PvP
[27/12/2009 22:31:59] >> Initializing game state modules and registering services...
[27/12/2009 22:32:10] > Global address: 201.246.36.209
[27/12/2009 22:32:11] > Local ports:
[27/12/2009 22:32:11] 7171	7172	
[27/12/2009 22:32:11] >> All modules were loaded, server starting up...
[27/12/2009 22:32:12] >> Aggrox metal server Online!
[27/12/2009 22:32:12] 
[27/12/2009 22:32:48] sqlite3_step(): SQLITE ERROR: columns id, world_id are not unique
[27/12/2009 22:32:50] Hoster Aggresor has logged in.
[27/12/2009 22:40:42] > Broadcasted message: "hola bienvenido a aggrometal server si eres nuevo coloca !spells la promotion vale 2cc !buypromotion y tienes beneficios en las magias attacke mas rapido y otras cosas mas, foro del server http://aggrometal.foroactivo.net".
[27/12/2009 22:45:42] > Saving server...
[27/12/2009 22:45:51] > SAVE: Complete in 8.594 seconds using relational house storage.
[27/12/2009 22:47:54] [Warning - BaseEvents::loadFromXml] Cannot open spells.xml file.
[27/12/2009 22:47:54] Line: 296, Info: Attribute mana redefined
[27/12/2009 22:47:54] 
[27/12/2009 22:47:54] 
[27/12/2009 22:47:54] [Error - Game::reloadInfo] Failed to reload spells.
[27/12/2009 22:48:19] Hoster Aggresor has logged out.
[27/12/2009 22:48:19] > Saving server...
[27/12/2009 22:48:32] > SAVE: Complete in 12.516 seconds using relational house storage.
[27/12/2009 22:48:32] Preparing to shutdown server..
[27/12/2009 22:48:32] .
[27/12/2009 22:48:32] Exiting
[27/12/2009 22:48:44] The Forgotten Server, version 0.3.4 (Crying Damson)
[27/12/2009 22:48:44] Sever Criado Por Alissow e Comedinha.
[27/12/2009 22:48:44] Publicidade: www.sotserv.blogspot.com <- <- <- Tudo sobre otserv.
[27/12/2009 22:48:44] Bom Jogo!!!
[27/12/2009 22:48:44] 
[27/12/2009 22:48:44] >> Debugging: nothing.
[27/12/2009 22:48:44] >> Checking software version... outdated, please consider updating!
[27/12/2009 22:48:45] > Current version information - version: 0.3.4, patch: 2, build: 1879, timestamp: 1242396574.
[27/12/2009 22:48:45] > Latest version information - version: 0.3.6, patch: 0, build: 3293, timestamp: 1260652199.
[27/12/2009 22:48:45] [Warning - ConfigManager::getBool] 62
[27/12/2009 22:48:45] 
[27/12/2009 22:48:45] >> Loading config (config.lua)
[27/12/2009 22:48:45] > Using plaintext passwords
[27/12/2009 22:48:45] >> Loading RSA key
[27/12/2009 22:48:45] >> Starting SQL connection
[27/12/2009 22:48:45] >> Running Database Manager
[27/12/2009 22:48:47] > Optimized database.
[27/12/2009 22:48:47] >> Loading items
[27/12/2009 22:48:48] >> Loading groups
[27/12/2009 22:48:48] >> Loading vocations
[27/12/2009 22:48:48] >> Loading script systems
[27/12/2009 22:48:48] [Warning - BaseEvents::loadFromXml] Cannot open spells.xml file.
[27/12/2009 22:48:48] Line: 296, Info: Attribute mana redefined
[27/12/2009 22:48:48] 
[27/12/2009 22:48:48] 
[27/12/2009 22:48:48] > ERROR: Unable to load Spells!
[27/12/2009 22:51:37] The Forgotten Server, version 0.3.4 (Crying Damson)
[27/12/2009 22:51:37] Sever Criado Por Alissow e Comedinha.
[27/12/2009 22:51:37] Publicidade: www.sotserv.blogspot.com <- <- <- Tudo sobre otserv.
[27/12/2009 22:51:37] Bom Jogo!!!
[27/12/2009 22:51:37] 
[27/12/2009 22:51:37] >> Debugging: nothing.
[27/12/2009 22:51:37] >> Checking software version... outdated, please consider updating!
[27/12/2009 22:51:38] > Current version information - version: 0.3.4, patch: 2, build: 1879, timestamp: 1242396574.
[27/12/2009 22:51:38] > Latest version information - version: 0.3.6, patch: 0, build: 3293, timestamp: 1260652199.
[27/12/2009 22:51:38] [Warning - ConfigManager::getBool] 62
[27/12/2009 22:51:38] 
[27/12/2009 22:51:38] >> Loading config (config.lua)
[27/12/2009 22:51:39] > Using plaintext passwords
[27/12/2009 22:51:39] >> Loading RSA key
[27/12/2009 22:51:39] >> Starting SQL connection
[27/12/2009 22:51:39] >> Running Database Manager
[27/12/2009 22:51:40] > Optimized database.
[27/12/2009 22:51:40] >> Loading items
[27/12/2009 22:51:41] >> Loading groups
[27/12/2009 22:51:41] >> Loading vocations
[27/12/2009 22:51:41] >> Loading script systems
[27/12/2009 22:51:46] >> Loading chat channels
[27/12/2009 22:51:46] >> Loading outfits
[27/12/2009 22:51:46] >> Loading experience stages
[27/12/2009 22:51:46] >> Loading monsters
[27/12/2009 22:51:49] >> Loading map and spawns...
[27/12/2009 22:51:51] > Map size: 1100x1100.
[27/12/2009 22:51:51] > Map descriptions: 
[27/12/2009 22:51:51] Saved with Remere's Map Editor 1.1.10
[27/12/2009 22:51:51] Remere 's Map Editor Beta
[27/12/2009 22:51:53] Duplicate uniqueId 9911
[27/12/2009 22:51:53] Duplicate uniqueId 9912
[27/12/2009 22:51:53] Duplicate uniqueId 9913
[27/12/2009 22:51:53] Duplicate uniqueId 9914
[27/12/2009 22:51:53] Duplicate uniqueId 9915
[27/12/2009 22:51:55] Duplicate uniqueId 2471
[27/12/2009 22:51:56] Duplicate uniqueId 8880
[27/12/2009 22:51:57] Duplicate uniqueId 8880
[27/12/2009 22:51:57] Duplicate uniqueId 5006
[27/12/2009 22:51:58] > Map loading time: 8.578 seconds.
[27/12/2009 22:52:01] > Data loading time: 3.344 seconds.
[27/12/2009 22:52:02] > Unserialization time for houses: 0.516 seconds.
[27/12/2009 22:52:47] > Unserialization time for map: 45.297 seconds.
[27/12/2009 22:52:47] >> Checking world type... PvP
[27/12/2009 22:52:47] >> Initializing game state modules and registering services...
[27/12/2009 22:52:49] > Global address: 201.246.36.209
[27/12/2009 22:52:49] > Local ports:
[27/12/2009 22:52:49] 7171	7172	
[27/12/2009 22:52:49] >> All modules were loaded, server starting up...
[27/12/2009 22:52:49] >> Aggrox metal server Online!
[27/12/2009 22:52:49] 
[27/12/2009 22:53:07] sqlite3_step(): SQLITE ERROR: columns id, world_id are not unique
[27/12/2009 22:53:08] Hoster Aggresor has logged in.
[27/12/2009 23:01:47] > Broadcasted message: "hola bienvenido a aggrometal server si eres nuevo coloca !spells la promotion vale 2cc !buypromotion y tienes beneficios en las magias attacke mas rapido y otras cosas mas, foro del server http://aggrometal.foroactivo.net".
[27/12/2009 23:03:15] Hoster Aggresor has logged out.
[27/12/2009 23:03:18] > Saving server...
[27/12/2009 23:03:31] > SAVE: Complete in 12.25 seconds using relational house storage.
[27/12/2009 23:03:31] Preparing to shutdown server..
[27/12/2009 23:03:32] .
[27/12/2009 23:03:32] Exiting
